* EvoSuite 1.0.4-SNAPSHOT
* Going to generate test cases for class: org.apache.commons.math3.special.Gamma
* Starting client
* Connecting to master process on port 8705
* Analyzing classpath: 
  - /tmp/math_30_Genprog_local_s1/lib/
  - /tmp/math_30_Genprog_local_s1/lib/cobertura-2.0.3.jar
  - /tmp/math_30_Genprog_local_s1/lib/jtestex-0.0.1.jar
  - /tmp/math_30_Genprog_local_s1/lib/commons-discovery-0.5.jar
  - /tmp/math_30_Genprog_local_s1/lib/junit-4.11.jar
  - /tmp/math_30_Genprog_local_s1/lib/fixran-0.0.1.jar
  - /tmp/math_30_Genprog_local_s1/./outputMutation/AstorMain-Math/bin/default/
* Finished analyzing classpath
* Generating tests for class org.apache.commons.math3.special.Gamma
* Test criteria:
  - Line Coverage
  - Branch Coverage
  - Exception
  - Mutation testing (weak)
  - Method-Output Coverage
  - Top-Level Method Coverage
  - No-Exception Top-Level Method Coverage
  - Context Branch Coverage
* Setting up search algorithm for whole suite generation
* Total number of test goals: 
  - Line 57
  - Branch 57
  - Exception 0
  - MutationFactory 664
  - Output 24
  - Method 8
  - MethodNoException 8
  - CBranchFitnessFactory 57

[Progress:>                             0%] [Cov:>                                  0%]* Using seed 5
* Starting evolution

[Progress:>                             0%] [Cov:===>                               11%]
[Progress:>                             0%] [Cov:=======>                           21%]
[Progress:>                             0%] [Cov:===========>                       34%]
[Progress:>                             0%] [Cov:=================>                 50%]
[Progress:>                             0%] [Cov:==================>                53%]
[Progress:>                             0%] [Cov:======================>            63%]
[Progress:>                             0%] [Cov:=========================>         73%]
[Progress:>                             0%] [Cov:============================>      80%]
[Progress:>                             0%] [Cov:=============================>     83%][MASTER] 21:12:55.022 [logback-2] ERROR ClientNodeImpl - Error when generating tests for: org.apache.commons.math3.special.Gamma with seed 5. Configuration id : null
java.lang.OutOfMemoryError: Java heap space
	at java.util.Arrays.copyOf(Arrays.java:3332) ~[na:1.8.0_45]
	at java.lang.AbstractStringBuilder.expandCapacity(AbstractStringBuilder.java:137) ~[na:1.8.0_45]
	at java.lang.AbstractStringBuilder.ensureCapacityInternal(AbstractStringBuilder.java:121) ~[na:1.8.0_45]
	at java.lang.AbstractStringBuilder.append(AbstractStringBuilder.java:421) ~[na:1.8.0_45]
	at java.lang.StringBuilder.append(StringBuilder.java:136) ~[na:1.8.0_45]
	at java.lang.StackTraceElement.toString(StackTraceElement.java:172) ~[na:1.8.0_45]
	at org.evosuite.testcase.execution.TestCaseExecutor.execute(TestCaseExecutor.java:411) ~[evosuite-master-1.0.4-SNAPSHOT.jar:1.0.4-SNAPSHOT]
	at org.evosuite.testcase.execution.TestCaseExecutor.execute(TestCaseExecutor.java:275) ~[evosuite-master-1.0.4-SNAPSHOT.jar:1.0.4-SNAPSHOT]
	at org.evosuite.testcase.execution.TestCaseExecutor.execute(TestCaseExecutor.java:262) ~[evosuite-master-1.0.4-SNAPSHOT.jar:1.0.4-SNAPSHOT]
	at org.evosuite.testsuite.TestSuiteFitnessFunction.runTest(TestSuiteFitnessFunction.java:63) ~[evosuite-master-1.0.4-SNAPSHOT.jar:1.0.4-SNAPSHOT]
	at org.evosuite.testcase.TestChromosome.executeForFitnessFunction(TestChromosome.java:676) ~[evosuite-master-1.0.4-SNAPSHOT.jar:1.0.4-SNAPSHOT]
	at org.evosuite.testsuite.TestSuiteFitnessFunction.runTestSuite(TestSuiteFitnessFunction.java:98) ~[evosuite-master-1.0.4-SNAPSHOT.jar:1.0.4-SNAPSHOT]
	at org.evosuite.coverage.line.LineCoverageSuiteFitness.getFitness(LineCoverageSuiteFitness.java:153) ~[evosuite-master-1.0.4-SNAPSHOT.jar:1.0.4-SNAPSHOT]
	at org.evosuite.coverage.line.LineCoverageSuiteFitness.getFitness(LineCoverageSuiteFitness.java:45) ~[evosuite-master-1.0.4-SNAPSHOT.jar:1.0.4-SNAPSHOT]
	at org.evosuite.ga.metaheuristics.GeneticAlgorithm.calculateFitnessAndSortPopulation(GeneticAlgorithm.java:595) ~[evosuite-master-1.0.4-SNAPSHOT.jar:1.0.4-SNAPSHOT]
	at org.evosuite.ga.metaheuristics.MonotonicGA.initializePopulation(MonotonicGA.java:206) ~[evosuite-master-1.0.4-SNAPSHOT.jar:1.0.4-SNAPSHOT]
	at org.evosuite.ga.metaheuristics.MonotonicGA.generateSolution(MonotonicGA.java:223) ~[evosuite-master-1.0.4-SNAPSHOT.jar:1.0.4-SNAPSHOT]
	at org.evosuite.strategy.WholeTestSuiteStrategy.generateTests(WholeTestSuiteStrategy.java:113) ~[evosuite-master-1.0.4-SNAPSHOT.jar:1.0.4-SNAPSHOT]
	at org.evosuite.TestSuiteGenerator.generateTests(TestSuiteGenerator.java:640) ~[evosuite-master-1.0.4-SNAPSHOT.jar:1.0.4-SNAPSHOT]
	at org.evosuite.TestSuiteGenerator.generateTestSuite(TestSuiteGenerator.java:208) ~[evosuite-master-1.0.4-SNAPSHOT.jar:1.0.4-SNAPSHOT]
	at org.evosuite.rmi.service.ClientNodeImpl$1.run(ClientNodeImpl.java:145) ~[evosuite-master-1.0.4-SNAPSHOT.jar:1.0.4-SNAPSHOT]
	at java.util.concurrent.Executors$RunnableAdapter.call(Executors.java:511) [na:1.8.0_45]
	at java.util.concurrent.FutureTask.run(FutureTask.java:266) [na:1.8.0_45]
	at java.util.concurrent.ThreadPoolExecutor.runWorker(ThreadPoolExecutor.java:1142) [na:1.8.0_45]
	at java.util.concurrent.ThreadPoolExecutor$Worker.run(ThreadPoolExecutor.java:617) [na:1.8.0_45]
	at java.lang.Thread.run(Thread.java:745) [na:1.8.0_45]

------------* EvoSuite 1.0.4-SNAPSHOT
* Going to generate test cases for class: org.apache.commons.math3.special.Gamma
* Starting client
* Connecting to master process on port 8705
* Analyzing classpath: 
  - /tmp/math_30_Genprog_local_s1/lib/
  - /tmp/math_30_Genprog_local_s1/lib/cobertura-2.0.3.jar
  - /tmp/math_30_Genprog_local_s1/lib/jtestex-0.0.1.jar
  - /tmp/math_30_Genprog_local_s1/lib/commons-discovery-0.5.jar
  - /tmp/math_30_Genprog_local_s1/lib/junit-4.11.jar
  - /tmp/math_30_Genprog_local_s1/lib/fixran-0.0.1.jar
  - /tmp/math_30_Genprog_local_s1/./outputMutation/AstorMain-Math/bin/default/
* Finished analyzing classpath
* Generating tests for class org.apache.commons.math3.special.Gamma
* Test criteria:
  - Line Coverage
  - Branch Coverage
  - Exception
  - Mutation testing (weak)
  - Method-Output Coverage
  - Top-Level Method Coverage
  - No-Exception Top-Level Method Coverage
  - Context Branch Coverage
* Setting up search algorithm for whole suite generation
* Total number of test goals: 
  - Line 57
  - Branch 57
  - Exception 0
  - MutationFactory 664
  - Output 24
  - Method 8
  - MethodNoException 8
  - CBranchFitnessFactory 57

[Progress:>                             0%] [Cov:>                                  0%]* Using seed 5
* Starting evolution

[Progress:>                             0%] [Cov:===>                               11%]
[Progress:>                             0%] [Cov:=======>                           21%]
[Progress:>                             0%] [Cov:===========>                       34%]
[Progress:>                             0%] [Cov:=================>                 50%]
[Progress:>                             0%] [Cov:==================>                53%]
[Progress:>                             0%] [Cov:======================>            63%]
[Progress:>                             0%] [Cov:=========================>         73%]
[Progress:>                             0%] [Cov:============================>      80%]
[Progress:>                             0%] [Cov:=============================>     83%]* Computation finished
[MASTER] 21:22:03.702 [logback-2] ERROR ClientNodeImpl - Error when generating tests for: org.apache.commons.math3.special.Gamma with seed 5. Configuration id : null
java.lang.OutOfMemoryError: GC overhead limit exceeded
	at java.util.HashSet.<init>(HashSet.java:161) ~[na:1.8.0_45]
	at java.util.LinkedHashSet.<init>(LinkedHashSet.java:154) ~[na:1.8.0_45]
	at org.evosuite.testcase.statements.environment.AccessedEnvironment.<init>(AccessedEnvironment.java:70) ~[evosuite-master-1.0.4-SNAPSHOT.jar:1.0.4-SNAPSHOT]
	at org.evosuite.testcase.DefaultTestCase.<init>(DefaultTestCase.java:71) ~[evosuite-master-1.0.4-SNAPSHOT.jar:1.0.4-SNAPSHOT]
	at org.evosuite.testcase.TestChromosome.<init>(TestChromosome.java:64) ~[evosuite-master-1.0.4-SNAPSHOT.jar:1.0.4-SNAPSHOT]
	at org.evosuite.testcase.TestFitnessFunction.isCovered(TestFitnessFunction.java:200) ~[evosuite-master-1.0.4-SNAPSHOT.jar:1.0.4-SNAPSHOT]
	at org.evosuite.coverage.archive.TestsArchive.isBetterThanCurrent(TestsArchive.java:302) ~[evosuite-master-1.0.4-SNAPSHOT.jar:1.0.4-SNAPSHOT]
	at org.evosuite.coverage.archive.TestsArchive.handleCollateralCoverage(TestsArchive.java:270) ~[evosuite-master-1.0.4-SNAPSHOT.jar:1.0.4-SNAPSHOT]
	at org.evosuite.coverage.archive.TestsArchive.putTest(TestsArchive.java:164) ~[evosuite-master-1.0.4-SNAPSHOT.jar:1.0.4-SNAPSHOT]
	at org.evosuite.coverage.mutation.WeakMutationSuiteFitness.getFitness(WeakMutationSuiteFitness.java:89) ~[evosuite-master-1.0.4-SNAPSHOT.jar:1.0.4-SNAPSHOT]
	at org.evosuite.coverage.mutation.WeakMutationSuiteFitness.getFitness(WeakMutationSuiteFitness.java:39) ~[evosuite-master-1.0.4-SNAPSHOT.jar:1.0.4-SNAPSHOT]
	at org.evosuite.ga.metaheuristics.GeneticAlgorithm.calculateFitnessAndSortPopulation(GeneticAlgorithm.java:595) ~[evosuite-master-1.0.4-SNAPSHOT.jar:1.0.4-SNAPSHOT]
	at org.evosuite.ga.metaheuristics.MonotonicGA.initializePopulation(MonotonicGA.java:206) ~[evosuite-master-1.0.4-SNAPSHOT.jar:1.0.4-SNAPSHOT]
	at org.evosuite.ga.metaheuristics.MonotonicGA.generateSolution(MonotonicGA.java:223) ~[evosuite-master-1.0.4-SNAPSHOT.jar:1.0.4-SNAPSHOT]
	at org.evosuite.strategy.WholeTestSuiteStrategy.generateTests(WholeTestSuiteStrategy.java:113) ~[evosuite-master-1.0.4-SNAPSHOT.jar:1.0.4-SNAPSHOT]
	at org.evosuite.TestSuiteGenerator.generateTests(TestSuiteGenerator.java:640) ~[evosuite-master-1.0.4-SNAPSHOT.jar:1.0.4-SNAPSHOT]
	at org.evosuite.TestSuiteGenerator.generateTestSuite(TestSuiteGenerator.java:208) ~[evosuite-master-1.0.4-SNAPSHOT.jar:1.0.4-SNAPSHOT]
	at org.evosuite.rmi.service.ClientNodeImpl$1.run(ClientNodeImpl.java:145) ~[evosuite-master-1.0.4-SNAPSHOT.jar:1.0.4-SNAPSHOT]
	at java.util.concurrent.Executors$RunnableAdapter.call(Executors.java:511) [na:1.8.0_45]
	at java.util.concurrent.FutureTask.run(FutureTask.java:266) [na:1.8.0_45]
	at java.util.concurrent.ThreadPoolExecutor.runWorker(ThreadPoolExecutor.java:1142) [na:1.8.0_45]
	at java.util.concurrent.ThreadPoolExecutor$Worker.run(ThreadPoolExecutor.java:617) [na:1.8.0_45]
	at java.lang.Thread.run(Thread.java:745) [na:1.8.0_45]
[MASTER] 21:22:04.621 [main] ERROR SearchStatistics - No obtained value for output variable: Total_Goals
[MASTER] 21:22:06.623 [main] ERROR SearchStatistics - No obtained value for output variable: Total_Goals
[MASTER] 21:22:07.624 [main] ERROR SearchStatistics - No obtained value for output variable: Total_Goals
[MASTER] 21:22:08.624 [main] ERROR SearchStatistics - No obtained value for output variable: Total_Goals
[MASTER] 21:22:09.624 [main] ERROR SearchStatistics - No obtained value for output variable: Total_Goals
[MASTER] 21:22:10.624 [main] ERROR SearchStatistics - No obtained value for output variable: Total_Goals
[MASTER] 21:22:10.637 [main] ERROR SearchStatistics - Not going to write down statistics data, as some are missing
[MASTER] 21:22:10.738 [main] ERROR TestGeneration - failed to write statistics data

[DEBUG] fr.inria.astor.util.EvoSuiteFacade.runEvosuite(EvoSuiteFacade.java:150) - ---> Evo OK? true 
[DEBUG] fr.inria.astor.util.EvoSuiteFacade.runEvosuite(EvoSuiteFacade.java:156) - Evo end in total 187 seconds for generating 1 over 1
[ERROR] fr.inria.astor.core.validation.validators.ProcessEvoSuiteValidator.runTestFromEvoSuite(ProcessEvoSuiteValidator.java:162) - ES did not generate all test cases that I should do, test generated [], classes under generation [org.apache.commons.math3.special.Gamma]
[DEBUG] fr.inria.astor.core.validation.validators.ProcessEvoSuiteValidator.runTestFromEvoSuite(ProcessEvoSuiteValidator.java:165) - Generated tests to run: []
[INFO ] fr.inria.astor.core.validation.validators.ProcessEvoSuiteValidator.runTestFromEvoSuite(ProcessEvoSuiteValidator.java:172) - Classpath /tmp/math_30_Genprog_local_s1/lib/:/tmp/math_30_Genprog_local_s1/lib/cobertura-2.0.3.jar:/tmp/math_30_Genprog_local_s1/lib/jtestex-0.0.1.jar:/tmp/math_30_Genprog_local_s1/lib/evosuite-master-1.0.4-SNAPSHOT.jar:/tmp/math_30_Genprog_local_s1/lib/commons-discovery-0.5.jar:/tmp/math_30_Genprog_local_s1/lib/junit-4.11.jar:/tmp/math_30_Genprog_local_s1/lib/fixran-0.0.1.jar:/tmp/math_30_Genprog_local_s1/./outputMutation/AstorMain-Math//bin//variant-476:/tmp/math_30_Genprog_local_s1/./lib/evosuite-master-1.0.4-SNAPSHOT.jar:/tmp/math_30_Genprog_local_s1/./outputMutation/AstorMain-Math//bin//default
[DEBUG] fr.inria.astor.util.EvoSuiteFacade.runProcess(EvoSuiteFacade.java:425) - Executing compilation : [/home/mmartinez/jdk1.8.0_45/bin//javac, -classpath, /tmp/math_30_Genprog_local_s1/lib/:/tmp/math_30_Genprog_local_s1/lib/cobertura-2.0.3.jar:/tmp/math_30_Genprog_local_s1/lib/jtestex-0.0.1.jar:/tmp/math_30_Genprog_local_s1/lib/evosuite-master-1.0.4-SNAPSHOT.jar:/tmp/math_30_Genprog_local_s1/lib/commons-discovery-0.5.jar:/tmp/math_30_Genprog_local_s1/lib/junit-4.11.jar:/tmp/math_30_Genprog_local_s1/lib/fixran-0.0.1.jar:/tmp/math_30_Genprog_local_s1/./outputMutation/AstorMain-Math//bin//variant-476:/tmp/math_30_Genprog_local_s1/./lib/evosuite-master-1.0.4-SNAPSHOT.jar:/tmp/math_30_Genprog_local_s1/./outputMutation/AstorMain-Math//bin//default, -d, /tmp/math_30_Genprog_local_s1/./outputMutation/AstorMain-Math//bin///evosuite/evosuite-tests/default]
[DEBUG] fr.inria.astor.util.EvoSuiteFacade.printLines(EvoSuiteFacade.java:420) - [Ljava.lang.String;@d48e5a3 stderr: Picked up JAVA_TOOL_OPTIONS: -Dfile.encoding=UTF8
[DEBUG] fr.inria.astor.util.EvoSuiteFacade.printLines(EvoSuiteFacade.java:420) - [Ljava.lang.String;@d48e5a3 stderr: javac: no source files
[DEBUG] fr.inria.astor.util.EvoSuiteFacade.printLines(EvoSuiteFacade.java:420) - [Ljava.lang.String;@d48e5a3 stderr: Usage: javac <options> <source files>
[DEBUG] fr.inria.astor.util.EvoSuiteFacade.printLines(EvoSuiteFacade.java:420) - [Ljava.lang.String;@d48e5a3 stderr: use -help for a list of possible options
[DEBUG] fr.inria.astor.util.EvoSuiteFacade.runProcess(EvoSuiteFacade.java:430) - [Ljava.lang.String;@d48e5a3 exitValue() 2
[INFO ] fr.inria.astor.core.validation.validators.ProcessEvoSuiteValidator.runTestFromEvoSuite(ProcessEvoSuiteValidator.java:198) - Process classpath /tmp/math_30_Genprog_local_s1/lib/:/tmp/math_30_Genprog_local_s1/lib/cobertura-2.0.3.jar:/tmp/math_30_Genprog_local_s1/lib/jtestex-0.0.1.jar:/tmp/math_30_Genprog_local_s1/lib/evosuite-master-1.0.4-SNAPSHOT.jar:/tmp/math_30_Genprog_local_s1/lib/commons-discovery-0.5.jar:/tmp/math_30_Genprog_local_s1/lib/junit-4.11.jar:/tmp/math_30_Genprog_local_s1/lib/fixran-0.0.1.jar:/tmp/math_30_Genprog_local_s1/./outputMutation/AstorMain-Math//bin//variant-476:/tmp/math_30_Genprog_local_s1/./lib/evosuite-master-1.0.4-SNAPSHOT.jar:/tmp/math_30_Genprog_local_s1/./outputMutation/AstorMain-Math//bin//default:/tmp/math_30_Genprog_local_s1/./outputMutation/AstorMain-Math//bin///evosuite/evosuite-tests/default
[DEBUG] fr.inria.astor.core.validation.validators.ProcessEvoSuiteValidator.executeRegressionTesting(ProcessEvoSuiteValidator.java:216) - Executing EvosuiteTest :[org.apache.commons.math3.special.Gamma_ESTest]
[DEBUG] fr.inria.astor.core.validation.executors.JUnitExecutorProcess.printCommandToExecute(JUnitExecutorProcess.java:140) - Executing process: 
/home/mmartinez/jdk1.8.0_45/bin//java  -Xmx2048m  -cp  /tmp/math_30_Genprog_local_s1/./lib/jtestex-0.0.1.jar:/tmp/math_30_Genprog_local_s1/lib/:/tmp/math_30_Genprog_local_s1/lib/cobertura-2.0.3.jar:/tmp/math_30_Genprog_local_s1/lib/jtestex-0.0.1.jar:/tmp/math_30_Genprog_local_s1/lib/evosuite-master-1.0.4-SNAPSHOT.jar:/tmp/math_30_Genprog_local_s1/lib/commons-discovery-0.5.jar:/tmp/math_30_Genprog_local_s1/lib/junit-4.11.jar:/tmp/math_30_Genprog_local_s1/lib/fixran-0.0.1.jar:/tmp/math_30_Genprog_local_s1/./outputMutation/AstorMain-Math/bin/variant-476/:/tmp/math_30_Genprog_local_s1/./lib/evosuite-master-1.0.4-SNAPSHOT.jar:/tmp/math_30_Genprog_local_s1/./outputMutation/AstorMain-Math/bin/default/:/tmp/math_30_Genprog_local_s1/./outputMutation/AstorMain-Math/bin/evosuite/evosuite-tests/default/:  JUnitExternalExecutor  org.apache.commons.math3.special.Gamma_ESTest
[DEBUG] fr.inria.astor.core.validation.executors.JUnitExecutorProcess.execute(JUnitExecutorProcess.java:77) - Execution time 0 seconds
[ERROR] fr.inria.astor.core.validation.executors.JUnitIndirectExecutorProcess.getTestResult(JUnitIndirectExecutorProcess.java:72) - Error reading the validation process
 output: 
Picked up JAVA_TOOL_OPTIONS: -Dfile.encoding=UTF8
Exception in thread "main" java.lang.ClassNotFoundException: org.apache.commons.math3.special.Gamma_ESTest
	at java.net.URLClassLoader.findClass(URLClassLoader.java:381)
	at java.lang.ClassLoader.loadClass(ClassLoader.java:424)
	at sun.misc.Launcher$AppClassLoader.loadClass(Launcher.java:331)
	at java.lang.ClassLoader.loadClass(ClassLoader.java:357)
	at java.lang.Class.forName0(Native Method)
	at java.lang.Class.forName(Class.java:264)
	at JUnitExternalExecutor.getClassesToRun(JUnitExternalExecutor.java:87)
	at JUnitExternalExecutor.run(JUnitExternalExecutor.java:75)
	at JUnitExternalExecutor.main(JUnitExternalExecutor.java:66)
 
 error: 
[DEBUG] fr.inria.astor.core.validation.validators.RegressionValidation.validate(RegressionValidation.java:35) - Evo Regression: |false|0|0|[]|
[DEBUG] fr.inria.astor.core.loop.AstorCoreEngine.processCreatedVariant(AstorCoreEngine.java:395) - -Valid?: true, fitness 5.0
[INFO ] fr.inria.astor.core.loop.AstorCoreEngine.processCreatedVariant(AstorCoreEngine.java:397) - -Found Solution, child variant #476
[DEBUG] spoon.support.StandardEnvironment.debugMessage(StandardEnvironment.java:109) - printing org.apache.commons.math3.stat.ranking.TiesStrategy to /tmp/math_30_Genprog_local_s1/./outputMutation/AstorMain-Math/src/variant-476
[DEBUG] spoon.support.StandardEnvironment.debugMessage(StandardEnvironment.java:109) - printing org.apache.commons.math3.special.Gamma to /tmp/math_30_Genprog_local_s1/./outputMutation/AstorMain-Math/src/variant-476
[DEBUG] spoon.support.StandardEnvironment.debugMessage(StandardEnvironment.java:109) - printing org.apache.commons.math3.distribution.NormalDistribution to /tmp/math_30_Genprog_local_s1/./outputMutation/AstorMain-Math/src/variant-476
[DEBUG] spoon.support.StandardEnvironment.debugMessage(StandardEnvironment.java:109) - printing org.apache.commons.math3.special.Erf to /tmp/math_30_Genprog_local_s1/./outputMutation/AstorMain-Math/src/variant-476
[DEBUG] spoon.support.StandardEnvironment.debugMessage(StandardEnvironment.java:109) - printing org.apache.commons.math3.stat.ranking.NaNStrategy to /tmp/math_30_Genprog_local_s1/./outputMutation/AstorMain-Math/src/variant-476
[DEBUG] spoon.support.StandardEnvironment.debugMessage(StandardEnvironment.java:109) - printing org.apache.commons.math3.stat.ranking.NaturalRanking to /tmp/math_30_Genprog_local_s1/./outputMutation/AstorMain-Math/src/variant-476
[DEBUG] fr.inria.astor.core.loop.AstorCoreEngine.undoSingleGeneration(AstorCoreEngine.java:487) - ---Undoing: gnrtn(238): ReplaceOp: `ret = java.lang.Double.Na[...] ` ---> `ret = 1.0` at pos 0 of parent `{ 	ret = 1.0; }`
[DEBUG] fr.inria.astor.core.loop.AstorCoreEngine.prepareNextGeneration(AstorCoreEngine.java:284) - 
End analysis generation - 
Solutions found:--> (476(SOLUTION)(f=5.0), )
[DEBUG] fr.inria.astor.core.loop.population.FitnessPopulationController.selectProgramVariantsForNextGeneration(FitnessPopulationController.java:52) - Variants to next generation from: 2-->IDs: (475(f=1.0), 476(f=5.0), )
[DEBUG] fr.inria.astor.core.loop.population.FitnessPopulationController.selectProgramVariantsForNextGeneration(FitnessPopulationController.java:61) - Selected to next generation: IDs2--> (475(f=1.0), )
[DEBUG] fr.inria.astor.core.loop.AstorCoreEngine.startEvolution(AstorCoreEngine.java:121) - 
----------Running generation/iteraction 239, population size: 1
[DEBUG] fr.inria.astor.core.loop.AstorCoreEngine.processGenerations(AstorCoreEngine.java:211) - 
***** Generation 239
[DEBUG] fr.inria.astor.core.loop.AstorCoreEngine.processGenerations(AstorCoreEngine.java:220) - 
**
*-Parent Variant: [Variant id: 477, #gens: 38, #ops: 0, parent:-]
[DEBUG] fr.inria.astor.core.loop.AstorCoreEngine.createNewProgramVariant(AstorCoreEngine.java:436) - 
--Child created id: 478
[DEBUG] fr.inria.astor.core.loop.AstorCoreEngine.modifyProgramVariant(AstorCoreEngine.java:504) - --Creating new operations for variant [Variant id: 478, #gens: 38, #ops: 0, parent:477]
[DEBUG] fr.inria.astor.core.loop.AstorCoreEngine.modifyProgramVariant(AstorCoreEngine.java:517) - ---analyzing modificationPoint position: 32
[DEBUG] fr.inria.astor.core.loop.AstorCoreEngine.modifyProgramVariant(AstorCoreEngine.java:540) - operation ReplaceOp: `return java.lang.Double.c[...] ` ---> `return position` at pos 0 of parent `{ 	return java.lang.Doubl[...]`
[DEBUG] fr.inria.astor.core.loop.spaces.operators.AstorOperator.addPoint(AstorOperator.java:108) - ---ModificPoint=NaturalRanking line: 445, el: CtReturnImpl
[DEBUG] fr.inria.astor.core.loop.spaces.operators.AstorOperator.addPoint(AstorOperator.java:109) - ---ReplaceOp: `return java.lang.Double.c[...] ` ---> `return position` at pos 0 of parent `{ 	return java.lang.Doubl[...]`
[DEBUG] fr.inria.astor.core.loop.AstorCoreEngine.modifyProgramVariant(AstorCoreEngine.java:562) - 
--Summary Creation: for variant [Variant id: 478, #gens: 38, #ops: 1, parent:477] gen mutated: 1 , gen not mut: 0, gen not applied  0
 
[DEBUG] fr.inria.astor.core.loop.AstorCoreEngine.processCreatedVariant(AstorCoreEngine.java:390) - -The child compiles: id 478
[DEBUG] fr.inria.astor.core.validation.executors.JUnitExecutorProcess.printCommandToExecute(JUnitExecutorProcess.java:140) - Executing process: 
/usr/lib/jvm/java-1.7.0-openjdk-amd64/bin//java  -Xmx2048m  -cp  /tmp/math_30_Genprog_local_s1/./lib/jtestex-0.0.1.jar:/tmp/math_30_Genprog_local_s1/./outputMutation/AstorMain-Math/bin/variant-478/:/tmp/math_30_Genprog_local_s1/lib/:/tmp/math_30_Genprog_local_s1/lib/cobertura-2.0.3.jar:/tmp/math_30_Genprog_local_s1/lib/jtestex-0.0.1.jar:/tmp/math_30_Genprog_local_s1/lib/evosuite-master-1.0.4-SNAPSHOT.jar:/tmp/math_30_Genprog_local_s1/lib/commons-discovery-0.5.jar:/tmp/math_30_Genprog_local_s1/lib/junit-4.11.jar:/tmp/math_30_Genprog_local_s1/lib/fixran-0.0.1.jar:/tmp/math_30_Genprog_local_s1/./outputMutation/AstorMain-Math/bin/default/:/home/mmartinez/defects4j-repair/src/python/core/../../../libs/astor.jar:  JUnitExternalExecutor  org.apache.commons.math3.stat.inference.MannWhitneyUTestTest
[DEBUG] fr.inria.astor.core.validation.executors.JUnitExecutorProcess.execute(JUnitExecutorProcess.java:77) - Execution time 0 seconds
[DEBUG] fr.inria.astor.core.validation.executors.JUnitExecutorProcess.execute(JUnitExecutorProcess.java:80) - Running Exit Value
[DEBUG] fr.inria.astor.core.validation.validators.RegressionValidation.validate(RegressionValidation.java:23) - Failing Val: |false|2|3|[testBigDataSet(org.apache.commons.math3.stat.inference.MannWhitneyUTestTest): null-, testMannWhitneyUSimple(org.apache.commons.math3.stat.inference.MannWhitneyUTestTest): expected:<17.0> but was:<18.0>-]|
[DEBUG] fr.inria.astor.core.loop.AstorCoreEngine.processCreatedVariant(AstorCoreEngine.java:395) - -Valid?: false, fitness 2.0
[DEBUG] fr.inria.astor.core.loop.AstorCoreEngine.undoSingleGeneration(AstorCoreEngine.java:487) - ---Undoing: gnrtn(239): ReplaceOp: `return java.lang.Double.c[...] ` ---> `return position` at pos 0 of parent `{ 	return position; }`
[DEBUG] fr.inria.astor.core.loop.AstorCoreEngine.prepareNextGeneration(AstorCoreEngine.java:284) - 
End analysis generation - 
Solutions found:--> ()
[DEBUG] fr.inria.astor.core.loop.population.FitnessPopulationController.selectProgramVariantsForNextGeneration(FitnessPopulationController.java:52) - Variants to next generation from: 2-->IDs: (477(f=1.0), 478(f=2.0), )
[DEBUG] fr.inria.astor.core.loop.population.FitnessPopulationController.selectProgramVariantsForNextGeneration(FitnessPopulationController.java:61) - Selected to next generation: IDs2--> (477(f=1.0), )
[DEBUG] fr.inria.astor.core.loop.AstorCoreEngine.startEvolution(AstorCoreEngine.java:121) - 
----------Running generation/iteraction 240, population size: 1
[DEBUG] fr.inria.astor.core.loop.AstorCoreEngine.processGenerations(AstorCoreEngine.java:211) - 
***** Generation 240
[DEBUG] fr.inria.astor.core.loop.AstorCoreEngine.processGenerations(AstorCoreEngine.java:220) - 
**
*-Parent Variant: [Variant id: 479, #gens: 38, #ops: 0, parent:-]
[DEBUG] fr.inria.astor.core.loop.AstorCoreEngine.createNewProgramVariant(AstorCoreEngine.java:436) - 
--Child created id: 480
[DEBUG] fr.inria.astor.core.loop.AstorCoreEngine.modifyProgramVariant(AstorCoreEngine.java:504) - --Creating new operations for variant [Variant id: 480, #gens: 38, #ops: 0, parent:479]
[DEBUG] fr.inria.astor.core.loop.AstorCoreEngine.modifyProgramVariant(AstorCoreEngine.java:517) - ---analyzing modificationPoint position: 8
[DEBUG] fr.inria.astor.core.loop.AstorCoreEngine.modifyProgramVariant(AstorCoreEngine.java:540) - operation ReplaceOp: `final double dev = x - (m[...] ` ---> `final double a = getAlpha[...]` at pos 0 of parent `{ 	final double dev = x -[...]`
[DEBUG] fr.inria.astor.core.loop.spaces.operators.AstorOperator.addPoint(AstorOperator.java:108) - ---ModificPoint=NormalDistribution line: 137, el: CtLocalVariableImpl
[DEBUG] fr.inria.astor.core.loop.spaces.operators.AstorOperator.addPoint(AstorOperator.java:109) - ---ReplaceOp: `final double dev = x - (m[...] ` ---> `final double a = getAlpha[...]` at pos 0 of parent `{ 	final double dev = x -[...]`
[DEBUG] fr.inria.astor.core.loop.AstorCoreEngine.modifyProgramVariant(AstorCoreEngine.java:562) - 
--Summary Creation: for variant [Variant id: 480, #gens: 38, #ops: 1, parent:479] gen mutated: 1 , gen not mut: 0, gen not applied  0
 
[DEBUG] fr.inria.astor.core.loop.AstorCoreEngine.undoSingleGeneration(AstorCoreEngine.java:487) - ---Undoing: gnrtn(240): ReplaceOp: `final double dev = x - (m[...] ` ---> `final double a = getAlpha[...]` at pos 0 of parent `{ 	final double a = getAl[...]`
[DEBUG] fr.inria.astor.core.loop.AstorCoreEngine.prepareNextGeneration(AstorCoreEngine.java:284) - 
End analysis generation - 
Solutions found:--> ()
[DEBUG] fr.inria.astor.core.loop.population.FitnessPopulationController.selectProgramVariantsForNextGeneration(FitnessPopulationController.java:52) - Variants to next generation from: 2-->IDs: (479(f=1.0), 480(f=1.7976931348623157E308), )
[DEBUG] fr.inria.astor.core.loop.population.FitnessPopulationController.selectProgramVariantsForNextGeneration(FitnessPopulationController.java:61) - Selected to next generation: IDs2--> (479(f=1.0), )
[DEBUG] fr.inria.astor.core.loop.AstorCoreEngine.startEvolution(AstorCoreEngine.java:121) - 
----------Running generation/iteraction 241, population size: 1
[DEBUG] fr.inria.astor.core.loop.AstorCoreEngine.processGenerations(AstorCoreEngine.java:211) - 
***** Generation 241
[DEBUG] fr.inria.astor.core.loop.AstorCoreEngine.processGenerations(AstorCoreEngine.java:220) - 
**
*-Parent Variant: [Variant id: 481, #gens: 38, #ops: 0, parent:-]
[DEBUG] fr.inria.astor.core.loop.AstorCoreEngine.createNewProgramVariant(AstorCoreEngine.java:436) - 
--Child created id: 482
[DEBUG] fr.inria.astor.core.loop.AstorCoreEngine.modifyProgramVariant(AstorCoreEngine.java:504) - --Creating new operations for variant [Variant id: 482, #gens: 38, #ops: 0, parent:481]
[DEBUG] fr.inria.astor.core.loop.AstorCoreEngine.modifyProgramVariant(AstorCoreEngine.java:517) - ---analyzing modificationPoint position: 33
[DEBUG] fr.inria.astor.core.loop.AstorCoreEngine.modifyProgramVariant(AstorCoreEngine.java:540) - operation InsertAfterOp: `return value ` ---> `int pos = 1` at pos 0 of parent `{ 	return value; }`
[DEBUG] fr.inria.astor.core.loop.spaces.operators.AstorOperator.addPoint(AstorOperator.java:108) - ---ModificPoint=NaturalRanking line: 453, el: CtLocalVariableImpl
[DEBUG] fr.inria.astor.core.loop.spaces.operators.AstorOperator.addPoint(AstorOperator.java:109) - ---InsertAfterOp: `return value ` ---> `int pos = 1` at pos 0 of parent `{ 	return value; }`
[DEBUG] fr.inria.astor.core.loop.AstorCoreEngine.modifyProgramVariant(AstorCoreEngine.java:562) - 
--Summary Creation: for variant [Variant id: 482, #gens: 39, #ops: 1, parent:481] gen mutated: 1 , gen not mut: 0, gen not applied  0
 
[DEBUG] fr.inria.astor.core.loop.AstorCoreEngine.undoSingleGeneration(AstorCoreEngine.java:487) - ---Undoing: gnrtn(241): InsertAfterOp: `return value ` ---> `int pos = 1` at pos 0 of parent `{ 	return value; 	int pos[...]`
[DEBUG] fr.inria.astor.core.loop.AstorCoreEngine.prepareNextGeneration(AstorCoreEngine.java:284) - 
End analysis generation - 
Solutions found:--> ()
[DEBUG] fr.inria.astor.core.loop.population.FitnessPopulationController.selectProgramVariantsForNextGeneration(FitnessPopulationController.java:52) - Variants to next generation from: 2-->IDs: (481(f=1.0), 482(f=1.7976931348623157E308), )
[DEBUG] fr.inria.astor.core.loop.population.FitnessPopulationController.selectProgramVariantsForNextGeneration(FitnessPopulationController.java:61) - Selected to next generation: IDs2--> (481(f=1.0), )
[DEBUG] fr.inria.astor.core.loop.AstorCoreEngine.startEvolution(AstorCoreEngine.java:121) - 
----------Running generation/iteraction 242, population size: 1
[DEBUG] fr.inria.astor.core.loop.AstorCoreEngine.processGenerations(AstorCoreEngine.java:211) - 
***** Generation 242
[DEBUG] fr.inria.astor.core.loop.AstorCoreEngine.processGenerations(AstorCoreEngine.java:220) - 
**
*-Parent Variant: [Variant id: 483, #gens: 38, #ops: 0, parent:-]
[DEBUG] fr.inria.astor.core.loop.AstorCoreEngine.createNewProgramVariant(AstorCoreEngine.java:436) - 
--Child created id: 484
[DEBUG] fr.inria.astor.core.loop.AstorCoreEngine.modifyProgramVariant(AstorCoreEngine.java:504) - --Creating new operations for variant [Variant id: 484, #gens: 38, #ops: 0, parent:483]
[DEBUG] fr.inria.astor.core.loop.AstorCoreEngine.modifyProgramVariant(AstorCoreEngine.java:517) - ---analyzing modificationPoint position: 4
[DEBUG] fr.inria.astor.core.loop.AstorCoreEngine.modifyProgramVariant(AstorCoreEngine.java:540) - operation RemoveOp: `for (int i = 0 ; i < (ran[...] ` ---> `-` at pos 1 of parent `{ 	java.util.ArrayList<ja[...]`
[DEBUG] fr.inria.astor.core.loop.AstorCoreEngine.modifyProgramVariant(AstorCoreEngine.java:562) - 
--Summary Creation: for variant [Variant id: 484, #gens: 37, #ops: 1, parent:483] gen mutated: 1 , gen not mut: 0, gen not applied  0
 
[DEBUG] fr.inria.astor.core.loop.AstorCoreEngine.processCreatedVariant(AstorCoreEngine.java:390) - -The child compiles: id 484
[DEBUG] fr.inria.astor.core.validation.executors.JUnitExecutorProcess.printCommandToExecute(JUnitExecutorProcess.java:140) - Executing process: 
/usr/lib/jvm/java-1.7.0-openjdk-amd64/bin//java  -Xmx2048m  -cp  /tmp/math_30_Genprog_local_s1/./lib/jtestex-0.0.1.jar:/tmp/math_30_Genprog_local_s1/./outputMutation/AstorMain-Math/bin/variant-484/:/tmp/math_30_Genprog_local_s1/lib/:/tmp/math_30_Genprog_local_s1/lib/cobertura-2.0.3.jar:/tmp/math_30_Genprog_local_s1/lib/jtestex-0.0.1.jar:/tmp/math_30_Genprog_local_s1/lib/evosuite-master-1.0.4-SNAPSHOT.jar:/tmp/math_30_Genprog_local_s1/lib/commons-discovery-0.5.jar:/tmp/math_30_Genprog_local_s1/lib/junit-4.11.jar:/tmp/math_30_Genprog_local_s1/lib/fixran-0.0.1.jar:/tmp/math_30_Genprog_local_s1/./outputMutation/AstorMain-Math/bin/default/:/home/mmartinez/defects4j-repair/src/python/core/../../../libs/astor.jar:  JUnitExternalExecutor  org.apache.commons.math3.stat.inference.MannWhitneyUTestTest
[DEBUG] fr.inria.astor.core.validation.executors.JUnitExecutorProcess.execute(JUnitExecutorProcess.java:77) - Execution time 0 seconds
[DEBUG] fr.inria.astor.core.validation.executors.JUnitExecutorProcess.execute(JUnitExecutorProcess.java:80) - Running Exit Value
[DEBUG] fr.inria.astor.core.validation.validators.RegressionValidation.validate(RegressionValidation.java:23) - Failing Val: |false|1|3|[testBigDataSet(org.apache.commons.math3.stat.inference.MannWhitneyUTestTest): null-]|
[DEBUG] fr.inria.astor.core.loop.AstorCoreEngine.processCreatedVariant(AstorCoreEngine.java:395) - -Valid?: false, fitness 1.0
[DEBUG] fr.inria.astor.core.loop.AstorCoreEngine.undoSingleGeneration(AstorCoreEngine.java:487) - ---Undoing: gnrtn(242): RemoveOp: `for (int i = 0 ; i < (ran[...] ` ---> `-` at pos 1 of parent `{ 	java.util.ArrayList<ja[...]`
[DEBUG] fr.inria.astor.core.loop.AstorCoreEngine.prepareNextGeneration(AstorCoreEngine.java:284) - 
End analysis generation - 
Solutions found:--> ()
[DEBUG] fr.inria.astor.core.loop.population.FitnessPopulationController.selectProgramVariantsForNextGeneration(FitnessPopulationController.java:52) - Variants to next generation from: 2-->IDs: (483(f=1.0), 484(f=1.0), )
[DEBUG] fr.inria.astor.core.loop.population.FitnessPopulationController.selectProgramVariantsForNextGeneration(FitnessPopulationController.java:61) - Selected to next generation: IDs2--> (483(f=1.0), )
[DEBUG] fr.inria.astor.core.loop.AstorCoreEngine.startEvolution(AstorCoreEngine.java:121) - 
----------Running generation/iteraction 243, population size: 1
[DEBUG] fr.inria.astor.core.loop.AstorCoreEngine.processGenerations(AstorCoreEngine.java:211) - 
***** Generation 243
[DEBUG] fr.inria.astor.core.loop.AstorCoreEngine.processGenerations(AstorCoreEngine.java:220) - 
**
*-Parent Variant: [Variant id: 485, #gens: 38, #ops: 0, parent:-]
[DEBUG] fr.inria.astor.core.loop.AstorCoreEngine.createNewProgramVariant(AstorCoreEngine.java:436) - 
--Child created id: 486
[DEBUG] fr.inria.astor.core.loop.AstorCoreEngine.modifyProgramVariant(AstorCoreEngine.java:504) - --Creating new operations for variant [Variant id: 486, #gens: 38, #ops: 0, parent:485]
[DEBUG] fr.inria.astor.core.loop.AstorCoreEngine.modifyProgramVariant(AstorCoreEngine.java:517) - ---analyzing modificationPoint position: 20
[DEBUG] fr.inria.astor.core.loop.AstorCoreEngine.modifyProgramVariant(AstorCoreEngine.java:540) - operation InsertBeforeOp: `java.util.Arrays.sort(ran[...] ` ---> `return false` at pos 4 of parent `{ 	org.apache.commons.mat[...]`
[DEBUG] fr.inria.astor.core.loop.spaces.operators.AstorOperator.addPoint(AstorOperator.java:108) - ---ModificPoint=NaturalRanking line: 218, el: CtReturnImpl
[DEBUG] fr.inria.astor.core.loop.spaces.operators.AstorOperator.addPoint(AstorOperator.java:109) - ---InsertBeforeOp: `java.util.Arrays.sort(ran[...] ` ---> `return false` at pos 4 of parent `{ 	org.apache.commons.mat[...]`
[DEBUG] fr.inria.astor.core.loop.AstorCoreEngine.modifyProgramVariant(AstorCoreEngine.java:562) - 
--Summary Creation: for variant [Variant id: 486, #gens: 39, #ops: 1, parent:485] gen mutated: 1 , gen not mut: 0, gen not applied  0
 
[DEBUG] fr.inria.astor.core.loop.AstorCoreEngine.undoSingleGeneration(AstorCoreEngine.java:487) - ---Undoing: gnrtn(243): InsertBeforeOp: `java.util.Arrays.sort(ran[...] ` ---> `return false` at pos 4 of parent `{ 	org.apache.commons.mat[...]`
[DEBUG] fr.inria.astor.core.loop.AstorCoreEngine.prepareNextGeneration(AstorCoreEngine.java:284) - 
End analysis generation - 
Solutions found:--> ()
[DEBUG] fr.inria.astor.core.loop.population.FitnessPopulationController.selectProgramVariantsForNextGeneration(FitnessPopulationController.java:52) - Variants to next generation from: 2-->IDs: (485(f=1.0), 486(f=1.7976931348623157E308), )
[DEBUG] fr.inria.astor.core.loop.population.FitnessPopulationController.selectProgramVariantsForNextGeneration(FitnessPopulationController.java:61) - Selected to next generation: IDs2--> (485(f=1.0), )
[DEBUG] fr.inria.astor.core.loop.AstorCoreEngine.startEvolution(AstorCoreEngine.java:121) - 
----------Running generation/iteraction 244, population size: 1
[DEBUG] fr.inria.astor.core.loop.AstorCoreEngine.processGenerations(AstorCoreEngine.java:211) - 
***** Generation 244
[DEBUG] fr.inria.astor.core.loop.AstorCoreEngine.processGenerations(AstorCoreEngine.java:220) - 
**
*-Parent Variant: [Variant id: 487, #gens: 38, #ops: 0, parent:-]
[DEBUG] fr.inria.astor.core.loop.AstorCoreEngine.createNewProgramVariant(AstorCoreEngine.java:436) - 
--Child created id: 488
[DEBUG] fr.inria.astor.core.loop.AstorCoreEngine.modifyProgramVariant(AstorCoreEngine.java:504) - --Creating new operations for variant [Variant id: 488, #gens: 38, #ops: 0, parent:487]
[DEBUG] fr.inria.astor.core.loop.AstorCoreEngine.modifyProgramVariant(AstorCoreEngine.java:517) - ---analyzing modificationPoint position: 11
[DEBUG] fr.inria.astor.core.loop.AstorCoreEngine.modifyProgramVariant(AstorCoreEngine.java:540) - operation InsertBeforeOp: `pos = i + 1 ` ---> `org.apache.commons.math3.[...]` at pos 0 of parent `{ 	pos = i + 1; 	if ((tie[...]`
[DEBUG] fr.inria.astor.core.loop.spaces.operators.AstorOperator.addPoint(AstorOperator.java:108) - ---ModificPoint=NaturalRanking line: 230, el: CtLocalVariableImpl
[DEBUG] fr.inria.astor.core.loop.spaces.operators.AstorOperator.addPoint(AstorOperator.java:109) - ---InsertBeforeOp: `pos = i + 1 ` ---> `org.apache.commons.math3.[...]` at pos 0 of parent `{ 	pos = i + 1; 	if ((tie[...]`
[DEBUG] fr.inria.astor.core.loop.AstorCoreEngine.modifyProgramVariant(AstorCoreEngine.java:562) - 
--Summary Creation: for variant [Variant id: 488, #gens: 39, #ops: 1, parent:487] gen mutated: 1 , gen not mut: 0, gen not applied  0
 
[DEBUG] fr.inria.astor.core.loop.AstorCoreEngine.undoSingleGeneration(AstorCoreEngine.java:487) - ---Undoing: gnrtn(244): InsertBeforeOp: `pos = i + 1 ` ---> `org.apache.commons.math3.[...]` at pos 0 of parent `{ 	org.apache.commons.mat[...]`
[DEBUG] fr.inria.astor.core.loop.AstorCoreEngine.prepareNextGeneration(AstorCoreEngine.java:284) - 
End analysis generation - 
Solutions found:--> ()
[DEBUG] fr.inria.astor.core.loop.population.FitnessPopulationController.selectProgramVariantsForNextGeneration(FitnessPopulationController.java:52) - Variants to next generation from: 2-->IDs: (487(f=1.0), 488(f=1.7976931348623157E308), )
[DEBUG] fr.inria.astor.core.loop.population.FitnessPopulationController.selectProgramVariantsForNextGeneration(FitnessPopulationController.java:61) - Selected to next generation: IDs2--> (487(f=1.0), )
[DEBUG] fr.inria.astor.core.loop.AstorCoreEngine.startEvolution(AstorCoreEngine.java:121) - 
----------Running generation/iteraction 245, population size: 1
[DEBUG] fr.inria.astor.core.loop.AstorCoreEngine.processGenerations(AstorCoreEngine.java:211) - 
***** Generation 245
[DEBUG] fr.inria.astor.core.loop.AstorCoreEngine.processGenerations(AstorCoreEngine.java:220) - 
**
*-Parent Variant: [Variant id: 489, #gens: 38, #ops: 0, parent:-]
[DEBUG] fr.inria.astor.core.loop.AstorCoreEngine.createNewProgramVariant(AstorCoreEngine.java:436) - 
--Child created id: 490
[DEBUG] fr.inria.astor.core.loop.AstorCoreEngine.modifyProgramVariant(AstorCoreEngine.java:504) - --Creating new operations for variant [Variant id: 490, #gens: 38, #ops: 0, parent:489]
[DEBUG] fr.inria.astor.core.loop.AstorCoreEngine.modifyProgramVariant(AstorCoreEngine.java:517) - ---analyzing modificationPoint position: 12
[DEBUG] fr.inria.astor.core.loop.AstorCoreEngine.modifyProgramVariant(AstorCoreEngine.java:540) - operation InsertAfterOp: `if ((tiesTrace.size()) > [...] ` ---> `this.nanStrategy = nanStr[...]` at pos 1 of parent `{ 	pos = i + 1; 	if ((tie[...]`
[DEBUG] fr.inria.astor.core.loop.spaces.operators.AstorOperator.addPoint(AstorOperator.java:108) - ---ModificPoint=NaturalRanking line: 231, el: CtAssignmentImpl
[DEBUG] fr.inria.astor.core.loop.spaces.operators.AstorOperator.addPoint(AstorOperator.java:109) - ---InsertAfterOp: `if ((tiesTrace.size()) > [...] ` ---> `this.nanStrategy = nanStr[...]` at pos 1 of parent `{ 	pos = i + 1; 	if ((tie[...]`
[DEBUG] fr.inria.astor.core.loop.AstorCoreEngine.modifyProgramVariant(AstorCoreEngine.java:562) - 
--Summary Creation: for variant [Variant id: 490, #gens: 39, #ops: 1, parent:489] gen mutated: 1 , gen not mut: 0, gen not applied  0
 
[DEBUG] fr.inria.astor.core.loop.AstorCoreEngine.undoSingleGeneration(AstorCoreEngine.java:487) - ---Undoing: gnrtn(245): InsertAfterOp: `if ((tiesTrace.size()) > [...] ` ---> `org.apache.commons.math3.[...]` at pos 1 of parent `{ 	pos = i + 1; 	if ((tie[...]`
[DEBUG] fr.inria.astor.core.loop.AstorCoreEngine.prepareNextGeneration(AstorCoreEngine.java:284) - 
End analysis generation - 
Solutions found:--> ()
[DEBUG] fr.inria.astor.core.loop.population.FitnessPopulationController.selectProgramVariantsForNextGeneration(FitnessPopulationController.java:52) - Variants to next generation from: 2-->IDs: (489(f=1.0), 490(f=1.7976931348623157E308), )
[DEBUG] fr.inria.astor.core.loop.population.FitnessPopulationController.selectProgramVariantsForNextGeneration(FitnessPopulationController.java:61) - Selected to next generation: IDs2--> (489(f=1.0), )
[DEBUG] fr.inria.astor.core.loop.AstorCoreEngine.startEvolution(AstorCoreEngine.java:121) - 
----------Running generation/iteraction 246, population size: 1
[DEBUG] fr.inria.astor.core.loop.AstorCoreEngine.processGenerations(AstorCoreEngine.java:211) - 
***** Generation 246
[DEBUG] fr.inria.astor.core.loop.AstorCoreEngine.processGenerations(AstorCoreEngine.java:220) - 
**
*-Parent Variant: [Variant id: 491, #gens: 38, #ops: 0, parent:-]
[DEBUG] fr.inria.astor.core.loop.AstorCoreEngine.createNewProgramVariant(AstorCoreEngine.java:436) - 
--Child created id: 492
[DEBUG] fr.inria.astor.core.loop.AstorCoreEngine.modifyProgramVariant(AstorCoreEngine.java:504) - --Creating new operations for variant [Variant id: 492, #gens: 38, #ops: 0, parent:491]
[DEBUG] fr.inria.astor.core.loop.AstorCoreEngine.modifyProgramVariant(AstorCoreEngine.java:517) - ---analyzing modificationPoint position: 32
[DEBUG] fr.inria.astor.core.loop.AstorCoreEngine.modifyProgramVariant(AstorCoreEngine.java:540) - operation InsertAfterOp: `return java.lang.Double.c[...] ` ---> `return true` at pos 0 of parent `{ 	return java.lang.Doubl[...]`
[DEBUG] fr.inria.astor.core.loop.spaces.operators.AstorOperator.addPoint(AstorOperator.java:108) - ---ModificPoint=NaturalRanking line: 445, el: CtReturnImpl
[DEBUG] fr.inria.astor.core.loop.spaces.operators.AstorOperator.addPoint(AstorOperator.java:109) - ---InsertAfterOp: `return java.lang.Double.c[...] ` ---> `return true` at pos 0 of parent `{ 	return java.lang.Doubl[...]`
[DEBUG] fr.inria.astor.core.loop.AstorCoreEngine.modifyProgramVariant(AstorCoreEngine.java:562) - 
--Summary Creation: for variant [Variant id: 492, #gens: 39, #ops: 1, parent:491] gen mutated: 1 , gen not mut: 0, gen not applied  0
 
[DEBUG] fr.inria.astor.core.loop.AstorCoreEngine.undoSingleGeneration(AstorCoreEngine.java:487) - ---Undoing: gnrtn(246): InsertAfterOp: `return java.lang.Double.c[...] ` ---> `return true` at pos 0 of parent `{ 	return java.lang.Doubl[...]`
[DEBUG] fr.inria.astor.core.loop.AstorCoreEngine.prepareNextGeneration(AstorCoreEngine.java:284) - 
End analysis generation - 
Solutions found:--> ()
[DEBUG] fr.inria.astor.core.loop.population.FitnessPopulationController.selectProgramVariantsForNextGeneration(FitnessPopulationController.java:52) - Variants to next generation from: 2-->IDs: (491(f=1.0), 492(f=1.7976931348623157E308), )
[DEBUG] fr.inria.astor.core.loop.population.FitnessPopulationController.selectProgramVariantsForNextGeneration(FitnessPopulationController.java:61) - Selected to next generation: IDs2--> (491(f=1.0), )
[DEBUG] fr.inria.astor.core.loop.AstorCoreEngine.startEvolution(AstorCoreEngine.java:121) - 
----------Running generation/iteraction 247, population size: 1
[DEBUG] fr.inria.astor.core.loop.AstorCoreEngine.processGenerations(AstorCoreEngine.java:211) - 
***** Generation 247
[DEBUG] fr.inria.astor.core.loop.AstorCoreEngine.processGenerations(AstorCoreEngine.java:220) - 
**
*-Parent Variant: [Variant id: 493, #gens: 38, #ops: 0, parent:-]
[DEBUG] fr.inria.astor.core.loop.AstorCoreEngine.createNewProgramVariant(AstorCoreEngine.java:436) - 
--Child created id: 494
[DEBUG] fr.inria.astor.core.loop.AstorCoreEngine.modifyProgramVariant(AstorCoreEngine.java:504) - --Creating new operations for variant [Variant id: 494, #gens: 38, #ops: 0, parent:493]
[DEBUG] fr.inria.astor.core.loop.AstorCoreEngine.modifyProgramVariant(AstorCoreEngine.java:517) - ---analyzing modificationPoint position: 33
[DEBUG] fr.inria.astor.core.loop.AstorCoreEngine.modifyProgramVariant(AstorCoreEngine.java:540) - operation InsertBeforeOp: `return value ` ---> `java.util.List<java.lang.[...]` at pos 0 of parent `{ 	return value; }`
[DEBUG] fr.inria.astor.core.loop.spaces.operators.AstorOperator.addPoint(AstorOperator.java:108) - ---ModificPoint=NaturalRanking line: 453, el: CtLocalVariableImpl
[DEBUG] fr.inria.astor.core.loop.spaces.operators.AstorOperator.addPoint(AstorOperator.java:109) - ---InsertBeforeOp: `return value ` ---> `java.util.List<java.lang.[...]` at pos 0 of parent `{ 	return value; }`
[DEBUG] fr.inria.astor.core.loop.AstorCoreEngine.modifyProgramVariant(AstorCoreEngine.java:562) - 
--Summary Creation: for variant [Variant id: 494, #gens: 39, #ops: 1, parent:493] gen mutated: 1 , gen not mut: 0, gen not applied  0
 
[DEBUG] fr.inria.astor.core.loop.AstorCoreEngine.processCreatedVariant(AstorCoreEngine.java:390) - -The child compiles: id 494
[DEBUG] fr.inria.astor.core.validation.executors.JUnitExecutorProcess.printCommandToExecute(JUnitExecutorProcess.java:140) - Executing process: 
/usr/lib/jvm/java-1.7.0-openjdk-amd64/bin//java  -Xmx2048m  -cp  /tmp/math_30_Genprog_local_s1/./lib/jtestex-0.0.1.jar:/tmp/math_30_Genprog_local_s1/./outputMutation/AstorMain-Math/bin/variant-494/:/tmp/math_30_Genprog_local_s1/lib/:/tmp/math_30_Genprog_local_s1/lib/cobertura-2.0.3.jar:/tmp/math_30_Genprog_local_s1/lib/jtestex-0.0.1.jar:/tmp/math_30_Genprog_local_s1/lib/evosuite-master-1.0.4-SNAPSHOT.jar:/tmp/math_30_Genprog_local_s1/lib/commons-discovery-0.5.jar:/tmp/math_30_Genprog_local_s1/lib/junit-4.11.jar:/tmp/math_30_Genprog_local_s1/lib/fixran-0.0.1.jar:/tmp/math_30_Genprog_local_s1/./outputMutation/AstorMain-Math/bin/default/:/home/mmartinez/defects4j-repair/src/python/core/../../../libs/astor.jar:  JUnitExternalExecutor  org.apache.commons.math3.stat.inference.MannWhitneyUTestTest
[DEBUG] fr.inria.astor.core.validation.executors.JUnitExecutorProcess.execute(JUnitExecutorProcess.java:77) - Execution time 0 seconds
[DEBUG] fr.inria.astor.core.validation.executors.JUnitExecutorProcess.execute(JUnitExecutorProcess.java:80) - Running Exit Value
[DEBUG] fr.inria.astor.core.validation.validators.RegressionValidation.validate(RegressionValidation.java:23) - Failing Val: |false|1|3|[testBigDataSet(org.apache.commons.math3.stat.inference.MannWhitneyUTestTest): null-]|
[DEBUG] fr.inria.astor.core.loop.AstorCoreEngine.processCreatedVariant(AstorCoreEngine.java:395) - -Valid?: false, fitness 1.0
[DEBUG] fr.inria.astor.core.loop.AstorCoreEngine.undoSingleGeneration(AstorCoreEngine.java:487) - ---Undoing: gnrtn(247): InsertBeforeOp: `return value ` ---> `java.util.List<java.lang.[...]` at pos 0 of parent `{ 	java.util.List<java.la[...]`
[DEBUG] fr.inria.astor.core.loop.AstorCoreEngine.prepareNextGeneration(AstorCoreEngine.java:284) - 
End analysis generation - 
Solutions found:--> ()
[DEBUG] fr.inria.astor.core.loop.population.FitnessPopulationController.selectProgramVariantsForNextGeneration(FitnessPopulationController.java:52) - Variants to next generation from: 2-->IDs: (493(f=1.0), 494(f=1.0), )
[DEBUG] fr.inria.astor.core.loop.population.FitnessPopulationController.selectProgramVariantsForNextGeneration(FitnessPopulationController.java:61) - Selected to next generation: IDs2--> (493(f=1.0), )
[DEBUG] fr.inria.astor.core.loop.AstorCoreEngine.startEvolution(AstorCoreEngine.java:121) - 
----------Running generation/iteraction 248, population size: 1
[DEBUG] fr.inria.astor.core.loop.AstorCoreEngine.processGenerations(AstorCoreEngine.java:211) - 
***** Generation 248
[DEBUG] fr.inria.astor.core.loop.AstorCoreEngine.processGenerations(AstorCoreEngine.java:220) - 
**
*-Parent Variant: [Variant id: 495, #gens: 38, #ops: 0, parent:-]
[DEBUG] fr.inria.astor.core.loop.AstorCoreEngine.createNewProgramVariant(AstorCoreEngine.java:436) - 
--Child created id: 496
[DEBUG] fr.inria.astor.core.loop.AstorCoreEngine.modifyProgramVariant(AstorCoreEngine.java:504) - --Creating new operations for variant [Variant id: 496, #gens: 38, #ops: 0, parent:495]
[DEBUG] fr.inria.astor.core.loop.AstorCoreEngine.modifyProgramVariant(AstorCoreEngine.java:517) - ---analyzing modificationPoint position: 0
[DEBUG] fr.inria.astor.core.loop.AstorCoreEngine.modifyProgramVariant(AstorCoreEngine.java:540) - operation RemoveOp: `restoreNaNs(out, nanPosit[...] ` ---> `-` at pos 0 of parent `{ 	restoreNaNs(out, nanPo[...]`
[DEBUG] fr.inria.astor.core.loop.AstorCoreEngine.modifyProgramVariant(AstorCoreEngine.java:562) - 
--Summary Creation: for variant [Variant id: 496, #gens: 37, #ops: 1, parent:495] gen mutated: 1 , gen not mut: 0, gen not applied  0
 
[DEBUG] fr.inria.astor.core.loop.AstorCoreEngine.processCreatedVariant(AstorCoreEngine.java:390) - -The child compiles: id 496
[DEBUG] fr.inria.astor.core.validation.executors.JUnitExecutorProcess.printCommandToExecute(JUnitExecutorProcess.java:140) - Executing process: 
/usr/lib/jvm/java-1.7.0-openjdk-amd64/bin//java  -Xmx2048m  -cp  /tmp/math_30_Genprog_local_s1/./lib/jtestex-0.0.1.jar:/tmp/math_30_Genprog_local_s1/./outputMutation/AstorMain-Math/bin/variant-496/:/tmp/math_30_Genprog_local_s1/lib/:/tmp/math_30_Genprog_local_s1/lib/cobertura-2.0.3.jar:/tmp/math_30_Genprog_local_s1/lib/jtestex-0.0.1.jar:/tmp/math_30_Genprog_local_s1/lib/evosuite-master-1.0.4-SNAPSHOT.jar:/tmp/math_30_Genprog_local_s1/lib/commons-discovery-0.5.jar:/tmp/math_30_Genprog_local_s1/lib/junit-4.11.jar:/tmp/math_30_Genprog_local_s1/lib/fixran-0.0.1.jar:/tmp/math_30_Genprog_local_s1/./outputMutation/AstorMain-Math/bin/default/:/home/mmartinez/defects4j-repair/src/python/core/../../../libs/astor.jar:  JUnitExternalExecutor  org.apache.commons.math3.stat.inference.MannWhitneyUTestTest
[DEBUG] fr.inria.astor.core.validation.executors.JUnitExecutorProcess.execute(JUnitExecutorProcess.java:77) - Execution time 0 seconds
[DEBUG] fr.inria.astor.core.validation.executors.JUnitExecutorProcess.execute(JUnitExecutorProcess.java:80) - Running Exit Value
[DEBUG] fr.inria.astor.core.validation.validators.RegressionValidation.validate(RegressionValidation.java:23) - Failing Val: |false|1|3|[testBigDataSet(org.apache.commons.math3.stat.inference.MannWhitneyUTestTest): null-]|
[DEBUG] fr.inria.astor.core.loop.AstorCoreEngine.processCreatedVariant(AstorCoreEngine.java:395) - -Valid?: false, fitness 1.0
[DEBUG] fr.inria.astor.core.loop.AstorCoreEngine.undoSingleGeneration(AstorCoreEngine.java:487) - ---Undoing: gnrtn(248): RemoveOp: `restoreNaNs(out, nanPosit[...] ` ---> `-` at pos 0 of parent `{ }`
[DEBUG] fr.inria.astor.core.loop.AstorCoreEngine.prepareNextGeneration(AstorCoreEngine.java:284) - 
End analysis generation - 
Solutions found:--> ()
[DEBUG] fr.inria.astor.core.loop.population.FitnessPopulationController.selectProgramVariantsForNextGeneration(FitnessPopulationController.java:52) - Variants to next generation from: 2-->IDs: (495(f=1.0), 496(f=1.0), )
[DEBUG] fr.inria.astor.core.loop.population.FitnessPopulationController.selectProgramVariantsForNextGeneration(FitnessPopulationController.java:61) - Selected to next generation: IDs2--> (495(f=1.0), )
[DEBUG] fr.inria.astor.core.loop.AstorCoreEngine.startEvolution(AstorCoreEngine.java:121) - 
----------Running generation/iteraction 249, population size: 1
[DEBUG] fr.inria.astor.core.loop.AstorCoreEngine.processGenerations(AstorCoreEngine.java:211) - 
***** Generation 249
[DEBUG] fr.inria.astor.core.loop.AstorCoreEngine.processGenerations(AstorCoreEngine.java:220) - 
**
*-Parent Variant: [Variant id: 497, #gens: 38, #ops: 0, parent:-]
[DEBUG] fr.inria.astor.core.loop.AstorCoreEngine.createNewProgramVariant(AstorCoreEngine.java:436) - 
--Child created id: 498
[DEBUG] fr.inria.astor.core.loop.AstorCoreEngine.modifyProgramVariant(AstorCoreEngine.java:504) - --Creating new operations for variant [Variant id: 498, #gens: 38, #ops: 0, parent:497]
[DEBUG] fr.inria.astor.core.loop.AstorCoreEngine.modifyProgramVariant(AstorCoreEngine.java:517) - ---analyzing modificationPoint position: 3
[DEBUG] fr.inria.astor.core.loop.AstorCoreEngine.modifyProgramVariant(AstorCoreEngine.java:540) - operation InsertBeforeOp: `java.util.ArrayList<java.[...] ` ---> `this.tiesStrategy = org.a[...]` at pos 0 of parent `{ 	java.util.ArrayList<ja[...]`
[DEBUG] fr.inria.astor.core.loop.spaces.operators.AstorOperator.addPoint(AstorOperator.java:108) - ---ModificPoint=NaturalRanking line: 404, el: CtAssignmentImpl
[DEBUG] fr.inria.astor.core.loop.spaces.operators.AstorOperator.addPoint(AstorOperator.java:109) - ---InsertBeforeOp: `java.util.ArrayList<java.[...] ` ---> `this.tiesStrategy = org.a[...]` at pos 0 of parent `{ 	java.util.ArrayList<ja[...]`
[DEBUG] fr.inria.astor.core.loop.AstorCoreEngine.modifyProgramVariant(AstorCoreEngine.java:562) - 
--Summary Creation: for variant [Variant id: 498, #gens: 39, #ops: 1, parent:497] gen mutated: 1 , gen not mut: 0, gen not applied  0
 
[DEBUG] fr.inria.astor.core.loop.AstorCoreEngine.undoSingleGeneration(AstorCoreEngine.java:487) - ---Undoing: gnrtn(249): InsertBeforeOp: `java.util.ArrayList<java.[...] ` ---> `org.apache.commons.math3.[...]` at pos 0 of parent `{ 	org.apache.commons.mat[...]`
[DEBUG] fr.inria.astor.core.loop.AstorCoreEngine.prepareNextGeneration(AstorCoreEngine.java:284) - 
End analysis generation - 
Solutions found:--> ()
[DEBUG] fr.inria.astor.core.loop.population.FitnessPopulationController.selectProgramVariantsForNextGeneration(FitnessPopulationController.java:52) - Variants to next generation from: 2-->IDs: (497(f=1.0), 498(f=1.7976931348623157E308), )
[DEBUG] fr.inria.astor.core.loop.population.FitnessPopulationController.selectProgramVariantsForNextGeneration(FitnessPopulationController.java:61) - Selected to next generation: IDs2--> (497(f=1.0), )
[DEBUG] fr.inria.astor.core.loop.AstorCoreEngine.startEvolution(AstorCoreEngine.java:121) - 
----------Running generation/iteraction 250, population size: 1
[DEBUG] fr.inria.astor.core.loop.AstorCoreEngine.processGenerations(AstorCoreEngine.java:211) - 
***** Generation 250
[DEBUG] fr.inria.astor.core.loop.AstorCoreEngine.processGenerations(AstorCoreEngine.java:220) - 
**
*-Parent Variant: [Variant id: 499, #gens: 38, #ops: 0, parent:-]
[DEBUG] fr.inria.astor.core.loop.AstorCoreEngine.createNewProgramVariant(AstorCoreEngine.java:436) - 
--Child created id: 500
[DEBUG] fr.inria.astor.core.loop.AstorCoreEngine.modifyProgramVariant(AstorCoreEngine.java:504) - --Creating new operations for variant [Variant id: 500, #gens: 38, #ops: 0, parent:499]
[DEBUG] fr.inria.astor.core.loop.AstorCoreEngine.modifyProgramVariant(AstorCoreEngine.java:517) - ---analyzing modificationPoint position: 28
[DEBUG] fr.inria.astor.core.loop.AstorCoreEngine.modifyProgramVariant(AstorCoreEngine.java:540) - operation InsertAfterOp: `out[ranks[i].getPosition([...] ` ---> `org.apache.commons.math3.[...]` at pos 1 of parent `{ 	if ((java.lang.Double.[...]`
[DEBUG] fr.inria.astor.core.loop.spaces.operators.AstorOperator.addPoint(AstorOperator.java:108) - ---ModificPoint=NaturalRanking line: 240, el: CtLocalVariableImpl
[DEBUG] fr.inria.astor.core.loop.spaces.operators.AstorOperator.addPoint(AstorOperator.java:109) - ---InsertAfterOp: `out[ranks[i].getPosition([...] ` ---> `org.apache.commons.math3.[...]` at pos 1 of parent `{ 	if ((java.lang.Double.[...]`
[DEBUG] fr.inria.astor.core.loop.AstorCoreEngine.modifyProgramVariant(AstorCoreEngine.java:562) - 
--Summary Creation: for variant [Variant id: 500, #gens: 39, #ops: 1, parent:499] gen mutated: 1 , gen not mut: 0, gen not applied  0
 
[DEBUG] fr.inria.astor.core.loop.AstorCoreEngine.processCreatedVariant(AstorCoreEngine.java:390) - -The child compiles: id 500
[DEBUG] fr.inria.astor.core.validation.executors.JUnitExecutorProcess.printCommandToExecute(JUnitExecutorProcess.java:140) - Executing process: 
/usr/lib/jvm/java-1.7.0-openjdk-amd64/bin//java  -Xmx2048m  -cp  /tmp/math_30_Genprog_local_s1/./lib/jtestex-0.0.1.jar:/tmp/math_30_Genprog_local_s1/./outputMutation/AstorMain-Math/bin/variant-500/:/tmp/math_30_Genprog_local_s1/lib/:/tmp/math_30_Genprog_local_s1/lib/cobertura-2.0.3.jar:/tmp/math_30_Genprog_local_s1/lib/jtestex-0.0.1.jar:/tmp/math_30_Genprog_local_s1/lib/evosuite-master-1.0.4-SNAPSHOT.jar:/tmp/math_30_Genprog_local_s1/lib/commons-discovery-0.5.jar:/tmp/math_30_Genprog_local_s1/lib/junit-4.11.jar:/tmp/math_30_Genprog_local_s1/lib/fixran-0.0.1.jar:/tmp/math_30_Genprog_local_s1/./outputMutation/AstorMain-Math/bin/default/:/home/mmartinez/defects4j-repair/src/python/core/../../../libs/astor.jar:  JUnitExternalExecutor  org.apache.commons.math3.stat.inference.MannWhitneyUTestTest
[DEBUG] fr.inria.astor.core.validation.executors.JUnitExecutorProcess.execute(JUnitExecutorProcess.java:77) - Execution time 0 seconds
[DEBUG] fr.inria.astor.core.validation.executors.JUnitExecutorProcess.execute(JUnitExecutorProcess.java:80) - Running Exit Value
[DEBUG] fr.inria.astor.core.validation.validators.RegressionValidation.validate(RegressionValidation.java:23) - Failing Val: |false|1|3|[testBigDataSet(org.apache.commons.math3.stat.inference.MannWhitneyUTestTest): null-]|
[DEBUG] fr.inria.astor.core.loop.AstorCoreEngine.processCreatedVariant(AstorCoreEngine.java:395) - -Valid?: false, fitness 1.0
[DEBUG] fr.inria.astor.core.loop.AstorCoreEngine.undoSingleGeneration(AstorCoreEngine.java:487) - ---Undoing: gnrtn(250): InsertAfterOp: `out[ranks[i].getPosition([...] ` ---> `org.apache.commons.math3.[...]` at pos 1 of parent `{ 	if ((java.lang.Double.[...]`
[DEBUG] fr.inria.astor.core.loop.AstorCoreEngine.prepareNextGeneration(AstorCoreEngine.java:284) - 
End analysis generation - 
Solutions found:--> ()
[DEBUG] fr.inria.astor.core.loop.population.FitnessPopulationController.selectProgramVariantsForNextGeneration(FitnessPopulationController.java:52) - Variants to next generation from: 2-->IDs: (499(f=1.0), 500(f=1.0), )
[DEBUG] fr.inria.astor.core.loop.population.FitnessPopulationController.selectProgramVariantsForNextGeneration(FitnessPopulationController.java:61) - Selected to next generation: IDs2--> (499(f=1.0), )
[DEBUG] fr.inria.astor.core.loop.AstorCoreEngine.startEvolution(AstorCoreEngine.java:121) - 
----------Running generation/iteraction 251, population size: 1
[DEBUG] fr.inria.astor.core.loop.AstorCoreEngine.processGenerations(AstorCoreEngine.java:211) - 
***** Generation 251
[DEBUG] fr.inria.astor.core.loop.AstorCoreEngine.processGenerations(AstorCoreEngine.java:220) - 
**
*-Parent Variant: [Variant id: 501, #gens: 38, #ops: 0, parent:-]
[DEBUG] fr.inria.astor.core.loop.AstorCoreEngine.createNewProgramVariant(AstorCoreEngine.java:436) - 
--Child created id: 502
[DEBUG] fr.inria.astor.core.loop.AstorCoreEngine.modifyProgramVariant(AstorCoreEngine.java:504) - --Creating new operations for variant [Variant id: 502, #gens: 38, #ops: 0, parent:501]
[DEBUG] fr.inria.astor.core.loop.AstorCoreEngine.modifyProgramVariant(AstorCoreEngine.java:517) - ---analyzing modificationPoint position: 32
[DEBUG] fr.inria.astor.core.loop.AstorCoreEngine.modifyProgramVariant(AstorCoreEngine.java:540) - operation ReplaceOp: `return java.lang.Double.c[...] ` ---> `return false` at pos 0 of parent `{ 	return java.lang.Doubl[...]`
[DEBUG] fr.inria.astor.core.loop.spaces.operators.AstorOperator.addPoint(AstorOperator.java:108) - ---ModificPoint=NaturalRanking line: 445, el: CtReturnImpl
[DEBUG] fr.inria.astor.core.loop.spaces.operators.AstorOperator.addPoint(AstorOperator.java:109) - ---ReplaceOp: `return java.lang.Double.c[...] ` ---> `return false` at pos 0 of parent `{ 	return java.lang.Doubl[...]`
[DEBUG] fr.inria.astor.core.loop.AstorCoreEngine.modifyProgramVariant(AstorCoreEngine.java:562) - 
--Summary Creation: for variant [Variant id: 502, #gens: 38, #ops: 1, parent:501] gen mutated: 1 , gen not mut: 0, gen not applied  0
 
[DEBUG] fr.inria.astor.core.loop.AstorCoreEngine.undoSingleGeneration(AstorCoreEngine.java:487) - ---Undoing: gnrtn(251): ReplaceOp: `return java.lang.Double.c[...] ` ---> `return false` at pos 0 of parent `{ 	return false; }`
[DEBUG] fr.inria.astor.core.loop.AstorCoreEngine.prepareNextGeneration(AstorCoreEngine.java:284) - 
End analysis generation - 
Solutions found:--> ()
[DEBUG] fr.inria.astor.core.loop.population.FitnessPopulationController.selectProgramVariantsForNextGeneration(FitnessPopulationController.java:52) - Variants to next generation from: 2-->IDs: (501(f=1.0), 502(f=1.7976931348623157E308), )
[DEBUG] fr.inria.astor.core.loop.population.FitnessPopulationController.selectProgramVariantsForNextGeneration(FitnessPopulationController.java:61) - Selected to next generation: IDs2--> (501(f=1.0), )
[DEBUG] fr.inria.astor.core.loop.AstorCoreEngine.startEvolution(AstorCoreEngine.java:121) - 
----------Running generation/iteraction 252, population size: 1
[DEBUG] fr.inria.astor.core.loop.AstorCoreEngine.processGenerations(AstorCoreEngine.java:211) - 
***** Generation 252
[DEBUG] fr.inria.astor.core.loop.AstorCoreEngine.processGenerations(AstorCoreEngine.java:220) - 
**
*-Parent Variant: [Variant id: 503, #gens: 38, #ops: 0, parent:-]
[DEBUG] fr.inria.astor.core.loop.AstorCoreEngine.createNewProgramVariant(AstorCoreEngine.java:436) - 
--Child created id: 504
[DEBUG] fr.inria.astor.core.loop.AstorCoreEngine.modifyProgramVariant(AstorCoreEngine.java:504) - --Creating new operations for variant [Variant id: 504, #gens: 38, #ops: 0, parent:503]
[DEBUG] fr.inria.astor.core.loop.AstorCoreEngine.modifyProgramVariant(AstorCoreEngine.java:517) - ---analyzing modificationPoint position: 3
[DEBUG] fr.inria.astor.core.loop.AstorCoreEngine.modifyProgramVariant(AstorCoreEngine.java:540) - operation ReplaceOp: `java.util.ArrayList<java.[...] ` ---> `int j = 0` at pos 0 of parent `{ 	java.util.ArrayList<ja[...]`
[DEBUG] fr.inria.astor.core.loop.spaces.operators.AstorOperator.addPoint(AstorOperator.java:108) - ---ModificPoint=NaturalRanking line: 404, el: CtLocalVariableImpl
[DEBUG] fr.inria.astor.core.loop.spaces.operators.AstorOperator.addPoint(AstorOperator.java:109) - ---ReplaceOp: `java.util.ArrayList<java.[...] ` ---> `int j = 0` at pos 0 of parent `{ 	java.util.ArrayList<ja[...]`
[DEBUG] fr.inria.astor.core.loop.AstorCoreEngine.modifyProgramVariant(AstorCoreEngine.java:562) - 
--Summary Creation: for variant [Variant id: 504, #gens: 38, #ops: 1, parent:503] gen mutated: 1 , gen not mut: 0, gen not applied  0
 
[DEBUG] fr.inria.astor.core.loop.AstorCoreEngine.undoSingleGeneration(AstorCoreEngine.java:487) - ---Undoing: gnrtn(252): ReplaceOp: `java.util.ArrayList<java.[...] ` ---> `int j = 0` at pos 0 of parent `{ 	int j = 0; 	for (int i[...]`
[DEBUG] fr.inria.astor.core.loop.AstorCoreEngine.prepareNextGeneration(AstorCoreEngine.java:284) - 
End analysis generation - 
Solutions found:--> ()
[DEBUG] fr.inria.astor.core.loop.population.FitnessPopulationController.selectProgramVariantsForNextGeneration(FitnessPopulationController.java:52) - Variants to next generation from: 2-->IDs: (503(f=1.0), 504(f=1.7976931348623157E308), )
[DEBUG] fr.inria.astor.core.loop.population.FitnessPopulationController.selectProgramVariantsForNextGeneration(FitnessPopulationController.java:61) - Selected to next generation: IDs2--> (503(f=1.0), )
[DEBUG] fr.inria.astor.core.loop.AstorCoreEngine.startEvolution(AstorCoreEngine.java:121) - 
----------Running generation/iteraction 253, population size: 1
[DEBUG] fr.inria.astor.core.loop.AstorCoreEngine.processGenerations(AstorCoreEngine.java:211) - 
***** Generation 253
[DEBUG] fr.inria.astor.core.loop.AstorCoreEngine.processGenerations(AstorCoreEngine.java:220) - 
**
*-Parent Variant: [Variant id: 505, #gens: 38, #ops: 0, parent:-]
[DEBUG] fr.inria.astor.core.loop.AstorCoreEngine.createNewProgramVariant(AstorCoreEngine.java:436) - 
--Child created id: 506
[DEBUG] fr.inria.astor.core.loop.AstorCoreEngine.modifyProgramVariant(AstorCoreEngine.java:504) - --Creating new operations for variant [Variant id: 506, #gens: 38, #ops: 0, parent:505]
[DEBUG] fr.inria.astor.core.loop.AstorCoreEngine.modifyProgramVariant(AstorCoreEngine.java:517) - ---analyzing modificationPoint position: 34
[DEBUG] fr.inria.astor.core.loop.spaces.ingredients.ingredientSearch.EfficientIngredientStrategy.getFixIngredient(EfficientIngredientStrategy.java:90) - --- no mutation left to apply in element return int org.apache.commons.math3.stat.ranking.NaturalRanking$IntDoublePair#position
[DEBUG] fr.inria.astor.approaches.jgenprog.JGenProg.createOperatorInstanceForPoint(JGenProg.java:230) - Any ingredient for this point, we discard it
[DEBUG] fr.inria.astor.core.loop.AstorCoreEngine.modifyProgramVariant(AstorCoreEngine.java:553) - ---modifPoint 0 not mutation generated in  return int org.apache.com[...]
[DEBUG] fr.inria.astor.core.loop.AstorCoreEngine.modifyProgramVariant(AstorCoreEngine.java:517) - ---analyzing modificationPoint position: 25
[DEBUG] fr.inria.astor.core.loop.AstorCoreEngine.modifyProgramVariant(AstorCoreEngine.java:540) - operation RemoveOp: `tiesTrace.add(ranks[0].ge[...] ` ---> `-` at pos 9 of parent `{ 	org.apache.commons.mat[...]`
[DEBUG] fr.inria.astor.core.loop.AstorCoreEngine.modifyProgramVariant(AstorCoreEngine.java:562) - 
--Summary Creation: for variant [Variant id: 506, #gens: 37, #ops: 1, parent:505] gen mutated: 1 , gen not mut: 1, gen not applied  0
 
[DEBUG] fr.inria.astor.core.loop.AstorCoreEngine.processCreatedVariant(AstorCoreEngine.java:390) - -The child compiles: id 506
[DEBUG] fr.inria.astor.core.validation.executors.JUnitExecutorProcess.printCommandToExecute(JUnitExecutorProcess.java:140) - Executing process: 
/usr/lib/jvm/java-1.7.0-openjdk-amd64/bin//java  -Xmx2048m  -cp  /tmp/math_30_Genprog_local_s1/./lib/jtestex-0.0.1.jar:/tmp/math_30_Genprog_local_s1/./outputMutation/AstorMain-Math/bin/variant-506/:/tmp/math_30_Genprog_local_s1/lib/:/tmp/math_30_Genprog_local_s1/lib/cobertura-2.0.3.jar:/tmp/math_30_Genprog_local_s1/lib/jtestex-0.0.1.jar:/tmp/math_30_Genprog_local_s1/lib/evosuite-master-1.0.4-SNAPSHOT.jar:/tmp/math_30_Genprog_local_s1/lib/commons-discovery-0.5.jar:/tmp/math_30_Genprog_local_s1/lib/junit-4.11.jar:/tmp/math_30_Genprog_local_s1/lib/fixran-0.0.1.jar:/tmp/math_30_Genprog_local_s1/./outputMutation/AstorMain-Math/bin/default/:/home/mmartinez/defects4j-repair/src/python/core/../../../libs/astor.jar:  JUnitExternalExecutor  org.apache.commons.math3.stat.inference.MannWhitneyUTestTest
[DEBUG] fr.inria.astor.core.validation.executors.JUnitExecutorProcess.execute(JUnitExecutorProcess.java:77) - Execution time 0 seconds
[DEBUG] fr.inria.astor.core.validation.executors.JUnitExecutorProcess.execute(JUnitExecutorProcess.java:80) - Running Exit Value
[DEBUG] fr.inria.astor.core.validation.validators.RegressionValidation.validate(RegressionValidation.java:23) - Failing Val: |false|1|3|[testBigDataSet(org.apache.commons.math3.stat.inference.MannWhitneyUTestTest): null-]|
[DEBUG] fr.inria.astor.core.loop.AstorCoreEngine.processCreatedVariant(AstorCoreEngine.java:395) - -Valid?: false, fitness 1.0
[DEBUG] fr.inria.astor.core.loop.AstorCoreEngine.undoSingleGeneration(AstorCoreEngine.java:487) - ---Undoing: gnrtn(253): RemoveOp: `tiesTrace.add(ranks[0].ge[...] ` ---> `-` at pos 9 of parent `{ 	org.apache.commons.mat[...]`
[DEBUG] fr.inria.astor.core.loop.AstorCoreEngine.prepareNextGeneration(AstorCoreEngine.java:284) - 
End analysis generation - 
Solutions found:--> ()
[DEBUG] fr.inria.astor.core.loop.population.FitnessPopulationController.selectProgramVariantsForNextGeneration(FitnessPopulationController.java:52) - Variants to next generation from: 2-->IDs: (505(f=1.0), 506(f=1.0), )
[DEBUG] fr.inria.astor.core.loop.population.FitnessPopulationController.selectProgramVariantsForNextGeneration(FitnessPopulationController.java:61) - Selected to next generation: IDs2--> (505(f=1.0), )
[DEBUG] fr.inria.astor.core.loop.AstorCoreEngine.startEvolution(AstorCoreEngine.java:121) - 
----------Running generation/iteraction 254, population size: 1
[DEBUG] fr.inria.astor.core.loop.AstorCoreEngine.processGenerations(AstorCoreEngine.java:211) - 
***** Generation 254
[DEBUG] fr.inria.astor.core.loop.AstorCoreEngine.processGenerations(AstorCoreEngine.java:220) - 
**
*-Parent Variant: [Variant id: 507, #gens: 38, #ops: 0, parent:-]
[DEBUG] fr.inria.astor.core.loop.AstorCoreEngine.createNewProgramVariant(AstorCoreEngine.java:436) - 
--Child created id: 508
[DEBUG] fr.inria.astor.core.loop.AstorCoreEngine.modifyProgramVariant(AstorCoreEngine.java:504) - --Creating new operations for variant [Variant id: 508, #gens: 38, #ops: 0, parent:507]
[DEBUG] fr.inria.astor.core.loop.AstorCoreEngine.modifyProgramVariant(AstorCoreEngine.java:517) - ---analyzing modificationPoint position: 2
[DEBUG] fr.inria.astor.core.loop.AstorCoreEngine.modifyProgramVariant(AstorCoreEngine.java:540) - operation InsertAfterOp: `return  ` ---> `randomData = new org.apac[...]` at pos 0 of parent `{ 	return ; }`
[DEBUG] fr.inria.astor.core.loop.spaces.operators.AstorOperator.addPoint(AstorOperator.java:108) - ---ModificPoint=NaturalRanking line: 388, el: CtAssignmentImpl
[DEBUG] fr.inria.astor.core.loop.spaces.operators.AstorOperator.addPoint(AstorOperator.java:109) - ---InsertAfterOp: `return  ` ---> `randomData = new org.apac[...]` at pos 0 of parent `{ 	return ; }`
[DEBUG] fr.inria.astor.core.loop.AstorCoreEngine.modifyProgramVariant(AstorCoreEngine.java:562) - 
--Summary Creation: for variant [Variant id: 508, #gens: 39, #ops: 1, parent:507] gen mutated: 1 , gen not mut: 0, gen not applied  0
 
[DEBUG] fr.inria.astor.core.loop.AstorCoreEngine.undoSingleGeneration(AstorCoreEngine.java:487) - ---Undoing: gnrtn(254): InsertAfterOp: `return  ` ---> `randomData = new org.apac[...]` at pos 0 of parent `{ 	return ; 	randomData =[...]`
[DEBUG] fr.inria.astor.core.loop.AstorCoreEngine.prepareNextGeneration(AstorCoreEngine.java:284) - 
End analysis generation - 
Solutions found:--> ()
[DEBUG] fr.inria.astor.core.loop.population.FitnessPopulationController.selectProgramVariantsForNextGeneration(FitnessPopulationController.java:52) - Variants to next generation from: 2-->IDs: (507(f=1.0), 508(f=1.7976931348623157E308), )
[DEBUG] fr.inria.astor.core.loop.population.FitnessPopulationController.selectProgramVariantsForNextGeneration(FitnessPopulationController.java:61) - Selected to next generation: IDs2--> (507(f=1.0), )
[DEBUG] fr.inria.astor.core.loop.AstorCoreEngine.startEvolution(AstorCoreEngine.java:121) - 
----------Running generation/iteraction 255, population size: 1
[DEBUG] fr.inria.astor.core.loop.AstorCoreEngine.processGenerations(AstorCoreEngine.java:211) - 
***** Generation 255
[DEBUG] fr.inria.astor.core.loop.AstorCoreEngine.processGenerations(AstorCoreEngine.java:220) - 
**
*-Parent Variant: [Variant id: 509, #gens: 38, #ops: 0, parent:-]
[DEBUG] fr.inria.astor.core.loop.AstorCoreEngine.createNewProgramVariant(AstorCoreEngine.java:436) - 
--Child created id: 510
[DEBUG] fr.inria.astor.core.loop.AstorCoreEngine.modifyProgramVariant(AstorCoreEngine.java:504) - --Creating new operations for variant [Variant id: 510, #gens: 38, #ops: 0, parent:509]
[DEBUG] fr.inria.astor.core.loop.AstorCoreEngine.modifyProgramVariant(AstorCoreEngine.java:517) - ---analyzing modificationPoint position: 17
[DEBUG] fr.inria.astor.core.loop.AstorCoreEngine.modifyProgramVariant(AstorCoreEngine.java:540) - operation InsertBeforeOp: `ranks[i] = new org.apache[...] ` ---> `for (int i = 0 ; i < (ran[...]` at pos 0 of parent `{ 	ranks[i] = new org.apa[...]`
[DEBUG] fr.inria.astor.core.loop.spaces.operators.AstorOperator.addPoint(AstorOperator.java:108) - ---ModificPoint=NaturalRanking line: 195, el: CtForImpl
[DEBUG] fr.inria.astor.core.loop.spaces.operators.AstorOperator.addPoint(AstorOperator.java:109) - ---InsertBeforeOp: `ranks[i] = new org.apache[...] ` ---> `for (int i = 0 ; i < (ran[...]` at pos 0 of parent `{ 	ranks[i] = new org.apa[...]`
[DEBUG] fr.inria.astor.core.loop.AstorCoreEngine.modifyProgramVariant(AstorCoreEngine.java:562) - 
--Summary Creation: for variant [Variant id: 510, #gens: 39, #ops: 1, parent:509] gen mutated: 1 , gen not mut: 0, gen not applied  0
 
[DEBUG] fr.inria.astor.core.loop.AstorCoreEngine.undoSingleGeneration(AstorCoreEngine.java:487) - ---Undoing: gnrtn(255): InsertBeforeOp: `ranks[i] = new org.apache[...] ` ---> `for (int i = 0 ; i < (ran[...]` at pos 0 of parent `{ 	for (int i = 0 ; i < ([...]`
[DEBUG] fr.inria.astor.core.loop.AstorCoreEngine.prepareNextGeneration(AstorCoreEngine.java:284) - 
End analysis generation - 
Solutions found:--> ()
[DEBUG] fr.inria.astor.core.loop.population.FitnessPopulationController.selectProgramVariantsForNextGeneration(FitnessPopulationController.java:52) - Variants to next generation from: 2-->IDs: (509(f=1.0), 510(f=1.7976931348623157E308), )
[DEBUG] fr.inria.astor.core.loop.population.FitnessPopulationController.selectProgramVariantsForNextGeneration(FitnessPopulationController.java:61) - Selected to next generation: IDs2--> (509(f=1.0), )
[DEBUG] fr.inria.astor.core.loop.AstorCoreEngine.startEvolution(AstorCoreEngine.java:121) - 
----------Running generation/iteraction 256, population size: 1
[DEBUG] fr.inria.astor.core.loop.AstorCoreEngine.processGenerations(AstorCoreEngine.java:211) - 
***** Generation 256
[DEBUG] fr.inria.astor.core.loop.AstorCoreEngine.processGenerations(AstorCoreEngine.java:220) - 
**
*-Parent Variant: [Variant id: 511, #gens: 38, #ops: 0, parent:-]
[DEBUG] fr.inria.astor.core.loop.AstorCoreEngine.createNewProgramVariant(AstorCoreEngine.java:436) - 
--Child created id: 512
[DEBUG] fr.inria.astor.core.loop.AstorCoreEngine.modifyProgramVariant(AstorCoreEngine.java:504) - --Creating new operations for variant [Variant id: 512, #gens: 38, #ops: 0, parent:511]
[DEBUG] fr.inria.astor.core.loop.AstorCoreEngine.modifyProgramVariant(AstorCoreEngine.java:517) - ---analyzing modificationPoint position: 7
[DEBUG] fr.inria.astor.core.loop.AstorCoreEngine.modifyProgramVariant(AstorCoreEngine.java:540) - operation InsertAfterOp: `ret = java.lang.Double.Na[...] ` ---> `double g = 607.0 / 128.0` at pos 0 of parent `{ 	ret = java.lang.Double[...]`
[DEBUG] fr.inria.astor.core.loop.spaces.operators.AstorOperator.addPoint(AstorOperator.java:108) - ---ModificPoint=Gamma line: 155, el: CtLocalVariableImpl
[DEBUG] fr.inria.astor.core.loop.spaces.operators.AstorOperator.addPoint(AstorOperator.java:109) - ---InsertAfterOp: `ret = java.lang.Double.Na[...] ` ---> `double g = 607.0 / 128.0` at pos 0 of parent `{ 	ret = java.lang.Double[...]`
[DEBUG] fr.inria.astor.core.loop.AstorCoreEngine.modifyProgramVariant(AstorCoreEngine.java:562) - 
--Summary Creation: for variant [Variant id: 512, #gens: 39, #ops: 1, parent:511] gen mutated: 1 , gen not mut: 0, gen not applied  0
 
[DEBUG] fr.inria.astor.core.loop.AstorCoreEngine.processCreatedVariant(AstorCoreEngine.java:390) - -The child compiles: id 512
[DEBUG] fr.inria.astor.core.validation.executors.JUnitExecutorProcess.printCommandToExecute(JUnitExecutorProcess.java:140) - Executing process: 
/usr/lib/jvm/java-1.7.0-openjdk-amd64/bin//java  -Xmx2048m  -cp  /tmp/math_30_Genprog_local_s1/./lib/jtestex-0.0.1.jar:/tmp/math_30_Genprog_local_s1/./outputMutation/AstorMain-Math/bin/variant-512/:/tmp/math_30_Genprog_local_s1/lib/:/tmp/math_30_Genprog_local_s1/lib/cobertura-2.0.3.jar:/tmp/math_30_Genprog_local_s1/lib/jtestex-0.0.1.jar:/tmp/math_30_Genprog_local_s1/lib/evosuite-master-1.0.4-SNAPSHOT.jar:/tmp/math_30_Genprog_local_s1/lib/commons-discovery-0.5.jar:/tmp/math_30_Genprog_local_s1/lib/junit-4.11.jar:/tmp/math_30_Genprog_local_s1/lib/fixran-0.0.1.jar:/tmp/math_30_Genprog_local_s1/./outputMutation/AstorMain-Math/bin/default/:/home/mmartinez/defects4j-repair/src/python/core/../../../libs/astor.jar:  JUnitExternalExecutor  org.apache.commons.math3.stat.inference.MannWhitneyUTestTest
[DEBUG] fr.inria.astor.core.validation.executors.JUnitExecutorProcess.execute(JUnitExecutorProcess.java:77) - Execution time 0 seconds
[DEBUG] fr.inria.astor.core.validation.executors.JUnitExecutorProcess.execute(JUnitExecutorProcess.java:80) - Running Exit Value
[DEBUG] fr.inria.astor.core.validation.validators.RegressionValidation.validate(RegressionValidation.java:23) - Failing Val: |false|1|3|[testBigDataSet(org.apache.commons.math3.stat.inference.MannWhitneyUTestTest): null-]|
[DEBUG] fr.inria.astor.core.loop.AstorCoreEngine.processCreatedVariant(AstorCoreEngine.java:395) - -Valid?: false, fitness 1.0
[DEBUG] fr.inria.astor.core.loop.AstorCoreEngine.undoSingleGeneration(AstorCoreEngine.java:487) - ---Undoing: gnrtn(256): InsertAfterOp: `ret = java.lang.Double.Na[...] ` ---> `double g = 607.0 / 128.0` at pos 0 of parent `{ 	ret = java.lang.Double[...]`
[DEBUG] fr.inria.astor.core.loop.AstorCoreEngine.prepareNextGeneration(AstorCoreEngine.java:284) - 
End analysis generation - 
Solutions found:--> ()
[DEBUG] fr.inria.astor.core.loop.population.FitnessPopulationController.selectProgramVariantsForNextGeneration(FitnessPopulationController.java:52) - Variants to next generation from: 2-->IDs: (511(f=1.0), 512(f=1.0), )
[DEBUG] fr.inria.astor.core.loop.population.FitnessPopulationController.selectProgramVariantsForNextGeneration(FitnessPopulationController.java:61) - Selected to next generation: IDs2--> (511(f=1.0), )
[DEBUG] fr.inria.astor.core.loop.AstorCoreEngine.startEvolution(AstorCoreEngine.java:121) - 
----------Running generation/iteraction 257, population size: 1
[DEBUG] fr.inria.astor.core.loop.AstorCoreEngine.processGenerations(AstorCoreEngine.java:211) - 
***** Generation 257
[DEBUG] fr.inria.astor.core.loop.AstorCoreEngine.processGenerations(AstorCoreEngine.java:220) - 
**
*-Parent Variant: [Variant id: 513, #gens: 38, #ops: 0, parent:-]
[DEBUG] fr.inria.astor.core.loop.AstorCoreEngine.createNewProgramVariant(AstorCoreEngine.java:436) - 
--Child created id: 514
[DEBUG] fr.inria.astor.core.loop.AstorCoreEngine.modifyProgramVariant(AstorCoreEngine.java:504) - --Creating new operations for variant [Variant id: 514, #gens: 38, #ops: 0, parent:513]
[DEBUG] fr.inria.astor.core.loop.AstorCoreEngine.modifyProgramVariant(AstorCoreEngine.java:517) - ---analyzing modificationPoint position: 28
[DEBUG] fr.inria.astor.core.loop.AstorCoreEngine.modifyProgramVariant(AstorCoreEngine.java:540) - operation InsertBeforeOp: `out[ranks[i].getPosition([...] ` ---> `if ((nanStrategy) == (org[...]` at pos 1 of parent `{ 	if ((java.lang.Double.[...]`
[DEBUG] fr.inria.astor.core.loop.spaces.operators.AstorOperator.addPoint(AstorOperator.java:108) - ---ModificPoint=NaturalRanking line: 240, el: CtIfImpl
[DEBUG] fr.inria.astor.core.loop.spaces.operators.AstorOperator.addPoint(AstorOperator.java:109) - ---InsertBeforeOp: `out[ranks[i].getPosition([...] ` ---> `if ((nanStrategy) == (org[...]` at pos 1 of parent `{ 	if ((java.lang.Double.[...]`
[DEBUG] fr.inria.astor.core.loop.AstorCoreEngine.modifyProgramVariant(AstorCoreEngine.java:562) - 
--Summary Creation: for variant [Variant id: 514, #gens: 39, #ops: 1, parent:513] gen mutated: 1 , gen not mut: 0, gen not applied  0
 
[DEBUG] fr.inria.astor.core.loop.AstorCoreEngine.processCreatedVariant(AstorCoreEngine.java:390) - -The child compiles: id 514
[DEBUG] fr.inria.astor.core.validation.executors.JUnitExecutorProcess.printCommandToExecute(JUnitExecutorProcess.java:140) - Executing process: 
/usr/lib/jvm/java-1.7.0-openjdk-amd64/bin//java  -Xmx2048m  -cp  /tmp/math_30_Genprog_local_s1/./lib/jtestex-0.0.1.jar:/tmp/math_30_Genprog_local_s1/./outputMutation/AstorMain-Math/bin/variant-514/:/tmp/math_30_Genprog_local_s1/lib/:/tmp/math_30_Genprog_local_s1/lib/cobertura-2.0.3.jar:/tmp/math_30_Genprog_local_s1/lib/jtestex-0.0.1.jar:/tmp/math_30_Genprog_local_s1/lib/evosuite-master-1.0.4-SNAPSHOT.jar:/tmp/math_30_Genprog_local_s1/lib/commons-discovery-0.5.jar:/tmp/math_30_Genprog_local_s1/lib/junit-4.11.jar:/tmp/math_30_Genprog_local_s1/lib/fixran-0.0.1.jar:/tmp/math_30_Genprog_local_s1/./outputMutation/AstorMain-Math/bin/default/:/home/mmartinez/defects4j-repair/src/python/core/../../../libs/astor.jar:  JUnitExternalExecutor  org.apache.commons.math3.stat.inference.MannWhitneyUTestTest
[DEBUG] fr.inria.astor.core.validation.executors.JUnitExecutorProcess.execute(JUnitExecutorProcess.java:77) - Execution time 0 seconds
[DEBUG] fr.inria.astor.core.validation.executors.JUnitExecutorProcess.execute(JUnitExecutorProcess.java:80) - Running Exit Value
[DEBUG] fr.inria.astor.core.validation.validators.RegressionValidation.validate(RegressionValidation.java:23) - Failing Val: |false|1|3|[testBigDataSet(org.apache.commons.math3.stat.inference.MannWhitneyUTestTest): null-]|
[DEBUG] fr.inria.astor.core.loop.AstorCoreEngine.processCreatedVariant(AstorCoreEngine.java:395) - -Valid?: false, fitness 1.0
[DEBUG] fr.inria.astor.core.loop.AstorCoreEngine.undoSingleGeneration(AstorCoreEngine.java:487) - ---Undoing: gnrtn(257): InsertBeforeOp: `out[ranks[i].getPosition([...] ` ---> `if ((nanStrategy) == (org[...]` at pos 1 of parent `{ 	if ((java.lang.Double.[...]`
[DEBUG] fr.inria.astor.core.loop.AstorCoreEngine.prepareNextGeneration(AstorCoreEngine.java:284) - 
End analysis generation - 
Solutions found:--> ()
[DEBUG] fr.inria.astor.core.loop.population.FitnessPopulationController.selectProgramVariantsForNextGeneration(FitnessPopulationController.java:52) - Variants to next generation from: 2-->IDs: (513(f=1.0), 514(f=1.0), )
[DEBUG] fr.inria.astor.core.loop.population.FitnessPopulationController.selectProgramVariantsForNextGeneration(FitnessPopulationController.java:61) - Selected to next generation: IDs2--> (513(f=1.0), )
[DEBUG] fr.inria.astor.core.loop.AstorCoreEngine.startEvolution(AstorCoreEngine.java:121) - 
----------Running generation/iteraction 258, population size: 1
[DEBUG] fr.inria.astor.core.loop.AstorCoreEngine.processGenerations(AstorCoreEngine.java:211) - 
***** Generation 258
[DEBUG] fr.inria.astor.core.loop.AstorCoreEngine.processGenerations(AstorCoreEngine.java:220) - 
**
*-Parent Variant: [Variant id: 515, #gens: 38, #ops: 0, parent:-]
[DEBUG] fr.inria.astor.core.loop.AstorCoreEngine.createNewProgramVariant(AstorCoreEngine.java:436) - 
--Child created id: 516
[DEBUG] fr.inria.astor.core.loop.AstorCoreEngine.modifyProgramVariant(AstorCoreEngine.java:504) - --Creating new operations for variant [Variant id: 516, #gens: 38, #ops: 0, parent:515]
[DEBUG] fr.inria.astor.core.loop.AstorCoreEngine.modifyProgramVariant(AstorCoreEngine.java:517) - ---analyzing modificationPoint position: 28
[DEBUG] fr.inria.astor.core.loop.AstorCoreEngine.modifyProgramVariant(AstorCoreEngine.java:540) - operation ReplaceOp: `out[ranks[i].getPosition([...] ` ---> `randomData = new org.apac[...]` at pos 1 of parent `{ 	if ((java.lang.Double.[...]`
[DEBUG] fr.inria.astor.core.loop.spaces.operators.AstorOperator.addPoint(AstorOperator.java:108) - ---ModificPoint=NaturalRanking line: 240, el: CtAssignmentImpl
[DEBUG] fr.inria.astor.core.loop.spaces.operators.AstorOperator.addPoint(AstorOperator.java:109) - ---ReplaceOp: `out[ranks[i].getPosition([...] ` ---> `randomData = new org.apac[...]` at pos 1 of parent `{ 	if ((java.lang.Double.[...]`
[DEBUG] fr.inria.astor.core.loop.AstorCoreEngine.modifyProgramVariant(AstorCoreEngine.java:562) - 
--Summary Creation: for variant [Variant id: 516, #gens: 38, #ops: 1, parent:515] gen mutated: 1 , gen not mut: 0, gen not applied  0
 
[DEBUG] fr.inria.astor.core.loop.AstorCoreEngine.undoSingleGeneration(AstorCoreEngine.java:487) - ---Undoing: gnrtn(258): ReplaceOp: `out[ranks[i].getPosition([...] ` ---> `randomData = new org.apac[...]` at pos 1 of parent `{ 	if ((java.lang.Double.[...]`
[DEBUG] fr.inria.astor.core.loop.AstorCoreEngine.prepareNextGeneration(AstorCoreEngine.java:284) - 
End analysis generation - 
Solutions found:--> ()
[DEBUG] fr.inria.astor.core.loop.population.FitnessPopulationController.selectProgramVariantsForNextGeneration(FitnessPopulationController.java:52) - Variants to next generation from: 2-->IDs: (515(f=1.0), 516(f=1.7976931348623157E308), )
[DEBUG] fr.inria.astor.core.loop.population.FitnessPopulationController.selectProgramVariantsForNextGeneration(FitnessPopulationController.java:61) - Selected to next generation: IDs2--> (515(f=1.0), )
[DEBUG] fr.inria.astor.core.loop.AstorCoreEngine.startEvolution(AstorCoreEngine.java:121) - 
----------Running generation/iteraction 259, population size: 1
[DEBUG] fr.inria.astor.core.loop.AstorCoreEngine.processGenerations(AstorCoreEngine.java:211) - 
***** Generation 259
[DEBUG] fr.inria.astor.core.loop.AstorCoreEngine.processGenerations(AstorCoreEngine.java:220) - 
**
*-Parent Variant: [Variant id: 517, #gens: 38, #ops: 0, parent:-]
[DEBUG] fr.inria.astor.core.loop.AstorCoreEngine.createNewProgramVariant(AstorCoreEngine.java:436) - 
--Child created id: 518
[DEBUG] fr.inria.astor.core.loop.AstorCoreEngine.modifyProgramVariant(AstorCoreEngine.java:504) - --Creating new operations for variant [Variant id: 518, #gens: 38, #ops: 0, parent:517]
[DEBUG] fr.inria.astor.core.loop.AstorCoreEngine.modifyProgramVariant(AstorCoreEngine.java:517) - ---analyzing modificationPoint position: 7
[DEBUG] fr.inria.astor.core.loop.AstorCoreEngine.modifyProgramVariant(AstorCoreEngine.java:540) - operation ReplaceOp: `ret = java.lang.Double.Na[...] ` ---> `ret = 0.0` at pos 0 of parent `{ 	ret = java.lang.Double[...]`
[DEBUG] fr.inria.astor.core.loop.spaces.operators.AstorOperator.addPoint(AstorOperator.java:108) - ---ModificPoint=Gamma line: 155, el: CtAssignmentImpl
[DEBUG] fr.inria.astor.core.loop.spaces.operators.AstorOperator.addPoint(AstorOperator.java:109) - ---ReplaceOp: `ret = java.lang.Double.Na[...] ` ---> `ret = 0.0` at pos 0 of parent `{ 	ret = java.lang.Double[...]`
[DEBUG] fr.inria.astor.core.loop.AstorCoreEngine.modifyProgramVariant(AstorCoreEngine.java:562) - 
--Summary Creation: for variant [Variant id: 518, #gens: 38, #ops: 1, parent:517] gen mutated: 1 , gen not mut: 0, gen not applied  0
 
[DEBUG] fr.inria.astor.core.loop.AstorCoreEngine.processCreatedVariant(AstorCoreEngine.java:390) - -The child compiles: id 518
[DEBUG] fr.inria.astor.core.validation.executors.JUnitExecutorProcess.printCommandToExecute(JUnitExecutorProcess.java:140) - Executing process: 
/usr/lib/jvm/java-1.7.0-openjdk-amd64/bin//java  -Xmx2048m  -cp  /tmp/math_30_Genprog_local_s1/./lib/jtestex-0.0.1.jar:/tmp/math_30_Genprog_local_s1/./outputMutation/AstorMain-Math/bin/variant-518/:/tmp/math_30_Genprog_local_s1/lib/:/tmp/math_30_Genprog_local_s1/lib/cobertura-2.0.3.jar:/tmp/math_30_Genprog_local_s1/lib/jtestex-0.0.1.jar:/tmp/math_30_Genprog_local_s1/lib/evosuite-master-1.0.4-SNAPSHOT.jar:/tmp/math_30_Genprog_local_s1/lib/commons-discovery-0.5.jar:/tmp/math_30_Genprog_local_s1/lib/junit-4.11.jar:/tmp/math_30_Genprog_local_s1/lib/fixran-0.0.1.jar:/tmp/math_30_Genprog_local_s1/./outputMutation/AstorMain-Math/bin/default/:/home/mmartinez/defects4j-repair/src/python/core/../../../libs/astor.jar:  JUnitExternalExecutor  org.apache.commons.math3.stat.inference.MannWhitneyUTestTest
[DEBUG] fr.inria.astor.core.validation.executors.JUnitExecutorProcess.execute(JUnitExecutorProcess.java:77) - Execution time 0 seconds
[DEBUG] fr.inria.astor.core.validation.executors.JUnitExecutorProcess.execute(JUnitExecutorProcess.java:80) - Running Exit Value
[DEBUG] fr.inria.astor.core.validation.validators.RegressionValidation.validate(RegressionValidation.java:23) - Failing Val: |true|0|3|[]|
[DEBUG] fr.inria.astor.core.validation.validators.ProcessValidator.executeRegressionTesting(ProcessValidator.java:186) - -Test Failing is passing, Executing regression
[DEBUG] fr.inria.astor.core.validation.executors.JUnitExecutorProcess.printCommandToExecute(JUnitExecutorProcess.java:140) - Executing process: 
/usr/lib/jvm/java-1.7.0-openjdk-amd64/bin//java  -Xmx2048m  -cp  /tmp/math_30_Genprog_local_s1/./lib/jtestex-0.0.1.jar:/tmp/math_30_Genprog_local_s1/./outputMutation/AstorMain-Math/bin/variant-518/:/tmp/math_30_Genprog_local_s1/lib/:/tmp/math_30_Genprog_local_s1/lib/cobertura-2.0.3.jar:/tmp/math_30_Genprog_local_s1/lib/jtestex-0.0.1.jar:/tmp/math_30_Genprog_local_s1/lib/evosuite-master-1.0.4-SNAPSHOT.jar:/tmp/math_30_Genprog_local_s1/lib/commons-discovery-0.5.jar:/tmp/math_30_Genprog_local_s1/lib/junit-4.11.jar:/tmp/math_30_Genprog_local_s1/lib/fixran-0.0.1.jar:/tmp/math_30_Genprog_local_s1/./outputMutation/AstorMain-Math/bin/default/:/home/mmartinez/defects4j-repair/src/python/core/../../../libs/astor.jar:  JUnitExternalExecutor  org.apache.commons.math3.RetryRunnerTest  org.apache.commons.math3.analysis.FunctionUtilsTest  org.apache.commons.math3.analysis.function.GaussianTest  org.apache.commons.math3.analysis.function.HarmonicOscillatorTest  org.apache.commons.math3.analysis.function.LogisticTest  org.apache.commons.math3.analysis.function.LogitTest  org.apache.commons.math3.analysis.function.SigmoidTest  org.apache.commons.math3.analysis.function.SincTest  org.apache.commons.math3.analysis.function.SqrtTest  org.apache.commons.math3.analysis.function.StepFunctionTest  org.apache.commons.math3.analysis.integration.LegendreGaussIntegratorTest  org.apache.commons.math3.analysis.integration.RombergIntegratorTest  org.apache.commons.math3.analysis.integration.SimpsonIntegratorTest  org.apache.commons.math3.analysis.integration.TrapezoidIntegratorTest  org.apache.commons.math3.analysis.interpolation.BicubicSplineInterpolatingFunctionTest  org.apache.commons.math3.analysis.interpolation.BicubicSplineInterpolatorTest  org.apache.commons.math3.analysis.interpolation.DividedDifferenceInterpolatorTest  org.apache.commons.math3.analysis.interpolation.LinearInterpolatorTest  org.apache.commons.math3.analysis.interpolation.LoessInterpolatorTest  org.apache.commons.math3.analysis.interpolation.MicrosphereInterpolatorTest  org.apache.commons.math3.analysis.interpolation.NevilleInterpolatorTest  org.apache.commons.math3.analysis.interpolation.SmoothingPolynomialBicubicSplineInterpolatorTest  org.apache.commons.math3.analysis.interpolation.SplineInterpolatorTest  org.apache.commons.math3.analysis.interpolation.TricubicSplineInterpolatingFunctionTest  org.apache.commons.math3.analysis.interpolation.TricubicSplineInterpolatorTest  org.apache.commons.math3.analysis.interpolation.UnivariatePeriodicInterpolatorTest  org.apache.commons.math3.analysis.polynomials.PolynomialFunctionLagrangeFormTest  org.apache.commons.math3.analysis.polynomials.PolynomialFunctionNewtonFormTest  org.apache.commons.math3.analysis.polynomials.PolynomialFunctionTest  org.apache.commons.math3.analysis.polynomials.PolynomialSplineFunctionTest  org.apache.commons.math3.analysis.polynomials.PolynomialsUtilsTest  org.apache.commons.math3.analysis.solvers.BisectionSolverTest  org.apache.commons.math3.analysis.solvers.BracketingNthOrderBrentSolverTest  org.apache.commons.math3.analysis.solvers.BrentSolverTest  org.apache.commons.math3.analysis.solvers.IllinoisSolverTest  org.apache.commons.math3.analysis.solvers.LaguerreSolverTest  org.apache.commons.math3.analysis.solvers.MullerSolver2Test  org.apache.commons.math3.analysis.solvers.MullerSolverTest  org.apache.commons.math3.analysis.solvers.NewtonSolverTest  org.apache.commons.math3.analysis.solvers.PegasusSolverTest  org.apache.commons.math3.analysis.solvers.RegulaFalsiSolverTest  org.apache.commons.math3.analysis.solvers.RiddersSolverTest  org.apache.commons.math3.analysis.solvers.SecantSolverTest  org.apache.commons.math3.analysis.solvers.UnivariateSolverUtilsTest  org.apache.commons.math3.complex.ComplexFieldTest  org.apache.commons.math3.complex.ComplexFormatTest  org.apache.commons.math3.complex.ComplexTest  org.apache.commons.math3.complex.ComplexUtilsTest  org.apache.commons.math3.complex.FrenchComplexFormatTest  org.apache.commons.math3.complex.RootsOfUnityTest  org.apache.commons.math3.dfp.BracketingNthOrderBrentSolverDFPTest  org.apache.commons.math3.dfp.DfpDecTest  org.apache.commons.math3.dfp.DfpMathTest  org.apache.commons.math3.dfp.DfpTest  org.apache.commons.math3.distribution.AbstractRealDistributionTest  org.apache.commons.math3.distribution.AbtractIntegerDistributionTest  org.apache.commons.math3.distribution.BetaDistributionTest  org.apache.commons.math3.distribution.BinomialDistributionTest  org.apache.commons.math3.distribution.CauchyDistributionTest  org.apache.commons.math3.distribution.ChiSquaredDistributionTest  org.apache.commons.math3.distribution.ExponentialDistributionTest  org.apache.commons.math3.distribution.FDistributionTest  org.apache.commons.math3.distribution.GammaDistributionTest  org.apache.commons.math3.distribution.HypergeometricDistributionTest  org.apache.commons.math3.distribution.KolmogorovSmirnovDistributionTest  org.apache.commons.math3.distribution.LogNormalDistributionTest  org.apache.commons.math3.distribution.NormalDistributionTest  org.apache.commons.math3.distribution.PascalDistributionTest  org.apache.commons.math3.distribution.PoissonDistributionTest  org.apache.commons.math3.distribution.TDistributionTest  org.apache.commons.math3.distribution.TriangularDistributionTest  org.apache.commons.math3.distribution.UniformIntegerDistributionTest  org.apache.commons.math3.distribution.UniformRealDistributionTest  org.apache.commons.math3.distribution.WeibullDistributionTest  org.apache.commons.math3.distribution.ZipfDistributionTest  org.apache.commons.math3.exception.DimensionMismatchExceptionTest  org.apache.commons.math3.exception.MaxCountExceededExceptionTest  org.apache.commons.math3.exception.NonMonotonicSequenceExceptionTest  org.apache.commons.math3.exception.NotPositiveExceptionTest  org.apache.commons.math3.exception.NotStrictlyPositiveExceptionTest  org.apache.commons.math3.exception.NumberIsTooLargeExceptionTest  org.apache.commons.math3.exception.NumberIsTooSmallExceptionTest  org.apache.commons.math3.exception.OutOfRangeExceptionTest  org.apache.commons.math3.exception.TooManyEvaluationsExceptionTest  org.apache.commons.math3.exception.util.ArgUtilsTest  org.apache.commons.math3.exception.util.ExceptionContextTest  org.apache.commons.math3.exception.util.LocalizedFormatsTest  org.apache.commons.math3.filter.KalmanFilterTest  org.apache.commons.math3.fraction.BigFractionFieldTest  org.apache.commons.math3.fraction.BigFractionFormatTest  org.apache.commons.math3.fraction.BigFractionTest  org.apache.commons.math3.fraction.FractionFieldTest  org.apache.commons.math3.fraction.FractionFormatTest  org.apache.commons.math3.fraction.FractionTest  org.apache.commons.math3.genetics.BinaryChromosomeTest  org.apache.commons.math3.genetics.BinaryMutationTest  org.apache.commons.math3.genetics.ChromosomeTest  org.apache.commons.math3.genetics.ElitisticListPopulationTest  org.apache.commons.math3.genetics.FitnessCachingTest  org.apache.commons.math3.genetics.FixedElapsedTimeTest  org.apache.commons.math3.genetics.FixedGenerationCountTest  org.apache.commons.math3.genetics.GeneticAlgorithmTestBinary  org.apache.commons.math3.genetics.GeneticAlgorithmTestPermutations  org.apache.commons.math3.genetics.ListPopulationTest  org.apache.commons.math3.genetics.NPointCrossoverTest  org.apache.commons.math3.genetics.OnePointCrossoverTest  org.apache.commons.math3.genetics.RandomKeyMutationTest  org.apache.commons.math3.genetics.RandomKeyTest  org.apache.commons.math3.genetics.TournamentSelectionTest  org.apache.commons.math3.geometry.euclidean.oned.IntervalsSetTest  org.apache.commons.math3.geometry.euclidean.threed.FrenchVector3DFormatTest  org.apache.commons.math3.geometry.euclidean.threed.LineTest  org.apache.commons.math3.geometry.euclidean.threed.PlaneTest  org.apache.commons.math3.geometry.euclidean.threed.PolyhedronsSetTest  org.apache.commons.math3.geometry.euclidean.threed.RotationOrderTest  org.apache.commons.math3.geometry.euclidean.threed.RotationTest  org.apache.commons.math3.geometry.euclidean.threed.SubLineTest  org.apache.commons.math3.geometry.euclidean.threed.Vector3DFormatTest  org.apache.commons.math3.geometry.euclidean.threed.Vector3DTest  org.apache.commons.math3.geometry.euclidean.twod.LineTest  org.apache.commons.math3.geometry.euclidean.twod.PolygonsSetTest  org.apache.commons.math3.geometry.euclidean.twod.SubLineTest  org.apache.commons.math3.geometry.partitioning.utilities.AVLTreeTest  org.apache.commons.math3.linear.Array2DRowRealMatrixTest  org.apache.commons.math3.linear.ArrayFieldVectorTest  org.apache.commons.math3.linear.ArrayRealVectorTest  org.apache.commons.math3.linear.BiDiagonalTransformerTest  org.apache.commons.math3.linear.BlockFieldMatrixTest  org.apache.commons.math3.linear.BlockRealMatrixTest  org.apache.commons.math3.linear.CholeskyDecompositionTest  org.apache.commons.math3.linear.CholeskySolverTest  org.apache.commons.math3.linear.ConjugateGradientTest  org.apache.commons.math3.linear.EigenDecompositionTest  org.apache.commons.math3.linear.EigenSolverTest  org.apache.commons.math3.linear.FieldLUDecompositionTest  org.apache.commons.math3.linear.FieldLUSolverTest  org.apache.commons.math3.linear.FieldMatrixImplTest  org.apache.commons.math3.linear.FrenchRealVectorFormatTest  org.apache.commons.math3.linear.HessenbergTransformerTest  org.apache.commons.math3.linear.LUDecompositionTest  org.apache.commons.math3.linear.LUSolverTest  org.apache.commons.math3.linear.MatrixDimensionMismatchExceptionTest  org.apache.commons.math3.linear.MatrixUtilsTest  org.apache.commons.math3.linear.OpenMapRealMatrixTest  org.apache.commons.math3.linear.QRDecompositionTest  org.apache.commons.math3.linear.QRSolverTest  org.apache.commons.math3.linear.RealVectorFormatTest  org.apache.commons.math3.linear.RealVectorTest  org.apache.commons.math3.linear.SchurTransformerTest  org.apache.commons.math3.linear.SingularValueDecompositionTest  org.apache.commons.math3.linear.SingularValueSolverTest  org.apache.commons.math3.linear.SparseFieldMatrixTest  org.apache.commons.math3.linear.SparseFieldVectorTest  org.apache.commons.math3.linear.SparseRealMatrixTest  org.apache.commons.math3.linear.SparseRealVectorTest  org.apache.commons.math3.linear.SymmLQTest  org.apache.commons.math3.linear.TriDiagonalTransformerTest  org.apache.commons.math3.linear.UnmodifiableArrayRealVectorTest  org.apache.commons.math3.linear.UnmodifiableOpenMapRealVectorTest  org.apache.commons.math3.ode.ContinuousOutputModelTest  org.apache.commons.math3.ode.FirstOrderConverterTest  org.apache.commons.math3.ode.JacobianMatricesTest  org.apache.commons.math3.ode.events.EventStateTest  org.apache.commons.math3.ode.events.OverlappingEventsTest  org.apache.commons.math3.ode.events.ReappearingEventTest  org.apache.commons.math3.ode.nonstiff.AdamsBashforthIntegratorTest  org.apache.commons.math3.ode.nonstiff.AdamsMoultonIntegratorTest  org.apache.commons.math3.ode.nonstiff.ClassicalRungeKuttaIntegratorTest  org.apache.commons.math3.ode.nonstiff.ClassicalRungeKuttaStepInterpolatorTest  org.apache.commons.math3.ode.nonstiff.DormandPrince54IntegratorTest  org.apache.commons.math3.ode.nonstiff.DormandPrince54StepInterpolatorTest  org.apache.commons.math3.ode.nonstiff.DormandPrince853IntegratorTest  org.apache.commons.math3.ode.nonstiff.DormandPrince853StepInterpolatorTest  org.apache.commons.math3.ode.nonstiff.EulerIntegratorTest  org.apache.commons.math3.ode.nonstiff.EulerStepInterpolatorTest  org.apache.commons.math3.ode.nonstiff.GillIntegratorTest  org.apache.commons.math3.ode.nonstiff.GillStepInterpolatorTest  org.apache.commons.math3.ode.nonstiff.GraggBulirschStoerIntegratorTest  org.apache.commons.math3.ode.nonstiff.GraggBulirschStoerStepInterpolatorTest  org.apache.commons.math3.ode.nonstiff.HighamHall54IntegratorTest  org.apache.commons.math3.ode.nonstiff.HighamHall54StepInterpolatorTest  org.apache.commons.math3.ode.nonstiff.MidpointIntegratorTest  org.apache.commons.math3.ode.nonstiff.MidpointStepInterpolatorTest  org.apache.commons.math3.ode.nonstiff.ThreeEighthesIntegratorTest  org.apache.commons.math3.ode.nonstiff.ThreeEighthesStepInterpolatorTest  org.apache.commons.math3.ode.sampling.DummyStepInterpolatorTest  org.apache.commons.math3.ode.sampling.NordsieckStepInterpolatorTest  org.apache.commons.math3.ode.sampling.StepNormalizerOutputOverlapTest  org.apache.commons.math3.ode.sampling.StepNormalizerOutputTest  org.apache.commons.math3.ode.sampling.StepNormalizerTest  org.apache.commons.math3.optimization.DifferentiableMultivariateMultiStartOptimizerTest  org.apache.commons.math3.optimization.DifferentiableMultivariateVectorMultiStartOptimizerTest  org.apache.commons.math3.optimization.MultivariateMultiStartOptimizerTest  org.apache.commons.math3.optimization.PointValuePairTest  org.apache.commons.math3.optimization.PointVectorValuePairTest  org.apache.commons.math3.optimization.direct.BOBYQAOptimizerTest  org.apache.commons.math3.optimization.direct.CMAESOptimizerTest  org.apache.commons.math3.optimization.direct.MultivariateFunctionMappingAdapterTest  org.apache.commons.math3.optimization.direct.MultivariateFunctionPenaltyAdapterTest  org.apache.commons.math3.optimization.direct.PowellOptimizerTest  org.apache.commons.math3.optimization.direct.SimplexOptimizerMultiDirectionalTest  org.apache.commons.math3.optimization.direct.SimplexOptimizerNelderMeadTest  org.apache.commons.math3.optimization.fitting.CurveFitterTest  org.apache.commons.math3.optimization.fitting.GaussianFitterTest  org.apache.commons.math3.optimization.fitting.HarmonicFitterTest  org.apache.commons.math3.optimization.fitting.PolynomialFitterTest  org.apache.commons.math3.optimization.general.AbstractLeastSquaresOptimizerTest  org.apache.commons.math3.optimization.general.AbstractLeastSquaresOptimizerTestValidation  org.apache.commons.math3.optimization.general.GaussNewtonOptimizerTest  org.apache.commons.math3.optimization.general.LevenbergMarquardtOptimizerTest  org.apache.commons.math3.optimization.general.MinpackTest  org.apache.commons.math3.optimization.general.NonLinearConjugateGradientOptimizerTest  org.apache.commons.math3.optimization.linear.SimplexSolverTest  org.apache.commons.math3.optimization.linear.SimplexTableauTest  org.apache.commons.math3.optimization.univariate.BracketFinderTest  org.apache.commons.math3.optimization.univariate.BrentOptimizerTest  org.apache.commons.math3.optimization.univariate.UnivariateMultiStartOptimizerTest  org.apache.commons.math3.random.AbstractRandomGeneratorTest  org.apache.commons.math3.random.BitsStreamGeneratorTest  org.apache.commons.math3.random.CorrelatedRandomVectorGeneratorTest  org.apache.commons.math3.random.EmpiricalDistributionTest  org.apache.commons.math3.random.GaussianRandomGeneratorTest  org.apache.commons.math3.random.ISAACTest  org.apache.commons.math3.random.MersenneTwisterTest  org.apache.commons.math3.random.RandomAdaptorTest  org.apache.commons.math3.random.RandomDataTest  org.apache.commons.math3.random.StableRandomGeneratorTest  org.apache.commons.math3.random.UncorrelatedRandomVectorGeneratorTest  org.apache.commons.math3.random.UniformRandomGeneratorTest  org.apache.commons.math3.random.ValueServerTest  org.apache.commons.math3.random.Well1024aTest  org.apache.commons.math3.random.Well19937aTest  org.apache.commons.math3.random.Well19937cTest  org.apache.commons.math3.random.Well44497aTest  org.apache.commons.math3.random.Well44497bTest  org.apache.commons.math3.random.Well512aTest  org.apache.commons.math3.special.BetaTest  org.apache.commons.math3.special.ErfTest  org.apache.commons.math3.special.GammaTest  org.apache.commons.math3.stat.CertifiedDataTest  org.apache.commons.math3.stat.FrequencyTest  org.apache.commons.math3.stat.StatUtilsTest  org.apache.commons.math3.stat.clustering.EuclideanIntegerPointTest  org.apache.commons.math3.stat.clustering.KMeansPlusPlusClustererTest  org.apache.commons.math3.stat.correlation.CovarianceTest  org.apache.commons.math3.stat.correlation.PearsonsCorrelationTest  org.apache.commons.math3.stat.correlation.SpearmansRankCorrelationTest  org.apache.commons.math3.stat.correlation.StorelessCovarianceTest  org.apache.commons.math3.stat.data.LewTest  org.apache.commons.math3.stat.data.LotteryTest  org.apache.commons.math3.stat.descriptive.AbstractUnivariateStatisticTest  org.apache.commons.math3.stat.descriptive.AggregateSummaryStatisticsTest  org.apache.commons.math3.stat.descriptive.DescriptiveStatisticsTest  org.apache.commons.math3.stat.descriptive.ListUnivariateImplTest  org.apache.commons.math3.stat.descriptive.MixedListUnivariateImplTest  org.apache.commons.math3.stat.descriptive.MultivariateSummaryStatisticsTest  org.apache.commons.math3.stat.descriptive.StatisticalSummaryValuesTest  org.apache.commons.math3.stat.descriptive.SummaryStatisticsTest  org.apache.commons.math3.stat.descriptive.SynchronizedDescriptiveStatisticsTest  org.apache.commons.math3.stat.descriptive.SynchronizedMultivariateSummaryStatisticsTest  org.apache.commons.math3.stat.descriptive.SynchronizedSummaryStatisticsTest  org.apache.commons.math3.stat.descriptive.moment.FirstMomentTest  org.apache.commons.math3.stat.descriptive.moment.FourthMomentTest  org.apache.commons.math3.stat.descriptive.moment.GeometricMeanTest  org.apache.commons.math3.stat.descriptive.moment.InteractionTest  org.apache.commons.math3.stat.descriptive.moment.KurtosisTest  org.apache.commons.math3.stat.descriptive.moment.MeanTest  org.apache.commons.math3.stat.descriptive.moment.SecondMomentTest  org.apache.commons.math3.stat.descriptive.moment.SemiVarianceTest  org.apache.commons.math3.stat.descriptive.moment.SkewnessTest  org.apache.commons.math3.stat.descriptive.moment.StandardDeviationTest  org.apache.commons.math3.stat.descriptive.moment.ThirdMomentTest  org.apache.commons.math3.stat.descriptive.moment.VarianceTest  org.apache.commons.math3.stat.descriptive.moment.VectorialCovarianceTest  org.apache.commons.math3.stat.descriptive.moment.VectorialMeanTest  org.apache.commons.math3.stat.descriptive.rank.MaxTest  org.apache.commons.math3.stat.descriptive.rank.MedianTest  org.apache.commons.math3.stat.descriptive.rank.MinTest  org.apache.commons.math3.stat.descriptive.rank.PercentileTest  org.apache.commons.math3.stat.descriptive.summary.ProductTest  org.apache.commons.math3.stat.descriptive.summary.SumLogTest  org.apache.commons.math3.stat.descriptive.summary.SumSqTest  org.apache.commons.math3.stat.descriptive.summary.SumTest  org.apache.commons.math3.stat.inference.ChiSquareTestTest  org.apache.commons.math3.stat.inference.MannWhitneyUTestTest  org.apache.commons.math3.stat.inference.OneWayAnovaTest  org.apache.commons.math3.stat.inference.TTestTest  org.apache.commons.math3.stat.inference.TestUtilsTest  org.apache.commons.math3.stat.inference.WilcoxonSignedRankTestTest  org.apache.commons.math3.stat.ranking.NaturalRankingTest  org.apache.commons.math3.stat.regression.GLSMultipleLinearRegressionTest  org.apache.commons.math3.stat.regression.MillerUpdatingRegressionTest  org.apache.commons.math3.stat.regression.OLSMultipleLinearRegressionTest  org.apache.commons.math3.stat.regression.SimpleRegressionTest  org.apache.commons.math3.transform.FastCosineTransformerTest  org.apache.commons.math3.transform.FastFourierTransformerTest  org.apache.commons.math3.transform.FastHadamardTransformerTest  org.apache.commons.math3.transform.FastSineTransformerTest  org.apache.commons.math3.util.ArithmeticUtilsTest  org.apache.commons.math3.util.BigRealFieldTest  org.apache.commons.math3.util.BigRealTest  org.apache.commons.math3.util.ContinuedFractionTest  org.apache.commons.math3.util.Decimal64Test  org.apache.commons.math3.util.DefaultTransformerTest  org.apache.commons.math3.util.FastMathStrictComparisonTest  org.apache.commons.math3.util.IncrementorTest  org.apache.commons.math3.util.MathArraysTest  org.apache.commons.math3.util.MathUtilsTest  org.apache.commons.math3.util.MultidimensionalCounterTest  org.apache.commons.math3.util.OpenIntToDoubleHashMapTest  org.apache.commons.math3.util.OpenIntToFieldTest  org.apache.commons.math3.util.PairTest  org.apache.commons.math3.util.PrecisionTest  org.apache.commons.math3.util.ResizableDoubleArrayTest  org.apache.commons.math3.util.TransformerMapTest
[DEBUG] fr.inria.astor.core.validation.executors.JUnitExecutorProcess.execute(JUnitExecutorProcess.java:77) - Execution time 139 seconds
[DEBUG] fr.inria.astor.core.validation.executors.JUnitExecutorProcess.execute(JUnitExecutorProcess.java:80) - Running Exit Value
[DEBUG] fr.inria.astor.core.validation.validators.ProcessValidator.executeRegressionTesting(ProcessValidator.java:207) - TR: Success: false, failTest= 5, was successful: false, cases executed: 3653] ,[testRegularizedGammaPositiveNegative(org.apache.commons.math3.special.GammaTest): expected:<NaN> but was:<0.0>-, testRegularizedGammaNanPositive(org.apache.commons.math3.special.GammaTest): expected:<NaN> but was:<0.0>-, testRegularizedGammaZeroPositive(org.apache.commons.math3.special.GammaTest): expected:<NaN> but was:<0.0>-, testRegularizedGammaNegativePositive(org.apache.commons.math3.special.GammaTest): expected:<NaN> but was:<0.0>-, testRegularizedGammaPositiveNan(org.apache.commons.math3.special.GammaTest): expected:<NaN> but was:<0.0>-]
[DEBUG] fr.inria.astor.core.validation.validators.RegressionValidation.validate(RegressionValidation.java:29) - Manual Regression: |false|5|3653|[testRegularizedGammaPositiveNegative(org.apache.commons.math3.special.GammaTest): expected:<NaN> but was:<0.0>-, testRegularizedGammaNanPositive(org.apache.commons.math3.special.GammaTest): expected:<NaN> but was:<0.0>-, testRegularizedGammaZeroPositive(org.apache.commons.math3.special.GammaTest): expected:<NaN> but was:<0.0>-, testRegularizedGammaNegativePositive(org.apache.commons.math3.special.GammaTest): expected:<NaN> but was:<0.0>-, testRegularizedGammaPositiveNan(org.apache.commons.math3.special.GammaTest): expected:<NaN> but was:<0.0>-]|
[INFO ] fr.inria.astor.core.validation.validators.ProcessEvoSuiteValidator.runTestFromEvoSuite(ProcessEvoSuiteValidator.java:87) - Running Evosuite for variant variant-518
[DEBUG] fr.inria.astor.core.validation.validators.ProcessEvoSuiteValidator.runTestFromEvoSuite(ProcessEvoSuiteValidator.java:89) - Run ES over default
[INFO ] fr.inria.astor.core.validation.validators.ProcessEvoSuiteValidator.runTestFromEvoSuite(ProcessEvoSuiteValidator.java:97) - Evo output: /tmp/math_30_Genprog_local_s1/./outputMutation/AstorMain-Math/src/evosuite/default
[INFO ] fr.inria.astor.util.EvoSuiteFacade.getClassesToProcess(EvoSuiteFacade.java:167) - Affected Buggy classes
[INFO ] fr.inria.astor.util.EvoSuiteFacade.getClassesToProcess(EvoSuiteFacade.java:182) - Classes for generating test: [org.apache.commons.math3.special.Gamma]
[DEBUG] fr.inria.astor.core.validation.validators.ProcessEvoSuiteValidator.runTestFromEvoSuite(ProcessEvoSuiteValidator.java:130) - Classes Affected: [org.apache.commons.math3.special.Gamma]
[DEBUG] fr.inria.astor.core.validation.validators.ProcessEvoSuiteValidator.runTestFromEvoSuite(ProcessEvoSuiteValidator.java:138) - Generating test for the first time
[DEBUG] fr.inria.astor.util.EvoSuiteFacade.runEvosuite(EvoSuiteFacade.java:89) - ---> creating evosuite tests for: [org.apache.commons.math3.special.Gamma]
[DEBUG] fr.inria.astor.util.EvoSuiteFacade.runEvosuite(EvoSuiteFacade.java:97) - Creating test cases using evosuite for: 1 classes, mode: LS
[DEBUG] fr.inria.astor.util.EvoSuiteFacade.runEvosuite(EvoSuiteFacade.java:147) - Creating test for org.apache.commons.math3.special.Gamma 1/1
[DEBUG] fr.inria.astor.util.EvoSuiteFacade.runProcess(EvoSuiteFacade.java:233) - EvoGenerate [/home/mmartinez/jdk1.8.0_45/bin//java, -Xbootclasspath/p:/tmp/math_30_Genprog_local_s1/./lib/fixran-0.0.1.jar, -jar, /tmp/math_30_Genprog_local_s1/./lib/evosuite-master-1.0.4-SNAPSHOT.jar, -class, org.apache.commons.math3.special.Gamma, -projectCP, /tmp/math_30_Genprog_local_s1/lib/:/tmp/math_30_Genprog_local_s1/lib/cobertura-2.0.3.jar:/tmp/math_30_Genprog_local_s1/lib/jtestex-0.0.1.jar:/tmp/math_30_Genprog_local_s1/lib/evosuite-master-1.0.4-SNAPSHOT.jar:/tmp/math_30_Genprog_local_s1/lib/commons-discovery-0.5.jar:/tmp/math_30_Genprog_local_s1/lib/junit-4.11.jar:/tmp/math_30_Genprog_local_s1/lib/fixran-0.0.1.jar:/tmp/math_30_Genprog_local_s1/./outputMutation/AstorMain-Math/bin/default/:, -base_dir, /tmp/math_30_Genprog_local_s1/./outputMutation/AstorMain-Math//src//evosuite/default, -Dassertion_timeout=1800, -Dminimization_timeout=1800, -Djunit_check_timeout=1800, -Dwrite_junit_timeout=300, -Dinitialization_timeout=300, -Dglobal_timeout=18000, -Dsearch_budget=100000, -Dstopping_condition=MaxStatements, -Dno_runtime_dependency=true, -Dsandbox=false, -Dp_reflection_on_private=0.0, -Dreflection_start_percent=1.0, -Dp_functional_mocking=0.0, -Dfunctional_mocking_percent=1.0, -mem=2000, -Drandom_seed, 5]
[DEBUG] fr.inria.astor.util.EvoSuiteFacade.runProcess(EvoSuiteFacade.java:243) - ES generation output: 
 Picked up JAVA_TOOL_OPTIONS: -Dfile.encoding=UTF8
* EvoSuite 1.0.4-SNAPSHOT
* Going to generate test cases for class: org.apache.commons.math3.special.Gamma
* Starting client
* Connecting to master process on port 8705
* Analyzing classpath: 
  - /tmp/math_30_Genprog_local_s1/lib/
  - /tmp/math_30_Genprog_local_s1/lib/cobertura-2.0.3.jar
  - /tmp/math_30_Genprog_local_s1/lib/jtestex-0.0.1.jar
  - /tmp/math_30_Genprog_local_s1/lib/commons-discovery-0.5.jar
  - /tmp/math_30_Genprog_local_s1/lib/junit-4.11.jar
  - /tmp/math_30_Genprog_local_s1/lib/fixran-0.0.1.jar
  - /tmp/math_30_Genprog_local_s1/./outputMutation/AstorMain-Math/bin/default/
* Finished analyzing classpath
* Generating tests for class org.apache.commons.math3.special.Gamma
* Test criteria:
  - Line Coverage
  - Branch Coverage
  - Exception
  - Mutation testing (weak)
  - Method-Output Coverage
  - Top-Level Method Coverage
  - No-Exception Top-Level Method Coverage
  - Context Branch Coverage
* Setting up search algorithm for whole suite generation
* Total number of test goals: 
  - Line 57
  - Branch 57
  - Exception 0
  - MutationFactory 664
  - Output 24
  - Method 8
  - MethodNoException 8
  - CBranchFitnessFactory 57

[Progress:>                             0%] [Cov:>                                  0%]* Using seed 5
* Starting evolution

[Progress:>                             0%] [Cov:===>                               11%]
[Progress:>                             0%] [Cov:=======>                           21%]
[Progress:>                             0%] [Cov:===========>                       34%]
[Progress:>                             0%] [Cov:=================>                 50%]
[Progress:>                             0%] [Cov:==================>                53%]
[Progress:>                             0%] [Cov:======================>            63%]
[Progress:>                             0%] [Cov:=========================>         73%]
[Progress:>                             0%] [Cov:============================>      80%]
[Progress:>                             0%] [Cov:=============================>     83%][MASTER] 21:33:19.203 [logback-2] ERROR ClientNodeImpl - Error when generating tests for: org.apache.commons.math3.special.Gamma with seed 5. Configuration id : null
java.lang.OutOfMemoryError: GC overhead limit exceeded
	at java.util.HashSet.<init>(HashSet.java:161) ~[na:1.8.0_45]
	at java.util.LinkedHashSet.<init>(LinkedHashSet.java:154) ~[na:1.8.0_45]
	at org.evosuite.testcase.DefaultTestCase.<init>(DefaultTestCase.java:77) ~[evosuite-master-1.0.4-SNAPSHOT.jar:1.0.4-SNAPSHOT]
	at org.evosuite.testcase.TestChromosome.<init>(TestChromosome.java:64) ~[evosuite-master-1.0.4-SNAPSHOT.jar:1.0.4-SNAPSHOT]
	at org.evosuite.testcase.TestFitnessFunction.isCovered(TestFitnessFunction.java:200) ~[evosuite-master-1.0.4-SNAPSHOT.jar:1.0.4-SNAPSHOT]
	at org.evosuite.coverage.archive.TestsArchive.isBetterThanCurrent(TestsArchive.java:302) ~[evosuite-master-1.0.4-SNAPSHOT.jar:1.0.4-SNAPSHOT]
	at org.evosuite.coverage.archive.TestsArchive.putTest(TestsArchive.java:151) ~[evosuite-master-1.0.4-SNAPSHOT.jar:1.0.4-SNAPSHOT]
	at org.evosuite.coverage.mutation.WeakMutationSuiteFitness.getFitness(WeakMutationSuiteFitness.java:89) ~[evosuite-master-1.0.4-SNAPSHOT.jar:1.0.4-SNAPSHOT]
	at org.evosuite.coverage.mutation.WeakMutationSuiteFitness.getFitness(WeakMutationSuiteFitness.java:39) ~[evosuite-master-1.0.4-SNAPSHOT.jar:1.0.4-SNAPSHOT]
	at org.evosuite.ga.metaheuristics.GeneticAlgorithm.calculateFitnessAndSortPopulation(GeneticAlgorithm.java:595) ~[evosuite-master-1.0.4-SNAPSHOT.jar:1.0.4-SNAPSHOT]
	at org.evosuite.ga.metaheuristics.MonotonicGA.initializePopulation(MonotonicGA.java:206) ~[evosuite-master-1.0.4-SNAPSHOT.jar:1.0.4-SNAPSHOT]
	at org.evosuite.ga.metaheuristics.MonotonicGA.generateSolution(MonotonicGA.java:223) ~[evosuite-master-1.0.4-SNAPSHOT.jar:1.0.4-SNAPSHOT]
	at org.evosuite.strategy.WholeTestSuiteStrategy.generateTests(WholeTestSuiteStrategy.java:113) ~[evosuite-master-1.0.4-SNAPSHOT.jar:1.0.4-SNAPSHOT]
	at org.evosuite.TestSuiteGenerator.generateTests(TestSuiteGenerator.java:640) ~[evosuite-master-1.0.4-SNAPSHOT.jar:1.0.4-SNAPSHOT]
	at org.evosuite.TestSuiteGenerator.generateTestSuite(TestSuiteGenerator.java:208) ~[evosuite-master-1.0.4-SNAPSHOT.jar:1.0.4-SNAPSHOT]
	at org.evosuite.rmi.service.ClientNodeImpl$1.run(ClientNodeImpl.java:145) ~[evosuite-master-1.0.4-SNAPSHOT.jar:1.0.4-SNAPSHOT]
	at java.util.concurrent.Executors$RunnableAdapter.call(Executors.java:511) [na:1.8.0_45]
	at java.util.concurrent.FutureTask.run(FutureTask.java:266) [na:1.8.0_45]
	at java.util.concurrent.ThreadPoolExecutor.runWorker(ThreadPoolExecutor.java:1142) [na:1.8.0_45]
	at java.util.concurrent.ThreadPoolExecutor$Worker.run(ThreadPoolExecutor.java:617) [na:1.8.0_45]
	at java.lang.Thread.run(Thread.java:745) [na:1.8.0_45]

------------* EvoSuite 1.0.4-SNAPSHOT
* Going to generate test cases for class: org.apache.commons.math3.special.Gamma
* Starting client
* Connecting to master process on port 8705
* Analyzing classpath: 
  - /tmp/math_30_Genprog_local_s1/lib/
  - /tmp/math_30_Genprog_local_s1/lib/cobertura-2.0.3.jar
  - /tmp/math_30_Genprog_local_s1/lib/jtestex-0.0.1.jar
  - /tmp/math_30_Genprog_local_s1/lib/commons-discovery-0.5.jar
  - /tmp/math_30_Genprog_local_s1/lib/junit-4.11.jar
  - /tmp/math_30_Genprog_local_s1/lib/fixran-0.0.1.jar
  - /tmp/math_30_Genprog_local_s1/./outputMutation/AstorMain-Math/bin/default/
* Finished analyzing classpath
* Generating tests for class org.apache.commons.math3.special.Gamma
* Test criteria:
  - Line Coverage
  - Branch Coverage
  - Exception
  - Mutation testing (weak)
  - Method-Output Coverage
  - Top-Level Method Coverage
  - No-Exception Top-Level Method Coverage
  - Context Branch Coverage
* Setting up search algorithm for whole suite generation
* Total number of test goals: 
  - Line 57
  - Branch 57
  - Exception 0
  - MutationFactory 664
  - Output 24
  - Method 8
  - MethodNoException 8
  - CBranchFitnessFactory 57

[Progress:>                             0%] [Cov:>                                  0%]* Using seed 5
* Starting evolution

[Progress:>                             0%] [Cov:===>                               11%]
[Progress:>                             0%] [Cov:=======>                           21%]
[Progress:>                             0%] [Cov:===========>                       34%]
[Progress:>                             0%] [Cov:=================>                 50%]
[Progress:>                             0%] [Cov:==================>                53%]
[Progress:>                             0%] [Cov:======================>            63%]
[Progress:>                             0%] [Cov:=========================>         73%]
[Progress:>                             0%] [Cov:============================>      80%]
[Progress:>                             0%] [Cov:=============================>     83%][MASTER] 01:39:32.023 [logback-2] ERROR ClientNodeImpl - Error when generating tests for: org.apache.commons.math3.special.Gamma with seed 5. Configuration id : null
java.lang.OutOfMemoryError: Java heap space
	at java.lang.Thread.dumpThreads(Native Method) [na:1.8.0_45]
	at java.lang.Thread.getAllStackTraces(Thread.java:1603) [na:1.8.0_45]
	at org.evosuite.runtime.thread.ThreadStopper.storeCurrentThreads(ThreadStopper.java:114) ~[evosuite-master-1.0.4-SNAPSHOT.jar:1.0.4-SNAPSHOT]
	at org.evosuite.testcase.execution.TestRunnable.storeCurrentThreads(TestRunnable.java:121) ~[evosuite-master-1.0.4-SNAPSHOT.jar:1.0.4-SNAPSHOT]
	at org.evosuite.testcase.execution.TestCaseExecutor.execute(TestCaseExecutor.java:308) ~[evosuite-master-1.0.4-SNAPSHOT.jar:1.0.4-SNAPSHOT]
	at org.evosuite.testcase.execution.TestCaseExecutor.execute(TestCaseExecutor.java:275) ~[evosuite-master-1.0.4-SNAPSHOT.jar:1.0.4-SNAPSHOT]
	at org.evosuite.testcase.execution.TestCaseExecutor.execute(TestCaseExecutor.java:262) ~[evosuite-master-1.0.4-SNAPSHOT.jar:1.0.4-SNAPSHOT]
	at org.evosuite.testsuite.TestSuiteFitnessFunction.runTest(TestSuiteFitnessFunction.java:63) ~[evosuite-master-1.0.4-SNAPSHOT.jar:1.0.4-SNAPSHOT]
	at org.evosuite.testcase.TestChromosome.executeForFitnessFunction(TestChromosome.java:676) ~[evosuite-master-1.0.4-SNAPSHOT.jar:1.0.4-SNAPSHOT]
	at org.evosuite.testsuite.TestSuiteFitnessFunction.runTestSuite(TestSuiteFitnessFunction.java:98) ~[evosuite-master-1.0.4-SNAPSHOT.jar:1.0.4-SNAPSHOT]
	at org.evosuite.coverage.line.LineCoverageSuiteFitness.getFitness(LineCoverageSuiteFitness.java:153) ~[evosuite-master-1.0.4-SNAPSHOT.jar:1.0.4-SNAPSHOT]
	at org.evosuite.coverage.line.LineCoverageSuiteFitness.getFitness(LineCoverageSuiteFitness.java:45) ~[evosuite-master-1.0.4-SNAPSHOT.jar:1.0.4-SNAPSHOT]
	at org.evosuite.ga.metaheuristics.GeneticAlgorithm.calculateFitnessAndSortPopulation(GeneticAlgorithm.java:595) ~[evosuite-master-1.0.4-SNAPSHOT.jar:1.0.4-SNAPSHOT]
	at org.evosuite.ga.metaheuristics.MonotonicGA.initializePopulation(MonotonicGA.java:206) ~[evosuite-master-1.0.4-SNAPSHOT.jar:1.0.4-SNAPSHOT]
	at org.evosuite.ga.metaheuristics.MonotonicGA.generateSolution(MonotonicGA.java:223) ~[evosuite-master-1.0.4-SNAPSHOT.jar:1.0.4-SNAPSHOT]
	at org.evosuite.strategy.WholeTestSuiteStrategy.generateTests(WholeTestSuiteStrategy.java:113) ~[evosuite-master-1.0.4-SNAPSHOT.jar:1.0.4-SNAPSHOT]
	at org.evosuite.TestSuiteGenerator.generateTests(TestSuiteGenerator.java:640) ~[evosuite-master-1.0.4-SNAPSHOT.jar:1.0.4-SNAPSHOT]
	at org.evosuite.TestSuiteGenerator.generateTestSuite(TestSuiteGenerator.java:208) ~[evosuite-master-1.0.4-SNAPSHOT.jar:1.0.4-SNAPSHOT]
	at org.evosuite.rmi.service.ClientNodeImpl$1.run(ClientNodeImpl.java:145) ~[evosuite-master-1.0.4-SNAPSHOT.jar:1.0.4-SNAPSHOT]
	at java.util.concurrent.Executors$RunnableAdapter.call(Executors.java:511) [na:1.8.0_45]
	at java.util.concurrent.FutureTask.run(FutureTask.java:266) [na:1.8.0_45]
	at java.util.concurrent.ThreadPoolExecutor.runWorker(ThreadPoolExecutor.java:1142) [na:1.8.0_45]
	at java.util.concurrent.ThreadPoolExecutor$Worker.run(ThreadPoolExecutor.java:617) [na:1.8.0_45]
	at java.lang.Thread.run(Thread.java:745) [na:1.8.0_45]

------------