* EvoSuite 1.0.4-SNAPSHOT
* Going to generate test cases for class: org.apache.commons.math3.special.Gamma
* Starting client
* Connecting to master process on port 20468
* Analyzing classpath: 
  - /tmp/math_30_Genprog_local_s1/lib/
  - /tmp/math_30_Genprog_local_s1/lib/junit-4.11.jar
  - /tmp/math_30_Genprog_local_s1/lib/jtestex-0.0.1.jar
  - /tmp/math_30_Genprog_local_s1/lib/commons-discovery-0.5.jar
  - /tmp/math_30_Genprog_local_s1/lib/cobertura-2.0.3.jar
  - /tmp/math_30_Genprog_local_s1/lib/fixran-0.0.1.jar
  - /tmp/math_30_Genprog_local_s1/./outputMutation/AstorMain-Math/bin/default/
* Finished analyzing classpath
* Generating tests for class org.apache.commons.math3.special.Gamma
* Test criteria:
  - Line Coverage
  - Branch Coverage
  - Exception
  - Mutation testing (weak)
  - Method-Output Coverage
  - Top-Level Method Coverage
  - No-Exception Top-Level Method Coverage
  - Context Branch Coverage
* Setting up search algorithm for whole suite generation
* Total number of test goals: 
  - Line 57
  - Branch 57
  - Exception 0
  - MutationFactory 664
  - Output 24
  - Method 8
  - MethodNoException 8
  - CBranchFitnessFactory 57

[Progress:>                             0%] [Cov:>                                  0%]* Using seed 10
* Starting evolution

[Progress:>                             0%] [Cov:==>                                6%]
[Progress:>                             0%] [Cov:====>                              12%]
[Progress:>                             0%] [Cov:========>                          25%]
[Progress:>                             0%] [Cov:============>                      35%]
[Progress:>                             0%] [Cov:=============>                     39%]
[Progress:>                             0%] [Cov:=================>                 50%]
[Progress:>                             0%] [Cov:=====================>             61%]
[Progress:>                             0%] [Cov:======================>            65%]
[Progress:>                             0%] [Cov:==========================>        75%]
[Progress:>                             0%] [Cov:=============================>     83%]* Computation finished
[MASTER] 23:49:54.899 [logback-2] ERROR ClientNodeImpl - Error when generating tests for: org.apache.commons.math3.special.Gamma with seed 10. Configuration id : null
java.lang.OutOfMemoryError: GC overhead limit exceeded
	at java.util.Arrays.copyOf(Arrays.java:3181) ~[na:1.8.0_45]
	at java.util.ArrayList.grow(ArrayList.java:261) ~[na:1.8.0_45]
	at java.util.ArrayList.ensureExplicitCapacity(ArrayList.java:235) ~[na:1.8.0_45]
	at java.util.ArrayList.ensureCapacityInternal(ArrayList.java:227) ~[na:1.8.0_45]
	at java.util.ArrayList.add(ArrayList.java:458) ~[na:1.8.0_45]
	at org.evosuite.utils.SimpleListenable.addListener(SimpleListenable.java:33) ~[evosuite-master-1.0.4-SNAPSHOT.jar:1.0.4-SNAPSHOT]
	at org.evosuite.utils.ListenableList.listIterator(ListenableList.java:213) ~[evosuite-master-1.0.4-SNAPSHOT.jar:1.0.4-SNAPSHOT]
	at org.evosuite.utils.ListenableList.iterator(ListenableList.java:199) ~[evosuite-master-1.0.4-SNAPSHOT.jar:1.0.4-SNAPSHOT]
	at org.evosuite.testcase.DefaultTestCase.iterator(DefaultTestCase.java:953) ~[evosuite-master-1.0.4-SNAPSHOT.jar:1.0.4-SNAPSHOT]
	at org.evosuite.coverage.archive.TestsArchive.hasFunctionalMocks(TestsArchive.java:355) ~[evosuite-master-1.0.4-SNAPSHOT.jar:1.0.4-SNAPSHOT]
	at org.evosuite.coverage.archive.TestsArchive.calculatePenalty(TestsArchive.java:342) ~[evosuite-master-1.0.4-SNAPSHOT.jar:1.0.4-SNAPSHOT]
	at org.evosuite.coverage.archive.TestsArchive.isBetterThanCurrent(TestsArchive.java:314) ~[evosuite-master-1.0.4-SNAPSHOT.jar:1.0.4-SNAPSHOT]
	at org.evosuite.coverage.archive.TestsArchive.putTest(TestsArchive.java:151) ~[evosuite-master-1.0.4-SNAPSHOT.jar:1.0.4-SNAPSHOT]
	at org.evosuite.coverage.mutation.WeakMutationSuiteFitness.getFitness(WeakMutationSuiteFitness.java:89) ~[evosuite-master-1.0.4-SNAPSHOT.jar:1.0.4-SNAPSHOT]
	at org.evosuite.coverage.mutation.WeakMutationSuiteFitness.getFitness(WeakMutationSuiteFitness.java:39) ~[evosuite-master-1.0.4-SNAPSHOT.jar:1.0.4-SNAPSHOT]
	at org.evosuite.ga.metaheuristics.GeneticAlgorithm.calculateFitnessAndSortPopulation(GeneticAlgorithm.java:595) ~[evosuite-master-1.0.4-SNAPSHOT.jar:1.0.4-SNAPSHOT]
	at org.evosuite.ga.metaheuristics.MonotonicGA.initializePopulation(MonotonicGA.java:206) ~[evosuite-master-1.0.4-SNAPSHOT.jar:1.0.4-SNAPSHOT]
	at org.evosuite.ga.metaheuristics.MonotonicGA.generateSolution(MonotonicGA.java:223) ~[evosuite-master-1.0.4-SNAPSHOT.jar:1.0.4-SNAPSHOT]
	at org.evosuite.strategy.WholeTestSuiteStrategy.generateTests(WholeTestSuiteStrategy.java:113) ~[evosuite-master-1.0.4-SNAPSHOT.jar:1.0.4-SNAPSHOT]
	at org.evosuite.TestSuiteGenerator.generateTests(TestSuiteGenerator.java:640) ~[evosuite-master-1.0.4-SNAPSHOT.jar:1.0.4-SNAPSHOT]
	at org.evosuite.TestSuiteGenerator.generateTestSuite(TestSuiteGenerator.java:208) ~[evosuite-master-1.0.4-SNAPSHOT.jar:1.0.4-SNAPSHOT]
	at org.evosuite.rmi.service.ClientNodeImpl$1.run(ClientNodeImpl.java:145) ~[evosuite-master-1.0.4-SNAPSHOT.jar:1.0.4-SNAPSHOT]
	at java.util.concurrent.Executors$RunnableAdapter.call(Executors.java:511) [na:1.8.0_45]
	at java.util.concurrent.FutureTask.run(FutureTask.java:266) [na:1.8.0_45]
	at java.util.concurrent.ThreadPoolExecutor.runWorker(ThreadPoolExecutor.java:1142) [na:1.8.0_45]
	at java.util.concurrent.ThreadPoolExecutor$Worker.run(ThreadPoolExecutor.java:617) [na:1.8.0_45]
	at java.lang.Thread.run(Thread.java:745) [na:1.8.0_45]
[MASTER] 23:49:55.347 [main] ERROR SearchStatistics - No obtained value for output variable: Total_Goals
[MASTER] 23:49:57.349 [main] ERROR SearchStatistics - No obtained value for output variable: Total_Goals
[MASTER] 23:49:58.349 [main] ERROR SearchStatistics - No obtained value for output variable: Total_Goals
[MASTER] 23:49:59.350 [main] ERROR SearchStatistics - No obtained value for output variable: Total_Goals
[MASTER] 23:50:00.350 [main] ERROR SearchStatistics - No obtained value for output variable: Total_Goals
[MASTER] 23:50:01.350 [main] ERROR SearchStatistics - No obtained value for output variable: Total_Goals
[MASTER] 23:50:01.350 [main] ERROR SearchStatistics - Not going to write down statistics data, as some are missing
[MASTER] 23:50:01.451 [main] ERROR TestGeneration - failed to write statistics data

[DEBUG] fr.inria.astor.util.EvoSuiteFacade.runEvosuite(EvoSuiteFacade.java:150) - ---> Evo OK? true 
[DEBUG] fr.inria.astor.util.EvoSuiteFacade.runEvosuite(EvoSuiteFacade.java:156) - Evo end in total 195 seconds for generating 1 over 1
[ERROR] fr.inria.astor.core.validation.validators.ProcessEvoSuiteValidator.runTestFromEvoSuite(ProcessEvoSuiteValidator.java:162) - ES did not generate all test cases that I should do, test generated [], classes under generation [org.apache.commons.math3.special.Gamma]
[DEBUG] fr.inria.astor.core.validation.validators.ProcessEvoSuiteValidator.runTestFromEvoSuite(ProcessEvoSuiteValidator.java:165) - Generated tests to run: []
[INFO ] fr.inria.astor.core.validation.validators.ProcessEvoSuiteValidator.runTestFromEvoSuite(ProcessEvoSuiteValidator.java:172) - Classpath /tmp/math_30_Genprog_local_s1/lib/:/tmp/math_30_Genprog_local_s1/lib/junit-4.11.jar:/tmp/math_30_Genprog_local_s1/lib/jtestex-0.0.1.jar:/tmp/math_30_Genprog_local_s1/lib/commons-discovery-0.5.jar:/tmp/math_30_Genprog_local_s1/lib/cobertura-2.0.3.jar:/tmp/math_30_Genprog_local_s1/lib/fixran-0.0.1.jar:/tmp/math_30_Genprog_local_s1/lib/evosuite-master-1.0.4-SNAPSHOT.jar:/tmp/math_30_Genprog_local_s1/./outputMutation/AstorMain-Math//bin//variant-354:/tmp/math_30_Genprog_local_s1/./lib/evosuite-master-1.0.4-SNAPSHOT.jar:/tmp/math_30_Genprog_local_s1/./outputMutation/AstorMain-Math//bin//default
[DEBUG] fr.inria.astor.util.EvoSuiteFacade.runProcess(EvoSuiteFacade.java:425) - Executing compilation : [/home/mmartinez/jdk1.8.0_45/bin//javac, -classpath, /tmp/math_30_Genprog_local_s1/lib/:/tmp/math_30_Genprog_local_s1/lib/junit-4.11.jar:/tmp/math_30_Genprog_local_s1/lib/jtestex-0.0.1.jar:/tmp/math_30_Genprog_local_s1/lib/commons-discovery-0.5.jar:/tmp/math_30_Genprog_local_s1/lib/cobertura-2.0.3.jar:/tmp/math_30_Genprog_local_s1/lib/fixran-0.0.1.jar:/tmp/math_30_Genprog_local_s1/lib/evosuite-master-1.0.4-SNAPSHOT.jar:/tmp/math_30_Genprog_local_s1/./outputMutation/AstorMain-Math//bin//variant-354:/tmp/math_30_Genprog_local_s1/./lib/evosuite-master-1.0.4-SNAPSHOT.jar:/tmp/math_30_Genprog_local_s1/./outputMutation/AstorMain-Math//bin//default, -d, /tmp/math_30_Genprog_local_s1/./outputMutation/AstorMain-Math//bin///evosuite/evosuite-tests/default]
[DEBUG] fr.inria.astor.util.EvoSuiteFacade.printLines(EvoSuiteFacade.java:420) - [Ljava.lang.String;@10815ac6 stderr: Picked up JAVA_TOOL_OPTIONS: -Dfile.encoding=UTF8
[DEBUG] fr.inria.astor.util.EvoSuiteFacade.printLines(EvoSuiteFacade.java:420) - [Ljava.lang.String;@10815ac6 stderr: javac: no source files
[DEBUG] fr.inria.astor.util.EvoSuiteFacade.printLines(EvoSuiteFacade.java:420) - [Ljava.lang.String;@10815ac6 stderr: Usage: javac <options> <source files>
[DEBUG] fr.inria.astor.util.EvoSuiteFacade.printLines(EvoSuiteFacade.java:420) - [Ljava.lang.String;@10815ac6 stderr: use -help for a list of possible options
[DEBUG] fr.inria.astor.util.EvoSuiteFacade.runProcess(EvoSuiteFacade.java:430) - [Ljava.lang.String;@10815ac6 exitValue() 2
[INFO ] fr.inria.astor.core.validation.validators.ProcessEvoSuiteValidator.runTestFromEvoSuite(ProcessEvoSuiteValidator.java:198) - Process classpath /tmp/math_30_Genprog_local_s1/lib/:/tmp/math_30_Genprog_local_s1/lib/junit-4.11.jar:/tmp/math_30_Genprog_local_s1/lib/jtestex-0.0.1.jar:/tmp/math_30_Genprog_local_s1/lib/commons-discovery-0.5.jar:/tmp/math_30_Genprog_local_s1/lib/cobertura-2.0.3.jar:/tmp/math_30_Genprog_local_s1/lib/fixran-0.0.1.jar:/tmp/math_30_Genprog_local_s1/lib/evosuite-master-1.0.4-SNAPSHOT.jar:/tmp/math_30_Genprog_local_s1/./outputMutation/AstorMain-Math//bin//variant-354:/tmp/math_30_Genprog_local_s1/./lib/evosuite-master-1.0.4-SNAPSHOT.jar:/tmp/math_30_Genprog_local_s1/./outputMutation/AstorMain-Math//bin//default:/tmp/math_30_Genprog_local_s1/./outputMutation/AstorMain-Math//bin///evosuite/evosuite-tests/default
[DEBUG] fr.inria.astor.core.validation.validators.ProcessEvoSuiteValidator.executeRegressionTesting(ProcessEvoSuiteValidator.java:216) - Executing EvosuiteTest :[org.apache.commons.math3.special.Gamma_ESTest]
[DEBUG] fr.inria.astor.core.validation.executors.JUnitExecutorProcess.printCommandToExecute(JUnitExecutorProcess.java:140) - Executing process: 
/home/mmartinez/jdk1.8.0_45/bin//java  -Xmx2048m  -cp  /tmp/math_30_Genprog_local_s1/./lib/jtestex-0.0.1.jar:/tmp/math_30_Genprog_local_s1/lib/:/tmp/math_30_Genprog_local_s1/lib/junit-4.11.jar:/tmp/math_30_Genprog_local_s1/lib/jtestex-0.0.1.jar:/tmp/math_30_Genprog_local_s1/lib/commons-discovery-0.5.jar:/tmp/math_30_Genprog_local_s1/lib/cobertura-2.0.3.jar:/tmp/math_30_Genprog_local_s1/lib/fixran-0.0.1.jar:/tmp/math_30_Genprog_local_s1/lib/evosuite-master-1.0.4-SNAPSHOT.jar:/tmp/math_30_Genprog_local_s1/./outputMutation/AstorMain-Math/bin/variant-354/:/tmp/math_30_Genprog_local_s1/./lib/evosuite-master-1.0.4-SNAPSHOT.jar:/tmp/math_30_Genprog_local_s1/./outputMutation/AstorMain-Math/bin/default/:/tmp/math_30_Genprog_local_s1/./outputMutation/AstorMain-Math/bin/evosuite/evosuite-tests/default/:  JUnitExternalExecutor  org.apache.commons.math3.special.Gamma_ESTest
[DEBUG] fr.inria.astor.core.validation.executors.JUnitExecutorProcess.execute(JUnitExecutorProcess.java:77) - Execution time 0 seconds
[ERROR] fr.inria.astor.core.validation.executors.JUnitIndirectExecutorProcess.getTestResult(JUnitIndirectExecutorProcess.java:72) - Error reading the validation process
 output: 
Picked up JAVA_TOOL_OPTIONS: -Dfile.encoding=UTF8
Exception in thread "main" java.lang.ClassNotFoundException: org.apache.commons.math3.special.Gamma_ESTest
	at java.net.URLClassLoader.findClass(URLClassLoader.java:381)
	at java.lang.ClassLoader.loadClass(ClassLoader.java:424)
	at sun.misc.Launcher$AppClassLoader.loadClass(Launcher.java:331)
	at java.lang.ClassLoader.loadClass(ClassLoader.java:357)
	at java.lang.Class.forName0(Native Method)
	at java.lang.Class.forName(Class.java:264)
	at JUnitExternalExecutor.getClassesToRun(JUnitExternalExecutor.java:87)
	at JUnitExternalExecutor.run(JUnitExternalExecutor.java:75)
	at JUnitExternalExecutor.main(JUnitExternalExecutor.java:66)
 
 error: 
[DEBUG] fr.inria.astor.core.validation.validators.RegressionValidation.validate(RegressionValidation.java:35) - Evo Regression: |false|0|0|[]|
[DEBUG] fr.inria.astor.core.loop.AstorCoreEngine.processCreatedVariant(AstorCoreEngine.java:395) - -Valid?: true, fitness 5.0
[INFO ] fr.inria.astor.core.loop.AstorCoreEngine.processCreatedVariant(AstorCoreEngine.java:397) - -Found Solution, child variant #354
[DEBUG] spoon.support.StandardEnvironment.debugMessage(StandardEnvironment.java:109) - printing org.apache.commons.math3.stat.ranking.TiesStrategy to /tmp/math_30_Genprog_local_s1/./outputMutation/AstorMain-Math/src/variant-354
[DEBUG] spoon.support.StandardEnvironment.debugMessage(StandardEnvironment.java:109) - printing org.apache.commons.math3.special.Gamma to /tmp/math_30_Genprog_local_s1/./outputMutation/AstorMain-Math/src/variant-354
[DEBUG] spoon.support.StandardEnvironment.debugMessage(StandardEnvironment.java:109) - printing org.apache.commons.math3.distribution.NormalDistribution to /tmp/math_30_Genprog_local_s1/./outputMutation/AstorMain-Math/src/variant-354
[DEBUG] spoon.support.StandardEnvironment.debugMessage(StandardEnvironment.java:109) - printing org.apache.commons.math3.special.Erf to /tmp/math_30_Genprog_local_s1/./outputMutation/AstorMain-Math/src/variant-354
[DEBUG] spoon.support.StandardEnvironment.debugMessage(StandardEnvironment.java:109) - printing org.apache.commons.math3.stat.ranking.NaNStrategy to /tmp/math_30_Genprog_local_s1/./outputMutation/AstorMain-Math/src/variant-354
[DEBUG] spoon.support.StandardEnvironment.debugMessage(StandardEnvironment.java:109) - printing org.apache.commons.math3.stat.ranking.NaturalRanking to /tmp/math_30_Genprog_local_s1/./outputMutation/AstorMain-Math/src/variant-354
[DEBUG] fr.inria.astor.core.loop.AstorCoreEngine.undoSingleGeneration(AstorCoreEngine.java:487) - ---Undoing: gnrtn(177): ReplaceOp: `ret = java.lang.Double.Na[...] ` ---> `ret = 1.0` at pos 0 of parent `{ 	ret = 1.0; }`
[DEBUG] fr.inria.astor.core.loop.AstorCoreEngine.prepareNextGeneration(AstorCoreEngine.java:284) - 
End analysis generation - 
Solutions found:--> (354(SOLUTION)(f=5.0), )
[DEBUG] fr.inria.astor.core.loop.population.FitnessPopulationController.selectProgramVariantsForNextGeneration(FitnessPopulationController.java:52) - Variants to next generation from: 2-->IDs: (353(f=1.0), 354(f=5.0), )
[DEBUG] fr.inria.astor.core.loop.population.FitnessPopulationController.selectProgramVariantsForNextGeneration(FitnessPopulationController.java:61) - Selected to next generation: IDs2--> (353(f=1.0), )
[DEBUG] fr.inria.astor.core.loop.AstorCoreEngine.startEvolution(AstorCoreEngine.java:121) - 
----------Running generation/iteraction 178, population size: 1
[DEBUG] fr.inria.astor.core.loop.AstorCoreEngine.processGenerations(AstorCoreEngine.java:211) - 
***** Generation 178
[DEBUG] fr.inria.astor.core.loop.AstorCoreEngine.processGenerations(AstorCoreEngine.java:220) - 
**
*-Parent Variant: [Variant id: 355, #gens: 38, #ops: 0, parent:-]
[DEBUG] fr.inria.astor.core.loop.AstorCoreEngine.createNewProgramVariant(AstorCoreEngine.java:436) - 
--Child created id: 356
[DEBUG] fr.inria.astor.core.loop.AstorCoreEngine.modifyProgramVariant(AstorCoreEngine.java:504) - --Creating new operations for variant [Variant id: 356, #gens: 38, #ops: 0, parent:355]
[DEBUG] fr.inria.astor.core.loop.AstorCoreEngine.modifyProgramVariant(AstorCoreEngine.java:517) - ---analyzing modificationPoint position: 29
[DEBUG] fr.inria.astor.core.loop.AstorCoreEngine.modifyProgramVariant(AstorCoreEngine.java:540) - operation RemoveOp: `if ((tiesTrace.size()) > [...] ` ---> `-` at pos 11 of parent `{ 	org.apache.commons.mat[...]`
[DEBUG] fr.inria.astor.core.loop.AstorCoreEngine.modifyProgramVariant(AstorCoreEngine.java:562) - 
--Summary Creation: for variant [Variant id: 356, #gens: 37, #ops: 1, parent:355] gen mutated: 1 , gen not mut: 0, gen not applied  0
 
[DEBUG] fr.inria.astor.core.loop.AstorCoreEngine.processCreatedVariant(AstorCoreEngine.java:390) - -The child compiles: id 356
[DEBUG] fr.inria.astor.core.validation.executors.JUnitExecutorProcess.printCommandToExecute(JUnitExecutorProcess.java:140) - Executing process: 
/usr/lib/jvm/java-1.7.0-openjdk-amd64/bin//java  -Xmx2048m  -cp  /tmp/math_30_Genprog_local_s1/./lib/jtestex-0.0.1.jar:/tmp/math_30_Genprog_local_s1/./outputMutation/AstorMain-Math/bin/variant-356/:/tmp/math_30_Genprog_local_s1/lib/:/tmp/math_30_Genprog_local_s1/lib/junit-4.11.jar:/tmp/math_30_Genprog_local_s1/lib/jtestex-0.0.1.jar:/tmp/math_30_Genprog_local_s1/lib/commons-discovery-0.5.jar:/tmp/math_30_Genprog_local_s1/lib/cobertura-2.0.3.jar:/tmp/math_30_Genprog_local_s1/lib/fixran-0.0.1.jar:/tmp/math_30_Genprog_local_s1/lib/evosuite-master-1.0.4-SNAPSHOT.jar:/tmp/math_30_Genprog_local_s1/./outputMutation/AstorMain-Math/bin/default/:/home/mmartinez/defects4j-repair/src/python/core/../../../libs/astor.jar:  JUnitExternalExecutor  org.apache.commons.math3.stat.inference.MannWhitneyUTestTest
[DEBUG] fr.inria.astor.core.validation.executors.JUnitExecutorProcess.execute(JUnitExecutorProcess.java:77) - Execution time 0 seconds
[DEBUG] fr.inria.astor.core.validation.executors.JUnitExecutorProcess.execute(JUnitExecutorProcess.java:80) - Running Exit Value
[DEBUG] fr.inria.astor.core.validation.validators.RegressionValidation.validate(RegressionValidation.java:23) - Failing Val: |false|1|3|[testBigDataSet(org.apache.commons.math3.stat.inference.MannWhitneyUTestTest): null-]|
[DEBUG] fr.inria.astor.core.loop.AstorCoreEngine.processCreatedVariant(AstorCoreEngine.java:395) - -Valid?: false, fitness 1.0
[DEBUG] fr.inria.astor.core.loop.AstorCoreEngine.undoSingleGeneration(AstorCoreEngine.java:487) - ---Undoing: gnrtn(178): RemoveOp: `if ((tiesTrace.size()) > [...] ` ---> `-` at pos 11 of parent `{ 	org.apache.commons.mat[...]`
[DEBUG] fr.inria.astor.core.loop.AstorCoreEngine.prepareNextGeneration(AstorCoreEngine.java:284) - 
End analysis generation - 
Solutions found:--> ()
[DEBUG] fr.inria.astor.core.loop.population.FitnessPopulationController.selectProgramVariantsForNextGeneration(FitnessPopulationController.java:52) - Variants to next generation from: 2-->IDs: (355(f=1.0), 356(f=1.0), )
[DEBUG] fr.inria.astor.core.loop.population.FitnessPopulationController.selectProgramVariantsForNextGeneration(FitnessPopulationController.java:61) - Selected to next generation: IDs2--> (355(f=1.0), )
[DEBUG] fr.inria.astor.core.loop.AstorCoreEngine.startEvolution(AstorCoreEngine.java:121) - 
----------Running generation/iteraction 179, population size: 1
[DEBUG] fr.inria.astor.core.loop.AstorCoreEngine.processGenerations(AstorCoreEngine.java:211) - 
***** Generation 179
[DEBUG] fr.inria.astor.core.loop.AstorCoreEngine.processGenerations(AstorCoreEngine.java:220) - 
**
*-Parent Variant: [Variant id: 357, #gens: 38, #ops: 0, parent:-]
[DEBUG] fr.inria.astor.core.loop.AstorCoreEngine.createNewProgramVariant(AstorCoreEngine.java:436) - 
--Child created id: 358
[DEBUG] fr.inria.astor.core.loop.AstorCoreEngine.modifyProgramVariant(AstorCoreEngine.java:504) - --Creating new operations for variant [Variant id: 358, #gens: 38, #ops: 0, parent:357]
[DEBUG] fr.inria.astor.core.loop.AstorCoreEngine.modifyProgramVariant(AstorCoreEngine.java:517) - ---analyzing modificationPoint position: 20
[DEBUG] fr.inria.astor.core.loop.AstorCoreEngine.modifyProgramVariant(AstorCoreEngine.java:540) - operation RemoveOp: `java.util.Arrays.sort(ran[...] ` ---> `-` at pos 4 of parent `{ 	org.apache.commons.mat[...]`
[DEBUG] fr.inria.astor.core.loop.AstorCoreEngine.modifyProgramVariant(AstorCoreEngine.java:562) - 
--Summary Creation: for variant [Variant id: 358, #gens: 37, #ops: 1, parent:357] gen mutated: 1 , gen not mut: 0, gen not applied  0
 
[DEBUG] fr.inria.astor.core.loop.AstorCoreEngine.processCreatedVariant(AstorCoreEngine.java:390) - -The child compiles: id 358
[DEBUG] fr.inria.astor.core.validation.executors.JUnitExecutorProcess.printCommandToExecute(JUnitExecutorProcess.java:140) - Executing process: 
/usr/lib/jvm/java-1.7.0-openjdk-amd64/bin//java  -Xmx2048m  -cp  /tmp/math_30_Genprog_local_s1/./lib/jtestex-0.0.1.jar:/tmp/math_30_Genprog_local_s1/./outputMutation/AstorMain-Math/bin/variant-358/:/tmp/math_30_Genprog_local_s1/lib/:/tmp/math_30_Genprog_local_s1/lib/junit-4.11.jar:/tmp/math_30_Genprog_local_s1/lib/jtestex-0.0.1.jar:/tmp/math_30_Genprog_local_s1/lib/commons-discovery-0.5.jar:/tmp/math_30_Genprog_local_s1/lib/cobertura-2.0.3.jar:/tmp/math_30_Genprog_local_s1/lib/fixran-0.0.1.jar:/tmp/math_30_Genprog_local_s1/lib/evosuite-master-1.0.4-SNAPSHOT.jar:/tmp/math_30_Genprog_local_s1/./outputMutation/AstorMain-Math/bin/default/:/home/mmartinez/defects4j-repair/src/python/core/../../../libs/astor.jar:  JUnitExternalExecutor  org.apache.commons.math3.stat.inference.MannWhitneyUTestTest
[DEBUG] fr.inria.astor.core.validation.executors.JUnitExecutorProcess.execute(JUnitExecutorProcess.java:77) - Execution time 0 seconds
[DEBUG] fr.inria.astor.core.validation.executors.JUnitExecutorProcess.execute(JUnitExecutorProcess.java:80) - Running Exit Value
[DEBUG] fr.inria.astor.core.validation.validators.RegressionValidation.validate(RegressionValidation.java:23) - Failing Val: |false|2|3|[testBigDataSet(org.apache.commons.math3.stat.inference.MannWhitneyUTestTest): null-, testMannWhitneyUSimple(org.apache.commons.math3.stat.inference.MannWhitneyUTestTest): expected:<17.0> but was:<18.0>-]|
[DEBUG] fr.inria.astor.core.loop.AstorCoreEngine.processCreatedVariant(AstorCoreEngine.java:395) - -Valid?: false, fitness 2.0
[DEBUG] fr.inria.astor.core.loop.AstorCoreEngine.undoSingleGeneration(AstorCoreEngine.java:487) - ---Undoing: gnrtn(179): RemoveOp: `java.util.Arrays.sort(ran[...] ` ---> `-` at pos 4 of parent `{ 	org.apache.commons.mat[...]`
[DEBUG] fr.inria.astor.core.loop.AstorCoreEngine.prepareNextGeneration(AstorCoreEngine.java:284) - 
End analysis generation - 
Solutions found:--> ()
[DEBUG] fr.inria.astor.core.loop.population.FitnessPopulationController.selectProgramVariantsForNextGeneration(FitnessPopulationController.java:52) - Variants to next generation from: 2-->IDs: (357(f=1.0), 358(f=2.0), )
[DEBUG] fr.inria.astor.core.loop.population.FitnessPopulationController.selectProgramVariantsForNextGeneration(FitnessPopulationController.java:61) - Selected to next generation: IDs2--> (357(f=1.0), )
[DEBUG] fr.inria.astor.core.loop.AstorCoreEngine.startEvolution(AstorCoreEngine.java:121) - 
----------Running generation/iteraction 180, population size: 1
[DEBUG] fr.inria.astor.core.loop.AstorCoreEngine.processGenerations(AstorCoreEngine.java:211) - 
***** Generation 180
[DEBUG] fr.inria.astor.core.loop.AstorCoreEngine.processGenerations(AstorCoreEngine.java:220) - 
**
*-Parent Variant: [Variant id: 359, #gens: 38, #ops: 0, parent:-]
[DEBUG] fr.inria.astor.core.loop.AstorCoreEngine.createNewProgramVariant(AstorCoreEngine.java:436) - 
--Child created id: 360
[DEBUG] fr.inria.astor.core.loop.AstorCoreEngine.modifyProgramVariant(AstorCoreEngine.java:504) - --Creating new operations for variant [Variant id: 360, #gens: 38, #ops: 0, parent:359]
[DEBUG] fr.inria.astor.core.loop.AstorCoreEngine.modifyProgramVariant(AstorCoreEngine.java:517) - ---analyzing modificationPoint position: 6
[DEBUG] fr.inria.astor.core.loop.AstorCoreEngine.modifyProgramVariant(AstorCoreEngine.java:540) - operation ReplaceOp: `return out ` ---> `return nanStrategy` at pos 2 of parent `{ 	java.util.ArrayList<ja[...]`
[DEBUG] fr.inria.astor.core.loop.spaces.operators.AstorOperator.addPoint(AstorOperator.java:108) - ---ModificPoint=NaturalRanking line: 410, el: CtReturnImpl
[DEBUG] fr.inria.astor.core.loop.spaces.operators.AstorOperator.addPoint(AstorOperator.java:109) - ---ReplaceOp: `return out ` ---> `return nanStrategy` at pos 2 of parent `{ 	java.util.ArrayList<ja[...]`
[DEBUG] fr.inria.astor.core.loop.AstorCoreEngine.modifyProgramVariant(AstorCoreEngine.java:562) - 
--Summary Creation: for variant [Variant id: 360, #gens: 38, #ops: 1, parent:359] gen mutated: 1 , gen not mut: 0, gen not applied  0
 
[DEBUG] fr.inria.astor.core.loop.AstorCoreEngine.undoSingleGeneration(AstorCoreEngine.java:487) - ---Undoing: gnrtn(180): ReplaceOp: `return out ` ---> `return nanStrategy` at pos 2 of parent `{ 	java.util.ArrayList<ja[...]`
[DEBUG] fr.inria.astor.core.loop.AstorCoreEngine.prepareNextGeneration(AstorCoreEngine.java:284) - 
End analysis generation - 
Solutions found:--> ()
[DEBUG] fr.inria.astor.core.loop.population.FitnessPopulationController.selectProgramVariantsForNextGeneration(FitnessPopulationController.java:52) - Variants to next generation from: 2-->IDs: (359(f=1.0), 360(f=1.7976931348623157E308), )
[DEBUG] fr.inria.astor.core.loop.population.FitnessPopulationController.selectProgramVariantsForNextGeneration(FitnessPopulationController.java:61) - Selected to next generation: IDs2--> (359(f=1.0), )
[DEBUG] fr.inria.astor.core.loop.AstorCoreEngine.startEvolution(AstorCoreEngine.java:121) - 
----------Running generation/iteraction 181, population size: 1
[DEBUG] fr.inria.astor.core.loop.AstorCoreEngine.processGenerations(AstorCoreEngine.java:211) - 
***** Generation 181
[DEBUG] fr.inria.astor.core.loop.AstorCoreEngine.processGenerations(AstorCoreEngine.java:220) - 
**
*-Parent Variant: [Variant id: 361, #gens: 38, #ops: 0, parent:-]
[DEBUG] fr.inria.astor.core.loop.AstorCoreEngine.createNewProgramVariant(AstorCoreEngine.java:436) - 
--Child created id: 362
[DEBUG] fr.inria.astor.core.loop.AstorCoreEngine.modifyProgramVariant(AstorCoreEngine.java:504) - --Creating new operations for variant [Variant id: 362, #gens: 38, #ops: 0, parent:361]
[DEBUG] fr.inria.astor.core.loop.AstorCoreEngine.modifyProgramVariant(AstorCoreEngine.java:517) - ---analyzing modificationPoint position: 24
[DEBUG] fr.inria.astor.core.loop.AstorCoreEngine.modifyProgramVariant(AstorCoreEngine.java:540) - operation InsertAfterOp: `java.util.List<java.lang.[...] ` ---> `java.util.List<java.lang.[...]` at pos 8 of parent `{ 	org.apache.commons.mat[...]`
[DEBUG] fr.inria.astor.core.loop.spaces.operators.AstorOperator.addPoint(AstorOperator.java:108) - ---ModificPoint=NaturalRanking line: 225, el: CtLocalVariableImpl
[DEBUG] fr.inria.astor.core.loop.spaces.operators.AstorOperator.addPoint(AstorOperator.java:109) - ---InsertAfterOp: `java.util.List<java.lang.[...] ` ---> `java.util.List<java.lang.[...]` at pos 8 of parent `{ 	org.apache.commons.mat[...]`
[DEBUG] fr.inria.astor.core.loop.AstorCoreEngine.modifyProgramVariant(AstorCoreEngine.java:562) - 
--Summary Creation: for variant [Variant id: 362, #gens: 39, #ops: 1, parent:361] gen mutated: 1 , gen not mut: 0, gen not applied  0
 
[DEBUG] fr.inria.astor.core.loop.AstorCoreEngine.undoSingleGeneration(AstorCoreEngine.java:487) - ---Undoing: gnrtn(181): InsertAfterOp: `java.util.List<java.lang.[...] ` ---> `java.util.List<java.lang.[...]` at pos 8 of parent `{ 	org.apache.commons.mat[...]`
[DEBUG] fr.inria.astor.core.loop.AstorCoreEngine.prepareNextGeneration(AstorCoreEngine.java:284) - 
End analysis generation - 
Solutions found:--> ()
[DEBUG] fr.inria.astor.core.loop.population.FitnessPopulationController.selectProgramVariantsForNextGeneration(FitnessPopulationController.java:52) - Variants to next generation from: 2-->IDs: (361(f=1.0), 362(f=1.7976931348623157E308), )
[DEBUG] fr.inria.astor.core.loop.population.FitnessPopulationController.selectProgramVariantsForNextGeneration(FitnessPopulationController.java:61) - Selected to next generation: IDs2--> (361(f=1.0), )
[DEBUG] fr.inria.astor.core.loop.AstorCoreEngine.startEvolution(AstorCoreEngine.java:121) - 
----------Running generation/iteraction 182, population size: 1
[DEBUG] fr.inria.astor.core.loop.AstorCoreEngine.processGenerations(AstorCoreEngine.java:211) - 
***** Generation 182
[DEBUG] fr.inria.astor.core.loop.AstorCoreEngine.processGenerations(AstorCoreEngine.java:220) - 
**
*-Parent Variant: [Variant id: 363, #gens: 38, #ops: 0, parent:-]
[DEBUG] fr.inria.astor.core.loop.AstorCoreEngine.createNewProgramVariant(AstorCoreEngine.java:436) - 
--Child created id: 364
[DEBUG] fr.inria.astor.core.loop.AstorCoreEngine.modifyProgramVariant(AstorCoreEngine.java:504) - --Creating new operations for variant [Variant id: 364, #gens: 38, #ops: 0, parent:363]
[DEBUG] fr.inria.astor.core.loop.AstorCoreEngine.modifyProgramVariant(AstorCoreEngine.java:517) - ---analyzing modificationPoint position: 27
[DEBUG] fr.inria.astor.core.loop.AstorCoreEngine.modifyProgramVariant(AstorCoreEngine.java:540) - operation InsertBeforeOp: `if ((java.lang.Double.com[...] ` ---> `for (int i = 0 ; i < (dat[...]` at pos 0 of parent `{ 	if ((java.lang.Double.[...]`
[DEBUG] fr.inria.astor.core.loop.spaces.operators.AstorOperator.addPoint(AstorOperator.java:108) - ---ModificPoint=NaturalRanking line: 228, el: CtForImpl
[DEBUG] fr.inria.astor.core.loop.spaces.operators.AstorOperator.addPoint(AstorOperator.java:109) - ---InsertBeforeOp: `if ((java.lang.Double.com[...] ` ---> `for (int i = 0 ; i < (dat[...]` at pos 0 of parent `{ 	if ((java.lang.Double.[...]`
[DEBUG] fr.inria.astor.core.loop.AstorCoreEngine.modifyProgramVariant(AstorCoreEngine.java:562) - 
--Summary Creation: for variant [Variant id: 364, #gens: 39, #ops: 1, parent:363] gen mutated: 1 , gen not mut: 0, gen not applied  0
 
[DEBUG] fr.inria.astor.core.loop.AstorCoreEngine.undoSingleGeneration(AstorCoreEngine.java:487) - ---Undoing: gnrtn(182): InsertBeforeOp: `if ((java.lang.Double.com[...] ` ---> `for (int i = 0 ; i < (dat[...]` at pos 0 of parent `{ 	for (int i = 0 ; i < ([...]`
[DEBUG] fr.inria.astor.core.loop.AstorCoreEngine.prepareNextGeneration(AstorCoreEngine.java:284) - 
End analysis generation - 
Solutions found:--> ()
[DEBUG] fr.inria.astor.core.loop.population.FitnessPopulationController.selectProgramVariantsForNextGeneration(FitnessPopulationController.java:52) - Variants to next generation from: 2-->IDs: (363(f=1.0), 364(f=1.7976931348623157E308), )
[DEBUG] fr.inria.astor.core.loop.population.FitnessPopulationController.selectProgramVariantsForNextGeneration(FitnessPopulationController.java:61) - Selected to next generation: IDs2--> (363(f=1.0), )
[DEBUG] fr.inria.astor.core.loop.AstorCoreEngine.startEvolution(AstorCoreEngine.java:121) - 
----------Running generation/iteraction 183, population size: 1
[DEBUG] fr.inria.astor.core.loop.AstorCoreEngine.processGenerations(AstorCoreEngine.java:211) - 
***** Generation 183
[DEBUG] fr.inria.astor.core.loop.AstorCoreEngine.processGenerations(AstorCoreEngine.java:220) - 
**
*-Parent Variant: [Variant id: 365, #gens: 38, #ops: 0, parent:-]
[DEBUG] fr.inria.astor.core.loop.AstorCoreEngine.createNewProgramVariant(AstorCoreEngine.java:436) - 
--Child created id: 366
[DEBUG] fr.inria.astor.core.loop.AstorCoreEngine.modifyProgramVariant(AstorCoreEngine.java:504) - --Creating new operations for variant [Variant id: 366, #gens: 38, #ops: 0, parent:365]
[DEBUG] fr.inria.astor.core.loop.AstorCoreEngine.modifyProgramVariant(AstorCoreEngine.java:517) - ---analyzing modificationPoint position: 3
[DEBUG] fr.inria.astor.core.loop.AstorCoreEngine.modifyProgramVariant(AstorCoreEngine.java:540) - operation RemoveOp: `java.util.ArrayList<java.[...] ` ---> `-` at pos 0 of parent `{ 	java.util.ArrayList<ja[...]`
[DEBUG] fr.inria.astor.core.loop.AstorCoreEngine.modifyProgramVariant(AstorCoreEngine.java:562) - 
--Summary Creation: for variant [Variant id: 366, #gens: 37, #ops: 1, parent:365] gen mutated: 1 , gen not mut: 0, gen not applied  0
 
[DEBUG] fr.inria.astor.core.loop.AstorCoreEngine.undoSingleGeneration(AstorCoreEngine.java:487) - ---Undoing: gnrtn(183): RemoveOp: `java.util.ArrayList<java.[...] ` ---> `-` at pos 0 of parent `{ 	for (int i = 0 ; i < ([...]`
[DEBUG] fr.inria.astor.core.loop.AstorCoreEngine.prepareNextGeneration(AstorCoreEngine.java:284) - 
End analysis generation - 
Solutions found:--> ()
[DEBUG] fr.inria.astor.core.loop.population.FitnessPopulationController.selectProgramVariantsForNextGeneration(FitnessPopulationController.java:52) - Variants to next generation from: 2-->IDs: (365(f=1.0), 366(f=1.7976931348623157E308), )
[DEBUG] fr.inria.astor.core.loop.population.FitnessPopulationController.selectProgramVariantsForNextGeneration(FitnessPopulationController.java:61) - Selected to next generation: IDs2--> (365(f=1.0), )
[DEBUG] fr.inria.astor.core.loop.AstorCoreEngine.startEvolution(AstorCoreEngine.java:121) - 
----------Running generation/iteraction 184, population size: 1
[DEBUG] fr.inria.astor.core.loop.AstorCoreEngine.processGenerations(AstorCoreEngine.java:211) - 
***** Generation 184
[DEBUG] fr.inria.astor.core.loop.AstorCoreEngine.processGenerations(AstorCoreEngine.java:220) - 
**
*-Parent Variant: [Variant id: 367, #gens: 38, #ops: 0, parent:-]
[DEBUG] fr.inria.astor.core.loop.AstorCoreEngine.createNewProgramVariant(AstorCoreEngine.java:436) - 
--Child created id: 368
[DEBUG] fr.inria.astor.core.loop.AstorCoreEngine.modifyProgramVariant(AstorCoreEngine.java:504) - --Creating new operations for variant [Variant id: 368, #gens: 38, #ops: 0, parent:367]
[DEBUG] fr.inria.astor.core.loop.AstorCoreEngine.modifyProgramVariant(AstorCoreEngine.java:517) - ---analyzing modificationPoint position: 6
[DEBUG] fr.inria.astor.core.loop.AstorCoreEngine.modifyProgramVariant(AstorCoreEngine.java:540) - operation ReplaceOp: `return out ` ---> `return tiesStrategy` at pos 2 of parent `{ 	java.util.ArrayList<ja[...]`
[DEBUG] fr.inria.astor.core.loop.spaces.operators.AstorOperator.addPoint(AstorOperator.java:108) - ---ModificPoint=NaturalRanking line: 410, el: CtReturnImpl
[DEBUG] fr.inria.astor.core.loop.spaces.operators.AstorOperator.addPoint(AstorOperator.java:109) - ---ReplaceOp: `return out ` ---> `return tiesStrategy` at pos 2 of parent `{ 	java.util.ArrayList<ja[...]`
[DEBUG] fr.inria.astor.core.loop.AstorCoreEngine.modifyProgramVariant(AstorCoreEngine.java:562) - 
--Summary Creation: for variant [Variant id: 368, #gens: 38, #ops: 1, parent:367] gen mutated: 1 , gen not mut: 0, gen not applied  0
 
[DEBUG] fr.inria.astor.core.loop.AstorCoreEngine.undoSingleGeneration(AstorCoreEngine.java:487) - ---Undoing: gnrtn(184): ReplaceOp: `return out ` ---> `return tiesStrategy` at pos 2 of parent `{ 	java.util.ArrayList<ja[...]`
[DEBUG] fr.inria.astor.core.loop.AstorCoreEngine.prepareNextGeneration(AstorCoreEngine.java:284) - 
End analysis generation - 
Solutions found:--> ()
[DEBUG] fr.inria.astor.core.loop.population.FitnessPopulationController.selectProgramVariantsForNextGeneration(FitnessPopulationController.java:52) - Variants to next generation from: 2-->IDs: (367(f=1.0), 368(f=1.7976931348623157E308), )
[DEBUG] fr.inria.astor.core.loop.population.FitnessPopulationController.selectProgramVariantsForNextGeneration(FitnessPopulationController.java:61) - Selected to next generation: IDs2--> (367(f=1.0), )
[DEBUG] fr.inria.astor.core.loop.AstorCoreEngine.startEvolution(AstorCoreEngine.java:121) - 
----------Running generation/iteraction 185, population size: 1
[DEBUG] fr.inria.astor.core.loop.AstorCoreEngine.processGenerations(AstorCoreEngine.java:211) - 
***** Generation 185
[DEBUG] fr.inria.astor.core.loop.AstorCoreEngine.processGenerations(AstorCoreEngine.java:220) - 
**
*-Parent Variant: [Variant id: 369, #gens: 38, #ops: 0, parent:-]
[DEBUG] fr.inria.astor.core.loop.AstorCoreEngine.createNewProgramVariant(AstorCoreEngine.java:436) - 
--Child created id: 370
[DEBUG] fr.inria.astor.core.loop.AstorCoreEngine.modifyProgramVariant(AstorCoreEngine.java:504) - --Creating new operations for variant [Variant id: 370, #gens: 38, #ops: 0, parent:369]
[DEBUG] fr.inria.astor.core.loop.AstorCoreEngine.modifyProgramVariant(AstorCoreEngine.java:517) - ---analyzing modificationPoint position: 15
[DEBUG] fr.inria.astor.core.loop.spaces.ingredients.ingredientSearch.EfficientIngredientStrategy.getFixIngredient(EfficientIngredientStrategy.java:90) - --- no mutation left to apply in element ranks
[DEBUG] fr.inria.astor.approaches.jgenprog.JGenProg.createOperatorInstanceForPoint(JGenProg.java:230) - Any ingredient for this point, we discard it
[DEBUG] fr.inria.astor.core.loop.AstorCoreEngine.modifyProgramVariant(AstorCoreEngine.java:553) - ---modifPoint 0 not mutation generated in  ranks
[DEBUG] fr.inria.astor.core.loop.AstorCoreEngine.modifyProgramVariant(AstorCoreEngine.java:517) - ---analyzing modificationPoint position: 27
[DEBUG] fr.inria.astor.core.loop.AstorCoreEngine.modifyProgramVariant(AstorCoreEngine.java:540) - operation ReplaceOp: `if ((java.lang.Double.com[...] ` ---> `if (!(containsNaNs(ranks)[...]` at pos 0 of parent `{ 	if ((java.lang.Double.[...]`
[DEBUG] fr.inria.astor.core.loop.spaces.operators.AstorOperator.addPoint(AstorOperator.java:108) - ---ModificPoint=NaturalRanking line: 228, el: CtIfImpl
[DEBUG] fr.inria.astor.core.loop.spaces.operators.AstorOperator.addPoint(AstorOperator.java:109) - ---ReplaceOp: `if ((java.lang.Double.com[...] ` ---> `if (!(containsNaNs(ranks)[...]` at pos 0 of parent `{ 	if ((java.lang.Double.[...]`
[DEBUG] fr.inria.astor.core.loop.AstorCoreEngine.modifyProgramVariant(AstorCoreEngine.java:562) - 
--Summary Creation: for variant [Variant id: 370, #gens: 38, #ops: 1, parent:369] gen mutated: 1 , gen not mut: 1, gen not applied  0
 
[DEBUG] fr.inria.astor.core.loop.AstorCoreEngine.undoSingleGeneration(AstorCoreEngine.java:487) - ---Undoing: gnrtn(185): ReplaceOp: `if ((java.lang.Double.com[...] ` ---> `if (!(containsNaNs(ranks)[...]` at pos 0 of parent `{ 	if (!(containsNaNs(ran[...]`
[DEBUG] fr.inria.astor.core.loop.AstorCoreEngine.prepareNextGeneration(AstorCoreEngine.java:284) - 
End analysis generation - 
Solutions found:--> ()
[DEBUG] fr.inria.astor.core.loop.population.FitnessPopulationController.selectProgramVariantsForNextGeneration(FitnessPopulationController.java:52) - Variants to next generation from: 2-->IDs: (369(f=1.0), 370(f=1.7976931348623157E308), )
[DEBUG] fr.inria.astor.core.loop.population.FitnessPopulationController.selectProgramVariantsForNextGeneration(FitnessPopulationController.java:61) - Selected to next generation: IDs2--> (369(f=1.0), )
[DEBUG] fr.inria.astor.core.loop.AstorCoreEngine.startEvolution(AstorCoreEngine.java:121) - 
----------Running generation/iteraction 186, population size: 1
[DEBUG] fr.inria.astor.core.loop.AstorCoreEngine.processGenerations(AstorCoreEngine.java:211) - 
***** Generation 186
[DEBUG] fr.inria.astor.core.loop.AstorCoreEngine.processGenerations(AstorCoreEngine.java:220) - 
**
*-Parent Variant: [Variant id: 371, #gens: 38, #ops: 0, parent:-]
[DEBUG] fr.inria.astor.core.loop.AstorCoreEngine.createNewProgramVariant(AstorCoreEngine.java:436) - 
--Child created id: 372
[DEBUG] fr.inria.astor.core.loop.AstorCoreEngine.modifyProgramVariant(AstorCoreEngine.java:504) - --Creating new operations for variant [Variant id: 372, #gens: 38, #ops: 0, parent:371]
[DEBUG] fr.inria.astor.core.loop.AstorCoreEngine.modifyProgramVariant(AstorCoreEngine.java:517) - ---analyzing modificationPoint position: 33
[DEBUG] fr.inria.astor.core.loop.AstorCoreEngine.modifyProgramVariant(AstorCoreEngine.java:540) - operation RemoveOp: `return value ` ---> `-` at pos 0 of parent `{ 	return value; }`
[DEBUG] fr.inria.astor.core.loop.AstorCoreEngine.modifyProgramVariant(AstorCoreEngine.java:562) - 
--Summary Creation: for variant [Variant id: 372, #gens: 37, #ops: 1, parent:371] gen mutated: 1 , gen not mut: 0, gen not applied  0
 
[DEBUG] fr.inria.astor.core.loop.AstorCoreEngine.undoSingleGeneration(AstorCoreEngine.java:487) - ---Undoing: gnrtn(186): RemoveOp: `return value ` ---> `-` at pos 0 of parent `{ }`
[DEBUG] fr.inria.astor.core.loop.AstorCoreEngine.prepareNextGeneration(AstorCoreEngine.java:284) - 
End analysis generation - 
Solutions found:--> ()
[DEBUG] fr.inria.astor.core.loop.population.FitnessPopulationController.selectProgramVariantsForNextGeneration(FitnessPopulationController.java:52) - Variants to next generation from: 2-->IDs: (371(f=1.0), 372(f=1.7976931348623157E308), )
[DEBUG] fr.inria.astor.core.loop.population.FitnessPopulationController.selectProgramVariantsForNextGeneration(FitnessPopulationController.java:61) - Selected to next generation: IDs2--> (371(f=1.0), )
[DEBUG] fr.inria.astor.core.loop.AstorCoreEngine.startEvolution(AstorCoreEngine.java:121) - 
----------Running generation/iteraction 187, population size: 1
[DEBUG] fr.inria.astor.core.loop.AstorCoreEngine.processGenerations(AstorCoreEngine.java:211) - 
***** Generation 187
[DEBUG] fr.inria.astor.core.loop.AstorCoreEngine.processGenerations(AstorCoreEngine.java:220) - 
**
*-Parent Variant: [Variant id: 373, #gens: 38, #ops: 0, parent:-]
[DEBUG] fr.inria.astor.core.loop.AstorCoreEngine.createNewProgramVariant(AstorCoreEngine.java:436) - 
--Child created id: 374
[DEBUG] fr.inria.astor.core.loop.AstorCoreEngine.modifyProgramVariant(AstorCoreEngine.java:504) - --Creating new operations for variant [Variant id: 374, #gens: 38, #ops: 0, parent:373]
[DEBUG] fr.inria.astor.core.loop.AstorCoreEngine.modifyProgramVariant(AstorCoreEngine.java:517) - ---analyzing modificationPoint position: 4
[DEBUG] fr.inria.astor.core.loop.AstorCoreEngine.modifyProgramVariant(AstorCoreEngine.java:540) - operation ReplaceOp: `for (int i = 0 ; i < (ran[...] ` ---> `for (int i = 0 ; i < (ran[...]` at pos 1 of parent `{ 	java.util.ArrayList<ja[...]`
[DEBUG] fr.inria.astor.core.loop.spaces.operators.AstorOperator.addPoint(AstorOperator.java:108) - ---ModificPoint=NaturalRanking line: 405, el: CtForImpl
[DEBUG] fr.inria.astor.core.loop.spaces.operators.AstorOperator.addPoint(AstorOperator.java:109) - ---ReplaceOp: `for (int i = 0 ; i < (ran[...] ` ---> `for (int i = 0 ; i < (ran[...]` at pos 1 of parent `{ 	java.util.ArrayList<ja[...]`
[DEBUG] fr.inria.astor.core.loop.AstorCoreEngine.modifyProgramVariant(AstorCoreEngine.java:562) - 
--Summary Creation: for variant [Variant id: 374, #gens: 38, #ops: 1, parent:373] gen mutated: 1 , gen not mut: 0, gen not applied  0
 
[DEBUG] fr.inria.astor.core.loop.AstorCoreEngine.undoSingleGeneration(AstorCoreEngine.java:487) - ---Undoing: gnrtn(187): ReplaceOp: `for (int i = 0 ; i < (ran[...] ` ---> `for (int i = 0 ; i < (ran[...]` at pos 1 of parent `{ 	java.util.ArrayList<ja[...]`
[DEBUG] fr.inria.astor.core.loop.AstorCoreEngine.prepareNextGeneration(AstorCoreEngine.java:284) - 
End analysis generation - 
Solutions found:--> ()
[DEBUG] fr.inria.astor.core.loop.population.FitnessPopulationController.selectProgramVariantsForNextGeneration(FitnessPopulationController.java:52) - Variants to next generation from: 2-->IDs: (373(f=1.0), 374(f=1.7976931348623157E308), )
[DEBUG] fr.inria.astor.core.loop.population.FitnessPopulationController.selectProgramVariantsForNextGeneration(FitnessPopulationController.java:61) - Selected to next generation: IDs2--> (373(f=1.0), )
[DEBUG] fr.inria.astor.core.loop.AstorCoreEngine.startEvolution(AstorCoreEngine.java:121) - 
----------Running generation/iteraction 188, population size: 1
[DEBUG] fr.inria.astor.core.loop.AstorCoreEngine.processGenerations(AstorCoreEngine.java:211) - 
***** Generation 188
[DEBUG] fr.inria.astor.core.loop.AstorCoreEngine.processGenerations(AstorCoreEngine.java:220) - 
**
*-Parent Variant: [Variant id: 375, #gens: 38, #ops: 0, parent:-]
[DEBUG] fr.inria.astor.core.loop.AstorCoreEngine.createNewProgramVariant(AstorCoreEngine.java:436) - 
--Child created id: 376
[DEBUG] fr.inria.astor.core.loop.AstorCoreEngine.modifyProgramVariant(AstorCoreEngine.java:504) - --Creating new operations for variant [Variant id: 376, #gens: 38, #ops: 0, parent:375]
[DEBUG] fr.inria.astor.core.loop.AstorCoreEngine.modifyProgramVariant(AstorCoreEngine.java:517) - ---analyzing modificationPoint position: 6
[DEBUG] fr.inria.astor.core.loop.AstorCoreEngine.modifyProgramVariant(AstorCoreEngine.java:540) - operation InsertBeforeOp: `return out ` ---> `java.util.List<java.lang.[...]` at pos 2 of parent `{ 	java.util.ArrayList<ja[...]`
[DEBUG] fr.inria.astor.core.loop.spaces.operators.AstorOperator.addPoint(AstorOperator.java:108) - ---ModificPoint=NaturalRanking line: 410, el: CtLocalVariableImpl
[DEBUG] fr.inria.astor.core.loop.spaces.operators.AstorOperator.addPoint(AstorOperator.java:109) - ---InsertBeforeOp: `return out ` ---> `java.util.List<java.lang.[...]` at pos 2 of parent `{ 	java.util.ArrayList<ja[...]`
[DEBUG] fr.inria.astor.core.loop.AstorCoreEngine.modifyProgramVariant(AstorCoreEngine.java:562) - 
--Summary Creation: for variant [Variant id: 376, #gens: 39, #ops: 1, parent:375] gen mutated: 1 , gen not mut: 0, gen not applied  0
 
[DEBUG] fr.inria.astor.core.loop.AstorCoreEngine.processCreatedVariant(AstorCoreEngine.java:390) - -The child compiles: id 376
[DEBUG] fr.inria.astor.core.validation.executors.JUnitExecutorProcess.printCommandToExecute(JUnitExecutorProcess.java:140) - Executing process: 
/usr/lib/jvm/java-1.7.0-openjdk-amd64/bin//java  -Xmx2048m  -cp  /tmp/math_30_Genprog_local_s1/./lib/jtestex-0.0.1.jar:/tmp/math_30_Genprog_local_s1/./outputMutation/AstorMain-Math/bin/variant-376/:/tmp/math_30_Genprog_local_s1/lib/:/tmp/math_30_Genprog_local_s1/lib/junit-4.11.jar:/tmp/math_30_Genprog_local_s1/lib/jtestex-0.0.1.jar:/tmp/math_30_Genprog_local_s1/lib/commons-discovery-0.5.jar:/tmp/math_30_Genprog_local_s1/lib/cobertura-2.0.3.jar:/tmp/math_30_Genprog_local_s1/lib/fixran-0.0.1.jar:/tmp/math_30_Genprog_local_s1/lib/evosuite-master-1.0.4-SNAPSHOT.jar:/tmp/math_30_Genprog_local_s1/./outputMutation/AstorMain-Math/bin/default/:/home/mmartinez/defects4j-repair/src/python/core/../../../libs/astor.jar:  JUnitExternalExecutor  org.apache.commons.math3.stat.inference.MannWhitneyUTestTest
[DEBUG] fr.inria.astor.core.validation.executors.JUnitExecutorProcess.execute(JUnitExecutorProcess.java:77) - Execution time 0 seconds
[DEBUG] fr.inria.astor.core.validation.executors.JUnitExecutorProcess.execute(JUnitExecutorProcess.java:80) - Running Exit Value
[DEBUG] fr.inria.astor.core.validation.validators.RegressionValidation.validate(RegressionValidation.java:23) - Failing Val: |false|1|3|[testBigDataSet(org.apache.commons.math3.stat.inference.MannWhitneyUTestTest): null-]|
[DEBUG] fr.inria.astor.core.loop.AstorCoreEngine.processCreatedVariant(AstorCoreEngine.java:395) - -Valid?: false, fitness 1.0
[DEBUG] fr.inria.astor.core.loop.AstorCoreEngine.undoSingleGeneration(AstorCoreEngine.java:487) - ---Undoing: gnrtn(188): InsertBeforeOp: `return out ` ---> `java.util.List<java.lang.[...]` at pos 2 of parent `{ 	java.util.ArrayList<ja[...]`
[DEBUG] fr.inria.astor.core.loop.AstorCoreEngine.prepareNextGeneration(AstorCoreEngine.java:284) - 
End analysis generation - 
Solutions found:--> ()
[DEBUG] fr.inria.astor.core.loop.population.FitnessPopulationController.selectProgramVariantsForNextGeneration(FitnessPopulationController.java:52) - Variants to next generation from: 2-->IDs: (375(f=1.0), 376(f=1.0), )
[DEBUG] fr.inria.astor.core.loop.population.FitnessPopulationController.selectProgramVariantsForNextGeneration(FitnessPopulationController.java:61) - Selected to next generation: IDs2--> (375(f=1.0), )
[DEBUG] fr.inria.astor.core.loop.AstorCoreEngine.startEvolution(AstorCoreEngine.java:121) - 
----------Running generation/iteraction 189, population size: 1
[DEBUG] fr.inria.astor.core.loop.AstorCoreEngine.processGenerations(AstorCoreEngine.java:211) - 
***** Generation 189
[DEBUG] fr.inria.astor.core.loop.AstorCoreEngine.processGenerations(AstorCoreEngine.java:220) - 
**
*-Parent Variant: [Variant id: 377, #gens: 38, #ops: 0, parent:-]
[DEBUG] fr.inria.astor.core.loop.AstorCoreEngine.createNewProgramVariant(AstorCoreEngine.java:436) - 
--Child created id: 378
[DEBUG] fr.inria.astor.core.loop.AstorCoreEngine.modifyProgramVariant(AstorCoreEngine.java:504) - --Creating new operations for variant [Variant id: 378, #gens: 38, #ops: 0, parent:377]
[DEBUG] fr.inria.astor.core.loop.AstorCoreEngine.modifyProgramVariant(AstorCoreEngine.java:517) - ---analyzing modificationPoint position: 19
[DEBUG] fr.inria.astor.core.loop.AstorCoreEngine.modifyProgramVariant(AstorCoreEngine.java:540) - operation RemoveOp: `switch (nanStrategy) { 	c[...] ` ---> `-` at pos 3 of parent `{ 	org.apache.commons.mat[...]`
[DEBUG] fr.inria.astor.core.loop.AstorCoreEngine.modifyProgramVariant(AstorCoreEngine.java:562) - 
--Summary Creation: for variant [Variant id: 378, #gens: 37, #ops: 1, parent:377] gen mutated: 1 , gen not mut: 0, gen not applied  0
 
[DEBUG] fr.inria.astor.core.loop.AstorCoreEngine.processCreatedVariant(AstorCoreEngine.java:390) - -The child compiles: id 378
[DEBUG] fr.inria.astor.core.validation.executors.JUnitExecutorProcess.printCommandToExecute(JUnitExecutorProcess.java:140) - Executing process: 
/usr/lib/jvm/java-1.7.0-openjdk-amd64/bin//java  -Xmx2048m  -cp  /tmp/math_30_Genprog_local_s1/./lib/jtestex-0.0.1.jar:/tmp/math_30_Genprog_local_s1/./outputMutation/AstorMain-Math/bin/variant-378/:/tmp/math_30_Genprog_local_s1/lib/:/tmp/math_30_Genprog_local_s1/lib/junit-4.11.jar:/tmp/math_30_Genprog_local_s1/lib/jtestex-0.0.1.jar:/tmp/math_30_Genprog_local_s1/lib/commons-discovery-0.5.jar:/tmp/math_30_Genprog_local_s1/lib/cobertura-2.0.3.jar:/tmp/math_30_Genprog_local_s1/lib/fixran-0.0.1.jar:/tmp/math_30_Genprog_local_s1/lib/evosuite-master-1.0.4-SNAPSHOT.jar:/tmp/math_30_Genprog_local_s1/./outputMutation/AstorMain-Math/bin/default/:/home/mmartinez/defects4j-repair/src/python/core/../../../libs/astor.jar:  JUnitExternalExecutor  org.apache.commons.math3.stat.inference.MannWhitneyUTestTest
[DEBUG] fr.inria.astor.core.validation.executors.JUnitExecutorProcess.execute(JUnitExecutorProcess.java:77) - Execution time 0 seconds
[DEBUG] fr.inria.astor.core.validation.executors.JUnitExecutorProcess.execute(JUnitExecutorProcess.java:80) - Running Exit Value
[DEBUG] fr.inria.astor.core.validation.validators.RegressionValidation.validate(RegressionValidation.java:23) - Failing Val: |false|2|3|[testBigDataSet(org.apache.commons.math3.stat.inference.MannWhitneyUTestTest): null-, testMannWhitneyUSimple(org.apache.commons.math3.stat.inference.MannWhitneyUTestTest): null-]|
[DEBUG] fr.inria.astor.core.loop.AstorCoreEngine.processCreatedVariant(AstorCoreEngine.java:395) - -Valid?: false, fitness 2.0
[DEBUG] fr.inria.astor.core.loop.AstorCoreEngine.undoSingleGeneration(AstorCoreEngine.java:487) - ---Undoing: gnrtn(189): RemoveOp: `switch (nanStrategy) { 	c[...] ` ---> `-` at pos 3 of parent `{ 	org.apache.commons.mat[...]`
[DEBUG] fr.inria.astor.core.loop.AstorCoreEngine.prepareNextGeneration(AstorCoreEngine.java:284) - 
End analysis generation - 
Solutions found:--> ()
[DEBUG] fr.inria.astor.core.loop.population.FitnessPopulationController.selectProgramVariantsForNextGeneration(FitnessPopulationController.java:52) - Variants to next generation from: 2-->IDs: (377(f=1.0), 378(f=2.0), )
[DEBUG] fr.inria.astor.core.loop.population.FitnessPopulationController.selectProgramVariantsForNextGeneration(FitnessPopulationController.java:61) - Selected to next generation: IDs2--> (377(f=1.0), )
[DEBUG] fr.inria.astor.core.loop.AstorCoreEngine.startEvolution(AstorCoreEngine.java:121) - 
----------Running generation/iteraction 190, population size: 1
[DEBUG] fr.inria.astor.core.loop.AstorCoreEngine.processGenerations(AstorCoreEngine.java:211) - 
***** Generation 190
[DEBUG] fr.inria.astor.core.loop.AstorCoreEngine.processGenerations(AstorCoreEngine.java:220) - 
**
*-Parent Variant: [Variant id: 379, #gens: 38, #ops: 0, parent:-]
[DEBUG] fr.inria.astor.core.loop.AstorCoreEngine.createNewProgramVariant(AstorCoreEngine.java:436) - 
--Child created id: 380
[DEBUG] fr.inria.astor.core.loop.AstorCoreEngine.modifyProgramVariant(AstorCoreEngine.java:504) - --Creating new operations for variant [Variant id: 380, #gens: 38, #ops: 0, parent:379]
[DEBUG] fr.inria.astor.core.loop.AstorCoreEngine.modifyProgramVariant(AstorCoreEngine.java:517) - ---analyzing modificationPoint position: 1
[DEBUG] fr.inria.astor.core.loop.AstorCoreEngine.modifyProgramVariant(AstorCoreEngine.java:540) - operation InsertAfterOp: `if ((nanPositions.size())[...] ` ---> `java.util.List<java.lang.[...]` at pos 0 of parent `{ 	if ((nanPositions.size[...]`
[DEBUG] fr.inria.astor.core.loop.spaces.operators.AstorOperator.addPoint(AstorOperator.java:108) - ---ModificPoint=NaturalRanking line: 387, el: CtLocalVariableImpl
[DEBUG] fr.inria.astor.core.loop.spaces.operators.AstorOperator.addPoint(AstorOperator.java:109) - ---InsertAfterOp: `if ((nanPositions.size())[...] ` ---> `java.util.List<java.lang.[...]` at pos 0 of parent `{ 	if ((nanPositions.size[...]`
[DEBUG] fr.inria.astor.core.loop.AstorCoreEngine.modifyProgramVariant(AstorCoreEngine.java:562) - 
--Summary Creation: for variant [Variant id: 380, #gens: 39, #ops: 1, parent:379] gen mutated: 1 , gen not mut: 0, gen not applied  0
 
[DEBUG] fr.inria.astor.core.loop.AstorCoreEngine.processCreatedVariant(AstorCoreEngine.java:390) - -The child compiles: id 380
[DEBUG] fr.inria.astor.core.validation.executors.JUnitExecutorProcess.printCommandToExecute(JUnitExecutorProcess.java:140) - Executing process: 
/usr/lib/jvm/java-1.7.0-openjdk-amd64/bin//java  -Xmx2048m  -cp  /tmp/math_30_Genprog_local_s1/./lib/jtestex-0.0.1.jar:/tmp/math_30_Genprog_local_s1/./outputMutation/AstorMain-Math/bin/variant-380/:/tmp/math_30_Genprog_local_s1/lib/:/tmp/math_30_Genprog_local_s1/lib/junit-4.11.jar:/tmp/math_30_Genprog_local_s1/lib/jtestex-0.0.1.jar:/tmp/math_30_Genprog_local_s1/lib/commons-discovery-0.5.jar:/tmp/math_30_Genprog_local_s1/lib/cobertura-2.0.3.jar:/tmp/math_30_Genprog_local_s1/lib/fixran-0.0.1.jar:/tmp/math_30_Genprog_local_s1/lib/evosuite-master-1.0.4-SNAPSHOT.jar:/tmp/math_30_Genprog_local_s1/./outputMutation/AstorMain-Math/bin/default/:/home/mmartinez/defects4j-repair/src/python/core/../../../libs/astor.jar:  JUnitExternalExecutor  org.apache.commons.math3.stat.inference.MannWhitneyUTestTest
[DEBUG] fr.inria.astor.core.validation.executors.JUnitExecutorProcess.execute(JUnitExecutorProcess.java:77) - Execution time 0 seconds
[DEBUG] fr.inria.astor.core.validation.executors.JUnitExecutorProcess.execute(JUnitExecutorProcess.java:80) - Running Exit Value
[DEBUG] fr.inria.astor.core.validation.validators.RegressionValidation.validate(RegressionValidation.java:23) - Failing Val: |false|1|3|[testBigDataSet(org.apache.commons.math3.stat.inference.MannWhitneyUTestTest): null-]|
[DEBUG] fr.inria.astor.core.loop.AstorCoreEngine.processCreatedVariant(AstorCoreEngine.java:395) - -Valid?: false, fitness 1.0
[DEBUG] fr.inria.astor.core.loop.AstorCoreEngine.undoSingleGeneration(AstorCoreEngine.java:487) - ---Undoing: gnrtn(190): InsertAfterOp: `if ((nanPositions.size())[...] ` ---> `java.util.List<java.lang.[...]` at pos 0 of parent `{ 	if ((nanPositions.size[...]`
[DEBUG] fr.inria.astor.core.loop.AstorCoreEngine.prepareNextGeneration(AstorCoreEngine.java:284) - 
End analysis generation - 
Solutions found:--> ()
[DEBUG] fr.inria.astor.core.loop.population.FitnessPopulationController.selectProgramVariantsForNextGeneration(FitnessPopulationController.java:52) - Variants to next generation from: 2-->IDs: (379(f=1.0), 380(f=1.0), )
[DEBUG] fr.inria.astor.core.loop.population.FitnessPopulationController.selectProgramVariantsForNextGeneration(FitnessPopulationController.java:61) - Selected to next generation: IDs2--> (379(f=1.0), )
[DEBUG] fr.inria.astor.core.loop.AstorCoreEngine.startEvolution(AstorCoreEngine.java:121) - 
----------Running generation/iteraction 191, population size: 1
[DEBUG] fr.inria.astor.core.loop.AstorCoreEngine.processGenerations(AstorCoreEngine.java:211) - 
***** Generation 191
[DEBUG] fr.inria.astor.core.loop.AstorCoreEngine.processGenerations(AstorCoreEngine.java:220) - 
**
*-Parent Variant: [Variant id: 381, #gens: 38, #ops: 0, parent:-]
[DEBUG] fr.inria.astor.core.loop.AstorCoreEngine.createNewProgramVariant(AstorCoreEngine.java:436) - 
--Child created id: 382
[DEBUG] fr.inria.astor.core.loop.AstorCoreEngine.modifyProgramVariant(AstorCoreEngine.java:504) - --Creating new operations for variant [Variant id: 382, #gens: 38, #ops: 0, parent:381]
[DEBUG] fr.inria.astor.core.loop.AstorCoreEngine.modifyProgramVariant(AstorCoreEngine.java:517) - ---analyzing modificationPoint position: 35
[DEBUG] fr.inria.astor.core.loop.AstorCoreEngine.modifyProgramVariant(AstorCoreEngine.java:540) - operation RemoveOp: `if ((org.apache.commons.m[...] ` ---> `-` at pos 0 of parent `{ 	if ((org.apache.common[...]`
[DEBUG] fr.inria.astor.core.loop.AstorCoreEngine.modifyProgramVariant(AstorCoreEngine.java:562) - 
--Summary Creation: for variant [Variant id: 382, #gens: 37, #ops: 1, parent:381] gen mutated: 1 , gen not mut: 0, gen not applied  0
 
[DEBUG] fr.inria.astor.core.loop.AstorCoreEngine.processCreatedVariant(AstorCoreEngine.java:390) - -The child compiles: id 382
[DEBUG] fr.inria.astor.core.validation.executors.JUnitExecutorProcess.printCommandToExecute(JUnitExecutorProcess.java:140) - Executing process: 
/usr/lib/jvm/java-1.7.0-openjdk-amd64/bin//java  -Xmx2048m  -cp  /tmp/math_30_Genprog_local_s1/./lib/jtestex-0.0.1.jar:/tmp/math_30_Genprog_local_s1/./outputMutation/AstorMain-Math/bin/variant-382/:/tmp/math_30_Genprog_local_s1/lib/:/tmp/math_30_Genprog_local_s1/lib/junit-4.11.jar:/tmp/math_30_Genprog_local_s1/lib/jtestex-0.0.1.jar:/tmp/math_30_Genprog_local_s1/lib/commons-discovery-0.5.jar:/tmp/math_30_Genprog_local_s1/lib/cobertura-2.0.3.jar:/tmp/math_30_Genprog_local_s1/lib/fixran-0.0.1.jar:/tmp/math_30_Genprog_local_s1/lib/evosuite-master-1.0.4-SNAPSHOT.jar:/tmp/math_30_Genprog_local_s1/./outputMutation/AstorMain-Math/bin/default/:/home/mmartinez/defects4j-repair/src/python/core/../../../libs/astor.jar:  JUnitExternalExecutor  org.apache.commons.math3.stat.inference.MannWhitneyUTestTest
[DEBUG] fr.inria.astor.core.validation.executors.JUnitExecutorProcess.execute(JUnitExecutorProcess.java:77) - Execution time 0 seconds
[DEBUG] fr.inria.astor.core.validation.executors.JUnitExecutorProcess.execute(JUnitExecutorProcess.java:80) - Running Exit Value
[DEBUG] fr.inria.astor.core.validation.validators.RegressionValidation.validate(RegressionValidation.java:23) - Failing Val: |false|1|3|[testBigDataSet(org.apache.commons.math3.stat.inference.MannWhitneyUTestTest): null-]|
[DEBUG] fr.inria.astor.core.loop.AstorCoreEngine.processCreatedVariant(AstorCoreEngine.java:395) - -Valid?: false, fitness 1.0
[DEBUG] fr.inria.astor.core.loop.AstorCoreEngine.undoSingleGeneration(AstorCoreEngine.java:487) - ---Undoing: gnrtn(191): RemoveOp: `if ((org.apache.commons.m[...] ` ---> `-` at pos 0 of parent `{ 	final double ret = org[...]`
[DEBUG] fr.inria.astor.core.loop.AstorCoreEngine.prepareNextGeneration(AstorCoreEngine.java:284) - 
End analysis generation - 
Solutions found:--> ()
[DEBUG] fr.inria.astor.core.loop.population.FitnessPopulationController.selectProgramVariantsForNextGeneration(FitnessPopulationController.java:52) - Variants to next generation from: 2-->IDs: (381(f=1.0), 382(f=1.0), )
[DEBUG] fr.inria.astor.core.loop.population.FitnessPopulationController.selectProgramVariantsForNextGeneration(FitnessPopulationController.java:61) - Selected to next generation: IDs2--> (381(f=1.0), )
[DEBUG] fr.inria.astor.core.loop.AstorCoreEngine.startEvolution(AstorCoreEngine.java:121) - 
----------Running generation/iteraction 192, population size: 1
[DEBUG] fr.inria.astor.core.loop.AstorCoreEngine.processGenerations(AstorCoreEngine.java:211) - 
***** Generation 192
[DEBUG] fr.inria.astor.core.loop.AstorCoreEngine.processGenerations(AstorCoreEngine.java:220) - 
**
*-Parent Variant: [Variant id: 383, #gens: 38, #ops: 0, parent:-]
[DEBUG] fr.inria.astor.core.loop.AstorCoreEngine.createNewProgramVariant(AstorCoreEngine.java:436) - 
--Child created id: 384
[DEBUG] fr.inria.astor.core.loop.AstorCoreEngine.modifyProgramVariant(AstorCoreEngine.java:504) - --Creating new operations for variant [Variant id: 384, #gens: 38, #ops: 0, parent:383]
[DEBUG] fr.inria.astor.core.loop.AstorCoreEngine.modifyProgramVariant(AstorCoreEngine.java:517) - ---analyzing modificationPoint position: 2
[DEBUG] fr.inria.astor.core.loop.AstorCoreEngine.modifyProgramVariant(AstorCoreEngine.java:540) - operation InsertBeforeOp: `return  ` ---> `randomData = new org.apac[...]` at pos 0 of parent `{ 	return ; }`
[DEBUG] fr.inria.astor.core.loop.spaces.operators.AstorOperator.addPoint(AstorOperator.java:108) - ---ModificPoint=NaturalRanking line: 388, el: CtAssignmentImpl
[DEBUG] fr.inria.astor.core.loop.spaces.operators.AstorOperator.addPoint(AstorOperator.java:109) - ---InsertBeforeOp: `return  ` ---> `randomData = new org.apac[...]` at pos 0 of parent `{ 	return ; }`
[DEBUG] fr.inria.astor.core.loop.AstorCoreEngine.modifyProgramVariant(AstorCoreEngine.java:562) - 
--Summary Creation: for variant [Variant id: 384, #gens: 39, #ops: 1, parent:383] gen mutated: 1 , gen not mut: 0, gen not applied  0
 
[DEBUG] fr.inria.astor.core.loop.AstorCoreEngine.undoSingleGeneration(AstorCoreEngine.java:487) - ---Undoing: gnrtn(192): InsertBeforeOp: `return  ` ---> `randomData = new org.apac[...]` at pos 0 of parent `{ 	randomData = new org.a[...]`
[DEBUG] fr.inria.astor.core.loop.AstorCoreEngine.prepareNextGeneration(AstorCoreEngine.java:284) - 
End analysis generation - 
Solutions found:--> ()
[DEBUG] fr.inria.astor.core.loop.population.FitnessPopulationController.selectProgramVariantsForNextGeneration(FitnessPopulationController.java:52) - Variants to next generation from: 2-->IDs: (383(f=1.0), 384(f=1.7976931348623157E308), )
[DEBUG] fr.inria.astor.core.loop.population.FitnessPopulationController.selectProgramVariantsForNextGeneration(FitnessPopulationController.java:61) - Selected to next generation: IDs2--> (383(f=1.0), )
[DEBUG] fr.inria.astor.core.loop.AstorCoreEngine.startEvolution(AstorCoreEngine.java:121) - 
----------Running generation/iteraction 193, population size: 1
[DEBUG] fr.inria.astor.core.loop.AstorCoreEngine.processGenerations(AstorCoreEngine.java:211) - 
***** Generation 193
[DEBUG] fr.inria.astor.core.loop.AstorCoreEngine.processGenerations(AstorCoreEngine.java:220) - 
**
*-Parent Variant: [Variant id: 385, #gens: 38, #ops: 0, parent:-]
[DEBUG] fr.inria.astor.core.loop.AstorCoreEngine.createNewProgramVariant(AstorCoreEngine.java:436) - 
--Child created id: 386
[DEBUG] fr.inria.astor.core.loop.AstorCoreEngine.modifyProgramVariant(AstorCoreEngine.java:504) - --Creating new operations for variant [Variant id: 386, #gens: 38, #ops: 0, parent:385]
[DEBUG] fr.inria.astor.core.loop.AstorCoreEngine.modifyProgramVariant(AstorCoreEngine.java:517) - ---analyzing modificationPoint position: 6
[DEBUG] fr.inria.astor.core.loop.AstorCoreEngine.modifyProgramVariant(AstorCoreEngine.java:540) - operation RemoveOp: `return out ` ---> `-` at pos 2 of parent `{ 	java.util.ArrayList<ja[...]`
[DEBUG] fr.inria.astor.core.loop.AstorCoreEngine.modifyProgramVariant(AstorCoreEngine.java:562) - 
--Summary Creation: for variant [Variant id: 386, #gens: 37, #ops: 1, parent:385] gen mutated: 1 , gen not mut: 0, gen not applied  0
 
[DEBUG] fr.inria.astor.core.loop.AstorCoreEngine.undoSingleGeneration(AstorCoreEngine.java:487) - ---Undoing: gnrtn(193): RemoveOp: `return out ` ---> `-` at pos 2 of parent `{ 	java.util.ArrayList<ja[...]`
[DEBUG] fr.inria.astor.core.loop.AstorCoreEngine.prepareNextGeneration(AstorCoreEngine.java:284) - 
End analysis generation - 
Solutions found:--> ()
[DEBUG] fr.inria.astor.core.loop.population.FitnessPopulationController.selectProgramVariantsForNextGeneration(FitnessPopulationController.java:52) - Variants to next generation from: 2-->IDs: (385(f=1.0), 386(f=1.7976931348623157E308), )
[DEBUG] fr.inria.astor.core.loop.population.FitnessPopulationController.selectProgramVariantsForNextGeneration(FitnessPopulationController.java:61) - Selected to next generation: IDs2--> (385(f=1.0), )
[DEBUG] fr.inria.astor.core.loop.AstorCoreEngine.startEvolution(AstorCoreEngine.java:121) - 
----------Running generation/iteraction 194, population size: 1
[DEBUG] fr.inria.astor.core.loop.AstorCoreEngine.processGenerations(AstorCoreEngine.java:211) - 
***** Generation 194
[DEBUG] fr.inria.astor.core.loop.AstorCoreEngine.processGenerations(AstorCoreEngine.java:220) - 
**
*-Parent Variant: [Variant id: 387, #gens: 38, #ops: 0, parent:-]
[DEBUG] fr.inria.astor.core.loop.AstorCoreEngine.createNewProgramVariant(AstorCoreEngine.java:436) - 
--Child created id: 388
[DEBUG] fr.inria.astor.core.loop.AstorCoreEngine.modifyProgramVariant(AstorCoreEngine.java:504) - --Creating new operations for variant [Variant id: 388, #gens: 38, #ops: 0, parent:387]
[DEBUG] fr.inria.astor.core.loop.AstorCoreEngine.modifyProgramVariant(AstorCoreEngine.java:517) - ---analyzing modificationPoint position: 5
[DEBUG] fr.inria.astor.core.loop.spaces.ingredients.ingredientSearch.EfficientIngredientStrategy.getFixIngredient(EfficientIngredientStrategy.java:90) - --- no mutation left to apply in element if ((java.lang.Double#isNaN(double)((org.apache.commons.math3.stat.ranking.NaturalRanking$IntDoublePair#getValue()())))) then {
(java.util.ArrayList#add(E)((java.lang.Integer#valueOf(int)(int int i))));
} else
[DEBUG] fr.inria.astor.approaches.jgenprog.JGenProg.createOperatorInstanceForPoint(JGenProg.java:230) - Any ingredient for this point, we discard it
[DEBUG] fr.inria.astor.core.loop.AstorCoreEngine.modifyProgramVariant(AstorCoreEngine.java:553) - ---modifPoint 0 not mutation generated in  if ((java.lang.Double#isN[...]
[DEBUG] fr.inria.astor.core.loop.AstorCoreEngine.modifyProgramVariant(AstorCoreEngine.java:517) - ---analyzing modificationPoint position: 7
[DEBUG] fr.inria.astor.core.loop.AstorCoreEngine.modifyProgramVariant(AstorCoreEngine.java:540) - operation ReplaceOp: `ret = java.lang.Double.Na[...] ` ---> `ret = 1.0 - (org.apache.c[...]` at pos 0 of parent `{ 	ret = java.lang.Double[...]`
[DEBUG] fr.inria.astor.core.loop.spaces.operators.AstorOperator.addPoint(AstorOperator.java:108) - ---ModificPoint=Gamma line: 155, el: CtAssignmentImpl
[DEBUG] fr.inria.astor.core.loop.spaces.operators.AstorOperator.addPoint(AstorOperator.java:109) - ---ReplaceOp: `ret = java.lang.Double.Na[...] ` ---> `ret = 1.0 - (org.apache.c[...]` at pos 0 of parent `{ 	ret = java.lang.Double[...]`
[DEBUG] fr.inria.astor.core.loop.AstorCoreEngine.modifyProgramVariant(AstorCoreEngine.java:562) - 
--Summary Creation: for variant [Variant id: 388, #gens: 38, #ops: 1, parent:387] gen mutated: 1 , gen not mut: 1, gen not applied  0
 
[DEBUG] fr.inria.astor.core.loop.AstorCoreEngine.processCreatedVariant(AstorCoreEngine.java:390) - -The child compiles: id 388
[DEBUG] fr.inria.astor.core.validation.executors.JUnitExecutorProcess.printCommandToExecute(JUnitExecutorProcess.java:140) - Executing process: 
/usr/lib/jvm/java-1.7.0-openjdk-amd64/bin//java  -Xmx2048m  -cp  /tmp/math_30_Genprog_local_s1/./lib/jtestex-0.0.1.jar:/tmp/math_30_Genprog_local_s1/./outputMutation/AstorMain-Math/bin/variant-388/:/tmp/math_30_Genprog_local_s1/lib/:/tmp/math_30_Genprog_local_s1/lib/junit-4.11.jar:/tmp/math_30_Genprog_local_s1/lib/jtestex-0.0.1.jar:/tmp/math_30_Genprog_local_s1/lib/commons-discovery-0.5.jar:/tmp/math_30_Genprog_local_s1/lib/cobertura-2.0.3.jar:/tmp/math_30_Genprog_local_s1/lib/fixran-0.0.1.jar:/tmp/math_30_Genprog_local_s1/lib/evosuite-master-1.0.4-SNAPSHOT.jar:/tmp/math_30_Genprog_local_s1/./outputMutation/AstorMain-Math/bin/default/:/home/mmartinez/defects4j-repair/src/python/core/../../../libs/astor.jar:  JUnitExternalExecutor  org.apache.commons.math3.stat.inference.MannWhitneyUTestTest
[DEBUG] fr.inria.astor.core.validation.executors.JUnitExecutorProcess.execute(JUnitExecutorProcess.java:77) - Execution time 0 seconds
[DEBUG] fr.inria.astor.core.validation.executors.JUnitExecutorProcess.execute(JUnitExecutorProcess.java:80) - Running Exit Value
[DEBUG] fr.inria.astor.core.validation.validators.RegressionValidation.validate(RegressionValidation.java:23) - Failing Val: |false|1|3|[testBigDataSet(org.apache.commons.math3.stat.inference.MannWhitneyUTestTest): null-]|
[DEBUG] fr.inria.astor.core.loop.AstorCoreEngine.processCreatedVariant(AstorCoreEngine.java:395) - -Valid?: false, fitness 1.0
[DEBUG] fr.inria.astor.core.loop.AstorCoreEngine.undoSingleGeneration(AstorCoreEngine.java:487) - ---Undoing: gnrtn(194): ReplaceOp: `ret = java.lang.Double.Na[...] ` ---> `ret = 1.0 - (org.apache.c[...]` at pos 0 of parent `{ 	ret = 1.0 - (org.apach[...]`
[DEBUG] fr.inria.astor.core.loop.AstorCoreEngine.prepareNextGeneration(AstorCoreEngine.java:284) - 
End analysis generation - 
Solutions found:--> ()
[DEBUG] fr.inria.astor.core.loop.population.FitnessPopulationController.selectProgramVariantsForNextGeneration(FitnessPopulationController.java:52) - Variants to next generation from: 2-->IDs: (387(f=1.0), 388(f=1.0), )
[DEBUG] fr.inria.astor.core.loop.population.FitnessPopulationController.selectProgramVariantsForNextGeneration(FitnessPopulationController.java:61) - Selected to next generation: IDs2--> (387(f=1.0), )
[DEBUG] fr.inria.astor.core.loop.AstorCoreEngine.startEvolution(AstorCoreEngine.java:121) - 
----------Running generation/iteraction 195, population size: 1
[DEBUG] fr.inria.astor.core.loop.AstorCoreEngine.processGenerations(AstorCoreEngine.java:211) - 
***** Generation 195
[DEBUG] fr.inria.astor.core.loop.AstorCoreEngine.processGenerations(AstorCoreEngine.java:220) - 
**
*-Parent Variant: [Variant id: 389, #gens: 38, #ops: 0, parent:-]
[DEBUG] fr.inria.astor.core.loop.AstorCoreEngine.createNewProgramVariant(AstorCoreEngine.java:436) - 
--Child created id: 390
[DEBUG] fr.inria.astor.core.loop.AstorCoreEngine.modifyProgramVariant(AstorCoreEngine.java:504) - --Creating new operations for variant [Variant id: 390, #gens: 38, #ops: 0, parent:389]
[DEBUG] fr.inria.astor.core.loop.AstorCoreEngine.modifyProgramVariant(AstorCoreEngine.java:517) - ---analyzing modificationPoint position: 28
[DEBUG] fr.inria.astor.core.loop.AstorCoreEngine.modifyProgramVariant(AstorCoreEngine.java:540) - operation RemoveOp: `out[ranks[i].getPosition([...] ` ---> `-` at pos 1 of parent `{ 	if ((java.lang.Double.[...]`
[DEBUG] fr.inria.astor.core.loop.AstorCoreEngine.modifyProgramVariant(AstorCoreEngine.java:562) - 
--Summary Creation: for variant [Variant id: 390, #gens: 37, #ops: 1, parent:389] gen mutated: 1 , gen not mut: 0, gen not applied  0
 
[DEBUG] fr.inria.astor.core.loop.AstorCoreEngine.processCreatedVariant(AstorCoreEngine.java:390) - -The child compiles: id 390
[DEBUG] fr.inria.astor.core.validation.executors.JUnitExecutorProcess.printCommandToExecute(JUnitExecutorProcess.java:140) - Executing process: 
/usr/lib/jvm/java-1.7.0-openjdk-amd64/bin//java  -Xmx2048m  -cp  /tmp/math_30_Genprog_local_s1/./lib/jtestex-0.0.1.jar:/tmp/math_30_Genprog_local_s1/./outputMutation/AstorMain-Math/bin/variant-390/:/tmp/math_30_Genprog_local_s1/lib/:/tmp/math_30_Genprog_local_s1/lib/junit-4.11.jar:/tmp/math_30_Genprog_local_s1/lib/jtestex-0.0.1.jar:/tmp/math_30_Genprog_local_s1/lib/commons-discovery-0.5.jar:/tmp/math_30_Genprog_local_s1/lib/cobertura-2.0.3.jar:/tmp/math_30_Genprog_local_s1/lib/fixran-0.0.1.jar:/tmp/math_30_Genprog_local_s1/lib/evosuite-master-1.0.4-SNAPSHOT.jar:/tmp/math_30_Genprog_local_s1/./outputMutation/AstorMain-Math/bin/default/:/home/mmartinez/defects4j-repair/src/python/core/../../../libs/astor.jar:  JUnitExternalExecutor  org.apache.commons.math3.stat.inference.MannWhitneyUTestTest
[DEBUG] fr.inria.astor.core.validation.executors.JUnitExecutorProcess.execute(JUnitExecutorProcess.java:77) - Execution time 0 seconds
[DEBUG] fr.inria.astor.core.validation.executors.JUnitExecutorProcess.execute(JUnitExecutorProcess.java:80) - Running Exit Value
[DEBUG] fr.inria.astor.core.validation.validators.RegressionValidation.validate(RegressionValidation.java:23) - Failing Val: |false|2|3|[testBigDataSet(org.apache.commons.math3.stat.inference.MannWhitneyUTestTest): null-, testMannWhitneyUSimple(org.apache.commons.math3.stat.inference.MannWhitneyUTestTest): expected:<17.0> but was:<35.0>-]|
[DEBUG] fr.inria.astor.core.loop.AstorCoreEngine.processCreatedVariant(AstorCoreEngine.java:395) - -Valid?: false, fitness 2.0
[DEBUG] fr.inria.astor.core.loop.AstorCoreEngine.undoSingleGeneration(AstorCoreEngine.java:487) - ---Undoing: gnrtn(195): RemoveOp: `out[ranks[i].getPosition([...] ` ---> `-` at pos 1 of parent `{ 	if ((java.lang.Double.[...]`
[DEBUG] fr.inria.astor.core.loop.AstorCoreEngine.prepareNextGeneration(AstorCoreEngine.java:284) - 
End analysis generation - 
Solutions found:--> ()
[DEBUG] fr.inria.astor.core.loop.population.FitnessPopulationController.selectProgramVariantsForNextGeneration(FitnessPopulationController.java:52) - Variants to next generation from: 2-->IDs: (389(f=1.0), 390(f=2.0), )
[DEBUG] fr.inria.astor.core.loop.population.FitnessPopulationController.selectProgramVariantsForNextGeneration(FitnessPopulationController.java:61) - Selected to next generation: IDs2--> (389(f=1.0), )
[DEBUG] fr.inria.astor.core.loop.AstorCoreEngine.startEvolution(AstorCoreEngine.java:121) - 
----------Running generation/iteraction 196, population size: 1
[DEBUG] fr.inria.astor.core.loop.AstorCoreEngine.processGenerations(AstorCoreEngine.java:211) - 
***** Generation 196
[DEBUG] fr.inria.astor.core.loop.AstorCoreEngine.processGenerations(AstorCoreEngine.java:220) - 
**
*-Parent Variant: [Variant id: 391, #gens: 38, #ops: 0, parent:-]
[DEBUG] fr.inria.astor.core.loop.AstorCoreEngine.createNewProgramVariant(AstorCoreEngine.java:436) - 
--Child created id: 392
[DEBUG] fr.inria.astor.core.loop.AstorCoreEngine.modifyProgramVariant(AstorCoreEngine.java:504) - --Creating new operations for variant [Variant id: 392, #gens: 38, #ops: 0, parent:391]
[DEBUG] fr.inria.astor.core.loop.AstorCoreEngine.modifyProgramVariant(AstorCoreEngine.java:517) - ---analyzing modificationPoint position: 4
[DEBUG] fr.inria.astor.core.loop.AstorCoreEngine.modifyProgramVariant(AstorCoreEngine.java:540) - operation RemoveOp: `for (int i = 0 ; i < (ran[...] ` ---> `-` at pos 1 of parent `{ 	java.util.ArrayList<ja[...]`
[DEBUG] fr.inria.astor.core.loop.AstorCoreEngine.modifyProgramVariant(AstorCoreEngine.java:562) - 
--Summary Creation: for variant [Variant id: 392, #gens: 37, #ops: 1, parent:391] gen mutated: 1 , gen not mut: 0, gen not applied  0
 
[DEBUG] fr.inria.astor.core.loop.AstorCoreEngine.processCreatedVariant(AstorCoreEngine.java:390) - -The child compiles: id 392
[DEBUG] fr.inria.astor.core.validation.executors.JUnitExecutorProcess.printCommandToExecute(JUnitExecutorProcess.java:140) - Executing process: 
/usr/lib/jvm/java-1.7.0-openjdk-amd64/bin//java  -Xmx2048m  -cp  /tmp/math_30_Genprog_local_s1/./lib/jtestex-0.0.1.jar:/tmp/math_30_Genprog_local_s1/./outputMutation/AstorMain-Math/bin/variant-392/:/tmp/math_30_Genprog_local_s1/lib/:/tmp/math_30_Genprog_local_s1/lib/junit-4.11.jar:/tmp/math_30_Genprog_local_s1/lib/jtestex-0.0.1.jar:/tmp/math_30_Genprog_local_s1/lib/commons-discovery-0.5.jar:/tmp/math_30_Genprog_local_s1/lib/cobertura-2.0.3.jar:/tmp/math_30_Genprog_local_s1/lib/fixran-0.0.1.jar:/tmp/math_30_Genprog_local_s1/lib/evosuite-master-1.0.4-SNAPSHOT.jar:/tmp/math_30_Genprog_local_s1/./outputMutation/AstorMain-Math/bin/default/:/home/mmartinez/defects4j-repair/src/python/core/../../../libs/astor.jar:  JUnitExternalExecutor  org.apache.commons.math3.stat.inference.MannWhitneyUTestTest
[DEBUG] fr.inria.astor.core.validation.executors.JUnitExecutorProcess.execute(JUnitExecutorProcess.java:77) - Execution time 0 seconds
[DEBUG] fr.inria.astor.core.validation.executors.JUnitExecutorProcess.execute(JUnitExecutorProcess.java:80) - Running Exit Value
[DEBUG] fr.inria.astor.core.validation.validators.RegressionValidation.validate(RegressionValidation.java:23) - Failing Val: |false|1|3|[testBigDataSet(org.apache.commons.math3.stat.inference.MannWhitneyUTestTest): null-]|
[DEBUG] fr.inria.astor.core.loop.AstorCoreEngine.processCreatedVariant(AstorCoreEngine.java:395) - -Valid?: false, fitness 1.0
[DEBUG] fr.inria.astor.core.loop.AstorCoreEngine.undoSingleGeneration(AstorCoreEngine.java:487) - ---Undoing: gnrtn(196): RemoveOp: `for (int i = 0 ; i < (ran[...] ` ---> `-` at pos 1 of parent `{ 	java.util.ArrayList<ja[...]`
[DEBUG] fr.inria.astor.core.loop.AstorCoreEngine.prepareNextGeneration(AstorCoreEngine.java:284) - 
End analysis generation - 
Solutions found:--> ()
[DEBUG] fr.inria.astor.core.loop.population.FitnessPopulationController.selectProgramVariantsForNextGeneration(FitnessPopulationController.java:52) - Variants to next generation from: 2-->IDs: (391(f=1.0), 392(f=1.0), )
[DEBUG] fr.inria.astor.core.loop.population.FitnessPopulationController.selectProgramVariantsForNextGeneration(FitnessPopulationController.java:61) - Selected to next generation: IDs2--> (391(f=1.0), )
[DEBUG] fr.inria.astor.core.loop.AstorCoreEngine.startEvolution(AstorCoreEngine.java:121) - 
----------Running generation/iteraction 197, population size: 1
[DEBUG] fr.inria.astor.core.loop.AstorCoreEngine.processGenerations(AstorCoreEngine.java:211) - 
***** Generation 197
[DEBUG] fr.inria.astor.core.loop.AstorCoreEngine.processGenerations(AstorCoreEngine.java:220) - 
**
*-Parent Variant: [Variant id: 393, #gens: 38, #ops: 0, parent:-]
[DEBUG] fr.inria.astor.core.loop.AstorCoreEngine.createNewProgramVariant(AstorCoreEngine.java:436) - 
--Child created id: 394
[DEBUG] fr.inria.astor.core.loop.AstorCoreEngine.modifyProgramVariant(AstorCoreEngine.java:504) - --Creating new operations for variant [Variant id: 394, #gens: 38, #ops: 0, parent:393]
[DEBUG] fr.inria.astor.core.loop.AstorCoreEngine.modifyProgramVariant(AstorCoreEngine.java:517) - ---analyzing modificationPoint position: 27
[DEBUG] fr.inria.astor.core.loop.AstorCoreEngine.modifyProgramVariant(AstorCoreEngine.java:540) - operation RemoveOp: `if ((java.lang.Double.com[...] ` ---> `-` at pos 0 of parent `{ 	if ((java.lang.Double.[...]`
[DEBUG] fr.inria.astor.core.loop.AstorCoreEngine.modifyProgramVariant(AstorCoreEngine.java:562) - 
--Summary Creation: for variant [Variant id: 394, #gens: 37, #ops: 1, parent:393] gen mutated: 1 , gen not mut: 0, gen not applied  0
 
[DEBUG] fr.inria.astor.core.loop.AstorCoreEngine.processCreatedVariant(AstorCoreEngine.java:390) - -The child compiles: id 394
[DEBUG] fr.inria.astor.core.validation.executors.JUnitExecutorProcess.printCommandToExecute(JUnitExecutorProcess.java:140) - Executing process: 
/usr/lib/jvm/java-1.7.0-openjdk-amd64/bin//java  -Xmx2048m  -cp  /tmp/math_30_Genprog_local_s1/./lib/jtestex-0.0.1.jar:/tmp/math_30_Genprog_local_s1/./outputMutation/AstorMain-Math/bin/variant-394/:/tmp/math_30_Genprog_local_s1/lib/:/tmp/math_30_Genprog_local_s1/lib/junit-4.11.jar:/tmp/math_30_Genprog_local_s1/lib/jtestex-0.0.1.jar:/tmp/math_30_Genprog_local_s1/lib/commons-discovery-0.5.jar:/tmp/math_30_Genprog_local_s1/lib/cobertura-2.0.3.jar:/tmp/math_30_Genprog_local_s1/lib/fixran-0.0.1.jar:/tmp/math_30_Genprog_local_s1/lib/evosuite-master-1.0.4-SNAPSHOT.jar:/tmp/math_30_Genprog_local_s1/./outputMutation/AstorMain-Math/bin/default/:/home/mmartinez/defects4j-repair/src/python/core/../../../libs/astor.jar:  JUnitExternalExecutor  org.apache.commons.math3.stat.inference.MannWhitneyUTestTest
[DEBUG] fr.inria.astor.core.validation.executors.JUnitExecutorProcess.execute(JUnitExecutorProcess.java:77) - Execution time 0 seconds
[DEBUG] fr.inria.astor.core.validation.executors.JUnitExecutorProcess.execute(JUnitExecutorProcess.java:80) - Running Exit Value
[DEBUG] fr.inria.astor.core.validation.validators.RegressionValidation.validate(RegressionValidation.java:23) - Failing Val: |false|2|3|[testBigDataSet(org.apache.commons.math3.stat.inference.MannWhitneyUTestTest): null-, testMannWhitneyUSimple(org.apache.commons.math3.stat.inference.MannWhitneyUTestTest): expected:<17.0> but was:<30.0>-]|
[DEBUG] fr.inria.astor.core.loop.AstorCoreEngine.processCreatedVariant(AstorCoreEngine.java:395) - -Valid?: false, fitness 2.0
[DEBUG] fr.inria.astor.core.loop.AstorCoreEngine.undoSingleGeneration(AstorCoreEngine.java:487) - ---Undoing: gnrtn(197): RemoveOp: `if ((java.lang.Double.com[...] ` ---> `-` at pos 0 of parent `{ 	out[ranks[i].getPositi[...]`
[DEBUG] fr.inria.astor.core.loop.AstorCoreEngine.prepareNextGeneration(AstorCoreEngine.java:284) - 
End analysis generation - 
Solutions found:--> ()
[DEBUG] fr.inria.astor.core.loop.population.FitnessPopulationController.selectProgramVariantsForNextGeneration(FitnessPopulationController.java:52) - Variants to next generation from: 2-->IDs: (393(f=1.0), 394(f=2.0), )
[DEBUG] fr.inria.astor.core.loop.population.FitnessPopulationController.selectProgramVariantsForNextGeneration(FitnessPopulationController.java:61) - Selected to next generation: IDs2--> (393(f=1.0), )
[DEBUG] fr.inria.astor.core.loop.AstorCoreEngine.startEvolution(AstorCoreEngine.java:121) - 
----------Running generation/iteraction 198, population size: 1
[DEBUG] fr.inria.astor.core.loop.AstorCoreEngine.processGenerations(AstorCoreEngine.java:211) - 
***** Generation 198
[DEBUG] fr.inria.astor.core.loop.AstorCoreEngine.processGenerations(AstorCoreEngine.java:220) - 
**
*-Parent Variant: [Variant id: 395, #gens: 38, #ops: 0, parent:-]
[DEBUG] fr.inria.astor.core.loop.AstorCoreEngine.createNewProgramVariant(AstorCoreEngine.java:436) - 
--Child created id: 396
[DEBUG] fr.inria.astor.core.loop.AstorCoreEngine.modifyProgramVariant(AstorCoreEngine.java:504) - --Creating new operations for variant [Variant id: 396, #gens: 38, #ops: 0, parent:395]
[DEBUG] fr.inria.astor.core.loop.AstorCoreEngine.modifyProgramVariant(AstorCoreEngine.java:517) - ---analyzing modificationPoint position: 25
[DEBUG] fr.inria.astor.core.loop.AstorCoreEngine.modifyProgramVariant(AstorCoreEngine.java:540) - operation InsertBeforeOp: `tiesTrace.add(ranks[0].ge[...] ` ---> `return true` at pos 9 of parent `{ 	org.apache.commons.mat[...]`
[DEBUG] fr.inria.astor.core.loop.spaces.operators.AstorOperator.addPoint(AstorOperator.java:108) - ---ModificPoint=NaturalRanking line: 226, el: CtReturnImpl
[DEBUG] fr.inria.astor.core.loop.spaces.operators.AstorOperator.addPoint(AstorOperator.java:109) - ---InsertBeforeOp: `tiesTrace.add(ranks[0].ge[...] ` ---> `return true` at pos 9 of parent `{ 	org.apache.commons.mat[...]`
[DEBUG] fr.inria.astor.core.loop.AstorCoreEngine.modifyProgramVariant(AstorCoreEngine.java:562) - 
--Summary Creation: for variant [Variant id: 396, #gens: 39, #ops: 1, parent:395] gen mutated: 1 , gen not mut: 0, gen not applied  0
 
[DEBUG] fr.inria.astor.core.loop.AstorCoreEngine.undoSingleGeneration(AstorCoreEngine.java:487) - ---Undoing: gnrtn(198): InsertBeforeOp: `tiesTrace.add(ranks[0].ge[...] ` ---> `return true` at pos 9 of parent `{ 	org.apache.commons.mat[...]`
[DEBUG] fr.inria.astor.core.loop.AstorCoreEngine.prepareNextGeneration(AstorCoreEngine.java:284) - 
End analysis generation - 
Solutions found:--> ()
[DEBUG] fr.inria.astor.core.loop.population.FitnessPopulationController.selectProgramVariantsForNextGeneration(FitnessPopulationController.java:52) - Variants to next generation from: 2-->IDs: (395(f=1.0), 396(f=1.7976931348623157E308), )
[DEBUG] fr.inria.astor.core.loop.population.FitnessPopulationController.selectProgramVariantsForNextGeneration(FitnessPopulationController.java:61) - Selected to next generation: IDs2--> (395(f=1.0), )
[DEBUG] fr.inria.astor.core.loop.AstorCoreEngine.startEvolution(AstorCoreEngine.java:121) - 
----------Running generation/iteraction 199, population size: 1
[DEBUG] fr.inria.astor.core.loop.AstorCoreEngine.processGenerations(AstorCoreEngine.java:211) - 
***** Generation 199
[DEBUG] fr.inria.astor.core.loop.AstorCoreEngine.processGenerations(AstorCoreEngine.java:220) - 
**
*-Parent Variant: [Variant id: 397, #gens: 38, #ops: 0, parent:-]
[DEBUG] fr.inria.astor.core.loop.AstorCoreEngine.createNewProgramVariant(AstorCoreEngine.java:436) - 
--Child created id: 398
[DEBUG] fr.inria.astor.core.loop.AstorCoreEngine.modifyProgramVariant(AstorCoreEngine.java:504) - --Creating new operations for variant [Variant id: 398, #gens: 38, #ops: 0, parent:397]
[DEBUG] fr.inria.astor.core.loop.AstorCoreEngine.modifyProgramVariant(AstorCoreEngine.java:517) - ---analyzing modificationPoint position: 37
[DEBUG] fr.inria.astor.core.loop.AstorCoreEngine.modifyProgramVariant(AstorCoreEngine.java:540) - operation ReplaceOp: `return x < 0 ? -ret : ret ` ---> `return (org.apache.common[...]` at pos 2 of parent `{ 	if ((org.apache.common[...]`
[DEBUG] fr.inria.astor.core.loop.spaces.operators.AstorOperator.addPoint(AstorOperator.java:108) - ---ModificPoint=Erf line: 71, el: CtReturnImpl
[DEBUG] fr.inria.astor.core.loop.spaces.operators.AstorOperator.addPoint(AstorOperator.java:109) - ---ReplaceOp: `return x < 0 ? -ret : ret ` ---> `return (org.apache.common[...]` at pos 2 of parent `{ 	if ((org.apache.common[...]`
[DEBUG] fr.inria.astor.core.loop.AstorCoreEngine.modifyProgramVariant(AstorCoreEngine.java:562) - 
--Summary Creation: for variant [Variant id: 398, #gens: 38, #ops: 1, parent:397] gen mutated: 1 , gen not mut: 0, gen not applied  0
 
[DEBUG] fr.inria.astor.core.loop.AstorCoreEngine.processCreatedVariant(AstorCoreEngine.java:390) - -The child compiles: id 398
[DEBUG] fr.inria.astor.core.validation.executors.JUnitExecutorProcess.printCommandToExecute(JUnitExecutorProcess.java:140) - Executing process: 
/usr/lib/jvm/java-1.7.0-openjdk-amd64/bin//java  -Xmx2048m  -cp  /tmp/math_30_Genprog_local_s1/./lib/jtestex-0.0.1.jar:/tmp/math_30_Genprog_local_s1/./outputMutation/AstorMain-Math/bin/variant-398/:/tmp/math_30_Genprog_local_s1/lib/:/tmp/math_30_Genprog_local_s1/lib/junit-4.11.jar:/tmp/math_30_Genprog_local_s1/lib/jtestex-0.0.1.jar:/tmp/math_30_Genprog_local_s1/lib/commons-discovery-0.5.jar:/tmp/math_30_Genprog_local_s1/lib/cobertura-2.0.3.jar:/tmp/math_30_Genprog_local_s1/lib/fixran-0.0.1.jar:/tmp/math_30_Genprog_local_s1/lib/evosuite-master-1.0.4-SNAPSHOT.jar:/tmp/math_30_Genprog_local_s1/./outputMutation/AstorMain-Math/bin/default/:/home/mmartinez/defects4j-repair/src/python/core/../../../libs/astor.jar:  JUnitExternalExecutor  org.apache.commons.math3.stat.inference.MannWhitneyUTestTest
[DEBUG] fr.inria.astor.core.validation.executors.JUnitExecutorProcess.execute(JUnitExecutorProcess.java:77) - Execution time 0 seconds
[DEBUG] fr.inria.astor.core.validation.executors.JUnitExecutorProcess.execute(JUnitExecutorProcess.java:80) - Running Exit Value
[DEBUG] fr.inria.astor.core.validation.validators.RegressionValidation.validate(RegressionValidation.java:23) - Failing Val: |false|2|3|[testBigDataSet(org.apache.commons.math3.stat.inference.MannWhitneyUTestTest): null-, testMannWhitneyUSimple(org.apache.commons.math3.stat.inference.MannWhitneyUTestTest): expected:<0.08641> but was:<5.538144436052657>-]|
[DEBUG] fr.inria.astor.core.loop.AstorCoreEngine.processCreatedVariant(AstorCoreEngine.java:395) - -Valid?: false, fitness 2.0
[DEBUG] fr.inria.astor.core.loop.AstorCoreEngine.undoSingleGeneration(AstorCoreEngine.java:487) - ---Undoing: gnrtn(199): ReplaceOp: `return x < 0 ? -ret : ret ` ---> `return (org.apache.common[...]` at pos 2 of parent `{ 	if ((org.apache.common[...]`
[DEBUG] fr.inria.astor.core.loop.AstorCoreEngine.prepareNextGeneration(AstorCoreEngine.java:284) - 
End analysis generation - 
Solutions found:--> ()
[DEBUG] fr.inria.astor.core.loop.population.FitnessPopulationController.selectProgramVariantsForNextGeneration(FitnessPopulationController.java:52) - Variants to next generation from: 2-->IDs: (397(f=1.0), 398(f=2.0), )
[DEBUG] fr.inria.astor.core.loop.population.FitnessPopulationController.selectProgramVariantsForNextGeneration(FitnessPopulationController.java:61) - Selected to next generation: IDs2--> (397(f=1.0), )
[DEBUG] fr.inria.astor.core.loop.AstorCoreEngine.startEvolution(AstorCoreEngine.java:121) - 
----------Running generation/iteraction 200, population size: 1
[DEBUG] fr.inria.astor.core.loop.AstorCoreEngine.processGenerations(AstorCoreEngine.java:211) - 
***** Generation 200
[DEBUG] fr.inria.astor.core.loop.AstorCoreEngine.processGenerations(AstorCoreEngine.java:220) - 
**
*-Parent Variant: [Variant id: 399, #gens: 38, #ops: 0, parent:-]
[DEBUG] fr.inria.astor.core.loop.AstorCoreEngine.createNewProgramVariant(AstorCoreEngine.java:436) - 
--Child created id: 400
[DEBUG] fr.inria.astor.core.loop.AstorCoreEngine.modifyProgramVariant(AstorCoreEngine.java:504) - --Creating new operations for variant [Variant id: 400, #gens: 38, #ops: 0, parent:399]
[DEBUG] fr.inria.astor.core.loop.AstorCoreEngine.modifyProgramVariant(AstorCoreEngine.java:517) - ---analyzing modificationPoint position: 3
[DEBUG] fr.inria.astor.core.loop.AstorCoreEngine.modifyProgramVariant(AstorCoreEngine.java:540) - operation ReplaceOp: `java.util.ArrayList<java.[...] ` ---> `int pos = 1` at pos 0 of parent `{ 	java.util.ArrayList<ja[...]`
[DEBUG] fr.inria.astor.core.loop.spaces.operators.AstorOperator.addPoint(AstorOperator.java:108) - ---ModificPoint=NaturalRanking line: 404, el: CtLocalVariableImpl
[DEBUG] fr.inria.astor.core.loop.spaces.operators.AstorOperator.addPoint(AstorOperator.java:109) - ---ReplaceOp: `java.util.ArrayList<java.[...] ` ---> `int pos = 1` at pos 0 of parent `{ 	java.util.ArrayList<ja[...]`
[DEBUG] fr.inria.astor.core.loop.AstorCoreEngine.modifyProgramVariant(AstorCoreEngine.java:562) - 
--Summary Creation: for variant [Variant id: 400, #gens: 38, #ops: 1, parent:399] gen mutated: 1 , gen not mut: 0, gen not applied  0
 
[DEBUG] fr.inria.astor.core.loop.AstorCoreEngine.undoSingleGeneration(AstorCoreEngine.java:487) - ---Undoing: gnrtn(200): ReplaceOp: `java.util.ArrayList<java.[...] ` ---> `int pos = 1` at pos 0 of parent `{ 	int pos = 1; 	for (int[...]`
[DEBUG] fr.inria.astor.core.loop.AstorCoreEngine.prepareNextGeneration(AstorCoreEngine.java:284) - 
End analysis generation - 
Solutions found:--> ()
[DEBUG] fr.inria.astor.core.loop.population.FitnessPopulationController.selectProgramVariantsForNextGeneration(FitnessPopulationController.java:52) - Variants to next generation from: 2-->IDs: (399(f=1.0), 400(f=1.7976931348623157E308), )
[DEBUG] fr.inria.astor.core.loop.population.FitnessPopulationController.selectProgramVariantsForNextGeneration(FitnessPopulationController.java:61) - Selected to next generation: IDs2--> (399(f=1.0), )
[DEBUG] fr.inria.astor.core.loop.AstorCoreEngine.startEvolution(AstorCoreEngine.java:121) - 
----------Running generation/iteraction 201, population size: 1
[DEBUG] fr.inria.astor.core.loop.AstorCoreEngine.processGenerations(AstorCoreEngine.java:211) - 
***** Generation 201
[DEBUG] fr.inria.astor.core.loop.AstorCoreEngine.processGenerations(AstorCoreEngine.java:220) - 
**
*-Parent Variant: [Variant id: 401, #gens: 38, #ops: 0, parent:-]
[DEBUG] fr.inria.astor.core.loop.AstorCoreEngine.createNewProgramVariant(AstorCoreEngine.java:436) - 
--Child created id: 402
[DEBUG] fr.inria.astor.core.loop.AstorCoreEngine.modifyProgramVariant(AstorCoreEngine.java:504) - --Creating new operations for variant [Variant id: 402, #gens: 38, #ops: 0, parent:401]
[DEBUG] fr.inria.astor.core.loop.AstorCoreEngine.modifyProgramVariant(AstorCoreEngine.java:517) - ---analyzing modificationPoint position: 8
[DEBUG] fr.inria.astor.core.loop.AstorCoreEngine.modifyProgramVariant(AstorCoreEngine.java:540) - operation InsertAfterOp: `final double dev = x - (m[...] ` ---> `return 0` at pos 0 of parent `{ 	final double dev = x -[...]`
[DEBUG] fr.inria.astor.core.loop.spaces.operators.AstorOperator.addPoint(AstorOperator.java:108) - ---ModificPoint=NormalDistribution line: 137, el: CtReturnImpl
[DEBUG] fr.inria.astor.core.loop.spaces.operators.AstorOperator.addPoint(AstorOperator.java:109) - ---InsertAfterOp: `final double dev = x - (m[...] ` ---> `return 0` at pos 0 of parent `{ 	final double dev = x -[...]`
[DEBUG] fr.inria.astor.core.loop.AstorCoreEngine.modifyProgramVariant(AstorCoreEngine.java:562) - 
--Summary Creation: for variant [Variant id: 402, #gens: 39, #ops: 1, parent:401] gen mutated: 1 , gen not mut: 0, gen not applied  0
 
[DEBUG] fr.inria.astor.core.loop.AstorCoreEngine.undoSingleGeneration(AstorCoreEngine.java:487) - ---Undoing: gnrtn(201): InsertAfterOp: `final double dev = x - (m[...] ` ---> `return 0` at pos 0 of parent `{ 	final double dev = x -[...]`
[DEBUG] fr.inria.astor.core.loop.AstorCoreEngine.prepareNextGeneration(AstorCoreEngine.java:284) - 
End analysis generation - 
Solutions found:--> ()
[DEBUG] fr.inria.astor.core.loop.population.FitnessPopulationController.selectProgramVariantsForNextGeneration(FitnessPopulationController.java:52) - Variants to next generation from: 2-->IDs: (401(f=1.0), 402(f=1.7976931348623157E308), )
[DEBUG] fr.inria.astor.core.loop.population.FitnessPopulationController.selectProgramVariantsForNextGeneration(FitnessPopulationController.java:61) - Selected to next generation: IDs2--> (401(f=1.0), )
[DEBUG] fr.inria.astor.core.loop.AstorCoreEngine.startEvolution(AstorCoreEngine.java:121) - 
----------Running generation/iteraction 202, population size: 1
[DEBUG] fr.inria.astor.core.loop.AstorCoreEngine.processGenerations(AstorCoreEngine.java:211) - 
***** Generation 202
[DEBUG] fr.inria.astor.core.loop.AstorCoreEngine.processGenerations(AstorCoreEngine.java:220) - 
**
*-Parent Variant: [Variant id: 403, #gens: 38, #ops: 0, parent:-]
[DEBUG] fr.inria.astor.core.loop.AstorCoreEngine.createNewProgramVariant(AstorCoreEngine.java:436) - 
--Child created id: 404
[DEBUG] fr.inria.astor.core.loop.AstorCoreEngine.modifyProgramVariant(AstorCoreEngine.java:504) - --Creating new operations for variant [Variant id: 404, #gens: 38, #ops: 0, parent:403]
[DEBUG] fr.inria.astor.core.loop.AstorCoreEngine.modifyProgramVariant(AstorCoreEngine.java:517) - ---analyzing modificationPoint position: 3
[DEBUG] fr.inria.astor.core.loop.AstorCoreEngine.modifyProgramVariant(AstorCoreEngine.java:540) - operation RemoveOp: `java.util.ArrayList<java.[...] ` ---> `-` at pos 0 of parent `{ 	java.util.ArrayList<ja[...]`
[DEBUG] fr.inria.astor.core.loop.AstorCoreEngine.modifyProgramVariant(AstorCoreEngine.java:562) - 
--Summary Creation: for variant [Variant id: 404, #gens: 37, #ops: 1, parent:403] gen mutated: 1 , gen not mut: 0, gen not applied  0
 
[DEBUG] fr.inria.astor.core.loop.AstorCoreEngine.undoSingleGeneration(AstorCoreEngine.java:487) - ---Undoing: gnrtn(202): RemoveOp: `java.util.ArrayList<java.[...] ` ---> `-` at pos 0 of parent `{ 	for (int i = 0 ; i < ([...]`
[DEBUG] fr.inria.astor.core.loop.AstorCoreEngine.prepareNextGeneration(AstorCoreEngine.java:284) - 
End analysis generation - 
Solutions found:--> ()
[DEBUG] fr.inria.astor.core.loop.population.FitnessPopulationController.selectProgramVariantsForNextGeneration(FitnessPopulationController.java:52) - Variants to next generation from: 2-->IDs: (403(f=1.0), 404(f=1.7976931348623157E308), )
[DEBUG] fr.inria.astor.core.loop.population.FitnessPopulationController.selectProgramVariantsForNextGeneration(FitnessPopulationController.java:61) - Selected to next generation: IDs2--> (403(f=1.0), )
[DEBUG] fr.inria.astor.core.loop.AstorCoreEngine.startEvolution(AstorCoreEngine.java:121) - 
----------Running generation/iteraction 203, population size: 1
[DEBUG] fr.inria.astor.core.loop.AstorCoreEngine.processGenerations(AstorCoreEngine.java:211) - 
***** Generation 203
[DEBUG] fr.inria.astor.core.loop.AstorCoreEngine.processGenerations(AstorCoreEngine.java:220) - 
**
*-Parent Variant: [Variant id: 405, #gens: 38, #ops: 0, parent:-]
[DEBUG] fr.inria.astor.core.loop.AstorCoreEngine.createNewProgramVariant(AstorCoreEngine.java:436) - 
--Child created id: 406
[DEBUG] fr.inria.astor.core.loop.AstorCoreEngine.modifyProgramVariant(AstorCoreEngine.java:504) - --Creating new operations for variant [Variant id: 406, #gens: 38, #ops: 0, parent:405]
[DEBUG] fr.inria.astor.core.loop.AstorCoreEngine.modifyProgramVariant(AstorCoreEngine.java:517) - ---analyzing modificationPoint position: 6
[DEBUG] fr.inria.astor.core.loop.AstorCoreEngine.modifyProgramVariant(AstorCoreEngine.java:540) - operation InsertAfterOp: `return out ` ---> `for (int i = 0 ; i < (ran[...]` at pos 2 of parent `{ 	java.util.ArrayList<ja[...]`
[DEBUG] fr.inria.astor.core.loop.spaces.operators.AstorOperator.addPoint(AstorOperator.java:108) - ---ModificPoint=NaturalRanking line: 410, el: CtForImpl
[DEBUG] fr.inria.astor.core.loop.spaces.operators.AstorOperator.addPoint(AstorOperator.java:109) - ---InsertAfterOp: `return out ` ---> `for (int i = 0 ; i < (ran[...]` at pos 2 of parent `{ 	java.util.ArrayList<ja[...]`
[DEBUG] fr.inria.astor.core.loop.AstorCoreEngine.modifyProgramVariant(AstorCoreEngine.java:562) - 
--Summary Creation: for variant [Variant id: 406, #gens: 39, #ops: 1, parent:405] gen mutated: 1 , gen not mut: 0, gen not applied  0
 
[DEBUG] fr.inria.astor.core.loop.AstorCoreEngine.undoSingleGeneration(AstorCoreEngine.java:487) - ---Undoing: gnrtn(203): InsertAfterOp: `return out ` ---> `for (int i = 0 ; i < (ran[...]` at pos 2 of parent `{ 	java.util.ArrayList<ja[...]`
[DEBUG] fr.inria.astor.core.loop.AstorCoreEngine.prepareNextGeneration(AstorCoreEngine.java:284) - 
End analysis generation - 
Solutions found:--> ()
[DEBUG] fr.inria.astor.core.loop.population.FitnessPopulationController.selectProgramVariantsForNextGeneration(FitnessPopulationController.java:52) - Variants to next generation from: 2-->IDs: (405(f=1.0), 406(f=1.7976931348623157E308), )
[DEBUG] fr.inria.astor.core.loop.population.FitnessPopulationController.selectProgramVariantsForNextGeneration(FitnessPopulationController.java:61) - Selected to next generation: IDs2--> (405(f=1.0), )
[DEBUG] fr.inria.astor.core.loop.AstorCoreEngine.startEvolution(AstorCoreEngine.java:121) - 
----------Running generation/iteraction 204, population size: 1
[DEBUG] fr.inria.astor.core.loop.AstorCoreEngine.processGenerations(AstorCoreEngine.java:211) - 
***** Generation 204
[DEBUG] fr.inria.astor.core.loop.AstorCoreEngine.processGenerations(AstorCoreEngine.java:220) - 
**
*-Parent Variant: [Variant id: 407, #gens: 38, #ops: 0, parent:-]
[DEBUG] fr.inria.astor.core.loop.AstorCoreEngine.createNewProgramVariant(AstorCoreEngine.java:436) - 
--Child created id: 408
[DEBUG] fr.inria.astor.core.loop.AstorCoreEngine.modifyProgramVariant(AstorCoreEngine.java:504) - --Creating new operations for variant [Variant id: 408, #gens: 38, #ops: 0, parent:407]
[DEBUG] fr.inria.astor.core.loop.AstorCoreEngine.modifyProgramVariant(AstorCoreEngine.java:517) - ---analyzing modificationPoint position: 30
[DEBUG] fr.inria.astor.core.loop.AstorCoreEngine.modifyProgramVariant(AstorCoreEngine.java:540) - operation RemoveOp: `if ((nanStrategy) == (org[...] ` ---> `-` at pos 12 of parent `{ 	org.apache.commons.mat[...]`
[DEBUG] fr.inria.astor.core.loop.AstorCoreEngine.modifyProgramVariant(AstorCoreEngine.java:562) - 
--Summary Creation: for variant [Variant id: 408, #gens: 37, #ops: 1, parent:407] gen mutated: 1 , gen not mut: 0, gen not applied  0
 
[DEBUG] fr.inria.astor.core.loop.AstorCoreEngine.processCreatedVariant(AstorCoreEngine.java:390) - -The child compiles: id 408
[DEBUG] fr.inria.astor.core.validation.executors.JUnitExecutorProcess.printCommandToExecute(JUnitExecutorProcess.java:140) - Executing process: 
/usr/lib/jvm/java-1.7.0-openjdk-amd64/bin//java  -Xmx2048m  -cp  /tmp/math_30_Genprog_local_s1/./lib/jtestex-0.0.1.jar:/tmp/math_30_Genprog_local_s1/./outputMutation/AstorMain-Math/bin/variant-408/:/tmp/math_30_Genprog_local_s1/lib/:/tmp/math_30_Genprog_local_s1/lib/junit-4.11.jar:/tmp/math_30_Genprog_local_s1/lib/jtestex-0.0.1.jar:/tmp/math_30_Genprog_local_s1/lib/commons-discovery-0.5.jar:/tmp/math_30_Genprog_local_s1/lib/cobertura-2.0.3.jar:/tmp/math_30_Genprog_local_s1/lib/fixran-0.0.1.jar:/tmp/math_30_Genprog_local_s1/lib/evosuite-master-1.0.4-SNAPSHOT.jar:/tmp/math_30_Genprog_local_s1/./outputMutation/AstorMain-Math/bin/default/:/home/mmartinez/defects4j-repair/src/python/core/../../../libs/astor.jar:  JUnitExternalExecutor  org.apache.commons.math3.stat.inference.MannWhitneyUTestTest
[DEBUG] fr.inria.astor.core.validation.executors.JUnitExecutorProcess.execute(JUnitExecutorProcess.java:77) - Execution time 0 seconds
[DEBUG] fr.inria.astor.core.validation.executors.JUnitExecutorProcess.execute(JUnitExecutorProcess.java:80) - Running Exit Value
[DEBUG] fr.inria.astor.core.validation.validators.RegressionValidation.validate(RegressionValidation.java:23) - Failing Val: |false|1|3|[testBigDataSet(org.apache.commons.math3.stat.inference.MannWhitneyUTestTest): null-]|
[DEBUG] fr.inria.astor.core.loop.AstorCoreEngine.processCreatedVariant(AstorCoreEngine.java:395) - -Valid?: false, fitness 1.0
[DEBUG] fr.inria.astor.core.loop.AstorCoreEngine.undoSingleGeneration(AstorCoreEngine.java:487) - ---Undoing: gnrtn(204): RemoveOp: `if ((nanStrategy) == (org[...] ` ---> `-` at pos 12 of parent `{ 	org.apache.commons.mat[...]`
[DEBUG] fr.inria.astor.core.loop.AstorCoreEngine.prepareNextGeneration(AstorCoreEngine.java:284) - 
End analysis generation - 
Solutions found:--> ()
[DEBUG] fr.inria.astor.core.loop.population.FitnessPopulationController.selectProgramVariantsForNextGeneration(FitnessPopulationController.java:52) - Variants to next generation from: 2-->IDs: (407(f=1.0), 408(f=1.0), )
[DEBUG] fr.inria.astor.core.loop.population.FitnessPopulationController.selectProgramVariantsForNextGeneration(FitnessPopulationController.java:61) - Selected to next generation: IDs2--> (407(f=1.0), )
[DEBUG] fr.inria.astor.core.loop.AstorCoreEngine.startEvolution(AstorCoreEngine.java:121) - 
----------Running generation/iteraction 205, population size: 1
[DEBUG] fr.inria.astor.core.loop.AstorCoreEngine.processGenerations(AstorCoreEngine.java:211) - 
***** Generation 205
[DEBUG] fr.inria.astor.core.loop.AstorCoreEngine.processGenerations(AstorCoreEngine.java:220) - 
**
*-Parent Variant: [Variant id: 409, #gens: 38, #ops: 0, parent:-]
[DEBUG] fr.inria.astor.core.loop.AstorCoreEngine.createNewProgramVariant(AstorCoreEngine.java:436) - 
--Child created id: 410
[DEBUG] fr.inria.astor.core.loop.AstorCoreEngine.modifyProgramVariant(AstorCoreEngine.java:504) - --Creating new operations for variant [Variant id: 410, #gens: 38, #ops: 0, parent:409]
[DEBUG] fr.inria.astor.core.loop.AstorCoreEngine.modifyProgramVariant(AstorCoreEngine.java:517) - ---analyzing modificationPoint position: 34
[DEBUG] fr.inria.astor.core.loop.AstorCoreEngine.modifyProgramVariant(AstorCoreEngine.java:540) - operation InsertAfterOp: `return position ` ---> `this.value = value` at pos 0 of parent `{ 	return position; }`
[DEBUG] fr.inria.astor.core.loop.spaces.operators.AstorOperator.addPoint(AstorOperator.java:108) - ---ModificPoint=NaturalRanking line: 461, el: CtAssignmentImpl
[DEBUG] fr.inria.astor.core.loop.spaces.operators.AstorOperator.addPoint(AstorOperator.java:109) - ---InsertAfterOp: `return position ` ---> `this.value = value` at pos 0 of parent `{ 	return position; }`
[DEBUG] fr.inria.astor.core.loop.AstorCoreEngine.modifyProgramVariant(AstorCoreEngine.java:562) - 
--Summary Creation: for variant [Variant id: 410, #gens: 39, #ops: 1, parent:409] gen mutated: 1 , gen not mut: 0, gen not applied  0
 
[DEBUG] fr.inria.astor.core.loop.AstorCoreEngine.undoSingleGeneration(AstorCoreEngine.java:487) - ---Undoing: gnrtn(205): InsertAfterOp: `return position ` ---> `org.apache.commons.math3.[...]` at pos 0 of parent `{ 	return position; 	org.[...]`
[DEBUG] fr.inria.astor.core.loop.AstorCoreEngine.prepareNextGeneration(AstorCoreEngine.java:284) - 
End analysis generation - 
Solutions found:--> ()
[DEBUG] fr.inria.astor.core.loop.population.FitnessPopulationController.selectProgramVariantsForNextGeneration(FitnessPopulationController.java:52) - Variants to next generation from: 2-->IDs: (409(f=1.0), 410(f=1.7976931348623157E308), )
[DEBUG] fr.inria.astor.core.loop.population.FitnessPopulationController.selectProgramVariantsForNextGeneration(FitnessPopulationController.java:61) - Selected to next generation: IDs2--> (409(f=1.0), )
[DEBUG] fr.inria.astor.core.loop.AstorCoreEngine.startEvolution(AstorCoreEngine.java:121) - 
----------Running generation/iteraction 206, population size: 1
[DEBUG] fr.inria.astor.core.loop.AstorCoreEngine.processGenerations(AstorCoreEngine.java:211) - 
***** Generation 206
[DEBUG] fr.inria.astor.core.loop.AstorCoreEngine.processGenerations(AstorCoreEngine.java:220) - 
**
*-Parent Variant: [Variant id: 411, #gens: 38, #ops: 0, parent:-]
[DEBUG] fr.inria.astor.core.loop.AstorCoreEngine.createNewProgramVariant(AstorCoreEngine.java:436) - 
--Child created id: 412
[DEBUG] fr.inria.astor.core.loop.AstorCoreEngine.modifyProgramVariant(AstorCoreEngine.java:504) - --Creating new operations for variant [Variant id: 412, #gens: 38, #ops: 0, parent:411]
[DEBUG] fr.inria.astor.core.loop.AstorCoreEngine.modifyProgramVariant(AstorCoreEngine.java:517) - ---analyzing modificationPoint position: 27
[DEBUG] fr.inria.astor.core.loop.AstorCoreEngine.modifyProgramVariant(AstorCoreEngine.java:540) - operation RemoveOp: `if ((java.lang.Double.com[...] ` ---> `-` at pos 0 of parent `{ 	if ((java.lang.Double.[...]`
[DEBUG] fr.inria.astor.core.loop.AstorCoreEngine.modifyProgramVariant(AstorCoreEngine.java:562) - 
--Summary Creation: for variant [Variant id: 412, #gens: 37, #ops: 1, parent:411] gen mutated: 1 , gen not mut: 0, gen not applied  0
 
[DEBUG] fr.inria.astor.core.loop.AstorCoreEngine.processCreatedVariant(AstorCoreEngine.java:390) - -The child compiles: id 412
[DEBUG] fr.inria.astor.core.validation.executors.JUnitExecutorProcess.printCommandToExecute(JUnitExecutorProcess.java:140) - Executing process: 
/usr/lib/jvm/java-1.7.0-openjdk-amd64/bin//java  -Xmx2048m  -cp  /tmp/math_30_Genprog_local_s1/./lib/jtestex-0.0.1.jar:/tmp/math_30_Genprog_local_s1/./outputMutation/AstorMain-Math/bin/variant-412/:/tmp/math_30_Genprog_local_s1/lib/:/tmp/math_30_Genprog_local_s1/lib/junit-4.11.jar:/tmp/math_30_Genprog_local_s1/lib/jtestex-0.0.1.jar:/tmp/math_30_Genprog_local_s1/lib/commons-discovery-0.5.jar:/tmp/math_30_Genprog_local_s1/lib/cobertura-2.0.3.jar:/tmp/math_30_Genprog_local_s1/lib/fixran-0.0.1.jar:/tmp/math_30_Genprog_local_s1/lib/evosuite-master-1.0.4-SNAPSHOT.jar:/tmp/math_30_Genprog_local_s1/./outputMutation/AstorMain-Math/bin/default/:/home/mmartinez/defects4j-repair/src/python/core/../../../libs/astor.jar:  JUnitExternalExecutor  org.apache.commons.math3.stat.inference.MannWhitneyUTestTest
[DEBUG] fr.inria.astor.core.validation.executors.JUnitExecutorProcess.execute(JUnitExecutorProcess.java:77) - Execution time 0 seconds
[DEBUG] fr.inria.astor.core.validation.executors.JUnitExecutorProcess.execute(JUnitExecutorProcess.java:80) - Running Exit Value
[DEBUG] fr.inria.astor.core.validation.validators.RegressionValidation.validate(RegressionValidation.java:23) - Failing Val: |false|2|3|[testBigDataSet(org.apache.commons.math3.stat.inference.MannWhitneyUTestTest): null-, testMannWhitneyUSimple(org.apache.commons.math3.stat.inference.MannWhitneyUTestTest): expected:<17.0> but was:<30.0>-]|
[DEBUG] fr.inria.astor.core.loop.AstorCoreEngine.processCreatedVariant(AstorCoreEngine.java:395) - -Valid?: false, fitness 2.0
[DEBUG] fr.inria.astor.core.loop.AstorCoreEngine.undoSingleGeneration(AstorCoreEngine.java:487) - ---Undoing: gnrtn(206): RemoveOp: `if ((java.lang.Double.com[...] ` ---> `-` at pos 0 of parent `{ 	out[ranks[i].getPositi[...]`
[DEBUG] fr.inria.astor.core.loop.AstorCoreEngine.prepareNextGeneration(AstorCoreEngine.java:284) - 
End analysis generation - 
Solutions found:--> ()
[DEBUG] fr.inria.astor.core.loop.population.FitnessPopulationController.selectProgramVariantsForNextGeneration(FitnessPopulationController.java:52) - Variants to next generation from: 2-->IDs: (411(f=1.0), 412(f=2.0), )
[DEBUG] fr.inria.astor.core.loop.population.FitnessPopulationController.selectProgramVariantsForNextGeneration(FitnessPopulationController.java:61) - Selected to next generation: IDs2--> (411(f=1.0), )
[DEBUG] fr.inria.astor.core.loop.AstorCoreEngine.startEvolution(AstorCoreEngine.java:121) - 
----------Running generation/iteraction 207, population size: 1
[DEBUG] fr.inria.astor.core.loop.AstorCoreEngine.processGenerations(AstorCoreEngine.java:211) - 
***** Generation 207
[DEBUG] fr.inria.astor.core.loop.AstorCoreEngine.processGenerations(AstorCoreEngine.java:220) - 
**
*-Parent Variant: [Variant id: 413, #gens: 38, #ops: 0, parent:-]
[DEBUG] fr.inria.astor.core.loop.AstorCoreEngine.createNewProgramVariant(AstorCoreEngine.java:436) - 
--Child created id: 414
[DEBUG] fr.inria.astor.core.loop.AstorCoreEngine.modifyProgramVariant(AstorCoreEngine.java:504) - --Creating new operations for variant [Variant id: 414, #gens: 38, #ops: 0, parent:413]
[DEBUG] fr.inria.astor.core.loop.AstorCoreEngine.modifyProgramVariant(AstorCoreEngine.java:517) - ---analyzing modificationPoint position: 3
[DEBUG] fr.inria.astor.core.loop.AstorCoreEngine.modifyProgramVariant(AstorCoreEngine.java:540) - operation InsertBeforeOp: `java.util.ArrayList<java.[...] ` ---> `randomData = null` at pos 0 of parent `{ 	java.util.ArrayList<ja[...]`
[DEBUG] fr.inria.astor.core.loop.spaces.operators.AstorOperator.addPoint(AstorOperator.java:108) - ---ModificPoint=NaturalRanking line: 404, el: CtAssignmentImpl
[DEBUG] fr.inria.astor.core.loop.spaces.operators.AstorOperator.addPoint(AstorOperator.java:109) - ---InsertBeforeOp: `java.util.ArrayList<java.[...] ` ---> `randomData = null` at pos 0 of parent `{ 	java.util.ArrayList<ja[...]`
[DEBUG] fr.inria.astor.core.loop.AstorCoreEngine.modifyProgramVariant(AstorCoreEngine.java:562) - 
--Summary Creation: for variant [Variant id: 414, #gens: 39, #ops: 1, parent:413] gen mutated: 1 , gen not mut: 0, gen not applied  0
 
[DEBUG] fr.inria.astor.core.loop.AstorCoreEngine.undoSingleGeneration(AstorCoreEngine.java:487) - ---Undoing: gnrtn(207): InsertBeforeOp: `java.util.ArrayList<java.[...] ` ---> `randomData = null` at pos 0 of parent `{ 	randomData = null; 	ja[...]`
[DEBUG] fr.inria.astor.core.loop.AstorCoreEngine.prepareNextGeneration(AstorCoreEngine.java:284) - 
End analysis generation - 
Solutions found:--> ()
[DEBUG] fr.inria.astor.core.loop.population.FitnessPopulationController.selectProgramVariantsForNextGeneration(FitnessPopulationController.java:52) - Variants to next generation from: 2-->IDs: (413(f=1.0), 414(f=1.7976931348623157E308), )
[DEBUG] fr.inria.astor.core.loop.population.FitnessPopulationController.selectProgramVariantsForNextGeneration(FitnessPopulationController.java:61) - Selected to next generation: IDs2--> (413(f=1.0), )
[DEBUG] fr.inria.astor.core.loop.AstorCoreEngine.startEvolution(AstorCoreEngine.java:121) - 
----------Running generation/iteraction 208, population size: 1
[DEBUG] fr.inria.astor.core.loop.AstorCoreEngine.processGenerations(AstorCoreEngine.java:211) - 
***** Generation 208
[DEBUG] fr.inria.astor.core.loop.AstorCoreEngine.processGenerations(AstorCoreEngine.java:220) - 
**
*-Parent Variant: [Variant id: 415, #gens: 38, #ops: 0, parent:-]
[DEBUG] fr.inria.astor.core.loop.AstorCoreEngine.createNewProgramVariant(AstorCoreEngine.java:436) - 
--Child created id: 416
[DEBUG] fr.inria.astor.core.loop.AstorCoreEngine.modifyProgramVariant(AstorCoreEngine.java:504) - --Creating new operations for variant [Variant id: 416, #gens: 38, #ops: 0, parent:415]
[DEBUG] fr.inria.astor.core.loop.AstorCoreEngine.modifyProgramVariant(AstorCoreEngine.java:517) - ---analyzing modificationPoint position: 23
[DEBUG] fr.inria.astor.core.loop.AstorCoreEngine.modifyProgramVariant(AstorCoreEngine.java:540) - operation InsertBeforeOp: `out[ranks[0].getPosition([...] ` ---> `switch (nanStrategy) { 	c[...]` at pos 7 of parent `{ 	org.apache.commons.mat[...]`
[DEBUG] fr.inria.astor.core.loop.spaces.operators.AstorOperator.addPoint(AstorOperator.java:108) - ---ModificPoint=NaturalRanking line: 224, el: CtSwitchImpl
[DEBUG] fr.inria.astor.core.loop.spaces.operators.AstorOperator.addPoint(AstorOperator.java:109) - ---InsertBeforeOp: `out[ranks[0].getPosition([...] ` ---> `switch (nanStrategy) { 	c[...]` at pos 7 of parent `{ 	org.apache.commons.mat[...]`
[DEBUG] fr.inria.astor.core.loop.AstorCoreEngine.modifyProgramVariant(AstorCoreEngine.java:562) - 
--Summary Creation: for variant [Variant id: 416, #gens: 39, #ops: 1, parent:415] gen mutated: 1 , gen not mut: 0, gen not applied  0
 
[DEBUG] fr.inria.astor.core.loop.AstorCoreEngine.processCreatedVariant(AstorCoreEngine.java:390) - -The child compiles: id 416
[DEBUG] fr.inria.astor.core.validation.executors.JUnitExecutorProcess.printCommandToExecute(JUnitExecutorProcess.java:140) - Executing process: 
/usr/lib/jvm/java-1.7.0-openjdk-amd64/bin//java  -Xmx2048m  -cp  /tmp/math_30_Genprog_local_s1/./lib/jtestex-0.0.1.jar:/tmp/math_30_Genprog_local_s1/./outputMutation/AstorMain-Math/bin/variant-416/:/tmp/math_30_Genprog_local_s1/lib/:/tmp/math_30_Genprog_local_s1/lib/junit-4.11.jar:/tmp/math_30_Genprog_local_s1/lib/jtestex-0.0.1.jar:/tmp/math_30_Genprog_local_s1/lib/commons-discovery-0.5.jar:/tmp/math_30_Genprog_local_s1/lib/cobertura-2.0.3.jar:/tmp/math_30_Genprog_local_s1/lib/fixran-0.0.1.jar:/tmp/math_30_Genprog_local_s1/lib/evosuite-master-1.0.4-SNAPSHOT.jar:/tmp/math_30_Genprog_local_s1/./outputMutation/AstorMain-Math/bin/default/:/home/mmartinez/defects4j-repair/src/python/core/../../../libs/astor.jar:  JUnitExternalExecutor  org.apache.commons.math3.stat.inference.MannWhitneyUTestTest
[DEBUG] fr.inria.astor.core.validation.executors.JUnitExecutorProcess.execute(JUnitExecutorProcess.java:77) - Execution time 0 seconds
[DEBUG] fr.inria.astor.core.validation.executors.JUnitExecutorProcess.execute(JUnitExecutorProcess.java:80) - Running Exit Value
[DEBUG] fr.inria.astor.core.validation.validators.RegressionValidation.validate(RegressionValidation.java:23) - Failing Val: |false|1|3|[testBigDataSet(org.apache.commons.math3.stat.inference.MannWhitneyUTestTest): null-]|
[DEBUG] fr.inria.astor.core.loop.AstorCoreEngine.processCreatedVariant(AstorCoreEngine.java:395) - -Valid?: false, fitness 1.0
[DEBUG] fr.inria.astor.core.loop.AstorCoreEngine.undoSingleGeneration(AstorCoreEngine.java:487) - ---Undoing: gnrtn(208): InsertBeforeOp: `out[ranks[0].getPosition([...] ` ---> `switch (nanStrategy) { 	c[...]` at pos 7 of parent `{ 	org.apache.commons.mat[...]`
[DEBUG] fr.inria.astor.core.loop.AstorCoreEngine.prepareNextGeneration(AstorCoreEngine.java:284) - 
End analysis generation - 
Solutions found:--> ()
[DEBUG] fr.inria.astor.core.loop.population.FitnessPopulationController.selectProgramVariantsForNextGeneration(FitnessPopulationController.java:52) - Variants to next generation from: 2-->IDs: (415(f=1.0), 416(f=1.0), )
[DEBUG] fr.inria.astor.core.loop.population.FitnessPopulationController.selectProgramVariantsForNextGeneration(FitnessPopulationController.java:61) - Selected to next generation: IDs2--> (415(f=1.0), )
[DEBUG] fr.inria.astor.core.loop.AstorCoreEngine.startEvolution(AstorCoreEngine.java:121) - 
----------Running generation/iteraction 209, population size: 1
[DEBUG] fr.inria.astor.core.loop.AstorCoreEngine.processGenerations(AstorCoreEngine.java:211) - 
***** Generation 209
[DEBUG] fr.inria.astor.core.loop.AstorCoreEngine.processGenerations(AstorCoreEngine.java:220) - 
**
*-Parent Variant: [Variant id: 417, #gens: 38, #ops: 0, parent:-]
[DEBUG] fr.inria.astor.core.loop.AstorCoreEngine.createNewProgramVariant(AstorCoreEngine.java:436) - 
--Child created id: 418
[DEBUG] fr.inria.astor.core.loop.AstorCoreEngine.modifyProgramVariant(AstorCoreEngine.java:504) - --Creating new operations for variant [Variant id: 418, #gens: 38, #ops: 0, parent:417]
[DEBUG] fr.inria.astor.core.loop.AstorCoreEngine.modifyProgramVariant(AstorCoreEngine.java:517) - ---analyzing modificationPoint position: 29
[DEBUG] fr.inria.astor.core.loop.AstorCoreEngine.modifyProgramVariant(AstorCoreEngine.java:540) - operation InsertBeforeOp: `if ((tiesTrace.size()) > [...] ` ---> `this.nanStrategy = nanStr[...]` at pos 11 of parent `{ 	org.apache.commons.mat[...]`
[DEBUG] fr.inria.astor.core.loop.spaces.operators.AstorOperator.addPoint(AstorOperator.java:108) - ---ModificPoint=NaturalRanking line: 242, el: CtAssignmentImpl
[DEBUG] fr.inria.astor.core.loop.spaces.operators.AstorOperator.addPoint(AstorOperator.java:109) - ---InsertBeforeOp: `if ((tiesTrace.size()) > [...] ` ---> `this.nanStrategy = nanStr[...]` at pos 11 of parent `{ 	org.apache.commons.mat[...]`
[DEBUG] fr.inria.astor.core.loop.AstorCoreEngine.modifyProgramVariant(AstorCoreEngine.java:562) - 
--Summary Creation: for variant [Variant id: 418, #gens: 39, #ops: 1, parent:417] gen mutated: 1 , gen not mut: 0, gen not applied  0
 
[DEBUG] fr.inria.astor.core.loop.AstorCoreEngine.undoSingleGeneration(AstorCoreEngine.java:487) - ---Undoing: gnrtn(209): InsertBeforeOp: `if ((tiesTrace.size()) > [...] ` ---> `org.apache.commons.math3.[...]` at pos 11 of parent `{ 	org.apache.commons.mat[...]`
[DEBUG] fr.inria.astor.core.loop.AstorCoreEngine.prepareNextGeneration(AstorCoreEngine.java:284) - 
End analysis generation - 
Solutions found:--> ()
[DEBUG] fr.inria.astor.core.loop.population.FitnessPopulationController.selectProgramVariantsForNextGeneration(FitnessPopulationController.java:52) - Variants to next generation from: 2-->IDs: (417(f=1.0), 418(f=1.7976931348623157E308), )
[DEBUG] fr.inria.astor.core.loop.population.FitnessPopulationController.selectProgramVariantsForNextGeneration(FitnessPopulationController.java:61) - Selected to next generation: IDs2--> (417(f=1.0), )
[DEBUG] fr.inria.astor.core.loop.AstorCoreEngine.startEvolution(AstorCoreEngine.java:121) - 
----------Running generation/iteraction 210, population size: 1
[DEBUG] fr.inria.astor.core.loop.AstorCoreEngine.processGenerations(AstorCoreEngine.java:211) - 
***** Generation 210
[DEBUG] fr.inria.astor.core.loop.AstorCoreEngine.processGenerations(AstorCoreEngine.java:220) - 
**
*-Parent Variant: [Variant id: 419, #gens: 38, #ops: 0, parent:-]
[DEBUG] fr.inria.astor.core.loop.AstorCoreEngine.createNewProgramVariant(AstorCoreEngine.java:436) - 
--Child created id: 420
[DEBUG] fr.inria.astor.core.loop.AstorCoreEngine.modifyProgramVariant(AstorCoreEngine.java:504) - --Creating new operations for variant [Variant id: 420, #gens: 38, #ops: 0, parent:419]
[DEBUG] fr.inria.astor.core.loop.AstorCoreEngine.modifyProgramVariant(AstorCoreEngine.java:517) - ---analyzing modificationPoint position: 1
[DEBUG] fr.inria.astor.core.loop.AstorCoreEngine.modifyProgramVariant(AstorCoreEngine.java:540) - operation InsertAfterOp: `if ((nanPositions.size())[...] ` ---> `return true` at pos 0 of parent `{ 	if ((nanPositions.size[...]`
[DEBUG] fr.inria.astor.core.loop.spaces.operators.AstorOperator.addPoint(AstorOperator.java:108) - ---ModificPoint=NaturalRanking line: 387, el: CtReturnImpl
[DEBUG] fr.inria.astor.core.loop.spaces.operators.AstorOperator.addPoint(AstorOperator.java:109) - ---InsertAfterOp: `if ((nanPositions.size())[...] ` ---> `return true` at pos 0 of parent `{ 	if ((nanPositions.size[...]`
[DEBUG] fr.inria.astor.core.loop.AstorCoreEngine.modifyProgramVariant(AstorCoreEngine.java:562) - 
--Summary Creation: for variant [Variant id: 420, #gens: 39, #ops: 1, parent:419] gen mutated: 1 , gen not mut: 0, gen not applied  0
 
[DEBUG] fr.inria.astor.core.loop.AstorCoreEngine.undoSingleGeneration(AstorCoreEngine.java:487) - ---Undoing: gnrtn(210): InsertAfterOp: `if ((nanPositions.size())[...] ` ---> `return true` at pos 0 of parent `{ 	if ((nanPositions.size[...]`
[DEBUG] fr.inria.astor.core.loop.AstorCoreEngine.prepareNextGeneration(AstorCoreEngine.java:284) - 
End analysis generation - 
Solutions found:--> ()
[DEBUG] fr.inria.astor.core.loop.population.FitnessPopulationController.selectProgramVariantsForNextGeneration(FitnessPopulationController.java:52) - Variants to next generation from: 2-->IDs: (419(f=1.0), 420(f=1.7976931348623157E308), )
[DEBUG] fr.inria.astor.core.loop.population.FitnessPopulationController.selectProgramVariantsForNextGeneration(FitnessPopulationController.java:61) - Selected to next generation: IDs2--> (419(f=1.0), )
[DEBUG] fr.inria.astor.core.loop.AstorCoreEngine.startEvolution(AstorCoreEngine.java:121) - 
----------Running generation/iteraction 211, population size: 1
[DEBUG] fr.inria.astor.core.loop.AstorCoreEngine.processGenerations(AstorCoreEngine.java:211) - 
***** Generation 211
[DEBUG] fr.inria.astor.core.loop.AstorCoreEngine.processGenerations(AstorCoreEngine.java:220) - 
**
*-Parent Variant: [Variant id: 421, #gens: 38, #ops: 0, parent:-]
[DEBUG] fr.inria.astor.core.loop.AstorCoreEngine.createNewProgramVariant(AstorCoreEngine.java:436) - 
--Child created id: 422
[DEBUG] fr.inria.astor.core.loop.AstorCoreEngine.modifyProgramVariant(AstorCoreEngine.java:504) - --Creating new operations for variant [Variant id: 422, #gens: 38, #ops: 0, parent:421]
[DEBUG] fr.inria.astor.core.loop.AstorCoreEngine.modifyProgramVariant(AstorCoreEngine.java:517) - ---analyzing modificationPoint position: 1
[DEBUG] fr.inria.astor.core.loop.AstorCoreEngine.modifyProgramVariant(AstorCoreEngine.java:540) - operation RemoveOp: `if ((nanPositions.size())[...] ` ---> `-` at pos 0 of parent `{ 	if ((nanPositions.size[...]`
[DEBUG] fr.inria.astor.core.loop.AstorCoreEngine.modifyProgramVariant(AstorCoreEngine.java:562) - 
--Summary Creation: for variant [Variant id: 422, #gens: 37, #ops: 1, parent:421] gen mutated: 1 , gen not mut: 0, gen not applied  0
 
[DEBUG] fr.inria.astor.core.loop.AstorCoreEngine.processCreatedVariant(AstorCoreEngine.java:390) - -The child compiles: id 422
[DEBUG] fr.inria.astor.core.validation.executors.JUnitExecutorProcess.printCommandToExecute(JUnitExecutorProcess.java:140) - Executing process: 
/usr/lib/jvm/java-1.7.0-openjdk-amd64/bin//java  -Xmx2048m  -cp  /tmp/math_30_Genprog_local_s1/./lib/jtestex-0.0.1.jar:/tmp/math_30_Genprog_local_s1/./outputMutation/AstorMain-Math/bin/variant-422/:/tmp/math_30_Genprog_local_s1/lib/:/tmp/math_30_Genprog_local_s1/lib/junit-4.11.jar:/tmp/math_30_Genprog_local_s1/lib/jtestex-0.0.1.jar:/tmp/math_30_Genprog_local_s1/lib/commons-discovery-0.5.jar:/tmp/math_30_Genprog_local_s1/lib/cobertura-2.0.3.jar:/tmp/math_30_Genprog_local_s1/lib/fixran-0.0.1.jar:/tmp/math_30_Genprog_local_s1/lib/evosuite-master-1.0.4-SNAPSHOT.jar:/tmp/math_30_Genprog_local_s1/./outputMutation/AstorMain-Math/bin/default/:/home/mmartinez/defects4j-repair/src/python/core/../../../libs/astor.jar:  JUnitExternalExecutor  org.apache.commons.math3.stat.inference.MannWhitneyUTestTest
[DEBUG] fr.inria.astor.core.validation.executors.JUnitExecutorProcess.execute(JUnitExecutorProcess.java:77) - Execution time 0 seconds
[DEBUG] fr.inria.astor.core.validation.executors.JUnitExecutorProcess.execute(JUnitExecutorProcess.java:80) - Running Exit Value
[DEBUG] fr.inria.astor.core.validation.validators.RegressionValidation.validate(RegressionValidation.java:23) - Failing Val: |false|1|3|[testBigDataSet(org.apache.commons.math3.stat.inference.MannWhitneyUTestTest): null-]|
[DEBUG] fr.inria.astor.core.loop.AstorCoreEngine.processCreatedVariant(AstorCoreEngine.java:395) - -Valid?: false, fitness 1.0
[DEBUG] fr.inria.astor.core.loop.AstorCoreEngine.undoSingleGeneration(AstorCoreEngine.java:487) - ---Undoing: gnrtn(211): RemoveOp: `if ((nanPositions.size())[...] ` ---> `-` at pos 0 of parent `{ 	java.util.Iterator<jav[...]`
[DEBUG] fr.inria.astor.core.loop.AstorCoreEngine.prepareNextGeneration(AstorCoreEngine.java:284) - 
End analysis generation - 
Solutions found:--> ()
[DEBUG] fr.inria.astor.core.loop.population.FitnessPopulationController.selectProgramVariantsForNextGeneration(FitnessPopulationController.java:52) - Variants to next generation from: 2-->IDs: (421(f=1.0), 422(f=1.0), )
[DEBUG] fr.inria.astor.core.loop.population.FitnessPopulationController.selectProgramVariantsForNextGeneration(FitnessPopulationController.java:61) - Selected to next generation: IDs2--> (421(f=1.0), )
[DEBUG] fr.inria.astor.core.loop.AstorCoreEngine.startEvolution(AstorCoreEngine.java:121) - 
----------Running generation/iteraction 212, population size: 1
[DEBUG] fr.inria.astor.core.loop.AstorCoreEngine.processGenerations(AstorCoreEngine.java:211) - 
***** Generation 212
[DEBUG] fr.inria.astor.core.loop.AstorCoreEngine.processGenerations(AstorCoreEngine.java:220) - 
**
*-Parent Variant: [Variant id: 423, #gens: 38, #ops: 0, parent:-]
[DEBUG] fr.inria.astor.core.loop.AstorCoreEngine.createNewProgramVariant(AstorCoreEngine.java:436) - 
--Child created id: 424
[DEBUG] fr.inria.astor.core.loop.AstorCoreEngine.modifyProgramVariant(AstorCoreEngine.java:504) - --Creating new operations for variant [Variant id: 424, #gens: 38, #ops: 0, parent:423]
[DEBUG] fr.inria.astor.core.loop.AstorCoreEngine.modifyProgramVariant(AstorCoreEngine.java:517) - ---analyzing modificationPoint position: 29
[DEBUG] fr.inria.astor.core.loop.spaces.ingredients.ingredientSearch.EfficientIngredientStrategy.getFixIngredient(EfficientIngredientStrategy.java:90) - --- no mutation left to apply in element if ((java.util.List#size()())GT1) then {
(org.apache.commons.math3.stat.ranking.NaturalRanking#resolveTie(double[], java.util.List)(double []java.lang.reflect.Array out,java.util.List java.util.List tiesTrace));
} else
[DEBUG] fr.inria.astor.approaches.jgenprog.JGenProg.createOperatorInstanceForPoint(JGenProg.java:230) - Any ingredient for this point, we discard it
[DEBUG] fr.inria.astor.core.loop.AstorCoreEngine.modifyProgramVariant(AstorCoreEngine.java:553) - ---modifPoint 0 not mutation generated in  if ((java.util.List#size([...]
[DEBUG] fr.inria.astor.core.loop.AstorCoreEngine.modifyProgramVariant(AstorCoreEngine.java:517) - ---analyzing modificationPoint position: 2
[DEBUG] fr.inria.astor.core.loop.AstorCoreEngine.modifyProgramVariant(AstorCoreEngine.java:540) - operation InsertBeforeOp: `return  ` ---> `tiesStrategy = org.apache[...]` at pos 0 of parent `{ 	return ; }`
[DEBUG] fr.inria.astor.core.loop.spaces.operators.AstorOperator.addPoint(AstorOperator.java:108) - ---ModificPoint=NaturalRanking line: 388, el: CtAssignmentImpl
[DEBUG] fr.inria.astor.core.loop.spaces.operators.AstorOperator.addPoint(AstorOperator.java:109) - ---InsertBeforeOp: `return  ` ---> `tiesStrategy = org.apache[...]` at pos 0 of parent `{ 	return ; }`
[DEBUG] fr.inria.astor.core.loop.AstorCoreEngine.modifyProgramVariant(AstorCoreEngine.java:562) - 
--Summary Creation: for variant [Variant id: 424, #gens: 39, #ops: 1, parent:423] gen mutated: 1 , gen not mut: 1, gen not applied  0
 
[DEBUG] fr.inria.astor.core.loop.AstorCoreEngine.undoSingleGeneration(AstorCoreEngine.java:487) - ---Undoing: gnrtn(212): InsertBeforeOp: `return  ` ---> `tiesStrategy = org.apache[...]` at pos 0 of parent `{ 	tiesStrategy = org.apa[...]`
[DEBUG] fr.inria.astor.core.loop.AstorCoreEngine.prepareNextGeneration(AstorCoreEngine.java:284) - 
End analysis generation - 
Solutions found:--> ()
[DEBUG] fr.inria.astor.core.loop.population.FitnessPopulationController.selectProgramVariantsForNextGeneration(FitnessPopulationController.java:52) - Variants to next generation from: 2-->IDs: (423(f=1.0), 424(f=1.7976931348623157E308), )
[DEBUG] fr.inria.astor.core.loop.population.FitnessPopulationController.selectProgramVariantsForNextGeneration(FitnessPopulationController.java:61) - Selected to next generation: IDs2--> (423(f=1.0), )
[DEBUG] fr.inria.astor.core.loop.AstorCoreEngine.startEvolution(AstorCoreEngine.java:121) - 
----------Running generation/iteraction 213, population size: 1
[DEBUG] fr.inria.astor.core.loop.AstorCoreEngine.processGenerations(AstorCoreEngine.java:211) - 
***** Generation 213
[DEBUG] fr.inria.astor.core.loop.AstorCoreEngine.processGenerations(AstorCoreEngine.java:220) - 
**
*-Parent Variant: [Variant id: 425, #gens: 38, #ops: 0, parent:-]
[DEBUG] fr.inria.astor.core.loop.AstorCoreEngine.createNewProgramVariant(AstorCoreEngine.java:436) - 
--Child created id: 426
[DEBUG] fr.inria.astor.core.loop.AstorCoreEngine.modifyProgramVariant(AstorCoreEngine.java:504) - --Creating new operations for variant [Variant id: 426, #gens: 38, #ops: 0, parent:425]
[DEBUG] fr.inria.astor.core.loop.AstorCoreEngine.modifyProgramVariant(AstorCoreEngine.java:517) - ---analyzing modificationPoint position: 11
[DEBUG] fr.inria.astor.core.loop.AstorCoreEngine.modifyProgramVariant(AstorCoreEngine.java:540) - operation ReplaceOp: `pos = i + 1 ` ---> `org.apache.commons.math3.[...]` at pos 0 of parent `{ 	pos = i + 1; 	if ((tie[...]`
[DEBUG] fr.inria.astor.core.loop.spaces.operators.AstorOperator.addPoint(AstorOperator.java:108) - ---ModificPoint=NaturalRanking line: 230, el: CtAssignmentImpl
[DEBUG] fr.inria.astor.core.loop.spaces.operators.AstorOperator.addPoint(AstorOperator.java:109) - ---ReplaceOp: `pos = i + 1 ` ---> `org.apache.commons.math3.[...]` at pos 0 of parent `{ 	pos = i + 1; 	if ((tie[...]`
[DEBUG] fr.inria.astor.core.loop.AstorCoreEngine.modifyProgramVariant(AstorCoreEngine.java:562) - 
--Summary Creation: for variant [Variant id: 426, #gens: 38, #ops: 1, parent:425] gen mutated: 1 , gen not mut: 0, gen not applied  0
 
[DEBUG] fr.inria.astor.core.loop.AstorCoreEngine.undoSingleGeneration(AstorCoreEngine.java:487) - ---Undoing: gnrtn(213): ReplaceOp: `pos = i + 1 ` ---> `org.apache.commons.math3.[...]` at pos 0 of parent `{ 	org.apache.commons.mat[...]`
[DEBUG] fr.inria.astor.core.loop.AstorCoreEngine.prepareNextGeneration(AstorCoreEngine.java:284) - 
End analysis generation - 
Solutions found:--> ()
[DEBUG] fr.inria.astor.core.loop.population.FitnessPopulationController.selectProgramVariantsForNextGeneration(FitnessPopulationController.java:52) - Variants to next generation from: 2-->IDs: (425(f=1.0), 426(f=1.7976931348623157E308), )
[DEBUG] fr.inria.astor.core.loop.population.FitnessPopulationController.selectProgramVariantsForNextGeneration(FitnessPopulationController.java:61) - Selected to next generation: IDs2--> (425(f=1.0), )
[DEBUG] fr.inria.astor.core.loop.AstorCoreEngine.startEvolution(AstorCoreEngine.java:121) - 
----------Running generation/iteraction 214, population size: 1
[DEBUG] fr.inria.astor.core.loop.AstorCoreEngine.processGenerations(AstorCoreEngine.java:211) - 
***** Generation 214
[DEBUG] fr.inria.astor.core.loop.AstorCoreEngine.processGenerations(AstorCoreEngine.java:220) - 
**
*-Parent Variant: [Variant id: 427, #gens: 38, #ops: 0, parent:-]
[DEBUG] fr.inria.astor.core.loop.AstorCoreEngine.createNewProgramVariant(AstorCoreEngine.java:436) - 
--Child created id: 428
[DEBUG] fr.inria.astor.core.loop.AstorCoreEngine.modifyProgramVariant(AstorCoreEngine.java:504) - --Creating new operations for variant [Variant id: 428, #gens: 38, #ops: 0, parent:427]
[DEBUG] fr.inria.astor.core.loop.AstorCoreEngine.modifyProgramVariant(AstorCoreEngine.java:517) - ---analyzing modificationPoint position: 22
[DEBUG] fr.inria.astor.core.loop.AstorCoreEngine.modifyProgramVariant(AstorCoreEngine.java:540) - operation InsertBeforeOp: `int pos = 1 ` ---> `return ` at pos 6 of parent `{ 	org.apache.commons.mat[...]`
[DEBUG] fr.inria.astor.core.loop.spaces.operators.AstorOperator.addPoint(AstorOperator.java:108) - ---ModificPoint=NaturalRanking line: 223, el: CtReturnImpl
[DEBUG] fr.inria.astor.core.loop.spaces.operators.AstorOperator.addPoint(AstorOperator.java:109) - ---InsertBeforeOp: `int pos = 1 ` ---> `return ` at pos 6 of parent `{ 	org.apache.commons.mat[...]`
[DEBUG] fr.inria.astor.core.loop.AstorCoreEngine.modifyProgramVariant(AstorCoreEngine.java:562) - 
--Summary Creation: for variant [Variant id: 428, #gens: 39, #ops: 1, parent:427] gen mutated: 1 , gen not mut: 0, gen not applied  0
 
[DEBUG] fr.inria.astor.core.loop.AstorCoreEngine.undoSingleGeneration(AstorCoreEngine.java:487) - ---Undoing: gnrtn(214): InsertBeforeOp: `int pos = 1 ` ---> `return ` at pos 6 of parent `{ 	org.apache.commons.mat[...]`
[DEBUG] fr.inria.astor.core.loop.AstorCoreEngine.prepareNextGeneration(AstorCoreEngine.java:284) - 
End analysis generation - 
Solutions found:--> ()
[DEBUG] fr.inria.astor.core.loop.population.FitnessPopulationController.selectProgramVariantsForNextGeneration(FitnessPopulationController.java:52) - Variants to next generation from: 2-->IDs: (427(f=1.0), 428(f=1.7976931348623157E308), )
[DEBUG] fr.inria.astor.core.loop.population.FitnessPopulationController.selectProgramVariantsForNextGeneration(FitnessPopulationController.java:61) - Selected to next generation: IDs2--> (427(f=1.0), )
[DEBUG] fr.inria.astor.core.loop.AstorCoreEngine.startEvolution(AstorCoreEngine.java:121) - 
----------Running generation/iteraction 215, population size: 1
[DEBUG] fr.inria.astor.core.loop.AstorCoreEngine.processGenerations(AstorCoreEngine.java:211) - 
***** Generation 215
[DEBUG] fr.inria.astor.core.loop.AstorCoreEngine.processGenerations(AstorCoreEngine.java:220) - 
**
*-Parent Variant: [Variant id: 429, #gens: 38, #ops: 0, parent:-]
[DEBUG] fr.inria.astor.core.loop.AstorCoreEngine.createNewProgramVariant(AstorCoreEngine.java:436) - 
--Child created id: 430
[DEBUG] fr.inria.astor.core.loop.AstorCoreEngine.modifyProgramVariant(AstorCoreEngine.java:504) - --Creating new operations for variant [Variant id: 430, #gens: 38, #ops: 0, parent:429]
[DEBUG] fr.inria.astor.core.loop.AstorCoreEngine.modifyProgramVariant(AstorCoreEngine.java:517) - ---analyzing modificationPoint position: 20
[DEBUG] fr.inria.astor.core.loop.AstorCoreEngine.modifyProgramVariant(AstorCoreEngine.java:540) - operation RemoveOp: `java.util.Arrays.sort(ran[...] ` ---> `-` at pos 4 of parent `{ 	org.apache.commons.mat[...]`
[DEBUG] fr.inria.astor.core.loop.AstorCoreEngine.modifyProgramVariant(AstorCoreEngine.java:562) - 
--Summary Creation: for variant [Variant id: 430, #gens: 37, #ops: 1, parent:429] gen mutated: 1 , gen not mut: 0, gen not applied  0
 
[DEBUG] fr.inria.astor.core.loop.AstorCoreEngine.processCreatedVariant(AstorCoreEngine.java:390) - -The child compiles: id 430
[DEBUG] fr.inria.astor.core.validation.executors.JUnitExecutorProcess.printCommandToExecute(JUnitExecutorProcess.java:140) - Executing process: 
/usr/lib/jvm/java-1.7.0-openjdk-amd64/bin//java  -Xmx2048m  -cp  /tmp/math_30_Genprog_local_s1/./lib/jtestex-0.0.1.jar:/tmp/math_30_Genprog_local_s1/./outputMutation/AstorMain-Math/bin/variant-430/:/tmp/math_30_Genprog_local_s1/lib/:/tmp/math_30_Genprog_local_s1/lib/junit-4.11.jar:/tmp/math_30_Genprog_local_s1/lib/jtestex-0.0.1.jar:/tmp/math_30_Genprog_local_s1/lib/commons-discovery-0.5.jar:/tmp/math_30_Genprog_local_s1/lib/cobertura-2.0.3.jar:/tmp/math_30_Genprog_local_s1/lib/fixran-0.0.1.jar:/tmp/math_30_Genprog_local_s1/lib/evosuite-master-1.0.4-SNAPSHOT.jar:/tmp/math_30_Genprog_local_s1/./outputMutation/AstorMain-Math/bin/default/:/home/mmartinez/defects4j-repair/src/python/core/../../../libs/astor.jar:  JUnitExternalExecutor  org.apache.commons.math3.stat.inference.MannWhitneyUTestTest
[DEBUG] fr.inria.astor.core.validation.executors.JUnitExecutorProcess.execute(JUnitExecutorProcess.java:77) - Execution time 0 seconds
[DEBUG] fr.inria.astor.core.validation.executors.JUnitExecutorProcess.execute(JUnitExecutorProcess.java:80) - Running Exit Value
[DEBUG] fr.inria.astor.core.validation.validators.RegressionValidation.validate(RegressionValidation.java:23) - Failing Val: |false|2|3|[testBigDataSet(org.apache.commons.math3.stat.inference.MannWhitneyUTestTest): null-, testMannWhitneyUSimple(org.apache.commons.math3.stat.inference.MannWhitneyUTestTest): expected:<17.0> but was:<18.0>-]|
[DEBUG] fr.inria.astor.core.loop.AstorCoreEngine.processCreatedVariant(AstorCoreEngine.java:395) - -Valid?: false, fitness 2.0
[DEBUG] fr.inria.astor.core.loop.AstorCoreEngine.undoSingleGeneration(AstorCoreEngine.java:487) - ---Undoing: gnrtn(215): RemoveOp: `java.util.Arrays.sort(ran[...] ` ---> `-` at pos 4 of parent `{ 	org.apache.commons.mat[...]`
[DEBUG] fr.inria.astor.core.loop.AstorCoreEngine.prepareNextGeneration(AstorCoreEngine.java:284) - 
End analysis generation - 
Solutions found:--> ()
[DEBUG] fr.inria.astor.core.loop.population.FitnessPopulationController.selectProgramVariantsForNextGeneration(FitnessPopulationController.java:52) - Variants to next generation from: 2-->IDs: (429(f=1.0), 430(f=2.0), )
[DEBUG] fr.inria.astor.core.loop.population.FitnessPopulationController.selectProgramVariantsForNextGeneration(FitnessPopulationController.java:61) - Selected to next generation: IDs2--> (429(f=1.0), )
[DEBUG] fr.inria.astor.core.loop.AstorCoreEngine.startEvolution(AstorCoreEngine.java:121) - 
----------Running generation/iteraction 216, population size: 1
[DEBUG] fr.inria.astor.core.loop.AstorCoreEngine.processGenerations(AstorCoreEngine.java:211) - 
***** Generation 216
[DEBUG] fr.inria.astor.core.loop.AstorCoreEngine.processGenerations(AstorCoreEngine.java:220) - 
**
*-Parent Variant: [Variant id: 431, #gens: 38, #ops: 0, parent:-]
[DEBUG] fr.inria.astor.core.loop.AstorCoreEngine.createNewProgramVariant(AstorCoreEngine.java:436) - 
--Child created id: 432
[DEBUG] fr.inria.astor.core.loop.AstorCoreEngine.modifyProgramVariant(AstorCoreEngine.java:504) - --Creating new operations for variant [Variant id: 432, #gens: 38, #ops: 0, parent:431]
[DEBUG] fr.inria.astor.core.loop.AstorCoreEngine.modifyProgramVariant(AstorCoreEngine.java:517) - ---analyzing modificationPoint position: 26
[DEBUG] fr.inria.astor.core.loop.AstorCoreEngine.modifyProgramVariant(AstorCoreEngine.java:540) - operation InsertAfterOp: `for (int i = 1 ; i < (ran[...] ` ---> `double[] out = new double[...]` at pos 10 of parent `{ 	org.apache.commons.mat[...]`
[DEBUG] fr.inria.astor.core.loop.spaces.operators.AstorOperator.addPoint(AstorOperator.java:108) - ---ModificPoint=NaturalRanking line: 227, el: CtLocalVariableImpl
[DEBUG] fr.inria.astor.core.loop.spaces.operators.AstorOperator.addPoint(AstorOperator.java:109) - ---InsertAfterOp: `for (int i = 1 ; i < (ran[...] ` ---> `double[] out = new double[...]` at pos 10 of parent `{ 	org.apache.commons.mat[...]`
[DEBUG] fr.inria.astor.core.loop.AstorCoreEngine.modifyProgramVariant(AstorCoreEngine.java:562) - 
--Summary Creation: for variant [Variant id: 432, #gens: 39, #ops: 1, parent:431] gen mutated: 1 , gen not mut: 0, gen not applied  0
 
[DEBUG] fr.inria.astor.core.loop.AstorCoreEngine.undoSingleGeneration(AstorCoreEngine.java:487) - ---Undoing: gnrtn(216): InsertAfterOp: `for (int i = 1 ; i < (ran[...] ` ---> `double[] out = new double[...]` at pos 10 of parent `{ 	org.apache.commons.mat[...]`
[DEBUG] fr.inria.astor.core.loop.AstorCoreEngine.prepareNextGeneration(AstorCoreEngine.java:284) - 
End analysis generation - 
Solutions found:--> ()
[DEBUG] fr.inria.astor.core.loop.population.FitnessPopulationController.selectProgramVariantsForNextGeneration(FitnessPopulationController.java:52) - Variants to next generation from: 2-->IDs: (431(f=1.0), 432(f=1.7976931348623157E308), )
[DEBUG] fr.inria.astor.core.loop.population.FitnessPopulationController.selectProgramVariantsForNextGeneration(FitnessPopulationController.java:61) - Selected to next generation: IDs2--> (431(f=1.0), )
[DEBUG] fr.inria.astor.core.loop.AstorCoreEngine.startEvolution(AstorCoreEngine.java:121) - 
----------Running generation/iteraction 217, population size: 1
[DEBUG] fr.inria.astor.core.loop.AstorCoreEngine.processGenerations(AstorCoreEngine.java:211) - 
***** Generation 217
[DEBUG] fr.inria.astor.core.loop.AstorCoreEngine.processGenerations(AstorCoreEngine.java:220) - 
**
*-Parent Variant: [Variant id: 433, #gens: 38, #ops: 0, parent:-]
[DEBUG] fr.inria.astor.core.loop.AstorCoreEngine.createNewProgramVariant(AstorCoreEngine.java:436) - 
--Child created id: 434
[DEBUG] fr.inria.astor.core.loop.AstorCoreEngine.modifyProgramVariant(AstorCoreEngine.java:504) - --Creating new operations for variant [Variant id: 434, #gens: 38, #ops: 0, parent:433]
[DEBUG] fr.inria.astor.core.loop.AstorCoreEngine.modifyProgramVariant(AstorCoreEngine.java:517) - ---analyzing modificationPoint position: 13
[DEBUG] fr.inria.astor.core.loop.AstorCoreEngine.modifyProgramVariant(AstorCoreEngine.java:540) - operation InsertBeforeOp: `tiesTrace = new java.util[...] ` ---> `if ((nanPositions.size())[...]` at pos 2 of parent `{ 	pos = i + 1; 	if ((tie[...]`
[DEBUG] fr.inria.astor.core.loop.spaces.operators.AstorOperator.addPoint(AstorOperator.java:108) - ---ModificPoint=NaturalRanking line: 234, el: CtIfImpl
[DEBUG] fr.inria.astor.core.loop.spaces.operators.AstorOperator.addPoint(AstorOperator.java:109) - ---InsertBeforeOp: `tiesTrace = new java.util[...] ` ---> `if ((nanPositions.size())[...]` at pos 2 of parent `{ 	pos = i + 1; 	if ((tie[...]`
[DEBUG] fr.inria.astor.core.loop.AstorCoreEngine.modifyProgramVariant(AstorCoreEngine.java:562) - 
--Summary Creation: for variant [Variant id: 434, #gens: 39, #ops: 1, parent:433] gen mutated: 1 , gen not mut: 0, gen not applied  0
 
[DEBUG] fr.inria.astor.core.loop.AstorCoreEngine.undoSingleGeneration(AstorCoreEngine.java:487) - ---Undoing: gnrtn(217): InsertBeforeOp: `tiesTrace = new java.util[...] ` ---> `if ((nanPositions.size())[...]` at pos 2 of parent `{ 	pos = i + 1; 	if ((tie[...]`
[DEBUG] fr.inria.astor.core.loop.AstorCoreEngine.prepareNextGeneration(AstorCoreEngine.java:284) - 
End analysis generation - 
Solutions found:--> ()
[DEBUG] fr.inria.astor.core.loop.population.FitnessPopulationController.selectProgramVariantsForNextGeneration(FitnessPopulationController.java:52) - Variants to next generation from: 2-->IDs: (433(f=1.0), 434(f=1.7976931348623157E308), )
[DEBUG] fr.inria.astor.core.loop.population.FitnessPopulationController.selectProgramVariantsForNextGeneration(FitnessPopulationController.java:61) - Selected to next generation: IDs2--> (433(f=1.0), )
[DEBUG] fr.inria.astor.core.loop.AstorCoreEngine.startEvolution(AstorCoreEngine.java:121) - 
----------Running generation/iteraction 218, population size: 1
[DEBUG] fr.inria.astor.core.loop.AstorCoreEngine.processGenerations(AstorCoreEngine.java:211) - 
***** Generation 218
[DEBUG] fr.inria.astor.core.loop.AstorCoreEngine.processGenerations(AstorCoreEngine.java:220) - 
**
*-Parent Variant: [Variant id: 435, #gens: 38, #ops: 0, parent:-]
[DEBUG] fr.inria.astor.core.loop.AstorCoreEngine.createNewProgramVariant(AstorCoreEngine.java:436) - 
--Child created id: 436
[DEBUG] fr.inria.astor.core.loop.AstorCoreEngine.modifyProgramVariant(AstorCoreEngine.java:504) - --Creating new operations for variant [Variant id: 436, #gens: 38, #ops: 0, parent:435]
[DEBUG] fr.inria.astor.core.loop.AstorCoreEngine.modifyProgramVariant(AstorCoreEngine.java:517) - ---analyzing modificationPoint position: 12
[DEBUG] fr.inria.astor.core.loop.AstorCoreEngine.modifyProgramVariant(AstorCoreEngine.java:540) - operation InsertBeforeOp: `if ((tiesTrace.size()) > [...] ` ---> `if ((nanStrategy) == (org[...]` at pos 1 of parent `{ 	pos = i + 1; 	if ((tie[...]`
[DEBUG] fr.inria.astor.core.loop.spaces.operators.AstorOperator.addPoint(AstorOperator.java:108) - ---ModificPoint=NaturalRanking line: 231, el: CtIfImpl
[DEBUG] fr.inria.astor.core.loop.spaces.operators.AstorOperator.addPoint(AstorOperator.java:109) - ---InsertBeforeOp: `if ((tiesTrace.size()) > [...] ` ---> `if ((nanStrategy) == (org[...]` at pos 1 of parent `{ 	pos = i + 1; 	if ((tie[...]`
[DEBUG] fr.inria.astor.core.loop.AstorCoreEngine.modifyProgramVariant(AstorCoreEngine.java:562) - 
--Summary Creation: for variant [Variant id: 436, #gens: 39, #ops: 1, parent:435] gen mutated: 1 , gen not mut: 0, gen not applied  0
 
[DEBUG] fr.inria.astor.core.loop.AstorCoreEngine.processCreatedVariant(AstorCoreEngine.java:390) - -The child compiles: id 436
[DEBUG] fr.inria.astor.core.validation.executors.JUnitExecutorProcess.printCommandToExecute(JUnitExecutorProcess.java:140) - Executing process: 
/usr/lib/jvm/java-1.7.0-openjdk-amd64/bin//java  -Xmx2048m  -cp  /tmp/math_30_Genprog_local_s1/./lib/jtestex-0.0.1.jar:/tmp/math_30_Genprog_local_s1/./outputMutation/AstorMain-Math/bin/variant-436/:/tmp/math_30_Genprog_local_s1/lib/:/tmp/math_30_Genprog_local_s1/lib/junit-4.11.jar:/tmp/math_30_Genprog_local_s1/lib/jtestex-0.0.1.jar:/tmp/math_30_Genprog_local_s1/lib/commons-discovery-0.5.jar:/tmp/math_30_Genprog_local_s1/lib/cobertura-2.0.3.jar:/tmp/math_30_Genprog_local_s1/lib/fixran-0.0.1.jar:/tmp/math_30_Genprog_local_s1/lib/evosuite-master-1.0.4-SNAPSHOT.jar:/tmp/math_30_Genprog_local_s1/./outputMutation/AstorMain-Math/bin/default/:/home/mmartinez/defects4j-repair/src/python/core/../../../libs/astor.jar:  JUnitExternalExecutor  org.apache.commons.math3.stat.inference.MannWhitneyUTestTest
[DEBUG] fr.inria.astor.core.validation.executors.JUnitExecutorProcess.execute(JUnitExecutorProcess.java:77) - Execution time 0 seconds
[DEBUG] fr.inria.astor.core.validation.executors.JUnitExecutorProcess.execute(JUnitExecutorProcess.java:80) - Running Exit Value
[DEBUG] fr.inria.astor.core.validation.validators.RegressionValidation.validate(RegressionValidation.java:23) - Failing Val: |false|1|3|[testBigDataSet(org.apache.commons.math3.stat.inference.MannWhitneyUTestTest): null-]|
[DEBUG] fr.inria.astor.core.loop.AstorCoreEngine.processCreatedVariant(AstorCoreEngine.java:395) - -Valid?: false, fitness 1.0
[DEBUG] fr.inria.astor.core.loop.AstorCoreEngine.undoSingleGeneration(AstorCoreEngine.java:487) - ---Undoing: gnrtn(218): InsertBeforeOp: `if ((tiesTrace.size()) > [...] ` ---> `if ((nanStrategy) == (org[...]` at pos 1 of parent `{ 	pos = i + 1; 	if ((nan[...]`
[DEBUG] fr.inria.astor.core.loop.AstorCoreEngine.prepareNextGeneration(AstorCoreEngine.java:284) - 
End analysis generation - 
Solutions found:--> ()
[DEBUG] fr.inria.astor.core.loop.population.FitnessPopulationController.selectProgramVariantsForNextGeneration(FitnessPopulationController.java:52) - Variants to next generation from: 2-->IDs: (435(f=1.0), 436(f=1.0), )
[DEBUG] fr.inria.astor.core.loop.population.FitnessPopulationController.selectProgramVariantsForNextGeneration(FitnessPopulationController.java:61) - Selected to next generation: IDs2--> (435(f=1.0), )
[DEBUG] fr.inria.astor.core.loop.AstorCoreEngine.startEvolution(AstorCoreEngine.java:121) - 
----------Running generation/iteraction 219, population size: 1
[DEBUG] fr.inria.astor.core.loop.AstorCoreEngine.processGenerations(AstorCoreEngine.java:211) - 
***** Generation 219
[DEBUG] fr.inria.astor.core.loop.AstorCoreEngine.processGenerations(AstorCoreEngine.java:220) - 
**
*-Parent Variant: [Variant id: 437, #gens: 38, #ops: 0, parent:-]
[DEBUG] fr.inria.astor.core.loop.AstorCoreEngine.createNewProgramVariant(AstorCoreEngine.java:436) - 
--Child created id: 438
[DEBUG] fr.inria.astor.core.loop.AstorCoreEngine.modifyProgramVariant(AstorCoreEngine.java:504) - --Creating new operations for variant [Variant id: 438, #gens: 38, #ops: 0, parent:437]
[DEBUG] fr.inria.astor.core.loop.AstorCoreEngine.modifyProgramVariant(AstorCoreEngine.java:517) - ---analyzing modificationPoint position: 22
[DEBUG] fr.inria.astor.core.loop.AstorCoreEngine.modifyProgramVariant(AstorCoreEngine.java:540) - operation InsertBeforeOp: `int pos = 1 ` ---> `return true` at pos 6 of parent `{ 	org.apache.commons.mat[...]`
[DEBUG] fr.inria.astor.core.loop.spaces.operators.AstorOperator.addPoint(AstorOperator.java:108) - ---ModificPoint=NaturalRanking line: 223, el: CtReturnImpl
[DEBUG] fr.inria.astor.core.loop.spaces.operators.AstorOperator.addPoint(AstorOperator.java:109) - ---InsertBeforeOp: `int pos = 1 ` ---> `return true` at pos 6 of parent `{ 	org.apache.commons.mat[...]`
[DEBUG] fr.inria.astor.core.loop.AstorCoreEngine.modifyProgramVariant(AstorCoreEngine.java:562) - 
--Summary Creation: for variant [Variant id: 438, #gens: 39, #ops: 1, parent:437] gen mutated: 1 , gen not mut: 0, gen not applied  0
 
[DEBUG] fr.inria.astor.core.loop.AstorCoreEngine.undoSingleGeneration(AstorCoreEngine.java:487) - ---Undoing: gnrtn(219): InsertBeforeOp: `int pos = 1 ` ---> `return true` at pos 6 of parent `{ 	org.apache.commons.mat[...]`
[DEBUG] fr.inria.astor.core.loop.AstorCoreEngine.prepareNextGeneration(AstorCoreEngine.java:284) - 
End analysis generation - 
Solutions found:--> ()
[DEBUG] fr.inria.astor.core.loop.population.FitnessPopulationController.selectProgramVariantsForNextGeneration(FitnessPopulationController.java:52) - Variants to next generation from: 2-->IDs: (437(f=1.0), 438(f=1.7976931348623157E308), )
[DEBUG] fr.inria.astor.core.loop.population.FitnessPopulationController.selectProgramVariantsForNextGeneration(FitnessPopulationController.java:61) - Selected to next generation: IDs2--> (437(f=1.0), )
[DEBUG] fr.inria.astor.core.loop.AstorCoreEngine.startEvolution(AstorCoreEngine.java:121) - 
----------Running generation/iteraction 220, population size: 1
[DEBUG] fr.inria.astor.core.loop.AstorCoreEngine.processGenerations(AstorCoreEngine.java:211) - 
***** Generation 220
[DEBUG] fr.inria.astor.core.loop.AstorCoreEngine.processGenerations(AstorCoreEngine.java:220) - 
**
*-Parent Variant: [Variant id: 439, #gens: 38, #ops: 0, parent:-]
[DEBUG] fr.inria.astor.core.loop.AstorCoreEngine.createNewProgramVariant(AstorCoreEngine.java:436) - 
--Child created id: 440
[DEBUG] fr.inria.astor.core.loop.AstorCoreEngine.modifyProgramVariant(AstorCoreEngine.java:504) - --Creating new operations for variant [Variant id: 440, #gens: 38, #ops: 0, parent:439]
[DEBUG] fr.inria.astor.core.loop.AstorCoreEngine.modifyProgramVariant(AstorCoreEngine.java:517) - ---analyzing modificationPoint position: 33
[DEBUG] fr.inria.astor.core.loop.AstorCoreEngine.modifyProgramVariant(AstorCoreEngine.java:540) - operation ReplaceOp: `return value ` ---> `return position` at pos 0 of parent `{ 	return value; }`
[DEBUG] fr.inria.astor.core.loop.spaces.operators.AstorOperator.addPoint(AstorOperator.java:108) - ---ModificPoint=NaturalRanking line: 453, el: CtReturnImpl
[DEBUG] fr.inria.astor.core.loop.spaces.operators.AstorOperator.addPoint(AstorOperator.java:109) - ---ReplaceOp: `return value ` ---> `return position` at pos 0 of parent `{ 	return value; }`
[DEBUG] fr.inria.astor.core.loop.AstorCoreEngine.modifyProgramVariant(AstorCoreEngine.java:562) - 
--Summary Creation: for variant [Variant id: 440, #gens: 38, #ops: 1, parent:439] gen mutated: 1 , gen not mut: 0, gen not applied  0
 
[DEBUG] fr.inria.astor.core.loop.AstorCoreEngine.processCreatedVariant(AstorCoreEngine.java:390) - -The child compiles: id 440
[DEBUG] fr.inria.astor.core.validation.executors.JUnitExecutorProcess.printCommandToExecute(JUnitExecutorProcess.java:140) - Executing process: 
/usr/lib/jvm/java-1.7.0-openjdk-amd64/bin//java  -Xmx2048m  -cp  /tmp/math_30_Genprog_local_s1/./lib/jtestex-0.0.1.jar:/tmp/math_30_Genprog_local_s1/./outputMutation/AstorMain-Math/bin/variant-440/:/tmp/math_30_Genprog_local_s1/lib/:/tmp/math_30_Genprog_local_s1/lib/junit-4.11.jar:/tmp/math_30_Genprog_local_s1/lib/jtestex-0.0.1.jar:/tmp/math_30_Genprog_local_s1/lib/commons-discovery-0.5.jar:/tmp/math_30_Genprog_local_s1/lib/cobertura-2.0.3.jar:/tmp/math_30_Genprog_local_s1/lib/fixran-0.0.1.jar:/tmp/math_30_Genprog_local_s1/lib/evosuite-master-1.0.4-SNAPSHOT.jar:/tmp/math_30_Genprog_local_s1/./outputMutation/AstorMain-Math/bin/default/:/home/mmartinez/defects4j-repair/src/python/core/../../../libs/astor.jar:  JUnitExternalExecutor  org.apache.commons.math3.stat.inference.MannWhitneyUTestTest
[DEBUG] fr.inria.astor.core.validation.executors.JUnitExecutorProcess.execute(JUnitExecutorProcess.java:77) - Execution time 0 seconds
[DEBUG] fr.inria.astor.core.validation.executors.JUnitExecutorProcess.execute(JUnitExecutorProcess.java:80) - Running Exit Value
[DEBUG] fr.inria.astor.core.validation.validators.RegressionValidation.validate(RegressionValidation.java:23) - Failing Val: |false|2|3|[testBigDataSet(org.apache.commons.math3.stat.inference.MannWhitneyUTestTest): null-, testMannWhitneyUSimple(org.apache.commons.math3.stat.inference.MannWhitneyUTestTest): expected:<17.0> but was:<15.5>-]|
[DEBUG] fr.inria.astor.core.loop.AstorCoreEngine.processCreatedVariant(AstorCoreEngine.java:395) - -Valid?: false, fitness 2.0
[DEBUG] fr.inria.astor.core.loop.AstorCoreEngine.undoSingleGeneration(AstorCoreEngine.java:487) - ---Undoing: gnrtn(220): ReplaceOp: `return value ` ---> `return position` at pos 0 of parent `{ 	return position; }`
[DEBUG] fr.inria.astor.core.loop.AstorCoreEngine.prepareNextGeneration(AstorCoreEngine.java:284) - 
End analysis generation - 
Solutions found:--> ()
[DEBUG] fr.inria.astor.core.loop.population.FitnessPopulationController.selectProgramVariantsForNextGeneration(FitnessPopulationController.java:52) - Variants to next generation from: 2-->IDs: (439(f=1.0), 440(f=2.0), )
[DEBUG] fr.inria.astor.core.loop.population.FitnessPopulationController.selectProgramVariantsForNextGeneration(FitnessPopulationController.java:61) - Selected to next generation: IDs2--> (439(f=1.0), )
[DEBUG] fr.inria.astor.core.loop.AstorCoreEngine.startEvolution(AstorCoreEngine.java:121) - 
----------Running generation/iteraction 221, population size: 1
[DEBUG] fr.inria.astor.core.loop.AstorCoreEngine.processGenerations(AstorCoreEngine.java:211) - 
***** Generation 221
[DEBUG] fr.inria.astor.core.loop.AstorCoreEngine.processGenerations(AstorCoreEngine.java:220) - 
**
*-Parent Variant: [Variant id: 441, #gens: 38, #ops: 0, parent:-]
[DEBUG] fr.inria.astor.core.loop.AstorCoreEngine.createNewProgramVariant(AstorCoreEngine.java:436) - 
--Child created id: 442
[DEBUG] fr.inria.astor.core.loop.AstorCoreEngine.modifyProgramVariant(AstorCoreEngine.java:504) - --Creating new operations for variant [Variant id: 442, #gens: 38, #ops: 0, parent:441]
[DEBUG] fr.inria.astor.core.loop.AstorCoreEngine.modifyProgramVariant(AstorCoreEngine.java:517) - ---analyzing modificationPoint position: 7
[DEBUG] fr.inria.astor.core.loop.AstorCoreEngine.modifyProgramVariant(AstorCoreEngine.java:540) - operation ReplaceOp: `ret = java.lang.Double.Na[...] ` ---> `ret = (org.apache.commons[...]` at pos 0 of parent `{ 	ret = java.lang.Double[...]`
[DEBUG] fr.inria.astor.core.loop.spaces.operators.AstorOperator.addPoint(AstorOperator.java:108) - ---ModificPoint=Gamma line: 155, el: CtAssignmentImpl
[DEBUG] fr.inria.astor.core.loop.spaces.operators.AstorOperator.addPoint(AstorOperator.java:109) - ---ReplaceOp: `ret = java.lang.Double.Na[...] ` ---> `ret = (org.apache.commons[...]` at pos 0 of parent `{ 	ret = java.lang.Double[...]`
[DEBUG] fr.inria.astor.core.loop.AstorCoreEngine.modifyProgramVariant(AstorCoreEngine.java:562) - 
--Summary Creation: for variant [Variant id: 442, #gens: 38, #ops: 1, parent:441] gen mutated: 1 , gen not mut: 0, gen not applied  0
 
[DEBUG] fr.inria.astor.core.loop.AstorCoreEngine.undoSingleGeneration(AstorCoreEngine.java:487) - ---Undoing: gnrtn(221): ReplaceOp: `ret = java.lang.Double.Na[...] ` ---> `ret = (org.apache.commons[...]` at pos 0 of parent `{ 	ret = (org.apache.comm[...]`
[DEBUG] fr.inria.astor.core.loop.AstorCoreEngine.prepareNextGeneration(AstorCoreEngine.java:284) - 
End analysis generation - 
Solutions found:--> ()
[DEBUG] fr.inria.astor.core.loop.population.FitnessPopulationController.selectProgramVariantsForNextGeneration(FitnessPopulationController.java:52) - Variants to next generation from: 2-->IDs: (441(f=1.0), 442(f=1.7976931348623157E308), )
[DEBUG] fr.inria.astor.core.loop.population.FitnessPopulationController.selectProgramVariantsForNextGeneration(FitnessPopulationController.java:61) - Selected to next generation: IDs2--> (441(f=1.0), )
[DEBUG] fr.inria.astor.core.loop.AstorCoreEngine.startEvolution(AstorCoreEngine.java:121) - 
----------Running generation/iteraction 222, population size: 1
[DEBUG] fr.inria.astor.core.loop.AstorCoreEngine.processGenerations(AstorCoreEngine.java:211) - 
***** Generation 222
[DEBUG] fr.inria.astor.core.loop.AstorCoreEngine.processGenerations(AstorCoreEngine.java:220) - 
**
*-Parent Variant: [Variant id: 443, #gens: 38, #ops: 0, parent:-]
[DEBUG] fr.inria.astor.core.loop.AstorCoreEngine.createNewProgramVariant(AstorCoreEngine.java:436) - 
--Child created id: 444
[DEBUG] fr.inria.astor.core.loop.AstorCoreEngine.modifyProgramVariant(AstorCoreEngine.java:504) - --Creating new operations for variant [Variant id: 444, #gens: 38, #ops: 0, parent:443]
[DEBUG] fr.inria.astor.core.loop.AstorCoreEngine.modifyProgramVariant(AstorCoreEngine.java:517) - ---analyzing modificationPoint position: 19
[DEBUG] fr.inria.astor.core.loop.AstorCoreEngine.modifyProgramVariant(AstorCoreEngine.java:540) - operation InsertBeforeOp: `switch (nanStrategy) { 	c[...] ` ---> `if ((nanPositions.size())[...]` at pos 3 of parent `{ 	org.apache.commons.mat[...]`
[DEBUG] fr.inria.astor.core.loop.spaces.operators.AstorOperator.addPoint(AstorOperator.java:108) - ---ModificPoint=NaturalRanking line: 200, el: CtIfImpl
[DEBUG] fr.inria.astor.core.loop.spaces.operators.AstorOperator.addPoint(AstorOperator.java:109) - ---InsertBeforeOp: `switch (nanStrategy) { 	c[...] ` ---> `if ((nanPositions.size())[...]` at pos 3 of parent `{ 	org.apache.commons.mat[...]`
[DEBUG] fr.inria.astor.core.loop.AstorCoreEngine.modifyProgramVariant(AstorCoreEngine.java:562) - 
--Summary Creation: for variant [Variant id: 444, #gens: 39, #ops: 1, parent:443] gen mutated: 1 , gen not mut: 0, gen not applied  0
 
[DEBUG] fr.inria.astor.core.loop.AstorCoreEngine.undoSingleGeneration(AstorCoreEngine.java:487) - ---Undoing: gnrtn(222): InsertBeforeOp: `switch (nanStrategy) { 	c[...] ` ---> `if ((nanPositions.size())[...]` at pos 3 of parent `{ 	org.apache.commons.mat[...]`
[DEBUG] fr.inria.astor.core.loop.AstorCoreEngine.prepareNextGeneration(AstorCoreEngine.java:284) - 
End analysis generation - 
Solutions found:--> ()
[DEBUG] fr.inria.astor.core.loop.population.FitnessPopulationController.selectProgramVariantsForNextGeneration(FitnessPopulationController.java:52) - Variants to next generation from: 2-->IDs: (443(f=1.0), 444(f=1.7976931348623157E308), )
[DEBUG] fr.inria.astor.core.loop.population.FitnessPopulationController.selectProgramVariantsForNextGeneration(FitnessPopulationController.java:61) - Selected to next generation: IDs2--> (443(f=1.0), )
[DEBUG] fr.inria.astor.core.loop.AstorCoreEngine.startEvolution(AstorCoreEngine.java:121) - 
----------Running generation/iteraction 223, population size: 1
[DEBUG] fr.inria.astor.core.loop.AstorCoreEngine.processGenerations(AstorCoreEngine.java:211) - 
***** Generation 223
[DEBUG] fr.inria.astor.core.loop.AstorCoreEngine.processGenerations(AstorCoreEngine.java:220) - 
**
*-Parent Variant: [Variant id: 445, #gens: 38, #ops: 0, parent:-]
[DEBUG] fr.inria.astor.core.loop.AstorCoreEngine.createNewProgramVariant(AstorCoreEngine.java:436) - 
--Child created id: 446
[DEBUG] fr.inria.astor.core.loop.AstorCoreEngine.modifyProgramVariant(AstorCoreEngine.java:504) - --Creating new operations for variant [Variant id: 446, #gens: 38, #ops: 0, parent:445]
[DEBUG] fr.inria.astor.core.loop.AstorCoreEngine.modifyProgramVariant(AstorCoreEngine.java:517) - ---analyzing modificationPoint position: 8
[DEBUG] fr.inria.astor.core.loop.AstorCoreEngine.modifyProgramVariant(AstorCoreEngine.java:540) - operation RemoveOp: `final double dev = x - (m[...] ` ---> `-` at pos 0 of parent `{ 	final double dev = x -[...]`
[DEBUG] fr.inria.astor.core.loop.AstorCoreEngine.modifyProgramVariant(AstorCoreEngine.java:562) - 
--Summary Creation: for variant [Variant id: 446, #gens: 37, #ops: 1, parent:445] gen mutated: 1 , gen not mut: 0, gen not applied  0
 
[DEBUG] fr.inria.astor.core.loop.AstorCoreEngine.undoSingleGeneration(AstorCoreEngine.java:487) - ---Undoing: gnrtn(223): RemoveOp: `final double dev = x - (m[...] ` ---> `-` at pos 0 of parent `{ 	if ((org.apache.common[...]`
[DEBUG] fr.inria.astor.core.loop.AstorCoreEngine.prepareNextGeneration(AstorCoreEngine.java:284) - 
End analysis generation - 
Solutions found:--> ()
[DEBUG] fr.inria.astor.core.loop.population.FitnessPopulationController.selectProgramVariantsForNextGeneration(FitnessPopulationController.java:52) - Variants to next generation from: 2-->IDs: (445(f=1.0), 446(f=1.7976931348623157E308), )
[DEBUG] fr.inria.astor.core.loop.population.FitnessPopulationController.selectProgramVariantsForNextGeneration(FitnessPopulationController.java:61) - Selected to next generation: IDs2--> (445(f=1.0), )
[DEBUG] fr.inria.astor.core.loop.AstorCoreEngine.startEvolution(AstorCoreEngine.java:121) - 
----------Running generation/iteraction 224, population size: 1
[DEBUG] fr.inria.astor.core.loop.AstorCoreEngine.processGenerations(AstorCoreEngine.java:211) - 
***** Generation 224
[DEBUG] fr.inria.astor.core.loop.AstorCoreEngine.processGenerations(AstorCoreEngine.java:220) - 
**
*-Parent Variant: [Variant id: 447, #gens: 38, #ops: 0, parent:-]
[DEBUG] fr.inria.astor.core.loop.AstorCoreEngine.createNewProgramVariant(AstorCoreEngine.java:436) - 
--Child created id: 448
[DEBUG] fr.inria.astor.core.loop.AstorCoreEngine.modifyProgramVariant(AstorCoreEngine.java:504) - --Creating new operations for variant [Variant id: 448, #gens: 38, #ops: 0, parent:447]
[DEBUG] fr.inria.astor.core.loop.AstorCoreEngine.modifyProgramVariant(AstorCoreEngine.java:517) - ---analyzing modificationPoint position: 30
[DEBUG] fr.inria.astor.core.loop.AstorCoreEngine.modifyProgramVariant(AstorCoreEngine.java:540) - operation ReplaceOp: `if ((nanStrategy) == (org[...] ` ---> `if (!(containsNaNs(ranks)[...]` at pos 12 of parent `{ 	org.apache.commons.mat[...]`
[DEBUG] fr.inria.astor.core.loop.spaces.operators.AstorOperator.addPoint(AstorOperator.java:108) - ---ModificPoint=NaturalRanking line: 245, el: CtIfImpl
[DEBUG] fr.inria.astor.core.loop.spaces.operators.AstorOperator.addPoint(AstorOperator.java:109) - ---ReplaceOp: `if ((nanStrategy) == (org[...] ` ---> `if (!(containsNaNs(ranks)[...]` at pos 12 of parent `{ 	org.apache.commons.mat[...]`
[DEBUG] fr.inria.astor.core.loop.AstorCoreEngine.modifyProgramVariant(AstorCoreEngine.java:562) - 
--Summary Creation: for variant [Variant id: 448, #gens: 38, #ops: 1, parent:447] gen mutated: 1 , gen not mut: 0, gen not applied  0
 
[DEBUG] fr.inria.astor.core.loop.AstorCoreEngine.undoSingleGeneration(AstorCoreEngine.java:487) - ---Undoing: gnrtn(224): ReplaceOp: `if ((nanStrategy) == (org[...] ` ---> `if (!(containsNaNs(ranks)[...]` at pos 12 of parent `{ 	org.apache.commons.mat[...]`
[DEBUG] fr.inria.astor.core.loop.AstorCoreEngine.prepareNextGeneration(AstorCoreEngine.java:284) - 
End analysis generation - 
Solutions found:--> ()
[DEBUG] fr.inria.astor.core.loop.population.FitnessPopulationController.selectProgramVariantsForNextGeneration(FitnessPopulationController.java:52) - Variants to next generation from: 2-->IDs: (447(f=1.0), 448(f=1.7976931348623157E308), )
[DEBUG] fr.inria.astor.core.loop.population.FitnessPopulationController.selectProgramVariantsForNextGeneration(FitnessPopulationController.java:61) - Selected to next generation: IDs2--> (447(f=1.0), )
[DEBUG] fr.inria.astor.core.loop.AstorCoreEngine.startEvolution(AstorCoreEngine.java:121) - 
----------Running generation/iteraction 225, population size: 1
[DEBUG] fr.inria.astor.core.loop.AstorCoreEngine.processGenerations(AstorCoreEngine.java:211) - 
***** Generation 225
[DEBUG] fr.inria.astor.core.loop.AstorCoreEngine.processGenerations(AstorCoreEngine.java:220) - 
**
*-Parent Variant: [Variant id: 449, #gens: 38, #ops: 0, parent:-]
[DEBUG] fr.inria.astor.core.loop.AstorCoreEngine.createNewProgramVariant(AstorCoreEngine.java:436) - 
--Child created id: 450
[DEBUG] fr.inria.astor.core.loop.AstorCoreEngine.modifyProgramVariant(AstorCoreEngine.java:504) - --Creating new operations for variant [Variant id: 450, #gens: 38, #ops: 0, parent:449]
[DEBUG] fr.inria.astor.core.loop.AstorCoreEngine.modifyProgramVariant(AstorCoreEngine.java:517) - ---analyzing modificationPoint position: 10
[DEBUG] fr.inria.astor.core.loop.AstorCoreEngine.modifyProgramVariant(AstorCoreEngine.java:540) - operation RemoveOp: `return 0.5 * (1 + (org.ap[...] ` ---> `-` at pos 2 of parent `{ 	final double dev = x -[...]`
[DEBUG] fr.inria.astor.core.loop.AstorCoreEngine.modifyProgramVariant(AstorCoreEngine.java:562) - 
--Summary Creation: for variant [Variant id: 450, #gens: 37, #ops: 1, parent:449] gen mutated: 1 , gen not mut: 0, gen not applied  0
 
[DEBUG] fr.inria.astor.core.loop.AstorCoreEngine.undoSingleGeneration(AstorCoreEngine.java:487) - ---Undoing: gnrtn(225): RemoveOp: `return 0.5 * (1 + (org.ap[...] ` ---> `-` at pos 2 of parent `{ 	final double dev = x -[...]`
[DEBUG] fr.inria.astor.core.loop.AstorCoreEngine.prepareNextGeneration(AstorCoreEngine.java:284) - 
End analysis generation - 
Solutions found:--> ()
[DEBUG] fr.inria.astor.core.loop.population.FitnessPopulationController.selectProgramVariantsForNextGeneration(FitnessPopulationController.java:52) - Variants to next generation from: 2-->IDs: (449(f=1.0), 450(f=1.7976931348623157E308), )
[DEBUG] fr.inria.astor.core.loop.population.FitnessPopulationController.selectProgramVariantsForNextGeneration(FitnessPopulationController.java:61) - Selected to next generation: IDs2--> (449(f=1.0), )
[DEBUG] fr.inria.astor.core.loop.AstorCoreEngine.startEvolution(AstorCoreEngine.java:121) - 
----------Running generation/iteraction 226, population size: 1
[DEBUG] fr.inria.astor.core.loop.AstorCoreEngine.processGenerations(AstorCoreEngine.java:211) - 
***** Generation 226
[DEBUG] fr.inria.astor.core.loop.AstorCoreEngine.processGenerations(AstorCoreEngine.java:220) - 
**
*-Parent Variant: [Variant id: 451, #gens: 38, #ops: 0, parent:-]
[DEBUG] fr.inria.astor.core.loop.AstorCoreEngine.createNewProgramVariant(AstorCoreEngine.java:436) - 
--Child created id: 452
[DEBUG] fr.inria.astor.core.loop.AstorCoreEngine.modifyProgramVariant(AstorCoreEngine.java:504) - --Creating new operations for variant [Variant id: 452, #gens: 38, #ops: 0, parent:451]
[DEBUG] fr.inria.astor.core.loop.AstorCoreEngine.modifyProgramVariant(AstorCoreEngine.java:517) - ---analyzing modificationPoint position: 13
[DEBUG] fr.inria.astor.core.loop.AstorCoreEngine.modifyProgramVariant(AstorCoreEngine.java:540) - operation ReplaceOp: `tiesTrace = new java.util[...] ` ---> `randomData = null` at pos 2 of parent `{ 	pos = i + 1; 	if ((tie[...]`
[DEBUG] fr.inria.astor.core.loop.spaces.operators.AstorOperator.addPoint(AstorOperator.java:108) - ---ModificPoint=NaturalRanking line: 234, el: CtAssignmentImpl
[DEBUG] fr.inria.astor.core.loop.spaces.operators.AstorOperator.addPoint(AstorOperator.java:109) - ---ReplaceOp: `tiesTrace = new java.util[...] ` ---> `randomData = null` at pos 2 of parent `{ 	pos = i + 1; 	if ((tie[...]`
[DEBUG] fr.inria.astor.core.loop.AstorCoreEngine.modifyProgramVariant(AstorCoreEngine.java:562) - 
--Summary Creation: for variant [Variant id: 452, #gens: 38, #ops: 1, parent:451] gen mutated: 1 , gen not mut: 0, gen not applied  0
 
[DEBUG] fr.inria.astor.core.loop.AstorCoreEngine.undoSingleGeneration(AstorCoreEngine.java:487) - ---Undoing: gnrtn(226): ReplaceOp: `tiesTrace = new java.util[...] ` ---> `randomData = null` at pos 2 of parent `{ 	pos = i + 1; 	if ((tie[...]`
[DEBUG] fr.inria.astor.core.loop.AstorCoreEngine.prepareNextGeneration(AstorCoreEngine.java:284) - 
End analysis generation - 
Solutions found:--> ()
[DEBUG] fr.inria.astor.core.loop.population.FitnessPopulationController.selectProgramVariantsForNextGeneration(FitnessPopulationController.java:52) - Variants to next generation from: 2-->IDs: (451(f=1.0), 452(f=1.7976931348623157E308), )
[DEBUG] fr.inria.astor.core.loop.population.FitnessPopulationController.selectProgramVariantsForNextGeneration(FitnessPopulationController.java:61) - Selected to next generation: IDs2--> (451(f=1.0), )
[DEBUG] fr.inria.astor.core.loop.AstorCoreEngine.startEvolution(AstorCoreEngine.java:121) - 
----------Running generation/iteraction 227, population size: 1
[DEBUG] fr.inria.astor.core.loop.AstorCoreEngine.processGenerations(AstorCoreEngine.java:211) - 
***** Generation 227
[DEBUG] fr.inria.astor.core.loop.AstorCoreEngine.processGenerations(AstorCoreEngine.java:220) - 
**
*-Parent Variant: [Variant id: 453, #gens: 38, #ops: 0, parent:-]
[DEBUG] fr.inria.astor.core.loop.AstorCoreEngine.createNewProgramVariant(AstorCoreEngine.java:436) - 
--Child created id: 454
[DEBUG] fr.inria.astor.core.loop.AstorCoreEngine.modifyProgramVariant(AstorCoreEngine.java:504) - --Creating new operations for variant [Variant id: 454, #gens: 38, #ops: 0, parent:453]
[DEBUG] fr.inria.astor.core.loop.AstorCoreEngine.modifyProgramVariant(AstorCoreEngine.java:517) - ---analyzing modificationPoint position: 2
[DEBUG] fr.inria.astor.core.loop.AstorCoreEngine.modifyProgramVariant(AstorCoreEngine.java:540) - operation InsertBeforeOp: `return  ` ---> `return true` at pos 0 of parent `{ 	return ; }`
[DEBUG] fr.inria.astor.core.loop.spaces.operators.AstorOperator.addPoint(AstorOperator.java:108) - ---ModificPoint=NaturalRanking line: 388, el: CtReturnImpl
[DEBUG] fr.inria.astor.core.loop.spaces.operators.AstorOperator.addPoint(AstorOperator.java:109) - ---InsertBeforeOp: `return  ` ---> `return true` at pos 0 of parent `{ 	return ; }`
[DEBUG] fr.inria.astor.core.loop.AstorCoreEngine.modifyProgramVariant(AstorCoreEngine.java:562) - 
--Summary Creation: for variant [Variant id: 454, #gens: 39, #ops: 1, parent:453] gen mutated: 1 , gen not mut: 0, gen not applied  0
 
[DEBUG] fr.inria.astor.core.loop.AstorCoreEngine.undoSingleGeneration(AstorCoreEngine.java:487) - ---Undoing: gnrtn(227): InsertBeforeOp: `return  ` ---> `return true` at pos 0 of parent `{ 	return true; 	return ;[...]`
[DEBUG] fr.inria.astor.core.loop.AstorCoreEngine.prepareNextGeneration(AstorCoreEngine.java:284) - 
End analysis generation - 
Solutions found:--> ()
[DEBUG] fr.inria.astor.core.loop.population.FitnessPopulationController.selectProgramVariantsForNextGeneration(FitnessPopulationController.java:52) - Variants to next generation from: 2-->IDs: (453(f=1.0), 454(f=1.7976931348623157E308), )
[DEBUG] fr.inria.astor.core.loop.population.FitnessPopulationController.selectProgramVariantsForNextGeneration(FitnessPopulationController.java:61) - Selected to next generation: IDs2--> (453(f=1.0), )
[DEBUG] fr.inria.astor.core.loop.AstorCoreEngine.startEvolution(AstorCoreEngine.java:121) - 
----------Running generation/iteraction 228, population size: 1
[DEBUG] fr.inria.astor.core.loop.AstorCoreEngine.processGenerations(AstorCoreEngine.java:211) - 
***** Generation 228
[DEBUG] fr.inria.astor.core.loop.AstorCoreEngine.processGenerations(AstorCoreEngine.java:220) - 
**
*-Parent Variant: [Variant id: 455, #gens: 38, #ops: 0, parent:-]
[DEBUG] fr.inria.astor.core.loop.AstorCoreEngine.createNewProgramVariant(AstorCoreEngine.java:436) - 
--Child created id: 456
[DEBUG] fr.inria.astor.core.loop.AstorCoreEngine.modifyProgramVariant(AstorCoreEngine.java:504) - --Creating new operations for variant [Variant id: 456, #gens: 38, #ops: 0, parent:455]
[DEBUG] fr.inria.astor.core.loop.AstorCoreEngine.modifyProgramVariant(AstorCoreEngine.java:517) - ---analyzing modificationPoint position: 0
[DEBUG] fr.inria.astor.core.loop.AstorCoreEngine.modifyProgramVariant(AstorCoreEngine.java:540) - operation InsertAfterOp: `restoreNaNs(out, nanPosit[...] ` ---> `if ((nanStrategy) == (org[...]` at pos 0 of parent `{ 	restoreNaNs(out, nanPo[...]`
[DEBUG] fr.inria.astor.core.loop.spaces.operators.AstorOperator.addPoint(AstorOperator.java:108) - ---ModificPoint=NaturalRanking line: 246, el: CtIfImpl
[DEBUG] fr.inria.astor.core.loop.spaces.operators.AstorOperator.addPoint(AstorOperator.java:109) - ---InsertAfterOp: `restoreNaNs(out, nanPosit[...] ` ---> `if ((nanStrategy) == (org[...]` at pos 0 of parent `{ 	restoreNaNs(out, nanPo[...]`
[DEBUG] fr.inria.astor.core.loop.AstorCoreEngine.modifyProgramVariant(AstorCoreEngine.java:562) - 
--Summary Creation: for variant [Variant id: 456, #gens: 39, #ops: 1, parent:455] gen mutated: 1 , gen not mut: 0, gen not applied  0
 
[DEBUG] fr.inria.astor.core.loop.AstorCoreEngine.processCreatedVariant(AstorCoreEngine.java:390) - -The child compiles: id 456
[DEBUG] fr.inria.astor.core.validation.executors.JUnitExecutorProcess.printCommandToExecute(JUnitExecutorProcess.java:140) - Executing process: 
/usr/lib/jvm/java-1.7.0-openjdk-amd64/bin//java  -Xmx2048m  -cp  /tmp/math_30_Genprog_local_s1/./lib/jtestex-0.0.1.jar:/tmp/math_30_Genprog_local_s1/./outputMutation/AstorMain-Math/bin/variant-456/:/tmp/math_30_Genprog_local_s1/lib/:/tmp/math_30_Genprog_local_s1/lib/junit-4.11.jar:/tmp/math_30_Genprog_local_s1/lib/jtestex-0.0.1.jar:/tmp/math_30_Genprog_local_s1/lib/commons-discovery-0.5.jar:/tmp/math_30_Genprog_local_s1/lib/cobertura-2.0.3.jar:/tmp/math_30_Genprog_local_s1/lib/fixran-0.0.1.jar:/tmp/math_30_Genprog_local_s1/lib/evosuite-master-1.0.4-SNAPSHOT.jar:/tmp/math_30_Genprog_local_s1/./outputMutation/AstorMain-Math/bin/default/:/home/mmartinez/defects4j-repair/src/python/core/../../../libs/astor.jar:  JUnitExternalExecutor  org.apache.commons.math3.stat.inference.MannWhitneyUTestTest
[DEBUG] fr.inria.astor.core.validation.executors.JUnitExecutorProcess.execute(JUnitExecutorProcess.java:77) - Execution time 0 seconds
[DEBUG] fr.inria.astor.core.validation.executors.JUnitExecutorProcess.execute(JUnitExecutorProcess.java:80) - Running Exit Value
[DEBUG] fr.inria.astor.core.validation.validators.RegressionValidation.validate(RegressionValidation.java:23) - Failing Val: |false|1|3|[testBigDataSet(org.apache.commons.math3.stat.inference.MannWhitneyUTestTest): null-]|
[DEBUG] fr.inria.astor.core.loop.AstorCoreEngine.processCreatedVariant(AstorCoreEngine.java:395) - -Valid?: false, fitness 1.0
[DEBUG] fr.inria.astor.core.loop.AstorCoreEngine.undoSingleGeneration(AstorCoreEngine.java:487) - ---Undoing: gnrtn(228): InsertAfterOp: `restoreNaNs(out, nanPosit[...] ` ---> `if ((nanStrategy) == (org[...]` at pos 0 of parent `{ 	restoreNaNs(out, nanPo[...]`
[DEBUG] fr.inria.astor.core.loop.AstorCoreEngine.prepareNextGeneration(AstorCoreEngine.java:284) - 
End analysis generation - 
Solutions found:--> ()
[DEBUG] fr.inria.astor.core.loop.population.FitnessPopulationController.selectProgramVariantsForNextGeneration(FitnessPopulationController.java:52) - Variants to next generation from: 2-->IDs: (455(f=1.0), 456(f=1.0), )
[DEBUG] fr.inria.astor.core.loop.population.FitnessPopulationController.selectProgramVariantsForNextGeneration(FitnessPopulationController.java:61) - Selected to next generation: IDs2--> (455(f=1.0), )
[DEBUG] fr.inria.astor.core.loop.AstorCoreEngine.startEvolution(AstorCoreEngine.java:121) - 
----------Running generation/iteraction 229, population size: 1
[DEBUG] fr.inria.astor.core.loop.AstorCoreEngine.processGenerations(AstorCoreEngine.java:211) - 
***** Generation 229
[DEBUG] fr.inria.astor.core.loop.AstorCoreEngine.processGenerations(AstorCoreEngine.java:220) - 
**
*-Parent Variant: [Variant id: 457, #gens: 38, #ops: 0, parent:-]
[DEBUG] fr.inria.astor.core.loop.AstorCoreEngine.createNewProgramVariant(AstorCoreEngine.java:436) - 
--Child created id: 458
[DEBUG] fr.inria.astor.core.loop.AstorCoreEngine.modifyProgramVariant(AstorCoreEngine.java:504) - --Creating new operations for variant [Variant id: 458, #gens: 38, #ops: 0, parent:457]
[DEBUG] fr.inria.astor.core.loop.AstorCoreEngine.modifyProgramVariant(AstorCoreEngine.java:517) - ---analyzing modificationPoint position: 14
[DEBUG] fr.inria.astor.core.loop.AstorCoreEngine.modifyProgramVariant(AstorCoreEngine.java:540) - operation InsertAfterOp: `tiesTrace.add(ranks[i].ge[...] ` ---> `if ((nanStrategy) == (org[...]` at pos 3 of parent `{ 	pos = i + 1; 	if ((tie[...]`
[DEBUG] fr.inria.astor.core.loop.spaces.operators.AstorOperator.addPoint(AstorOperator.java:108) - ---ModificPoint=NaturalRanking line: 235, el: CtIfImpl
[DEBUG] fr.inria.astor.core.loop.spaces.operators.AstorOperator.addPoint(AstorOperator.java:109) - ---InsertAfterOp: `tiesTrace.add(ranks[i].ge[...] ` ---> `if ((nanStrategy) == (org[...]` at pos 3 of parent `{ 	pos = i + 1; 	if ((tie[...]`
[DEBUG] fr.inria.astor.core.loop.AstorCoreEngine.modifyProgramVariant(AstorCoreEngine.java:562) - 
--Summary Creation: for variant [Variant id: 458, #gens: 39, #ops: 1, parent:457] gen mutated: 1 , gen not mut: 0, gen not applied  0
 
[DEBUG] fr.inria.astor.core.loop.AstorCoreEngine.processCreatedVariant(AstorCoreEngine.java:390) - -The child compiles: id 458
[DEBUG] fr.inria.astor.core.validation.executors.JUnitExecutorProcess.printCommandToExecute(JUnitExecutorProcess.java:140) - Executing process: 
/usr/lib/jvm/java-1.7.0-openjdk-amd64/bin//java  -Xmx2048m  -cp  /tmp/math_30_Genprog_local_s1/./lib/jtestex-0.0.1.jar:/tmp/math_30_Genprog_local_s1/./outputMutation/AstorMain-Math/bin/variant-458/:/tmp/math_30_Genprog_local_s1/lib/:/tmp/math_30_Genprog_local_s1/lib/junit-4.11.jar:/tmp/math_30_Genprog_local_s1/lib/jtestex-0.0.1.jar:/tmp/math_30_Genprog_local_s1/lib/commons-discovery-0.5.jar:/tmp/math_30_Genprog_local_s1/lib/cobertura-2.0.3.jar:/tmp/math_30_Genprog_local_s1/lib/fixran-0.0.1.jar:/tmp/math_30_Genprog_local_s1/lib/evosuite-master-1.0.4-SNAPSHOT.jar:/tmp/math_30_Genprog_local_s1/./outputMutation/AstorMain-Math/bin/default/:/home/mmartinez/defects4j-repair/src/python/core/../../../libs/astor.jar:  JUnitExternalExecutor  org.apache.commons.math3.stat.inference.MannWhitneyUTestTest
[DEBUG] fr.inria.astor.core.validation.executors.JUnitExecutorProcess.execute(JUnitExecutorProcess.java:77) - Execution time 0 seconds
[DEBUG] fr.inria.astor.core.validation.executors.JUnitExecutorProcess.execute(JUnitExecutorProcess.java:80) - Running Exit Value
[DEBUG] fr.inria.astor.core.validation.validators.RegressionValidation.validate(RegressionValidation.java:23) - Failing Val: |false|1|3|[testBigDataSet(org.apache.commons.math3.stat.inference.MannWhitneyUTestTest): null-]|
[DEBUG] fr.inria.astor.core.loop.AstorCoreEngine.processCreatedVariant(AstorCoreEngine.java:395) - -Valid?: false, fitness 1.0
[DEBUG] fr.inria.astor.core.loop.AstorCoreEngine.undoSingleGeneration(AstorCoreEngine.java:487) - ---Undoing: gnrtn(229): InsertAfterOp: `tiesTrace.add(ranks[i].ge[...] ` ---> `if ((nanStrategy) == (org[...]` at pos 3 of parent `{ 	pos = i + 1; 	if ((tie[...]`
[DEBUG] fr.inria.astor.core.loop.AstorCoreEngine.prepareNextGeneration(AstorCoreEngine.java:284) - 
End analysis generation - 
Solutions found:--> ()
[DEBUG] fr.inria.astor.core.loop.population.FitnessPopulationController.selectProgramVariantsForNextGeneration(FitnessPopulationController.java:52) - Variants to next generation from: 2-->IDs: (457(f=1.0), 458(f=1.0), )
[DEBUG] fr.inria.astor.core.loop.population.FitnessPopulationController.selectProgramVariantsForNextGeneration(FitnessPopulationController.java:61) - Selected to next generation: IDs2--> (457(f=1.0), )
[DEBUG] fr.inria.astor.core.loop.AstorCoreEngine.startEvolution(AstorCoreEngine.java:121) - 
----------Running generation/iteraction 230, population size: 1
[DEBUG] fr.inria.astor.core.loop.AstorCoreEngine.processGenerations(AstorCoreEngine.java:211) - 
***** Generation 230
[DEBUG] fr.inria.astor.core.loop.AstorCoreEngine.processGenerations(AstorCoreEngine.java:220) - 
**
*-Parent Variant: [Variant id: 459, #gens: 38, #ops: 0, parent:-]
[DEBUG] fr.inria.astor.core.loop.AstorCoreEngine.createNewProgramVariant(AstorCoreEngine.java:436) - 
--Child created id: 460
[DEBUG] fr.inria.astor.core.loop.AstorCoreEngine.modifyProgramVariant(AstorCoreEngine.java:504) - --Creating new operations for variant [Variant id: 460, #gens: 38, #ops: 0, parent:459]
[DEBUG] fr.inria.astor.core.loop.AstorCoreEngine.modifyProgramVariant(AstorCoreEngine.java:517) - ---analyzing modificationPoint position: 25
[DEBUG] fr.inria.astor.core.loop.AstorCoreEngine.modifyProgramVariant(AstorCoreEngine.java:540) - operation RemoveOp: `tiesTrace.add(ranks[0].ge[...] ` ---> `-` at pos 9 of parent `{ 	org.apache.commons.mat[...]`
[DEBUG] fr.inria.astor.core.loop.AstorCoreEngine.modifyProgramVariant(AstorCoreEngine.java:562) - 
--Summary Creation: for variant [Variant id: 460, #gens: 37, #ops: 1, parent:459] gen mutated: 1 , gen not mut: 0, gen not applied  0
 
[DEBUG] fr.inria.astor.core.loop.AstorCoreEngine.processCreatedVariant(AstorCoreEngine.java:390) - -The child compiles: id 460
[DEBUG] fr.inria.astor.core.validation.executors.JUnitExecutorProcess.printCommandToExecute(JUnitExecutorProcess.java:140) - Executing process: 
/usr/lib/jvm/java-1.7.0-openjdk-amd64/bin//java  -Xmx2048m  -cp  /tmp/math_30_Genprog_local_s1/./lib/jtestex-0.0.1.jar:/tmp/math_30_Genprog_local_s1/./outputMutation/AstorMain-Math/bin/variant-460/:/tmp/math_30_Genprog_local_s1/lib/:/tmp/math_30_Genprog_local_s1/lib/junit-4.11.jar:/tmp/math_30_Genprog_local_s1/lib/jtestex-0.0.1.jar:/tmp/math_30_Genprog_local_s1/lib/commons-discovery-0.5.jar:/tmp/math_30_Genprog_local_s1/lib/cobertura-2.0.3.jar:/tmp/math_30_Genprog_local_s1/lib/fixran-0.0.1.jar:/tmp/math_30_Genprog_local_s1/lib/evosuite-master-1.0.4-SNAPSHOT.jar:/tmp/math_30_Genprog_local_s1/./outputMutation/AstorMain-Math/bin/default/:/home/mmartinez/defects4j-repair/src/python/core/../../../libs/astor.jar:  JUnitExternalExecutor  org.apache.commons.math3.stat.inference.MannWhitneyUTestTest
[DEBUG] fr.inria.astor.core.validation.executors.JUnitExecutorProcess.execute(JUnitExecutorProcess.java:77) - Execution time 0 seconds
[DEBUG] fr.inria.astor.core.validation.executors.JUnitExecutorProcess.execute(JUnitExecutorProcess.java:80) - Running Exit Value
[DEBUG] fr.inria.astor.core.validation.validators.RegressionValidation.validate(RegressionValidation.java:23) - Failing Val: |false|1|3|[testBigDataSet(org.apache.commons.math3.stat.inference.MannWhitneyUTestTest): null-]|
[DEBUG] fr.inria.astor.core.loop.AstorCoreEngine.processCreatedVariant(AstorCoreEngine.java:395) - -Valid?: false, fitness 1.0
[DEBUG] fr.inria.astor.core.loop.AstorCoreEngine.undoSingleGeneration(AstorCoreEngine.java:487) - ---Undoing: gnrtn(230): RemoveOp: `tiesTrace.add(ranks[0].ge[...] ` ---> `-` at pos 9 of parent `{ 	org.apache.commons.mat[...]`
[DEBUG] fr.inria.astor.core.loop.AstorCoreEngine.prepareNextGeneration(AstorCoreEngine.java:284) - 
End analysis generation - 
Solutions found:--> ()
[DEBUG] fr.inria.astor.core.loop.population.FitnessPopulationController.selectProgramVariantsForNextGeneration(FitnessPopulationController.java:52) - Variants to next generation from: 2-->IDs: (459(f=1.0), 460(f=1.0), )
[DEBUG] fr.inria.astor.core.loop.population.FitnessPopulationController.selectProgramVariantsForNextGeneration(FitnessPopulationController.java:61) - Selected to next generation: IDs2--> (459(f=1.0), )
[DEBUG] fr.inria.astor.core.loop.AstorCoreEngine.startEvolution(AstorCoreEngine.java:121) - 
----------Running generation/iteraction 231, population size: 1
[DEBUG] fr.inria.astor.core.loop.AstorCoreEngine.processGenerations(AstorCoreEngine.java:211) - 
***** Generation 231
[DEBUG] fr.inria.astor.core.loop.AstorCoreEngine.processGenerations(AstorCoreEngine.java:220) - 
**
*-Parent Variant: [Variant id: 461, #gens: 38, #ops: 0, parent:-]
[DEBUG] fr.inria.astor.core.loop.AstorCoreEngine.createNewProgramVariant(AstorCoreEngine.java:436) - 
--Child created id: 462
[DEBUG] fr.inria.astor.core.loop.AstorCoreEngine.modifyProgramVariant(AstorCoreEngine.java:504) - --Creating new operations for variant [Variant id: 462, #gens: 38, #ops: 0, parent:461]
[DEBUG] fr.inria.astor.core.loop.AstorCoreEngine.modifyProgramVariant(AstorCoreEngine.java:517) - ---analyzing modificationPoint position: 0
[DEBUG] fr.inria.astor.core.loop.AstorCoreEngine.modifyProgramVariant(AstorCoreEngine.java:540) - operation InsertAfterOp: `restoreNaNs(out, nanPosit[...] ` ---> `int j = 0` at pos 0 of parent `{ 	restoreNaNs(out, nanPo[...]`
[DEBUG] fr.inria.astor.core.loop.spaces.operators.AstorOperator.addPoint(AstorOperator.java:108) - ---ModificPoint=NaturalRanking line: 246, el: CtLocalVariableImpl
[DEBUG] fr.inria.astor.core.loop.spaces.operators.AstorOperator.addPoint(AstorOperator.java:109) - ---InsertAfterOp: `restoreNaNs(out, nanPosit[...] ` ---> `int j = 0` at pos 0 of parent `{ 	restoreNaNs(out, nanPo[...]`
[DEBUG] fr.inria.astor.core.loop.AstorCoreEngine.modifyProgramVariant(AstorCoreEngine.java:562) - 
--Summary Creation: for variant [Variant id: 462, #gens: 39, #ops: 1, parent:461] gen mutated: 1 , gen not mut: 0, gen not applied  0
 
[DEBUG] fr.inria.astor.core.loop.AstorCoreEngine.processCreatedVariant(AstorCoreEngine.java:390) - -The child compiles: id 462
[DEBUG] fr.inria.astor.core.validation.executors.JUnitExecutorProcess.printCommandToExecute(JUnitExecutorProcess.java:140) - Executing process: 
/usr/lib/jvm/java-1.7.0-openjdk-amd64/bin//java  -Xmx2048m  -cp  /tmp/math_30_Genprog_local_s1/./lib/jtestex-0.0.1.jar:/tmp/math_30_Genprog_local_s1/./outputMutation/AstorMain-Math/bin/variant-462/:/tmp/math_30_Genprog_local_s1/lib/:/tmp/math_30_Genprog_local_s1/lib/junit-4.11.jar:/tmp/math_30_Genprog_local_s1/lib/jtestex-0.0.1.jar:/tmp/math_30_Genprog_local_s1/lib/commons-discovery-0.5.jar:/tmp/math_30_Genprog_local_s1/lib/cobertura-2.0.3.jar:/tmp/math_30_Genprog_local_s1/lib/fixran-0.0.1.jar:/tmp/math_30_Genprog_local_s1/lib/evosuite-master-1.0.4-SNAPSHOT.jar:/tmp/math_30_Genprog_local_s1/./outputMutation/AstorMain-Math/bin/default/:/home/mmartinez/defects4j-repair/src/python/core/../../../libs/astor.jar:  JUnitExternalExecutor  org.apache.commons.math3.stat.inference.MannWhitneyUTestTest
[DEBUG] fr.inria.astor.core.validation.executors.JUnitExecutorProcess.execute(JUnitExecutorProcess.java:77) - Execution time 0 seconds
[DEBUG] fr.inria.astor.core.validation.executors.JUnitExecutorProcess.execute(JUnitExecutorProcess.java:80) - Running Exit Value
[DEBUG] fr.inria.astor.core.validation.validators.RegressionValidation.validate(RegressionValidation.java:23) - Failing Val: |false|1|3|[testBigDataSet(org.apache.commons.math3.stat.inference.MannWhitneyUTestTest): null-]|
[DEBUG] fr.inria.astor.core.loop.AstorCoreEngine.processCreatedVariant(AstorCoreEngine.java:395) - -Valid?: false, fitness 1.0
[DEBUG] fr.inria.astor.core.loop.AstorCoreEngine.undoSingleGeneration(AstorCoreEngine.java:487) - ---Undoing: gnrtn(231): InsertAfterOp: `restoreNaNs(out, nanPosit[...] ` ---> `int j = 0` at pos 0 of parent `{ 	restoreNaNs(out, nanPo[...]`
[DEBUG] fr.inria.astor.core.loop.AstorCoreEngine.prepareNextGeneration(AstorCoreEngine.java:284) - 
End analysis generation - 
Solutions found:--> ()
[DEBUG] fr.inria.astor.core.loop.population.FitnessPopulationController.selectProgramVariantsForNextGeneration(FitnessPopulationController.java:52) - Variants to next generation from: 2-->IDs: (461(f=1.0), 462(f=1.0), )
[DEBUG] fr.inria.astor.core.loop.population.FitnessPopulationController.selectProgramVariantsForNextGeneration(FitnessPopulationController.java:61) - Selected to next generation: IDs2--> (461(f=1.0), )
[DEBUG] fr.inria.astor.core.loop.AstorCoreEngine.startEvolution(AstorCoreEngine.java:121) - 
----------Running generation/iteraction 232, population size: 1
[DEBUG] fr.inria.astor.core.loop.AstorCoreEngine.processGenerations(AstorCoreEngine.java:211) - 
***** Generation 232
[DEBUG] fr.inria.astor.core.loop.AstorCoreEngine.processGenerations(AstorCoreEngine.java:220) - 
**
*-Parent Variant: [Variant id: 463, #gens: 38, #ops: 0, parent:-]
[DEBUG] fr.inria.astor.core.loop.AstorCoreEngine.createNewProgramVariant(AstorCoreEngine.java:436) - 
--Child created id: 464
[DEBUG] fr.inria.astor.core.loop.AstorCoreEngine.modifyProgramVariant(AstorCoreEngine.java:504) - --Creating new operations for variant [Variant id: 464, #gens: 38, #ops: 0, parent:463]
[DEBUG] fr.inria.astor.core.loop.AstorCoreEngine.modifyProgramVariant(AstorCoreEngine.java:517) - ---analyzing modificationPoint position: 3
[DEBUG] fr.inria.astor.core.loop.AstorCoreEngine.modifyProgramVariant(AstorCoreEngine.java:540) - operation InsertBeforeOp: `java.util.ArrayList<java.[...] ` ---> `java.util.List<java.lang.[...]` at pos 0 of parent `{ 	java.util.ArrayList<ja[...]`
[DEBUG] fr.inria.astor.core.loop.spaces.operators.AstorOperator.addPoint(AstorOperator.java:108) - ---ModificPoint=NaturalRanking line: 404, el: CtLocalVariableImpl
[DEBUG] fr.inria.astor.core.loop.spaces.operators.AstorOperator.addPoint(AstorOperator.java:109) - ---InsertBeforeOp: `java.util.ArrayList<java.[...] ` ---> `java.util.List<java.lang.[...]` at pos 0 of parent `{ 	java.util.ArrayList<ja[...]`
[DEBUG] fr.inria.astor.core.loop.AstorCoreEngine.modifyProgramVariant(AstorCoreEngine.java:562) - 
--Summary Creation: for variant [Variant id: 464, #gens: 39, #ops: 1, parent:463] gen mutated: 1 , gen not mut: 0, gen not applied  0
 
[DEBUG] fr.inria.astor.core.loop.AstorCoreEngine.processCreatedVariant(AstorCoreEngine.java:390) - -The child compiles: id 464
[DEBUG] fr.inria.astor.core.validation.executors.JUnitExecutorProcess.printCommandToExecute(JUnitExecutorProcess.java:140) - Executing process: 
/usr/lib/jvm/java-1.7.0-openjdk-amd64/bin//java  -Xmx2048m  -cp  /tmp/math_30_Genprog_local_s1/./lib/jtestex-0.0.1.jar:/tmp/math_30_Genprog_local_s1/./outputMutation/AstorMain-Math/bin/variant-464/:/tmp/math_30_Genprog_local_s1/lib/:/tmp/math_30_Genprog_local_s1/lib/junit-4.11.jar:/tmp/math_30_Genprog_local_s1/lib/jtestex-0.0.1.jar:/tmp/math_30_Genprog_local_s1/lib/commons-discovery-0.5.jar:/tmp/math_30_Genprog_local_s1/lib/cobertura-2.0.3.jar:/tmp/math_30_Genprog_local_s1/lib/fixran-0.0.1.jar:/tmp/math_30_Genprog_local_s1/lib/evosuite-master-1.0.4-SNAPSHOT.jar:/tmp/math_30_Genprog_local_s1/./outputMutation/AstorMain-Math/bin/default/:/home/mmartinez/defects4j-repair/src/python/core/../../../libs/astor.jar:  JUnitExternalExecutor  org.apache.commons.math3.stat.inference.MannWhitneyUTestTest
[DEBUG] fr.inria.astor.core.validation.executors.JUnitExecutorProcess.execute(JUnitExecutorProcess.java:77) - Execution time 0 seconds
[DEBUG] fr.inria.astor.core.validation.executors.JUnitExecutorProcess.execute(JUnitExecutorProcess.java:80) - Running Exit Value
[DEBUG] fr.inria.astor.core.validation.validators.RegressionValidation.validate(RegressionValidation.java:23) - Failing Val: |false|1|3|[testBigDataSet(org.apache.commons.math3.stat.inference.MannWhitneyUTestTest): null-]|
[DEBUG] fr.inria.astor.core.loop.AstorCoreEngine.processCreatedVariant(AstorCoreEngine.java:395) - -Valid?: false, fitness 1.0
[DEBUG] fr.inria.astor.core.loop.AstorCoreEngine.undoSingleGeneration(AstorCoreEngine.java:487) - ---Undoing: gnrtn(232): InsertBeforeOp: `java.util.ArrayList<java.[...] ` ---> `java.util.List<java.lang.[...]` at pos 0 of parent `{ 	java.util.List<java.la[...]`
[DEBUG] fr.inria.astor.core.loop.AstorCoreEngine.prepareNextGeneration(AstorCoreEngine.java:284) - 
End analysis generation - 
Solutions found:--> ()
[DEBUG] fr.inria.astor.core.loop.population.FitnessPopulationController.selectProgramVariantsForNextGeneration(FitnessPopulationController.java:52) - Variants to next generation from: 2-->IDs: (463(f=1.0), 464(f=1.0), )
[DEBUG] fr.inria.astor.core.loop.population.FitnessPopulationController.selectProgramVariantsForNextGeneration(FitnessPopulationController.java:61) - Selected to next generation: IDs2--> (463(f=1.0), )
[DEBUG] fr.inria.astor.core.loop.AstorCoreEngine.startEvolution(AstorCoreEngine.java:121) - 
----------Running generation/iteraction 233, population size: 1
[DEBUG] fr.inria.astor.core.loop.AstorCoreEngine.processGenerations(AstorCoreEngine.java:211) - 
***** Generation 233
[DEBUG] fr.inria.astor.core.loop.AstorCoreEngine.processGenerations(AstorCoreEngine.java:220) - 
**
*-Parent Variant: [Variant id: 465, #gens: 38, #ops: 0, parent:-]
[DEBUG] fr.inria.astor.core.loop.AstorCoreEngine.createNewProgramVariant(AstorCoreEngine.java:436) - 
--Child created id: 466
[DEBUG] fr.inria.astor.core.loop.AstorCoreEngine.modifyProgramVariant(AstorCoreEngine.java:504) - --Creating new operations for variant [Variant id: 466, #gens: 38, #ops: 0, parent:465]
[DEBUG] fr.inria.astor.core.loop.AstorCoreEngine.modifyProgramVariant(AstorCoreEngine.java:517) - ---analyzing modificationPoint position: 8
[DEBUG] fr.inria.astor.core.loop.AstorCoreEngine.modifyProgramVariant(AstorCoreEngine.java:540) - operation InsertBeforeOp: `final double dev = x - (m[...] ` ---> `return solverAbsoluteAccu[...]` at pos 0 of parent `{ 	final double dev = x -[...]`
[DEBUG] fr.inria.astor.core.loop.spaces.operators.AstorOperator.addPoint(AstorOperator.java:108) - ---ModificPoint=NormalDistribution line: 137, el: CtReturnImpl
[DEBUG] fr.inria.astor.core.loop.spaces.operators.AstorOperator.addPoint(AstorOperator.java:109) - ---InsertBeforeOp: `final double dev = x - (m[...] ` ---> `return solverAbsoluteAccu[...]` at pos 0 of parent `{ 	final double dev = x -[...]`
[DEBUG] fr.inria.astor.core.loop.AstorCoreEngine.modifyProgramVariant(AstorCoreEngine.java:562) - 
--Summary Creation: for variant [Variant id: 466, #gens: 39, #ops: 1, parent:465] gen mutated: 1 , gen not mut: 0, gen not applied  0
 
[DEBUG] fr.inria.astor.core.loop.AstorCoreEngine.undoSingleGeneration(AstorCoreEngine.java:487) - ---Undoing: gnrtn(233): InsertBeforeOp: `final double dev = x - (m[...] ` ---> `return solverAbsoluteAccu[...]` at pos 0 of parent `{ 	return solverAbsoluteA[...]`
[DEBUG] fr.inria.astor.core.loop.AstorCoreEngine.prepareNextGeneration(AstorCoreEngine.java:284) - 
End analysis generation - 
Solutions found:--> ()
[DEBUG] fr.inria.astor.core.loop.population.FitnessPopulationController.selectProgramVariantsForNextGeneration(FitnessPopulationController.java:52) - Variants to next generation from: 2-->IDs: (465(f=1.0), 466(f=1.7976931348623157E308), )
[DEBUG] fr.inria.astor.core.loop.population.FitnessPopulationController.selectProgramVariantsForNextGeneration(FitnessPopulationController.java:61) - Selected to next generation: IDs2--> (465(f=1.0), )
[DEBUG] fr.inria.astor.core.loop.AstorCoreEngine.startEvolution(AstorCoreEngine.java:121) - 
----------Running generation/iteraction 234, population size: 1
[DEBUG] fr.inria.astor.core.loop.AstorCoreEngine.processGenerations(AstorCoreEngine.java:211) - 
***** Generation 234
[DEBUG] fr.inria.astor.core.loop.AstorCoreEngine.processGenerations(AstorCoreEngine.java:220) - 
**
*-Parent Variant: [Variant id: 467, #gens: 38, #ops: 0, parent:-]
[DEBUG] fr.inria.astor.core.loop.AstorCoreEngine.createNewProgramVariant(AstorCoreEngine.java:436) - 
--Child created id: 468
[DEBUG] fr.inria.astor.core.loop.AstorCoreEngine.modifyProgramVariant(AstorCoreEngine.java:504) - --Creating new operations for variant [Variant id: 468, #gens: 38, #ops: 0, parent:467]
[DEBUG] fr.inria.astor.core.loop.AstorCoreEngine.modifyProgramVariant(AstorCoreEngine.java:517) - ---analyzing modificationPoint position: 27
[DEBUG] fr.inria.astor.core.loop.AstorCoreEngine.modifyProgramVariant(AstorCoreEngine.java:540) - operation InsertAfterOp: `if ((java.lang.Double.com[...] ` ---> `nanStrategy = org.apache.[...]` at pos 0 of parent `{ 	if ((java.lang.Double.[...]`
[DEBUG] fr.inria.astor.core.loop.spaces.operators.AstorOperator.addPoint(AstorOperator.java:108) - ---ModificPoint=NaturalRanking line: 228, el: CtAssignmentImpl
[DEBUG] fr.inria.astor.core.loop.spaces.operators.AstorOperator.addPoint(AstorOperator.java:109) - ---InsertAfterOp: `if ((java.lang.Double.com[...] ` ---> `nanStrategy = org.apache.[...]` at pos 0 of parent `{ 	if ((java.lang.Double.[...]`
[DEBUG] fr.inria.astor.core.loop.AstorCoreEngine.modifyProgramVariant(AstorCoreEngine.java:562) - 
--Summary Creation: for variant [Variant id: 468, #gens: 39, #ops: 1, parent:467] gen mutated: 1 , gen not mut: 0, gen not applied  0
 
[DEBUG] fr.inria.astor.core.loop.AstorCoreEngine.undoSingleGeneration(AstorCoreEngine.java:487) - ---Undoing: gnrtn(234): InsertAfterOp: `if ((java.lang.Double.com[...] ` ---> `nanStrategy = org.apache.[...]` at pos 0 of parent `{ 	if ((java.lang.Double.[...]`
[DEBUG] fr.inria.astor.core.loop.AstorCoreEngine.prepareNextGeneration(AstorCoreEngine.java:284) - 
End analysis generation - 
Solutions found:--> ()
[DEBUG] fr.inria.astor.core.loop.population.FitnessPopulationController.selectProgramVariantsForNextGeneration(FitnessPopulationController.java:52) - Variants to next generation from: 2-->IDs: (467(f=1.0), 468(f=1.7976931348623157E308), )
[DEBUG] fr.inria.astor.core.loop.population.FitnessPopulationController.selectProgramVariantsForNextGeneration(FitnessPopulationController.java:61) - Selected to next generation: IDs2--> (467(f=1.0), )
[DEBUG] fr.inria.astor.core.loop.AstorCoreEngine.startEvolution(AstorCoreEngine.java:121) - 
----------Running generation/iteraction 235, population size: 1
[DEBUG] fr.inria.astor.core.loop.AstorCoreEngine.processGenerations(AstorCoreEngine.java:211) - 
***** Generation 235
[DEBUG] fr.inria.astor.core.loop.AstorCoreEngine.processGenerations(AstorCoreEngine.java:220) - 
**
*-Parent Variant: [Variant id: 469, #gens: 38, #ops: 0, parent:-]
[DEBUG] fr.inria.astor.core.loop.AstorCoreEngine.createNewProgramVariant(AstorCoreEngine.java:436) - 
--Child created id: 470
[DEBUG] fr.inria.astor.core.loop.AstorCoreEngine.modifyProgramVariant(AstorCoreEngine.java:504) - --Creating new operations for variant [Variant id: 470, #gens: 38, #ops: 0, parent:469]
[DEBUG] fr.inria.astor.core.loop.AstorCoreEngine.modifyProgramVariant(AstorCoreEngine.java:517) - ---analyzing modificationPoint position: 2
[DEBUG] fr.inria.astor.core.loop.AstorCoreEngine.modifyProgramVariant(AstorCoreEngine.java:540) - operation ReplaceOp: `return  ` ---> `return tiesStrategy` at pos 0 of parent `{ 	return ; }`
[DEBUG] fr.inria.astor.core.loop.spaces.operators.AstorOperator.addPoint(AstorOperator.java:108) - ---ModificPoint=NaturalRanking line: 388, el: CtReturnImpl
[DEBUG] fr.inria.astor.core.loop.spaces.operators.AstorOperator.addPoint(AstorOperator.java:109) - ---ReplaceOp: `return  ` ---> `return tiesStrategy` at pos 0 of parent `{ 	return ; }`
[DEBUG] fr.inria.astor.core.loop.AstorCoreEngine.modifyProgramVariant(AstorCoreEngine.java:562) - 
--Summary Creation: for variant [Variant id: 470, #gens: 38, #ops: 1, parent:469] gen mutated: 1 , gen not mut: 0, gen not applied  0
 
[DEBUG] fr.inria.astor.core.loop.AstorCoreEngine.undoSingleGeneration(AstorCoreEngine.java:487) - ---Undoing: gnrtn(235): ReplaceOp: `return  ` ---> `return tiesStrategy` at pos 0 of parent `{ 	return tiesStrategy; }`
[DEBUG] fr.inria.astor.core.loop.AstorCoreEngine.prepareNextGeneration(AstorCoreEngine.java:284) - 
End analysis generation - 
Solutions found:--> ()
[DEBUG] fr.inria.astor.core.loop.population.FitnessPopulationController.selectProgramVariantsForNextGeneration(FitnessPopulationController.java:52) - Variants to next generation from: 2-->IDs: (469(f=1.0), 470(f=1.7976931348623157E308), )
[DEBUG] fr.inria.astor.core.loop.population.FitnessPopulationController.selectProgramVariantsForNextGeneration(FitnessPopulationController.java:61) - Selected to next generation: IDs2--> (469(f=1.0), )
[DEBUG] fr.inria.astor.core.loop.AstorCoreEngine.startEvolution(AstorCoreEngine.java:121) - 
----------Running generation/iteraction 236, population size: 1
[DEBUG] fr.inria.astor.core.loop.AstorCoreEngine.processGenerations(AstorCoreEngine.java:211) - 
***** Generation 236
[DEBUG] fr.inria.astor.core.loop.AstorCoreEngine.processGenerations(AstorCoreEngine.java:220) - 
**
*-Parent Variant: [Variant id: 471, #gens: 38, #ops: 0, parent:-]
[DEBUG] fr.inria.astor.core.loop.AstorCoreEngine.createNewProgramVariant(AstorCoreEngine.java:436) - 
--Child created id: 472
[DEBUG] fr.inria.astor.core.loop.AstorCoreEngine.modifyProgramVariant(AstorCoreEngine.java:504) - --Creating new operations for variant [Variant id: 472, #gens: 38, #ops: 0, parent:471]
[DEBUG] fr.inria.astor.core.loop.AstorCoreEngine.modifyProgramVariant(AstorCoreEngine.java:517) - ---analyzing modificationPoint position: 7
[DEBUG] fr.inria.astor.core.loop.AstorCoreEngine.modifyProgramVariant(AstorCoreEngine.java:540) - operation ReplaceOp: `ret = java.lang.Double.Na[...] ` ---> `ret = 0.0` at pos 0 of parent `{ 	ret = java.lang.Double[...]`
[DEBUG] fr.inria.astor.core.loop.spaces.operators.AstorOperator.addPoint(AstorOperator.java:108) - ---ModificPoint=Gamma line: 155, el: CtAssignmentImpl
[DEBUG] fr.inria.astor.core.loop.spaces.operators.AstorOperator.addPoint(AstorOperator.java:109) - ---ReplaceOp: `ret = java.lang.Double.Na[...] ` ---> `ret = 0.0` at pos 0 of parent `{ 	ret = java.lang.Double[...]`
[DEBUG] fr.inria.astor.core.loop.AstorCoreEngine.modifyProgramVariant(AstorCoreEngine.java:562) - 
--Summary Creation: for variant [Variant id: 472, #gens: 38, #ops: 1, parent:471] gen mutated: 1 , gen not mut: 0, gen not applied  0
 
[DEBUG] fr.inria.astor.core.loop.AstorCoreEngine.processCreatedVariant(AstorCoreEngine.java:390) - -The child compiles: id 472
[DEBUG] fr.inria.astor.core.validation.executors.JUnitExecutorProcess.printCommandToExecute(JUnitExecutorProcess.java:140) - Executing process: 
/usr/lib/jvm/java-1.7.0-openjdk-amd64/bin//java  -Xmx2048m  -cp  /tmp/math_30_Genprog_local_s1/./lib/jtestex-0.0.1.jar:/tmp/math_30_Genprog_local_s1/./outputMutation/AstorMain-Math/bin/variant-472/:/tmp/math_30_Genprog_local_s1/lib/:/tmp/math_30_Genprog_local_s1/lib/junit-4.11.jar:/tmp/math_30_Genprog_local_s1/lib/jtestex-0.0.1.jar:/tmp/math_30_Genprog_local_s1/lib/commons-discovery-0.5.jar:/tmp/math_30_Genprog_local_s1/lib/cobertura-2.0.3.jar:/tmp/math_30_Genprog_local_s1/lib/fixran-0.0.1.jar:/tmp/math_30_Genprog_local_s1/lib/evosuite-master-1.0.4-SNAPSHOT.jar:/tmp/math_30_Genprog_local_s1/./outputMutation/AstorMain-Math/bin/default/:/home/mmartinez/defects4j-repair/src/python/core/../../../libs/astor.jar:  JUnitExternalExecutor  org.apache.commons.math3.stat.inference.MannWhitneyUTestTest
[DEBUG] fr.inria.astor.core.validation.executors.JUnitExecutorProcess.execute(JUnitExecutorProcess.java:77) - Execution time 0 seconds
[DEBUG] fr.inria.astor.core.validation.executors.JUnitExecutorProcess.execute(JUnitExecutorProcess.java:80) - Running Exit Value
[DEBUG] fr.inria.astor.core.validation.validators.RegressionValidation.validate(RegressionValidation.java:23) - Failing Val: |true|0|3|[]|
[DEBUG] fr.inria.astor.core.validation.validators.ProcessValidator.executeRegressionTesting(ProcessValidator.java:186) - -Test Failing is passing, Executing regression
[DEBUG] fr.inria.astor.core.validation.executors.JUnitExecutorProcess.printCommandToExecute(JUnitExecutorProcess.java:140) - Executing process: 
/usr/lib/jvm/java-1.7.0-openjdk-amd64/bin//java  -Xmx2048m  -cp  /tmp/math_30_Genprog_local_s1/./lib/jtestex-0.0.1.jar:/tmp/math_30_Genprog_local_s1/./outputMutation/AstorMain-Math/bin/variant-472/:/tmp/math_30_Genprog_local_s1/lib/:/tmp/math_30_Genprog_local_s1/lib/junit-4.11.jar:/tmp/math_30_Genprog_local_s1/lib/jtestex-0.0.1.jar:/tmp/math_30_Genprog_local_s1/lib/commons-discovery-0.5.jar:/tmp/math_30_Genprog_local_s1/lib/cobertura-2.0.3.jar:/tmp/math_30_Genprog_local_s1/lib/fixran-0.0.1.jar:/tmp/math_30_Genprog_local_s1/lib/evosuite-master-1.0.4-SNAPSHOT.jar:/tmp/math_30_Genprog_local_s1/./outputMutation/AstorMain-Math/bin/default/:/home/mmartinez/defects4j-repair/src/python/core/../../../libs/astor.jar:  JUnitExternalExecutor  org.apache.commons.math3.RetryRunnerTest  org.apache.commons.math3.analysis.FunctionUtilsTest  org.apache.commons.math3.analysis.function.GaussianTest  org.apache.commons.math3.analysis.function.HarmonicOscillatorTest  org.apache.commons.math3.analysis.function.LogisticTest  org.apache.commons.math3.analysis.function.LogitTest  org.apache.commons.math3.analysis.function.SigmoidTest  org.apache.commons.math3.analysis.function.SincTest  org.apache.commons.math3.analysis.function.SqrtTest  org.apache.commons.math3.analysis.function.StepFunctionTest  org.apache.commons.math3.analysis.integration.LegendreGaussIntegratorTest  org.apache.commons.math3.analysis.integration.RombergIntegratorTest  org.apache.commons.math3.analysis.integration.SimpsonIntegratorTest  org.apache.commons.math3.analysis.integration.TrapezoidIntegratorTest  org.apache.commons.math3.analysis.interpolation.BicubicSplineInterpolatingFunctionTest  org.apache.commons.math3.analysis.interpolation.BicubicSplineInterpolatorTest  org.apache.commons.math3.analysis.interpolation.DividedDifferenceInterpolatorTest  org.apache.commons.math3.analysis.interpolation.LinearInterpolatorTest  org.apache.commons.math3.analysis.interpolation.LoessInterpolatorTest  org.apache.commons.math3.analysis.interpolation.MicrosphereInterpolatorTest  org.apache.commons.math3.analysis.interpolation.NevilleInterpolatorTest  org.apache.commons.math3.analysis.interpolation.SmoothingPolynomialBicubicSplineInterpolatorTest  org.apache.commons.math3.analysis.interpolation.SplineInterpolatorTest  org.apache.commons.math3.analysis.interpolation.TricubicSplineInterpolatingFunctionTest  org.apache.commons.math3.analysis.interpolation.TricubicSplineInterpolatorTest  org.apache.commons.math3.analysis.interpolation.UnivariatePeriodicInterpolatorTest  org.apache.commons.math3.analysis.polynomials.PolynomialFunctionLagrangeFormTest  org.apache.commons.math3.analysis.polynomials.PolynomialFunctionNewtonFormTest  org.apache.commons.math3.analysis.polynomials.PolynomialFunctionTest  org.apache.commons.math3.analysis.polynomials.PolynomialSplineFunctionTest  org.apache.commons.math3.analysis.polynomials.PolynomialsUtilsTest  org.apache.commons.math3.analysis.solvers.BisectionSolverTest  org.apache.commons.math3.analysis.solvers.BracketingNthOrderBrentSolverTest  org.apache.commons.math3.analysis.solvers.BrentSolverTest  org.apache.commons.math3.analysis.solvers.IllinoisSolverTest  org.apache.commons.math3.analysis.solvers.LaguerreSolverTest  org.apache.commons.math3.analysis.solvers.MullerSolver2Test  org.apache.commons.math3.analysis.solvers.MullerSolverTest  org.apache.commons.math3.analysis.solvers.NewtonSolverTest  org.apache.commons.math3.analysis.solvers.PegasusSolverTest  org.apache.commons.math3.analysis.solvers.RegulaFalsiSolverTest  org.apache.commons.math3.analysis.solvers.RiddersSolverTest  org.apache.commons.math3.analysis.solvers.SecantSolverTest  org.apache.commons.math3.analysis.solvers.UnivariateSolverUtilsTest  org.apache.commons.math3.complex.ComplexFieldTest  org.apache.commons.math3.complex.ComplexFormatTest  org.apache.commons.math3.complex.ComplexTest  org.apache.commons.math3.complex.ComplexUtilsTest  org.apache.commons.math3.complex.FrenchComplexFormatTest  org.apache.commons.math3.complex.RootsOfUnityTest  org.apache.commons.math3.dfp.BracketingNthOrderBrentSolverDFPTest  org.apache.commons.math3.dfp.DfpDecTest  org.apache.commons.math3.dfp.DfpMathTest  org.apache.commons.math3.dfp.DfpTest  org.apache.commons.math3.distribution.AbstractRealDistributionTest  org.apache.commons.math3.distribution.AbtractIntegerDistributionTest  org.apache.commons.math3.distribution.BetaDistributionTest  org.apache.commons.math3.distribution.BinomialDistributionTest  org.apache.commons.math3.distribution.CauchyDistributionTest  org.apache.commons.math3.distribution.ChiSquaredDistributionTest  org.apache.commons.math3.distribution.ExponentialDistributionTest  org.apache.commons.math3.distribution.FDistributionTest  org.apache.commons.math3.distribution.GammaDistributionTest  org.apache.commons.math3.distribution.HypergeometricDistributionTest  org.apache.commons.math3.distribution.KolmogorovSmirnovDistributionTest  org.apache.commons.math3.distribution.LogNormalDistributionTest  org.apache.commons.math3.distribution.NormalDistributionTest  org.apache.commons.math3.distribution.PascalDistributionTest  org.apache.commons.math3.distribution.PoissonDistributionTest  org.apache.commons.math3.distribution.TDistributionTest  org.apache.commons.math3.distribution.TriangularDistributionTest  org.apache.commons.math3.distribution.UniformIntegerDistributionTest  org.apache.commons.math3.distribution.UniformRealDistributionTest  org.apache.commons.math3.distribution.WeibullDistributionTest  org.apache.commons.math3.distribution.ZipfDistributionTest  org.apache.commons.math3.exception.DimensionMismatchExceptionTest  org.apache.commons.math3.exception.MaxCountExceededExceptionTest  org.apache.commons.math3.exception.NonMonotonicSequenceExceptionTest  org.apache.commons.math3.exception.NotPositiveExceptionTest  org.apache.commons.math3.exception.NotStrictlyPositiveExceptionTest  org.apache.commons.math3.exception.NumberIsTooLargeExceptionTest  org.apache.commons.math3.exception.NumberIsTooSmallExceptionTest  org.apache.commons.math3.exception.OutOfRangeExceptionTest  org.apache.commons.math3.exception.TooManyEvaluationsExceptionTest  org.apache.commons.math3.exception.util.ArgUtilsTest  org.apache.commons.math3.exception.util.ExceptionContextTest  org.apache.commons.math3.exception.util.LocalizedFormatsTest  org.apache.commons.math3.filter.KalmanFilterTest  org.apache.commons.math3.fraction.BigFractionFieldTest  org.apache.commons.math3.fraction.BigFractionFormatTest  org.apache.commons.math3.fraction.BigFractionTest  org.apache.commons.math3.fraction.FractionFieldTest  org.apache.commons.math3.fraction.FractionFormatTest  org.apache.commons.math3.fraction.FractionTest  org.apache.commons.math3.genetics.BinaryChromosomeTest  org.apache.commons.math3.genetics.BinaryMutationTest  org.apache.commons.math3.genetics.ChromosomeTest  org.apache.commons.math3.genetics.ElitisticListPopulationTest  org.apache.commons.math3.genetics.FitnessCachingTest  org.apache.commons.math3.genetics.FixedElapsedTimeTest  org.apache.commons.math3.genetics.FixedGenerationCountTest  org.apache.commons.math3.genetics.GeneticAlgorithmTestBinary  org.apache.commons.math3.genetics.GeneticAlgorithmTestPermutations  org.apache.commons.math3.genetics.ListPopulationTest  org.apache.commons.math3.genetics.NPointCrossoverTest  org.apache.commons.math3.genetics.OnePointCrossoverTest  org.apache.commons.math3.genetics.RandomKeyMutationTest  org.apache.commons.math3.genetics.RandomKeyTest  org.apache.commons.math3.genetics.TournamentSelectionTest  org.apache.commons.math3.geometry.euclidean.oned.IntervalsSetTest  org.apache.commons.math3.geometry.euclidean.threed.FrenchVector3DFormatTest  org.apache.commons.math3.geometry.euclidean.threed.LineTest  org.apache.commons.math3.geometry.euclidean.threed.PlaneTest  org.apache.commons.math3.geometry.euclidean.threed.PolyhedronsSetTest  org.apache.commons.math3.geometry.euclidean.threed.RotationOrderTest  org.apache.commons.math3.geometry.euclidean.threed.RotationTest  org.apache.commons.math3.geometry.euclidean.threed.SubLineTest  org.apache.commons.math3.geometry.euclidean.threed.Vector3DFormatTest  org.apache.commons.math3.geometry.euclidean.threed.Vector3DTest  org.apache.commons.math3.geometry.euclidean.twod.LineTest  org.apache.commons.math3.geometry.euclidean.twod.PolygonsSetTest  org.apache.commons.math3.geometry.euclidean.twod.SubLineTest  org.apache.commons.math3.geometry.partitioning.utilities.AVLTreeTest  org.apache.commons.math3.linear.Array2DRowRealMatrixTest  org.apache.commons.math3.linear.ArrayFieldVectorTest  org.apache.commons.math3.linear.ArrayRealVectorTest  org.apache.commons.math3.linear.BiDiagonalTransformerTest  org.apache.commons.math3.linear.BlockFieldMatrixTest  org.apache.commons.math3.linear.BlockRealMatrixTest  org.apache.commons.math3.linear.CholeskyDecompositionTest  org.apache.commons.math3.linear.CholeskySolverTest  org.apache.commons.math3.linear.ConjugateGradientTest  org.apache.commons.math3.linear.EigenDecompositionTest  org.apache.commons.math3.linear.EigenSolverTest  org.apache.commons.math3.linear.FieldLUDecompositionTest  org.apache.commons.math3.linear.FieldLUSolverTest  org.apache.commons.math3.linear.FieldMatrixImplTest  org.apache.commons.math3.linear.FrenchRealVectorFormatTest  org.apache.commons.math3.linear.HessenbergTransformerTest  org.apache.commons.math3.linear.LUDecompositionTest  org.apache.commons.math3.linear.LUSolverTest  org.apache.commons.math3.linear.MatrixDimensionMismatchExceptionTest  org.apache.commons.math3.linear.MatrixUtilsTest  org.apache.commons.math3.linear.OpenMapRealMatrixTest  org.apache.commons.math3.linear.QRDecompositionTest  org.apache.commons.math3.linear.QRSolverTest  org.apache.commons.math3.linear.RealVectorFormatTest  org.apache.commons.math3.linear.RealVectorTest  org.apache.commons.math3.linear.SchurTransformerTest  org.apache.commons.math3.linear.SingularValueDecompositionTest  org.apache.commons.math3.linear.SingularValueSolverTest  org.apache.commons.math3.linear.SparseFieldMatrixTest  org.apache.commons.math3.linear.SparseFieldVectorTest  org.apache.commons.math3.linear.SparseRealMatrixTest  org.apache.commons.math3.linear.SparseRealVectorTest  org.apache.commons.math3.linear.SymmLQTest  org.apache.commons.math3.linear.TriDiagonalTransformerTest  org.apache.commons.math3.linear.UnmodifiableArrayRealVectorTest  org.apache.commons.math3.linear.UnmodifiableOpenMapRealVectorTest  org.apache.commons.math3.ode.ContinuousOutputModelTest  org.apache.commons.math3.ode.FirstOrderConverterTest  org.apache.commons.math3.ode.JacobianMatricesTest  org.apache.commons.math3.ode.events.EventStateTest  org.apache.commons.math3.ode.events.OverlappingEventsTest  org.apache.commons.math3.ode.events.ReappearingEventTest  org.apache.commons.math3.ode.nonstiff.AdamsBashforthIntegratorTest  org.apache.commons.math3.ode.nonstiff.AdamsMoultonIntegratorTest  org.apache.commons.math3.ode.nonstiff.ClassicalRungeKuttaIntegratorTest  org.apache.commons.math3.ode.nonstiff.ClassicalRungeKuttaStepInterpolatorTest  org.apache.commons.math3.ode.nonstiff.DormandPrince54IntegratorTest  org.apache.commons.math3.ode.nonstiff.DormandPrince54StepInterpolatorTest  org.apache.commons.math3.ode.nonstiff.DormandPrince853IntegratorTest  org.apache.commons.math3.ode.nonstiff.DormandPrince853StepInterpolatorTest  org.apache.commons.math3.ode.nonstiff.EulerIntegratorTest  org.apache.commons.math3.ode.nonstiff.EulerStepInterpolatorTest  org.apache.commons.math3.ode.nonstiff.GillIntegratorTest  org.apache.commons.math3.ode.nonstiff.GillStepInterpolatorTest  org.apache.commons.math3.ode.nonstiff.GraggBulirschStoerIntegratorTest  org.apache.commons.math3.ode.nonstiff.GraggBulirschStoerStepInterpolatorTest  org.apache.commons.math3.ode.nonstiff.HighamHall54IntegratorTest  org.apache.commons.math3.ode.nonstiff.HighamHall54StepInterpolatorTest  org.apache.commons.math3.ode.nonstiff.MidpointIntegratorTest  org.apache.commons.math3.ode.nonstiff.MidpointStepInterpolatorTest  org.apache.commons.math3.ode.nonstiff.ThreeEighthesIntegratorTest  org.apache.commons.math3.ode.nonstiff.ThreeEighthesStepInterpolatorTest  org.apache.commons.math3.ode.sampling.DummyStepInterpolatorTest  org.apache.commons.math3.ode.sampling.NordsieckStepInterpolatorTest  org.apache.commons.math3.ode.sampling.StepNormalizerOutputOverlapTest  org.apache.commons.math3.ode.sampling.StepNormalizerOutputTest  org.apache.commons.math3.ode.sampling.StepNormalizerTest  org.apache.commons.math3.optimization.DifferentiableMultivariateMultiStartOptimizerTest  org.apache.commons.math3.optimization.DifferentiableMultivariateVectorMultiStartOptimizerTest  org.apache.commons.math3.optimization.MultivariateMultiStartOptimizerTest  org.apache.commons.math3.optimization.PointValuePairTest  org.apache.commons.math3.optimization.PointVectorValuePairTest  org.apache.commons.math3.optimization.direct.BOBYQAOptimizerTest  org.apache.commons.math3.optimization.direct.CMAESOptimizerTest  org.apache.commons.math3.optimization.direct.MultivariateFunctionMappingAdapterTest  org.apache.commons.math3.optimization.direct.MultivariateFunctionPenaltyAdapterTest  org.apache.commons.math3.optimization.direct.PowellOptimizerTest  org.apache.commons.math3.optimization.direct.SimplexOptimizerMultiDirectionalTest  org.apache.commons.math3.optimization.direct.SimplexOptimizerNelderMeadTest  org.apache.commons.math3.optimization.fitting.CurveFitterTest  org.apache.commons.math3.optimization.fitting.GaussianFitterTest  org.apache.commons.math3.optimization.fitting.HarmonicFitterTest  org.apache.commons.math3.optimization.fitting.PolynomialFitterTest  org.apache.commons.math3.optimization.general.AbstractLeastSquaresOptimizerTest  org.apache.commons.math3.optimization.general.AbstractLeastSquaresOptimizerTestValidation  org.apache.commons.math3.optimization.general.GaussNewtonOptimizerTest  org.apache.commons.math3.optimization.general.LevenbergMarquardtOptimizerTest  org.apache.commons.math3.optimization.general.MinpackTest  org.apache.commons.math3.optimization.general.NonLinearConjugateGradientOptimizerTest  org.apache.commons.math3.optimization.linear.SimplexSolverTest  org.apache.commons.math3.optimization.linear.SimplexTableauTest  org.apache.commons.math3.optimization.univariate.BracketFinderTest  org.apache.commons.math3.optimization.univariate.BrentOptimizerTest  org.apache.commons.math3.optimization.univariate.UnivariateMultiStartOptimizerTest  org.apache.commons.math3.random.AbstractRandomGeneratorTest  org.apache.commons.math3.random.BitsStreamGeneratorTest  org.apache.commons.math3.random.CorrelatedRandomVectorGeneratorTest  org.apache.commons.math3.random.EmpiricalDistributionTest  org.apache.commons.math3.random.GaussianRandomGeneratorTest  org.apache.commons.math3.random.ISAACTest  org.apache.commons.math3.random.MersenneTwisterTest  org.apache.commons.math3.random.RandomAdaptorTest  org.apache.commons.math3.random.RandomDataTest  org.apache.commons.math3.random.StableRandomGeneratorTest  org.apache.commons.math3.random.UncorrelatedRandomVectorGeneratorTest  org.apache.commons.math3.random.UniformRandomGeneratorTest  org.apache.commons.math3.random.ValueServerTest  org.apache.commons.math3.random.Well1024aTest  org.apache.commons.math3.random.Well19937aTest  org.apache.commons.math3.random.Well19937cTest  org.apache.commons.math3.random.Well44497aTest  org.apache.commons.math3.random.Well44497bTest  org.apache.commons.math3.random.Well512aTest  org.apache.commons.math3.special.BetaTest  org.apache.commons.math3.special.ErfTest  org.apache.commons.math3.special.GammaTest  org.apache.commons.math3.stat.CertifiedDataTest  org.apache.commons.math3.stat.FrequencyTest  org.apache.commons.math3.stat.StatUtilsTest  org.apache.commons.math3.stat.clustering.EuclideanIntegerPointTest  org.apache.commons.math3.stat.clustering.KMeansPlusPlusClustererTest  org.apache.commons.math3.stat.correlation.CovarianceTest  org.apache.commons.math3.stat.correlation.PearsonsCorrelationTest  org.apache.commons.math3.stat.correlation.SpearmansRankCorrelationTest  org.apache.commons.math3.stat.correlation.StorelessCovarianceTest  org.apache.commons.math3.stat.data.LewTest  org.apache.commons.math3.stat.data.LotteryTest  org.apache.commons.math3.stat.descriptive.AbstractUnivariateStatisticTest  org.apache.commons.math3.stat.descriptive.AggregateSummaryStatisticsTest  org.apache.commons.math3.stat.descriptive.DescriptiveStatisticsTest  org.apache.commons.math3.stat.descriptive.ListUnivariateImplTest  org.apache.commons.math3.stat.descriptive.MixedListUnivariateImplTest  org.apache.commons.math3.stat.descriptive.MultivariateSummaryStatisticsTest  org.apache.commons.math3.stat.descriptive.StatisticalSummaryValuesTest  org.apache.commons.math3.stat.descriptive.SummaryStatisticsTest  org.apache.commons.math3.stat.descriptive.SynchronizedDescriptiveStatisticsTest  org.apache.commons.math3.stat.descriptive.SynchronizedMultivariateSummaryStatisticsTest  org.apache.commons.math3.stat.descriptive.SynchronizedSummaryStatisticsTest  org.apache.commons.math3.stat.descriptive.moment.FirstMomentTest  org.apache.commons.math3.stat.descriptive.moment.FourthMomentTest  org.apache.commons.math3.stat.descriptive.moment.GeometricMeanTest  org.apache.commons.math3.stat.descriptive.moment.InteractionTest  org.apache.commons.math3.stat.descriptive.moment.KurtosisTest  org.apache.commons.math3.stat.descriptive.moment.MeanTest  org.apache.commons.math3.stat.descriptive.moment.SecondMomentTest  org.apache.commons.math3.stat.descriptive.moment.SemiVarianceTest  org.apache.commons.math3.stat.descriptive.moment.SkewnessTest  org.apache.commons.math3.stat.descriptive.moment.StandardDeviationTest  org.apache.commons.math3.stat.descriptive.moment.ThirdMomentTest  org.apache.commons.math3.stat.descriptive.moment.VarianceTest  org.apache.commons.math3.stat.descriptive.moment.VectorialCovarianceTest  org.apache.commons.math3.stat.descriptive.moment.VectorialMeanTest  org.apache.commons.math3.stat.descriptive.rank.MaxTest  org.apache.commons.math3.stat.descriptive.rank.MedianTest  org.apache.commons.math3.stat.descriptive.rank.MinTest  org.apache.commons.math3.stat.descriptive.rank.PercentileTest  org.apache.commons.math3.stat.descriptive.summary.ProductTest  org.apache.commons.math3.stat.descriptive.summary.SumLogTest  org.apache.commons.math3.stat.descriptive.summary.SumSqTest  org.apache.commons.math3.stat.descriptive.summary.SumTest  org.apache.commons.math3.stat.inference.ChiSquareTestTest  org.apache.commons.math3.stat.inference.MannWhitneyUTestTest  org.apache.commons.math3.stat.inference.OneWayAnovaTest  org.apache.commons.math3.stat.inference.TTestTest  org.apache.commons.math3.stat.inference.TestUtilsTest  org.apache.commons.math3.stat.inference.WilcoxonSignedRankTestTest  org.apache.commons.math3.stat.ranking.NaturalRankingTest  org.apache.commons.math3.stat.regression.GLSMultipleLinearRegressionTest  org.apache.commons.math3.stat.regression.MillerUpdatingRegressionTest  org.apache.commons.math3.stat.regression.OLSMultipleLinearRegressionTest  org.apache.commons.math3.stat.regression.SimpleRegressionTest  org.apache.commons.math3.transform.FastCosineTransformerTest  org.apache.commons.math3.transform.FastFourierTransformerTest  org.apache.commons.math3.transform.FastHadamardTransformerTest  org.apache.commons.math3.transform.FastSineTransformerTest  org.apache.commons.math3.util.ArithmeticUtilsTest  org.apache.commons.math3.util.BigRealFieldTest  org.apache.commons.math3.util.BigRealTest  org.apache.commons.math3.util.ContinuedFractionTest  org.apache.commons.math3.util.Decimal64Test  org.apache.commons.math3.util.DefaultTransformerTest  org.apache.commons.math3.util.FastMathStrictComparisonTest  org.apache.commons.math3.util.IncrementorTest  org.apache.commons.math3.util.MathArraysTest  org.apache.commons.math3.util.MathUtilsTest  org.apache.commons.math3.util.MultidimensionalCounterTest  org.apache.commons.math3.util.OpenIntToDoubleHashMapTest  org.apache.commons.math3.util.OpenIntToFieldTest  org.apache.commons.math3.util.PairTest  org.apache.commons.math3.util.PrecisionTest  org.apache.commons.math3.util.ResizableDoubleArrayTest  org.apache.commons.math3.util.TransformerMapTest
[DEBUG] fr.inria.astor.core.validation.executors.JUnitExecutorProcess.execute(JUnitExecutorProcess.java:77) - Execution time 119 seconds
[DEBUG] fr.inria.astor.core.validation.executors.JUnitExecutorProcess.execute(JUnitExecutorProcess.java:80) - Running Exit Value
[DEBUG] fr.inria.astor.core.validation.validators.ProcessValidator.executeRegressionTesting(ProcessValidator.java:207) - TR: Success: false, failTest= 5, was successful: false, cases executed: 3653] ,[testRegularizedGammaPositiveNegative(org.apache.commons.math3.special.GammaTest): expected:<NaN> but was:<0.0>-, testRegularizedGammaNanPositive(org.apache.commons.math3.special.GammaTest): expected:<NaN> but was:<0.0>-, testRegularizedGammaZeroPositive(org.apache.commons.math3.special.GammaTest): expected:<NaN> but was:<0.0>-, testRegularizedGammaNegativePositive(org.apache.commons.math3.special.GammaTest): expected:<NaN> but was:<0.0>-, testRegularizedGammaPositiveNan(org.apache.commons.math3.special.GammaTest): expected:<NaN> but was:<0.0>-]
[DEBUG] fr.inria.astor.core.validation.validators.RegressionValidation.validate(RegressionValidation.java:29) - Manual Regression: |false|5|3653|[testRegularizedGammaPositiveNegative(org.apache.commons.math3.special.GammaTest): expected:<NaN> but was:<0.0>-, testRegularizedGammaNanPositive(org.apache.commons.math3.special.GammaTest): expected:<NaN> but was:<0.0>-, testRegularizedGammaZeroPositive(org.apache.commons.math3.special.GammaTest): expected:<NaN> but was:<0.0>-, testRegularizedGammaNegativePositive(org.apache.commons.math3.special.GammaTest): expected:<NaN> but was:<0.0>-, testRegularizedGammaPositiveNan(org.apache.commons.math3.special.GammaTest): expected:<NaN> but was:<0.0>-]|
[INFO ] fr.inria.astor.core.validation.validators.ProcessEvoSuiteValidator.runTestFromEvoSuite(ProcessEvoSuiteValidator.java:87) - Running Evosuite for variant variant-472
[DEBUG] fr.inria.astor.core.validation.validators.ProcessEvoSuiteValidator.runTestFromEvoSuite(ProcessEvoSuiteValidator.java:89) - Run ES over default
[INFO ] fr.inria.astor.core.validation.validators.ProcessEvoSuiteValidator.runTestFromEvoSuite(ProcessEvoSuiteValidator.java:97) - Evo output: /tmp/math_30_Genprog_local_s1/./outputMutation/AstorMain-Math/src/evosuite/default
[INFO ] fr.inria.astor.util.EvoSuiteFacade.getClassesToProcess(EvoSuiteFacade.java:167) - Affected Buggy classes
[INFO ] fr.inria.astor.util.EvoSuiteFacade.getClassesToProcess(EvoSuiteFacade.java:182) - Classes for generating test: [org.apache.commons.math3.special.Gamma]
[DEBUG] fr.inria.astor.core.validation.validators.ProcessEvoSuiteValidator.runTestFromEvoSuite(ProcessEvoSuiteValidator.java:130) - Classes Affected: [org.apache.commons.math3.special.Gamma]
[DEBUG] fr.inria.astor.core.validation.validators.ProcessEvoSuiteValidator.runTestFromEvoSuite(ProcessEvoSuiteValidator.java:138) - Generating test for the first time
[DEBUG] fr.inria.astor.util.EvoSuiteFacade.runEvosuite(EvoSuiteFacade.java:89) - ---> creating evosuite tests for: [org.apache.commons.math3.special.Gamma]
[DEBUG] fr.inria.astor.util.EvoSuiteFacade.runEvosuite(EvoSuiteFacade.java:97) - Creating test cases using evosuite for: 1 classes, mode: LS
[DEBUG] fr.inria.astor.util.EvoSuiteFacade.runEvosuite(EvoSuiteFacade.java:147) - Creating test for org.apache.commons.math3.special.Gamma 1/1
[DEBUG] fr.inria.astor.util.EvoSuiteFacade.runProcess(EvoSuiteFacade.java:233) - EvoGenerate [/home/mmartinez/jdk1.8.0_45/bin//java, -Xbootclasspath/p:/tmp/math_30_Genprog_local_s1/./lib/fixran-0.0.1.jar, -jar, /tmp/math_30_Genprog_local_s1/./lib/evosuite-master-1.0.4-SNAPSHOT.jar, -class, org.apache.commons.math3.special.Gamma, -projectCP, /tmp/math_30_Genprog_local_s1/lib/:/tmp/math_30_Genprog_local_s1/lib/junit-4.11.jar:/tmp/math_30_Genprog_local_s1/lib/jtestex-0.0.1.jar:/tmp/math_30_Genprog_local_s1/lib/commons-discovery-0.5.jar:/tmp/math_30_Genprog_local_s1/lib/cobertura-2.0.3.jar:/tmp/math_30_Genprog_local_s1/lib/fixran-0.0.1.jar:/tmp/math_30_Genprog_local_s1/lib/evosuite-master-1.0.4-SNAPSHOT.jar:/tmp/math_30_Genprog_local_s1/./outputMutation/AstorMain-Math/bin/default/:, -base_dir, /tmp/math_30_Genprog_local_s1/./outputMutation/AstorMain-Math//src//evosuite/default, -Dassertion_timeout=1800, -Dminimization_timeout=1800, -Djunit_check_timeout=1800, -Dwrite_junit_timeout=300, -Dinitialization_timeout=300, -Dglobal_timeout=18000, -Dsearch_budget=100000, -Dstopping_condition=MaxStatements, -Dno_runtime_dependency=true, -Dsandbox=false, -Dp_reflection_on_private=0.0, -Dreflection_start_percent=1.0, -Dp_functional_mocking=0.0, -Dfunctional_mocking_percent=1.0, -mem=2000, -Drandom_seed, 10]
[DEBUG] fr.inria.astor.util.EvoSuiteFacade.runProcess(EvoSuiteFacade.java:243) - ES generation output: 
 Picked up JAVA_TOOL_OPTIONS: -Dfile.encoding=UTF8
* EvoSuite 1.0.4-SNAPSHOT
* Going to generate test cases for class: org.apache.commons.math3.special.Gamma
* Starting client
* Connecting to master process on port 20468
* Analyzing classpath: 
  - /tmp/math_30_Genprog_local_s1/lib/
  - /tmp/math_30_Genprog_local_s1/lib/junit-4.11.jar
  - /tmp/math_30_Genprog_local_s1/lib/jtestex-0.0.1.jar
  - /tmp/math_30_Genprog_local_s1/lib/commons-discovery-0.5.jar
  - /tmp/math_30_Genprog_local_s1/lib/cobertura-2.0.3.jar
  - /tmp/math_30_Genprog_local_s1/lib/fixran-0.0.1.jar
  - /tmp/math_30_Genprog_local_s1/./outputMutation/AstorMain-Math/bin/default/
* Finished analyzing classpath
* Generating tests for class org.apache.commons.math3.special.Gamma
* Test criteria:
  - Line Coverage
  - Branch Coverage
  - Exception
  - Mutation testing (weak)
  - Method-Output Coverage
  - Top-Level Method Coverage
  - No-Exception Top-Level Method Coverage
  - Context Branch Coverage
* Setting up search algorithm for whole suite generation
* Total number of test goals: 
  - Line 57
  - Branch 57
  - Exception 0
  - MutationFactory 664
  - Output 24
  - Method 8
  - MethodNoException 8
  - CBranchFitnessFactory 57

[Progress:>                             0%] [Cov:>                                  0%]* Using seed 10
* Starting evolution

[Progress:>                             0%] [Cov:==>                                6%]
[Progress:>                             0%] [Cov:====>                              12%]
[Progress:>                             0%] [Cov:========>                          25%]
[Progress:>                             0%] [Cov:============>                      35%]
[Progress:>                             0%] [Cov:=============>                     39%]
[Progress:>                             0%] [Cov:=================>                 50%]
[Progress:>                             0%] [Cov:=====================>             61%]
[Progress:>                             0%] [Cov:======================>            65%]
[Progress:>                             0%] [Cov:==========================>        75%]
[Progress:>                             0%] [Cov:=============================>     83%][MASTER] 04:00:31.676 [logback-2] ERROR ClientNodeImpl - Error when generating tests for: org.apache.commons.math3.special.Gamma with seed 10. Configuration id : null
java.lang.OutOfMemoryError: Java heap space
	at java.util.Arrays.copyOf(Arrays.java:3332) ~[na:1.8.0_45]
	at java.lang.AbstractStringBuilder.expandCapacity(AbstractStringBuilder.java:137) ~[na:1.8.0_45]
	at java.lang.AbstractStringBuilder.ensureCapacityInternal(AbstractStringBuilder.java:121) ~[na:1.8.0_45]
	at java.lang.AbstractStringBuilder.append(AbstractStringBuilder.java:421) ~[na:1.8.0_45]
	at java.lang.StringBuilder.append(StringBuilder.java:136) ~[na:1.8.0_45]
	at org.evosuite.testcase.TestCodeVisitor.visitMethodStatement(TestCodeVisitor.java:1396) ~[evosuite-master-1.0.4-SNAPSHOT.jar:1.0.4-SNAPSHOT]
	at org.evosuite.testcase.TestVisitor.visitStatement(TestVisitor.java:147) ~[evosuite-master-1.0.4-SNAPSHOT.jar:1.0.4-SNAPSHOT]
	at org.evosuite.testcase.TestCodeVisitor.visitStatement(TestCodeVisitor.java:1702) ~[evosuite-master-1.0.4-SNAPSHOT.jar:1.0.4-SNAPSHOT]
	at org.evosuite.testcase.DefaultTestCase.accept(DefaultTestCase.java:112) ~[evosuite-master-1.0.4-SNAPSHOT.jar:1.0.4-SNAPSHOT]
	at org.evosuite.testcase.DefaultTestCase.toCode(DefaultTestCase.java:1055) ~[evosuite-master-1.0.4-SNAPSHOT.jar:1.0.4-SNAPSHOT]
	at org.evosuite.testcase.execution.TestCaseExecutor.execute(TestCaseExecutor.java:413) ~[evosuite-master-1.0.4-SNAPSHOT.jar:1.0.4-SNAPSHOT]
	at org.evosuite.testcase.execution.TestCaseExecutor.execute(TestCaseExecutor.java:275) ~[evosuite-master-1.0.4-SNAPSHOT.jar:1.0.4-SNAPSHOT]
	at org.evosuite.testcase.execution.TestCaseExecutor.execute(TestCaseExecutor.java:262) ~[evosuite-master-1.0.4-SNAPSHOT.jar:1.0.4-SNAPSHOT]
	at org.evosuite.testsuite.TestSuiteFitnessFunction.runTest(TestSuiteFitnessFunction.java:63) ~[evosuite-master-1.0.4-SNAPSHOT.jar:1.0.4-SNAPSHOT]
	at org.evosuite.testcase.TestChromosome.executeForFitnessFunction(TestChromosome.java:676) ~[evosuite-master-1.0.4-SNAPSHOT.jar:1.0.4-SNAPSHOT]
	at org.evosuite.testsuite.TestSuiteFitnessFunction.runTestSuite(TestSuiteFitnessFunction.java:98) ~[evosuite-master-1.0.4-SNAPSHOT.jar:1.0.4-SNAPSHOT]
	at org.evosuite.coverage.line.LineCoverageSuiteFitness.getFitness(LineCoverageSuiteFitness.java:153) ~[evosuite-master-1.0.4-SNAPSHOT.jar:1.0.4-SNAPSHOT]
	at org.evosuite.coverage.line.LineCoverageSuiteFitness.getFitness(LineCoverageSuiteFitness.java:45) ~[evosuite-master-1.0.4-SNAPSHOT.jar:1.0.4-SNAPSHOT]
	at org.evosuite.ga.metaheuristics.GeneticAlgorithm.calculateFitnessAndSortPopulation(GeneticAlgorithm.java:595) ~[evosuite-master-1.0.4-SNAPSHOT.jar:1.0.4-SNAPSHOT]
	at org.evosuite.ga.metaheuristics.MonotonicGA.initializePopulation(MonotonicGA.java:206) ~[evosuite-master-1.0.4-SNAPSHOT.jar:1.0.4-SNAPSHOT]
	at org.evosuite.ga.metaheuristics.MonotonicGA.generateSolution(MonotonicGA.java:223) ~[evosuite-master-1.0.4-SNAPSHOT.jar:1.0.4-SNAPSHOT]
	at org.evosuite.strategy.WholeTestSuiteStrategy.generateTests(WholeTestSuiteStrategy.java:113) ~[evosuite-master-1.0.4-SNAPSHOT.jar:1.0.4-SNAPSHOT]
	at org.evosuite.TestSuiteGenerator.generateTests(TestSuiteGenerator.java:640) ~[evosuite-master-1.0.4-SNAPSHOT.jar:1.0.4-SNAPSHOT]
	at org.evosuite.TestSuiteGenerator.generateTestSuite(TestSuiteGenerator.java:208) ~[evosuite-master-1.0.4-SNAPSHOT.jar:1.0.4-SNAPSHOT]
	at org.evosuite.rmi.service.ClientNodeImpl$1.run(ClientNodeImpl.java:145) ~[evosuite-master-1.0.4-SNAPSHOT.jar:1.0.4-SNAPSHOT]
	at java.util.concurrent.Executors$RunnableAdapter.call(Executors.java:511) [na:1.8.0_45]
	at java.util.concurrent.FutureTask.run(FutureTask.java:266) [na:1.8.0_45]
	at java.util.concurrent.ThreadPoolExecutor.runWorker(ThreadPoolExecutor.java:1142) [na:1.8.0_45]
	at java.util.concurrent.ThreadPoolExecutor$Worker.run(ThreadPoolExecutor.java:617) [na:1.8.0_45]
	at java.lang.Thread.run(Thread.java:745) [na:1.8.0_45]

------------