* EvoSuite 1.0.4-SNAPSHOT
* Going to generate test cases for class: org.apache.commons.math3.random.BitsStreamGenerator
* Starting client
* Connecting to master process on port 8705
* Analyzing classpath: 
  - /tmp/math_12_Genprog_local_s1/lib/
  - /tmp/math_12_Genprog_local_s1/lib/junit-4.11.jar
  - /tmp/math_12_Genprog_local_s1/lib/commons-discovery-0.5.jar
  - /tmp/math_12_Genprog_local_s1/lib/jtestex-0.0.1.jar
  - /tmp/math_12_Genprog_local_s1/lib/fixran-0.0.1.jar
  - /tmp/math_12_Genprog_local_s1/lib/cobertura-2.0.3.jar
  - /tmp/math_12_Genprog_local_s1/./outputMutation/AstorMain-Math/bin/default/
* Finished analyzing classpath
* Generating tests for class org.apache.commons.math3.random.BitsStreamGenerator
* Test criteria:
  - Line Coverage
  - Branch Coverage
  - Exception
  - Mutation testing (weak)
  - Method-Output Coverage
  - Top-Level Method Coverage
  - No-Exception Top-Level Method Coverage
  - Context Branch Coverage
* Setting up search algorithm for whole suite generation
* Total number of test goals: 
  - Line 48
  - Branch 20
  - Exception 0
  - MutationFactory 425
  - Output 23
  - Method 13
  - MethodNoException 13
  - CBranchFitnessFactory 20

[Progress:>                             0%] [Cov:>                                  0%]* Using seed 5
* Starting evolution

[Progress:>                             0%] [Cov:===>                               11%]
[Progress:>                             0%] [Cov:=======>                           22%]
[Progress:>                             0%] [Cov:===========>                       34%]
[Progress:>                             0%] [Cov:=================>                 50%]
[Progress:>                             0%] [Cov:===================>               56%]
[Progress:>                             0%] [Cov:======================>            63%]
[Progress:>                             0%] [Cov:========================>          70%]
[Progress:>                             0%] [Cov:==========================>        76%]
[Progress:>                             0%] [Cov:============================>      81%]
[Progress:>                             0%] [Cov:=============================>     83%]
[Progress:>                             0%] [Cov:============================>      81%]
[Progress:>                             0%] [Cov:=============================>     83%]
[Progress:>                             0%] [Cov:================================>  94%]
[Progress:>                             0%] [Cov:================================>  94%]
[Progress:>                             0%] [Cov:================================>  94%]
[Progress:>                             0%] [Cov:================================>  94%]
[Progress:>                             0%] [Cov:================================>  94%]
[Progress:>                             0%] [Cov:================================>  94%]
[Progress:>                             0%] [Cov:================================>  94%]
[Progress:>                             0%] [Cov:================================>  94%]
[Progress:>                             0%] [Cov:================================>  94%]
[Progress:>                             0%] [Cov:================================>  94%]
[Progress:>                             0%] [Cov:================================>  94%]
[Progress:>                             0%] [Cov:================================>  94%]
[Progress:>                             0%] [Cov:================================>  94%]
[Progress:>                             0%] [Cov:================================>  94%]
[Progress:>                             0%] [Cov:================================>  94%]
[Progress:>                             0%] [Cov:================================>  94%]
[Progress:>                             0%] [Cov:================================>  94%]
[Progress:>                             0%] [Cov:================================>  94%]
[Progress:>                             0%] [Cov:================================>  94%]
[Progress:>                             0%] [Cov:================================>  94%]
[Progress:>                             0%] [Cov:================================>  94%]
[Progress:>                             0%] [Cov:================================>  94%]
[Progress:>                             0%] [Cov:================================>  94%]
[Progress:>                             0%] [Cov:================================>  94%]
[Progress:>                             0%] [Cov:================================>  94%]
[Progress:>                             0%] [Cov:================================>  94%]
[Progress:>                             0%] [Cov:================================>  94%]
[Progress:>                             0%] [Cov:=================================> 95%]
[Progress:>                             0%] [Cov:=================================> 95%]
[Progress:>                             0%] [Cov:=================================> 95%]
[Progress:>                             0%] [Cov:=================================> 95%]
[Progress:>                             0%] [Cov:=================================> 95%]
[Progress:>                             0%] [Cov:=================================> 95%]
[Progress:>                             0%] [Cov:=================================> 95%]
[Progress:>                             0%] [Cov:=================================> 95%]
[Progress:>                             0%] [Cov:=================================> 95%]
[Progress:>                             0%] [Cov:=================================> 95%]
[Progress:>                             0%] [Cov:=================================> 95%]
[Progress:>                             0%] [Cov:=================================> 95%]
[Progress:>                             0%] [Cov:=================================> 95%]
[Progress:>                             0%] [Cov:=================================> 95%]
[Progress:>                             0%] [Cov:=================================> 95%]
[Progress:>                             0%] [Cov:=================================> 95%]
[Progress:>                             0%] [Cov:=================================> 95%]
[Progress:>                             0%] [Cov:=================================> 95%]
[Progress:>                             0%] [Cov:=================================> 95%]
[Progress:>                             0%] [Cov:=================================> 95%]
[Progress:>                             0%] [Cov:=================================> 95%]
[Progress:>                             0%] [Cov:=================================> 95%]
[Progress:>                             0%] [Cov:=================================> 95%]
[Progress:>                             0%] [Cov:=================================> 95%]
[Progress:>                             0%] [Cov:=================================> 95%]
[Progress:>                             0%] [Cov:=================================> 95%]
[Progress:>                             0%] [Cov:=================================> 95%]
[Progress:>                             0%] [Cov:=================================> 95%]
[Progress:>                             0%] [Cov:=================================> 95%]
[Progress:>                             0%] [Cov:=================================> 95%]
[Progress:>                             0%] [Cov:=================================> 95%]
[Progress:>                             0%] [Cov:=================================> 95%]
[Progress:>                             0%] [Cov:=================================> 95%]
[Progress:>                             0%] [Cov:=================================> 95%]
[Progress:>                             0%] [Cov:=================================> 95%]
[Progress:>                             0%] [Cov:=================================> 95%]
[Progress:>                             0%] [Cov:=================================> 95%]
[Progress:>                             0%] [Cov:=================================> 95%]
[Progress:>                             0%] [Cov:=================================> 95%]
[Progress:>                             0%] [Cov:=================================> 95%]
[Progress:>                             0%] [Cov:=================================> 95%]
[Progress:>                             0%] [Cov:=================================> 95%]
[Progress:>                             0%] [Cov:=================================> 95%]
[Progress:>                             0%] [Cov:=================================> 95%]
[Progress:>                             0%] [Cov:=================================> 95%]
[Progress:>                             0%] [Cov:=================================> 95%]
[Progress:>                             0%] [Cov:=================================> 95%]
[Progress:>                             0%] [Cov:=================================> 95%]
[Progress:>                             0%] [Cov:=================================> 95%]
[Progress:>                             0%] [Cov:=================================> 95%]
[Progress:>                             0%] [Cov:=================================> 95%]
[Progress:>                             0%] [Cov:=================================> 95%]
[Progress:>                             0%] [Cov:=================================> 95%]
[Progress:>                             0%] [Cov:=================================> 95%]
[Progress:>                             0%] [Cov:=================================> 95%]
[Progress:>                             0%] [Cov:=================================> 95%]
[Progress:>                             0%] [Cov:=================================> 95%]
[Progress:>                             0%] [Cov:=================================> 95%]
[Progress:>                             0%] [Cov:=================================> 95%]
[Progress:>                             0%] [Cov:=================================> 95%]
[Progress:>                             0%] [Cov:=================================> 95%]
[Progress:>                             0%] [Cov:=================================> 95%]
[Progress:>                             0%] [Cov:=================================> 95%]
[Progress:>                             0%] [Cov:=================================> 95%]
[Progress:>                             0%] [Cov:=================================> 95%]
[Progress:>                             0%] [Cov:=================================> 95%]
[Progress:>                             0%] [Cov:=================================> 95%]
[Progress:>                             0%] [Cov:=================================> 95%]
[Progress:>                             0%] [Cov:=================================> 95%]
[Progress:>                             0%] [Cov:=================================> 95%]
[Progress:>                             0%] [Cov:=================================> 95%]
[Progress:>                             0%] [Cov:=================================> 95%]
[Progress:>                             0%] [Cov:=================================> 95%]
[Progress:>                             0%] [Cov:=================================> 95%]
[Progress:>                             0%] [Cov:=================================> 95%]
[Progress:>                             0%] [Cov:=================================> 95%]
[Progress:>                             0%] [Cov:=================================> 95%]
[Progress:>                             0%] [Cov:=================================> 95%]
[Progress:>                             0%] [Cov:=================================> 95%]
[Progress:>                             0%] [Cov:=================================> 95%]
[Progress:>                             0%] [Cov:=================================> 95%]
[Progress:>                             0%] [Cov:=================================> 95%]
[Progress:>                             0%] [Cov:=================================> 95%]
[Progress:>                             0%] [Cov:=================================> 95%]
[Progress:>                             0%] [Cov:=================================> 95%]
[Progress:>                             0%] [Cov:=================================> 95%]
[Progress:>                             0%] [Cov:=================================> 95%]
[Progress:>                             0%] [Cov:=================================> 95%]
[Progress:>                             0%] [Cov:=================================> 95%]
[Progress:>                             0%] [Cov:=================================> 95%]
[Progress:>                             0%] [Cov:=================================> 95%]
[Progress:>                             0%] [Cov:=================================> 95%]
[Progress:>                             0%] [Cov:=================================> 95%]
[Progress:>                             0%] [Cov:=================================> 95%]
[Progress:>                             0%] [Cov:=================================> 95%]
[Progress:>                             0%] [Cov:=================================> 95%]
[Progress:>                             0%] [Cov:=================================> 95%]
[Progress:>                             0%] [Cov:=================================> 95%]
[Progress:>                             0%] [Cov:=================================> 95%]
[Progress:>                             0%] [Cov:=================================> 95%]
[Progress:>                             0%] [Cov:=================================> 95%]
[Progress:>                             0%] [Cov:=================================> 95%]
[Progress:>                             0%] [Cov:=================================> 95%]
[Progress:>                             0%] [Cov:=================================> 95%]
[Progress:>                             0%] [Cov:=================================> 95%]
[Progress:>                             0%] [Cov:=================================> 95%]
[Progress:>                             0%] [Cov:=================================> 95%]
[Progress:>                             0%] [Cov:=================================> 95%]
[Progress:>                             0%] [Cov:=================================> 95%]
[Progress:>                             0%] [Cov:=================================> 95%]
[Progress:>                             0%] [Cov:=================================> 95%]
[Progress:>                             0%] [Cov:=================================> 95%]
* Search finished after 99s and 138 generations, 100195 statements, best individual has fitness: 9.116198407621013
* Minimizing test suite
* Going to analyze the coverage criteria
* Coverage analysis for criterion LINE
* Coverage of criterion LINE: 100%
* Total number of goals: 48
* Number of covered goals: 48
* Coverage analysis for criterion BRANCH
* Coverage of criterion BRANCH: 100%
* Total number of goals: 20
* Number of covered goals: 20
* Coverage analysis for criterion EXCEPTION
* Coverage of criterion EXCEPTION: 100%
* Total number of goals: 10
* Number of covered goals: 10
* Coverage analysis for criterion WEAKMUTATION
* Coverage of criterion WEAKMUTATION: 98%
* Total number of goals: 425
* Number of covered goals: 418
* Coverage analysis for criterion OUTPUT
* Coverage of criterion OUTPUT: 65%
* Total number of goals: 23
* Number of covered goals: 15
* Coverage analysis for criterion METHOD
* Coverage of criterion METHOD: 100%
* Total number of goals: 13
* Number of covered goals: 13
* Coverage analysis for criterion METHODNOEXCEPTION
* Coverage of criterion METHODNOEXCEPTION: 100%
* Total number of goals: 13
* Number of covered goals: 13
* Coverage analysis for criterion CBRANCH
* Coverage of criterion CBRANCH: 95%
* Total number of goals: 20
* Number of covered goals: 19
* Generated 33 tests with total length 98
* Resulting test suite's coverage: 95% (average coverage for all fitness functions)
* Generating assertions
* Resulting test suite's mutation score: 76%
* Compiling and checking tests
[MASTER] 21:14:38.554 [logback-2] ERROR ClassStateSupport - Could not initialize org.apache.commons.math3.RetryRunner: org/apache/commons/math3/RetryRunner$1
[MASTER] 21:14:38.973 [logback-1] WARN  JUnitAnalyzer - EvoSuite problem: tests set up a security manager, but they do not remove it after execution
[MASTER] 21:14:39.025 [logback-1] WARN  JUnitAnalyzer - EvoSuite problem: tests set up a security manager, but they do not remove it after execution
[MASTER] 21:14:39.097 [logback-1] WARN  JUnitAnalyzer - EvoSuite problem: tests set up a security manager, but they do not remove it after execution
[MASTER] 21:14:39.157 [logback-1] WARN  JUnitAnalyzer - EvoSuite problem: tests set up a security manager, but they do not remove it after execution
[MASTER] 21:14:39.308 [logback-1] WARN  JUnitAnalyzer - EvoSuite problem: tests set up a security manager, but they do not remove it after execution
[MASTER] 21:14:39.368 [logback-1] WARN  JUnitAnalyzer - EvoSuite problem: tests set up a security manager, but they do not remove it after execution
[MASTER] 21:14:39.415 [logback-1] WARN  JUnitAnalyzer - EvoSuite problem: tests set up a security manager, but they do not remove it after execution
[MASTER] 21:14:39.461 [logback-1] WARN  JUnitAnalyzer - EvoSuite problem: tests set up a security manager, but they do not remove it after execution
[MASTER] 21:14:39.525 [logback-1] WARN  JUnitAnalyzer - EvoSuite problem: tests set up a security manager, but they do not remove it after execution
[MASTER] 21:14:39.582 [logback-1] WARN  JUnitAnalyzer - EvoSuite problem: tests set up a security manager, but they do not remove it after execution
[MASTER] 21:14:39.628 [logback-1] WARN  JUnitAnalyzer - EvoSuite problem: tests set up a security manager, but they do not remove it after execution
[MASTER] 21:14:39.684 [logback-1] WARN  JUnitAnalyzer - EvoSuite problem: tests set up a security manager, but they do not remove it after execution
[MASTER] 21:14:39.726 [logback-1] WARN  JUnitAnalyzer - EvoSuite problem: tests set up a security manager, but they do not remove it after execution
[MASTER] 21:14:39.774 [logback-1] WARN  JUnitAnalyzer - EvoSuite problem: tests set up a security manager, but they do not remove it after execution
[MASTER] 21:14:39.844 [logback-1] WARN  JUnitAnalyzer - EvoSuite problem: tests set up a security manager, but they do not remove it after execution
[MASTER] 21:14:40.116 [logback-1] WARN  JUnitAnalyzer - EvoSuite problem: tests set up a security manager, but they do not remove it after execution
[MASTER] 21:14:40.185 [logback-1] WARN  JUnitAnalyzer - EvoSuite problem: tests set up a security manager, but they do not remove it after execution
[MASTER] 21:14:40.238 [logback-1] WARN  JUnitAnalyzer - EvoSuite problem: tests set up a security manager, but they do not remove it after execution
[MASTER] 21:14:40.303 [logback-1] WARN  JUnitAnalyzer - EvoSuite problem: tests set up a security manager, but they do not remove it after execution
[MASTER] 21:14:40.349 [logback-1] WARN  JUnitAnalyzer - EvoSuite problem: tests set up a security manager, but they do not remove it after execution
[MASTER] 21:14:40.393 [logback-1] WARN  JUnitAnalyzer - EvoSuite problem: tests set up a security manager, but they do not remove it after execution
[MASTER] 21:14:40.459 [logback-1] WARN  JUnitAnalyzer - EvoSuite problem: tests set up a security manager, but they do not remove it after execution
[MASTER] 21:14:40.518 [logback-1] WARN  JUnitAnalyzer - EvoSuite problem: tests set up a security manager, but they do not remove it after execution
[MASTER] 21:14:40.577 [logback-1] WARN  JUnitAnalyzer - EvoSuite problem: tests set up a security manager, but they do not remove it after execution
[MASTER] 21:14:40.615 [logback-1] WARN  JUnitAnalyzer - EvoSuite problem: tests set up a security manager, but they do not remove it after execution
[MASTER] 21:14:40.673 [logback-1] WARN  JUnitAnalyzer - EvoSuite problem: tests set up a security manager, but they do not remove it after execution
[MASTER] 21:14:40.713 [logback-1] WARN  JUnitAnalyzer - EvoSuite problem: tests set up a security manager, but they do not remove it after execution
[MASTER] 21:14:40.769 [logback-1] WARN  JUnitAnalyzer - EvoSuite problem: tests set up a security manager, but they do not remove it after execution
[MASTER] 21:14:40.806 [logback-1] WARN  JUnitAnalyzer - EvoSuite problem: tests set up a security manager, but they do not remove it after execution
[MASTER] 21:14:40.862 [logback-1] WARN  JUnitAnalyzer - EvoSuite problem: tests set up a security manager, but they do not remove it after execution
[MASTER] 21:14:40.920 [logback-1] WARN  JUnitAnalyzer - EvoSuite problem: tests set up a security manager, but they do not remove it after execution
[MASTER] 21:14:40.963 [logback-1] WARN  JUnitAnalyzer - EvoSuite problem: tests set up a security manager, but they do not remove it after execution
[MASTER] 21:14:41.010 [logback-1] WARN  JUnitAnalyzer - EvoSuite problem: tests set up a security manager, but they do not remove it after execution
[MASTER] 21:14:41.187 [logback-1] WARN  JUnitAnalyzer - EvoSuite problem: tests set up a security manager, but they do not remove it after execution
[MASTER] 21:14:41.191 [logback-2] ERROR JUnitAnalyzer - 10 test cases failed
[MASTER] 21:14:41.193 [logback-1] WARN  JUnitAnalyzer - Found unstable test named test01 -> class java.lang.AssertionError: expected:<0.2656148816684638> but was:<0.8446785015882241>
[MASTER] 21:14:41.193 [logback-1] WARN  JUnitAnalyzer - Failing test:
 MersenneTwister mersenneTwister0 = new MersenneTwister();
double double0 = mersenneTwister0.nextDouble();
assertEquals(0.2656148816684638, double0, 0.01);


[MASTER] 21:14:41.193 [logback-1] WARN  JUnitAnalyzer - Found unstable test named test00 -> class java.lang.AssertionError: expected:<4899729490359568901> but was:<1167044557679814465>
[MASTER] 21:14:41.194 [logback-1] WARN  JUnitAnalyzer - Failing test:
 MersenneTwister mersenneTwister0 = new MersenneTwister();
long long0 = mersenneTwister0.nextLong();
assertEquals(4899729490359568901L, long0);


[MASTER] 21:14:41.194 [logback-1] WARN  JUnitAnalyzer - Found unstable test named test02 -> class java.lang.AssertionError: expected:<-665010286> but was:<-323174459>
[MASTER] 21:14:41.194 [logback-1] WARN  JUnitAnalyzer - Failing test:
 Well19937a well19937a0 = new Well19937a((int[]) null);
int int0 = well19937a0.nextInt();
assertEquals((-665010286), int0);


[MASTER] 21:14:41.194 [logback-1] WARN  JUnitAnalyzer - Found unstable test named test24 -> class java.lang.AssertionError: expected:<-0.6744452302231269> but was:<0.6957186240330726>
[MASTER] 21:14:41.194 [logback-1] WARN  JUnitAnalyzer - Failing test:
 Well512a well512a0 = new Well512a();
double double0 = well512a0.nextGaussian();
assertEquals((-0.6744452302231269), double0, 0.01);


[MASTER] 21:14:41.194 [logback-1] WARN  JUnitAnalyzer - Found unstable test named test05 -> class org.junit.internal.ArrayComparisonFailure: arrays first differed at element [0]; expected:<36> but was:<78>
[MASTER] 21:14:41.194 [logback-1] WARN  JUnitAnalyzer - Failing test:
 Well1024a well1024a0 = new Well1024a();
byte[] byteArray0 = new byte[1];
well1024a0.nextBytes(byteArray0);
assertArrayEquals(new byte[] {(byte)36}, byteArray0);

boolean boolean0 = well1024a0.nextBoolean();
assertTrue(boolean0);


[MASTER] 21:14:41.194 [logback-1] WARN  JUnitAnalyzer - Found unstable test named test27 -> class java.lang.AssertionError: expected:<-7623937731512766048> but was:<-2821585409585872849>
[MASTER] 21:14:41.194 [logback-1] WARN  JUnitAnalyzer - Failing test:
 ISAACRandom iSAACRandom0 = new ISAACRandom();
long long0 = iSAACRandom0.nextLong();
assertEquals((-7623937731512766048L), long0);


[MASTER] 21:14:41.195 [logback-1] WARN  JUnitAnalyzer - Found unstable test named test26 -> class java.lang.AssertionError: expected:<0> but was:<1>
[MASTER] 21:14:41.195 [logback-1] WARN  JUnitAnalyzer - Failing test:
 BitsStreamGeneratorTest.BitRandom bitsStreamGeneratorTest_BitRandom0 = new BitsStreamGeneratorTest.BitRandom();
Well512a well512a0 = new Well512a();
int int0 = well512a0.nextInt(3);
assertEquals(0, int0);


[MASTER] 21:14:41.195 [logback-1] WARN  JUnitAnalyzer - Found unstable test named test06 -> class org.junit.internal.ArrayComparisonFailure: arrays first differed at element [0]; expected:<-51> but was:<-103>
[MASTER] 21:14:41.195 [logback-1] WARN  JUnitAnalyzer - Failing test:
 Well512a well512a0 = new Well512a();
byte[] byteArray0 = new byte[6];
well512a0.nextBytes(byteArray0);
assertArrayEquals(new byte[] {(byte) (-51), (byte)120, (byte)53, (byte) (-116), (byte) (-123), (byte)105}, byteArray0);


[MASTER] 21:14:41.195 [logback-1] WARN  JUnitAnalyzer - Found unstable test named test09 -> class java.lang.AssertionError: expected:<8> but was:<14>
[MASTER] 21:14:41.195 [logback-1] WARN  JUnitAnalyzer - Failing test:
 Well512a well512a0 = new Well512a();
int int0 = well512a0.nextInt(16);
assertEquals(8, int0);


[MASTER] 21:14:41.195 [logback-1] WARN  JUnitAnalyzer - Found unstable test named test10 -> class java.lang.AssertionError: expected:<216587288> but was:<218151747>
[MASTER] 21:14:41.195 [logback-1] WARN  JUnitAnalyzer - Failing test:
 Well44497a well44497a0 = new Well44497a();
int int0 = well44497a0.nextInt(573791071);
assertEquals(216587288, int0);


[MASTER] 21:14:41.341 [logback-1] WARN  JUnitAnalyzer - EvoSuite problem: tests set up a security manager, but they do not remove it after execution
* Writing JUnit test case 'BitsStreamGenerator_ESTest' to evosuite-tests
* Done!


------------