* EvoSuite 1.0.4-SNAPSHOT
* Going to generate test cases for class: org.jfree.chart.JFreeChart
* Starting client
* Connecting to master process on port 5023
* Analyzing classpath: 
  - build/
  - build-tests/
  - lib/cobertura-lib/servlet-api-2.5-6.1.14.jar
  - lib/servlet.jar
* Finished analyzing classpath
* Generating tests for class org.jfree.chart.JFreeChart
* Test criteria:
  - Line Coverage
  - Branch Coverage
  - Exception
  - Mutation testing (weak)
  - Method-Output Coverage
  - Top-Level Method Coverage
  - No-Exception Top-Level Method Coverage
  - Context Branch Coverage
* Setting up search algorithm for whole suite generation
* Total number of test goals: 
  - Line 422
  - Branch 242
  - Exception 0
  - MutationFactory 548
  - Output 429
  - Method 67
  - MethodNoException 67
  - CBranchFitnessFactory 242

[Progress:>                             0%] [Cov:>                                  0%]* Using seed 153
* Starting evolution

[Progress:>                             0%] [Cov:>                                  1%]
[Progress:>                             0%] [Cov:====>                              14%]
[Progress:>                             0%] [Cov:=====>                             16%]
[Progress:>                             0%] [Cov:=====>                             17%]
[Progress:>                             0%] [Cov:======>                            18%]
[Progress:>                             0%] [Cov:=======>                           20%]
[Progress:>                             0%] [Cov:========>                          23%]
[Progress:>                             0%] [Cov:========>                          24%]
[Progress:>                             0%] [Cov:========>                          25%]
[Progress:>                             0%] [Cov:=========>                         26%]
[Progress:>                             0%] [Cov:=========>                         27%]
[Progress:>                             0%] [Cov:=========>                         28%]
[Progress:>                             0%] [Cov:==========>                        29%]
[Progress:>                             0%] [Cov:==========>                        30%]
[Progress:>                             0%] [Cov:==========>                        30%]
[Progress:>                             0%] [Cov:=====================>             62%]
[Progress:>                             0%] [Cov:======================>            63%]
[Progress:>                             0%] [Cov:======================>            64%]
[Progress:>                             0%] [Cov:======================>            65%]
[Progress:>                             0%] [Cov:======================>            65%]
[Progress:>                             0%] [Cov:=======================>           66%]
[Progress:>                             0%] [Cov:=======================>           66%]
[Progress:>                             0%] [Cov:=======================>           66%]
[Progress:>                             0%] [Cov:=======================>           66%]
[Progress:>                             0%] [Cov:=======================>           66%]
[Progress:>                             0%] [Cov:=======================>           66%]
[Progress:>                             0%] [Cov:=======================>           67%]
[Progress:>                             0%] [Cov:=======================>           68%]
[Progress:>                             0%] [Cov:=======================>           68%]
[Progress:>                             0%] [Cov:=======================>           68%]
[Progress:>                             0%] [Cov:=======================>           68%]
[Progress:>                             0%] [Cov:=======================>           68%]
[Progress:>                             0%] [Cov:=======================>           68%]
[Progress:>                             0%] [Cov:=======================>           68%]
[Progress:>                             0%] [Cov:========================>          69%]
[Progress:>                             0%] [Cov:========================>          69%]
[Progress:>                             0%] [Cov:========================>          69%]
[Progress:>                             0%] [Cov:========================>          69%]
[Progress:>                             1%] [Cov:========================>          69%]
[Progress:>                             1%] [Cov:========================>          69%]
[Progress:>                             1%] [Cov:========================>          69%]
[Progress:>                             1%] [Cov:========================>          70%]
[Progress:>                             1%] [Cov:========================>          71%]
[Progress:>                             1%] [Cov:========================>          71%]
[Progress:>                             1%] [Cov:========================>          71%]
[Progress:>                             1%] [Cov:========================>          71%]
[Progress:>                             1%] [Cov:========================>          71%]
[Progress:>                             1%] [Cov:========================>          71%]
[Progress:>                             1%] [Cov:=========================>         72%]
[Progress:>                             1%] [Cov:=========================>         72%]
[Progress:>                             1%] [Cov:=========================>         72%]
[Progress:>                             1%] [Cov:=========================>         72%]
[Progress:>                             1%] [Cov:=========================>         72%]
[Progress:>                             1%] [Cov:=========================>         72%]
[Progress:>                             1%] [Cov:=========================>         72%]
[Progress:>                             1%] [Cov:=========================>         72%]
[Progress:>                             1%] [Cov:=========================>         73%]
[Progress:>                             1%] [Cov:=========================>         73%]
[Progress:>                             2%] [Cov:=========================>         73%]
[Progress:>                             2%] [Cov:=========================>         73%]
[Progress:>                             2%] [Cov:=========================>         73%]
[Progress:>                             2%] [Cov:=========================>         74%]
[Progress:>                             2%] [Cov:=========================>         74%]
[Progress:>                             2%] [Cov:=========================>         74%]
[Progress:>                             2%] [Cov:=========================>         74%]
[Progress:>                             2%] [Cov:=========================>         74%]
[Progress:>                             2%] [Cov:==========================>        75%]
[Progress:>                             2%] [Cov:==========================>        75%]
[Progress:>                             2%] [Cov:==========================>        75%]
[Progress:>                             2%] [Cov:==========================>        75%]
[Progress:>                             2%] [Cov:==========================>        75%]
[Progress:>                             2%] [Cov:==========================>        75%]
[Progress:>                             2%] [Cov:==========================>        75%]
[Progress:>                             2%] [Cov:==========================>        75%]
[Progress:>                             2%] [Cov:==========================>        75%]
[Progress:>                             2%] [Cov:==========================>        75%]
[Progress:>                             2%] [Cov:==========================>        75%]
[Progress:>                             2%] [Cov:==========================>        76%]
[Progress:>                             2%] [Cov:==========================>        76%]
[Progress:>                             2%] [Cov:==========================>        76%]
[Progress:>                             3%] [Cov:==========================>        76%]
[Progress:>                             3%] [Cov:==========================>        76%]
[Progress:>                             3%] [Cov:==========================>        76%]
[Progress:>                             3%] [Cov:==========================>        76%]
[Progress:>                             3%] [Cov:==========================>        76%]
[Progress:>                             3%] [Cov:==========================>        76%]
[Progress:>                             3%] [Cov:==========================>        76%]
[Progress:>                             3%] [Cov:==========================>        76%]
[Progress:>                             3%] [Cov:==========================>        76%]
[Progress:>                             3%] [Cov:==========================>        76%]
[Progress:>                             3%] [Cov:==========================>        76%]
[Progress:>                             3%] [Cov:==========================>        76%]
[Progress:>                             3%] [Cov:==========================>        76%]
[Progress:>                             3%] [Cov:==========================>        76%]
[Progress:>                             3%] [Cov:==========================>        76%]
[Progress:>                             3%] [Cov:==========================>        76%]
[Progress:>                             3%] [Cov:==========================>        76%]
[Progress:=>                            4%] [Cov:==========================>        76%]
[Progress:=>                            4%] [Cov:==========================>        76%]
[Progress:=>                            4%] [Cov:==========================>        76%]
[Progress:=>                            4%] [Cov:==========================>        76%]
[Progress:=>                            4%] [Cov:==========================>        76%]
[Progress:=>                            4%] [Cov:==========================>        76%]
[Progress:=>                            4%] [Cov:==========================>        77%]
[Progress:=>                            4%] [Cov:==========================>        77%]
[Progress:=>                            4%] [Cov:==========================>        77%]
[Progress:=>                            4%] [Cov:==========================>        77%]
[Progress:=>                            4%] [Cov:==========================>        77%]
[Progress:=>                            4%] [Cov:==========================>        77%]
[Progress:=>                            4%] [Cov:==========================>        77%]
[Progress:=>                            4%] [Cov:==========================>        77%]
[Progress:=>                            4%] [Cov:==========================>        77%]
[Progress:=>                            4%] [Cov:==========================>        77%]
[Progress:=>                            4%] [Cov:==========================>        77%]
[Progress:=>                            4%] [Cov:===========================>       78%]
[Progress:=>                            4%] [Cov:===========================>       78%]
[Progress:=>                            4%] [Cov:===========================>       78%]
[Progress:=>                            4%] [Cov:===========================>       78%]
[Progress:=>                            4%] [Cov:===========================>       78%]
[Progress:=>                            4%] [Cov:===========================>       78%]
[Progress:=>                            4%] [Cov:===========================>       78%]
[Progress:=>                            4%] [Cov:===========================>       78%]
[Progress:=>                            4%] [Cov:===========================>       78%]
[Progress:=>                            4%] [Cov:===========================>       78%]
[Progress:=>                            4%] [Cov:===========================>       78%]
[Progress:=>                            5%] [Cov:===========================>       78%]
[Progress:=>                            5%] [Cov:===========================>       78%]
[Progress:=>                            5%] [Cov:===========================>       78%]
[Progress:=>                            5%] [Cov:===========================>       78%]
[Progress:=>                            5%] [Cov:===========================>       78%]
[Progress:=>                            5%] [Cov:===========================>       78%]
[Progress:=>                            5%] [Cov:===========================>       78%]
[Progress:=>                            5%] [Cov:===========================>       78%]
[Progress:=>                            5%] [Cov:===========================>       78%]
[Progress:=>                            5%] [Cov:===========================>       78%]
[Progress:=>                            5%] [Cov:===========================>       78%]
[Progress:=>                            5%] [Cov:===========================>       78%]
[Progress:=>                            5%] [Cov:===========================>       78%]
[Progress:=>                            5%] [Cov:===========================>       78%]
[Progress:=>                            5%] [Cov:===========================>       78%]
[Progress:=>                            5%] [Cov:===========================>       78%]
[Progress:=>                            5%] [Cov:===========================>       78%]
[Progress:=>                            5%] [Cov:===========================>       78%]
[Progress:=>                            5%] [Cov:===========================>       78%]
[Progress:=>                            5%] [Cov:===========================>       78%]
[Progress:=>                            5%] [Cov:===========================>       78%]
[Progress:=>                            5%] [Cov:===========================>       78%]
[Progress:=>                            5%] [Cov:===========================>       78%]
[Progress:=>                            5%] [Cov:===========================>       78%]
[Progress:=>                            5%] [Cov:===========================>       79%]
[Progress:=>                            5%] [Cov:===========================>       79%]
[Progress:=>                            5%] [Cov:===========================>       79%]
[Progress:=>                            5%] [Cov:===========================>       79%]
[Progress:=>                            5%] [Cov:===========================>       79%]
[Progress:=>                            5%] [Cov:===========================>       79%]
[Progress:=>                            5%] [Cov:===========================>       79%]
[Progress:=>                            5%] [Cov:===========================>       79%]
[Progress:=>                            5%] [Cov:===========================>       79%]
[Progress:=>                            5%] [Cov:===========================>       79%]
[Progress:=>                            6%] [Cov:===========================>       79%]
[Progress:=>                            6%] [Cov:===========================>       79%]
[Progress:=>                            6%] [Cov:===========================>       79%]
[Progress:=>                            6%] [Cov:===========================>       79%]
[Progress:=>                            6%] [Cov:===========================>       79%]
[Progress:=>                            6%] [Cov:===========================>       79%]
[Progress:=>                            6%] [Cov:===========================>       79%]
[Progress:=>                            6%] [Cov:===========================>       79%]
[Progress:=>                            6%] [Cov:===========================>       79%]
[Progress:=>                            6%] [Cov:===========================>       79%]
[Progress:=>                            6%] [Cov:===========================>       79%]
[Progress:=>                            6%] [Cov:===========================>       79%]
[Progress:=>                            6%] [Cov:===========================>       79%]
[Progress:=>                            6%] [Cov:===========================>       79%]
[Progress:=>                            6%] [Cov:===========================>       79%]
[Progress:=>                            6%] [Cov:===========================>       79%]
[Progress:=>                            6%] [Cov:===========================>       79%]
[Progress:=>                            6%] [Cov:===========================>       79%]
[Progress:=>                            6%] [Cov:===========================>       79%]
[Progress:=>                            6%] [Cov:===========================>       79%]
[Progress:=>                            6%] [Cov:===========================>       79%]
[Progress:=>                            6%] [Cov:===========================>       79%]
[Progress:=>                            6%] [Cov:===========================>       79%]
[Progress:=>                            6%] [Cov:===========================>       79%]
[Progress:=>                            6%] [Cov:===========================>       79%]
[Progress:=>                            6%] [Cov:===========================>       79%]
[Progress:=>                            6%] [Cov:============================>      80%]
[Progress:=>                            6%] [Cov:============================>      80%]
[Progress:=>                            6%] [Cov:============================>      80%]
[Progress:=>                            6%] [Cov:============================>      80%]
[Progress:=>                            6%] [Cov:============================>      80%]
[Progress:=>                            6%] [Cov:============================>      80%]
[Progress:=>                            6%] [Cov:============================>      80%]
[Progress:=>                            6%] [Cov:============================>      80%]
[Progress:=>                            6%] [Cov:============================>      80%]
[Progress:=>                            6%] [Cov:============================>      80%]
[Progress:=>                            6%] [Cov:============================>      80%]
[Progress:=>                            6%] [Cov:============================>      80%]
[Progress:=>                            6%] [Cov:============================>      80%]
[Progress:=>                            6%] [Cov:============================>      80%]
[Progress:=>                            6%] [Cov:============================>      80%]
[Progress:=>                            6%] [Cov:============================>      80%]
[Progress:=>                            6%] [Cov:============================>      80%]
[Progress:=>                            6%] [Cov:============================>      80%]
[Progress:=>                            6%] [Cov:============================>      80%]
[Progress:=>                            6%] [Cov:============================>      80%]
[Progress:=>                            6%] [Cov:============================>      80%]
[Progress:=>                            6%] [Cov:============================>      80%]
[Progress:=>                            6%] [Cov:============================>      80%]
[Progress:=>                            6%] [Cov:============================>      80%]
[Progress:=>                            6%] [Cov:============================>      80%]
[Progress:=>                            6%] [Cov:============================>      80%]
[Progress:=>                            6%] [Cov:============================>      80%]
[Progress:=>                            6%] [Cov:============================>      80%]
[Progress:=>                            6%] [Cov:============================>      80%][MASTER] 04:51:44.753 [logback-1] WARN  TimeController - Operation 'update from archive' took too long: 5003ms

[Progress:=>                            6%] [Cov:============================>      81%]
* Search finished after 1212s and 179 generations, 101244 statements, best individual has fitness: 585.437885087885
* Minimizing test suite
* Going to analyze the coverage criteria
* Coverage analysis for criterion LINE
* Coverage of criterion LINE: 83%
* Total number of goals: 422
* Number of covered goals: 349
* Coverage analysis for criterion BRANCH
* Coverage of criterion BRANCH: 76%
* Total number of goals: 242
* Number of covered goals: 184
* Coverage analysis for criterion EXCEPTION
* Coverage of criterion EXCEPTION: 95%
* Total number of goals: 38
* Number of covered goals: 36
* Coverage analysis for criterion WEAKMUTATION
* Coverage of criterion WEAKMUTATION: 87%
* Total number of goals: 548
* Number of covered goals: 475
* Coverage analysis for criterion OUTPUT
* Coverage of criterion OUTPUT: 38%
* Total number of goals: 429
* Number of covered goals: 162
* Coverage analysis for criterion METHOD
* Coverage of criterion METHOD: 100%
* Total number of goals: 67
* Number of covered goals: 67
* Coverage analysis for criterion METHODNOEXCEPTION
* Coverage of criterion METHODNOEXCEPTION: 99%
* Total number of goals: 67
* Number of covered goals: 66
* Coverage analysis for criterion CBRANCH
* Coverage of criterion CBRANCH: 71%
* Total number of goals: 242
* Number of covered goals: 172
* Generated 126 tests with total length 575
* Resulting test suite's coverage: 82% (average coverage for all fitness functions)
* Generating assertions
* Resulting test suite's mutation score: 43%
* Compiling and checking tests
[MASTER] 04:58:40.350 [logback-1] WARN  JUnitAnalyzer - EvoSuite problem: tests set up a security manager, but they do not remove it after execution
[MASTER] 04:58:40.429 [logback-1] WARN  JUnitAnalyzer - EvoSuite problem: tests set up a security manager, but they do not remove it after execution
[MASTER] 04:58:40.490 [logback-1] WARN  JUnitAnalyzer - EvoSuite problem: tests set up a security manager, but they do not remove it after execution
[MASTER] 04:58:45.985 [logback-1] WARN  JUnitAnalyzer - EvoSuite problem: tests set up a security manager, but they do not remove it after execution
[MASTER] 04:58:45.986 [logback-2] ERROR JUnitAnalyzer - 1 test cases failed
[MASTER] 04:58:45.989 [logback-1] WARN  JUnitAnalyzer - Found unstable test named test0 -> class org.junit.runners.model.TestTimedOutException: test timed out after 4000 milliseconds
[MASTER] 04:58:45.989 [logback-1] WARN  JUnitAnalyzer - Failing test:
 DateAxis dateAxis0 = new DateAxis("+5i4l!,");
CombinedRangeCategoryPlot combinedRangeCategoryPlot0 = new CombinedRangeCategoryPlot((ValueAxis) dateAxis0);
JFreeChart jFreeChart0 = new JFreeChart("+5i4l!,", (Plot) combinedRangeCategoryPlot0);
TextTitle textTitle0 = jFreeChart0.getTitle();
textTitle0.setText("");
StandardEntityCollection standardEntityCollection0 = new StandardEntityCollection();
ChartRenderingInfo chartRenderingInfo0 = new ChartRenderingInfo((EntityCollection) standardEntityCollection0);
jFreeChart0.createBufferedImage(1, 10, chartRenderingInfo0);

[MASTER] 04:58:46.700 [logback-1] WARN  JUnitAnalyzer - EvoSuite problem: tests set up a security manager, but they do not remove it after execution
[MASTER] 04:58:46.786 [logback-1] WARN  JUnitAnalyzer - EvoSuite problem: tests set up a security manager, but they do not remove it after execution
[MASTER] 04:58:46.906 [logback-1] WARN  JUnitAnalyzer - EvoSuite problem: tests set up a security manager, but they do not remove it after execution
[MASTER] 04:58:46.995 [logback-1] WARN  JUnitAnalyzer - EvoSuite problem: tests set up a security manager, but they do not remove it after execution
[MASTER] 04:58:47.091 [logback-1] WARN  JUnitAnalyzer - EvoSuite problem: tests set up a security manager, but they do not remove it after execution
[MASTER] 04:58:47.176 [logback-1] WARN  JUnitAnalyzer - EvoSuite problem: tests set up a security manager, but they do not remove it after execution
[MASTER] 04:58:47.260 [logback-1] WARN  JUnitAnalyzer - EvoSuite problem: tests set up a security manager, but they do not remove it after execution
[MASTER] 04:58:47.323 [logback-1] WARN  JUnitAnalyzer - EvoSuite problem: tests set up a security manager, but they do not remove it after execution
[MASTER] 04:58:47.406 [logback-1] WARN  JUnitAnalyzer - EvoSuite problem: tests set up a security manager, but they do not remove it after execution
[MASTER] 04:58:47.503 [logback-1] WARN  JUnitAnalyzer - EvoSuite problem: tests set up a security manager, but they do not remove it after execution
[MASTER] 04:58:47.593 [logback-1] WARN  JUnitAnalyzer - EvoSuite problem: tests set up a security manager, but they do not remove it after execution
[MASTER] 04:58:47.679 [logback-1] WARN  JUnitAnalyzer - EvoSuite problem: tests set up a security manager, but they do not remove it after execution
[MASTER] 04:58:47.763 [logback-1] WARN  JUnitAnalyzer - EvoSuite problem: tests set up a security manager, but they do not remove it after execution
[MASTER] 04:58:47.848 [logback-1] WARN  JUnitAnalyzer - EvoSuite problem: tests set up a security manager, but they do not remove it after execution
[MASTER] 04:58:47.944 [logback-1] WARN  JUnitAnalyzer - EvoSuite problem: tests set up a security manager, but they do not remove it after execution
[MASTER] 04:58:48.066 [logback-1] WARN  JUnitAnalyzer - EvoSuite problem: tests set up a security manager, but they do not remove it after execution
[MASTER] 04:58:48.159 [logback-1] WARN  JUnitAnalyzer - EvoSuite problem: tests set up a security manager, but they do not remove it after execution
[MASTER] 04:58:48.245 [logback-1] WARN  JUnitAnalyzer - EvoSuite problem: tests set up a security manager, but they do not remove it after execution
[MASTER] 04:58:48.324 [logback-1] WARN  JUnitAnalyzer - EvoSuite problem: tests set up a security manager, but they do not remove it after execution
[MASTER] 04:58:48.391 [logback-1] WARN  JUnitAnalyzer - EvoSuite problem: tests set up a security manager, but they do not remove it after execution
[MASTER] 04:58:48.479 [logback-1] WARN  JUnitAnalyzer - EvoSuite problem: tests set up a security manager, but they do not remove it after execution
[MASTER] 04:58:48.575 [logback-1] WARN  JUnitAnalyzer - EvoSuite problem: tests set up a security manager, but they do not remove it after execution
[MASTER] 04:58:48.658 [logback-1] WARN  JUnitAnalyzer - EvoSuite problem: tests set up a security manager, but they do not remove it after execution
[MASTER] 04:58:48.745 [logback-1] WARN  JUnitAnalyzer - EvoSuite problem: tests set up a security manager, but they do not remove it after execution
[MASTER] 04:58:48.839 [logback-1] WARN  JUnitAnalyzer - EvoSuite problem: tests set up a security manager, but they do not remove it after execution
[MASTER] 04:58:48.923 [logback-1] WARN  JUnitAnalyzer - EvoSuite problem: tests set up a security manager, but they do not remove it after execution
[MASTER] 04:58:49.003 [logback-1] WARN  JUnitAnalyzer - EvoSuite problem: tests set up a security manager, but they do not remove it after execution
[MASTER] 04:58:49.097 [logback-1] WARN  JUnitAnalyzer - EvoSuite problem: tests set up a security manager, but they do not remove it after execution
[MASTER] 04:58:49.182 [logback-1] WARN  JUnitAnalyzer - EvoSuite problem: tests set up a security manager, but they do not remove it after execution
[MASTER] 04:58:49.269 [logback-1] WARN  JUnitAnalyzer - EvoSuite problem: tests set up a security manager, but they do not remove it after execution
[MASTER] 04:58:49.414 [logback-1] WARN  JUnitAnalyzer - EvoSuite problem: tests set up a security manager, but they do not remove it after execution
[MASTER] 04:58:49.502 [logback-1] WARN  JUnitAnalyzer - EvoSuite problem: tests set up a security manager, but they do not remove it after execution
[MASTER] 04:58:49.743 [logback-1] WARN  JUnitAnalyzer - EvoSuite problem: tests set up a security manager, but they do not remove it after execution
[MASTER] 04:58:49.827 [logback-1] WARN  JUnitAnalyzer - EvoSuite problem: tests set up a security manager, but they do not remove it after execution
[MASTER] 04:58:49.913 [logback-1] WARN  JUnitAnalyzer - EvoSuite problem: tests set up a security manager, but they do not remove it after execution
[MASTER] 04:58:49.988 [logback-1] WARN  JUnitAnalyzer - EvoSuite problem: tests set up a security manager, but they do not remove it after execution
[MASTER] 04:58:50.061 [logback-1] WARN  JUnitAnalyzer - EvoSuite problem: tests set up a security manager, but they do not remove it after execution
[MASTER] 04:58:50.134 [logback-1] WARN  JUnitAnalyzer - EvoSuite problem: tests set up a security manager, but they do not remove it after execution
[MASTER] 04:58:50.205 [logback-1] WARN  JUnitAnalyzer - EvoSuite problem: tests set up a security manager, but they do not remove it after execution
[MASTER] 04:58:50.276 [logback-1] WARN  JUnitAnalyzer - EvoSuite problem: tests set up a security manager, but they do not remove it after execution
[MASTER] 04:58:50.353 [logback-1] WARN  JUnitAnalyzer - EvoSuite problem: tests set up a security manager, but they do not remove it after execution
[MASTER] 04:58:50.468 [logback-1] WARN  JUnitAnalyzer - EvoSuite problem: tests set up a security manager, but they do not remove it after execution
[MASTER] 04:58:50.578 [logback-1] WARN  JUnitAnalyzer - EvoSuite problem: tests set up a security manager, but they do not remove it after execution
[MASTER] 04:58:50.649 [logback-1] WARN  JUnitAnalyzer - EvoSuite problem: tests set up a security manager, but they do not remove it after execution
[MASTER] 04:58:50.734 [logback-1] WARN  JUnitAnalyzer - EvoSuite problem: tests set up a security manager, but they do not remove it after execution
[MASTER] 04:58:50.807 [logback-1] WARN  JUnitAnalyzer - EvoSuite problem: tests set up a security manager, but they do not remove it after execution
[MASTER] 04:58:50.931 [logback-1] WARN  JUnitAnalyzer - EvoSuite problem: tests set up a security manager, but they do not remove it after execution
[MASTER] 04:58:51.031 [logback-1] WARN  JUnitAnalyzer - EvoSuite problem: tests set up a security manager, but they do not remove it after execution
[MASTER] 04:58:51.139 [logback-1] WARN  JUnitAnalyzer - EvoSuite problem: tests set up a security manager, but they do not remove it after execution
[MASTER] 04:58:51.220 [logback-1] WARN  JUnitAnalyzer - EvoSuite problem: tests set up a security manager, but they do not remove it after execution
[MASTER] 04:58:51.314 [logback-1] WARN  JUnitAnalyzer - EvoSuite problem: tests set up a security manager, but they do not remove it after execution
[MASTER] 04:58:51.397 [logback-1] WARN  JUnitAnalyzer - EvoSuite problem: tests set up a security manager, but they do not remove it after execution
[MASTER] 04:58:51.488 [logback-1] WARN  JUnitAnalyzer - EvoSuite problem: tests set up a security manager, but they do not remove it after execution
[MASTER] 04:58:51.586 [logback-1] WARN  JUnitAnalyzer - EvoSuite problem: tests set up a security manager, but they do not remove it after execution
[MASTER] 04:58:51.670 [logback-1] WARN  JUnitAnalyzer - EvoSuite problem: tests set up a security manager, but they do not remove it after execution
[MASTER] 04:58:51.754 [logback-1] WARN  JUnitAnalyzer - EvoSuite problem: tests set up a security manager, but they do not remove it after execution
[MASTER] 04:58:51.831 [logback-1] WARN  JUnitAnalyzer - EvoSuite problem: tests set up a security manager, but they do not remove it after execution
[MASTER] 04:58:51.913 [logback-1] WARN  JUnitAnalyzer - EvoSuite problem: tests set up a security manager, but they do not remove it after execution
[MASTER] 04:58:51.989 [logback-1] WARN  JUnitAnalyzer - EvoSuite problem: tests set up a security manager, but they do not remove it after execution
[MASTER] 04:58:52.067 [logback-1] WARN  JUnitAnalyzer - EvoSuite problem: tests set up a security manager, but they do not remove it after execution
[MASTER] 04:58:52.146 [logback-1] WARN  JUnitAnalyzer - EvoSuite problem: tests set up a security manager, but they do not remove it after execution
[MASTER] 04:58:52.390 [logback-1] WARN  JUnitAnalyzer - EvoSuite problem: tests set up a security manager, but they do not remove it after execution
[MASTER] 04:58:52.475 [logback-1] WARN  JUnitAnalyzer - EvoSuite problem: tests set up a security manager, but they do not remove it after execution
[MASTER] 04:58:52.588 [logback-1] WARN  JUnitAnalyzer - EvoSuite problem: tests set up a security manager, but they do not remove it after execution
[MASTER] 04:58:52.668 [logback-1] WARN  JUnitAnalyzer - EvoSuite problem: tests set up a security manager, but they do not remove it after execution
[MASTER] 04:58:52.762 [logback-1] WARN  JUnitAnalyzer - EvoSuite problem: tests set up a security manager, but they do not remove it after execution
[MASTER] 04:58:52.842 [logback-1] WARN  JUnitAnalyzer - EvoSuite problem: tests set up a security manager, but they do not remove it after execution
[MASTER] 04:58:52.915 [logback-1] WARN  JUnitAnalyzer - EvoSuite problem: tests set up a security manager, but they do not remove it after execution
[MASTER] 04:58:52.998 [logback-1] WARN  JUnitAnalyzer - EvoSuite problem: tests set up a security manager, but they do not remove it after execution
[MASTER] 04:58:53.076 [logback-1] WARN  JUnitAnalyzer - EvoSuite problem: tests set up a security manager, but they do not remove it after execution
[MASTER] 04:58:53.151 [logback-1] WARN  JUnitAnalyzer - EvoSuite problem: tests set up a security manager, but they do not remove it after execution
[MASTER] 04:58:53.231 [logback-1] WARN  JUnitAnalyzer - EvoSuite problem: tests set up a security manager, but they do not remove it after execution
[MASTER] 04:58:53.310 [logback-1] WARN  JUnitAnalyzer - EvoSuite problem: tests set up a security manager, but they do not remove it after execution
[MASTER] 04:58:53.392 [logback-1] WARN  JUnitAnalyzer - EvoSuite problem: tests set up a security manager, but they do not remove it after execution
[MASTER] 04:58:53.477 [logback-1] WARN  JUnitAnalyzer - EvoSuite problem: tests set up a security manager, but they do not remove it after execution
[MASTER] 04:58:53.607 [logback-1] WARN  JUnitAnalyzer - EvoSuite problem: tests set up a security manager, but they do not remove it after execution
[MASTER] 04:58:53.742 [logback-1] WARN  JUnitAnalyzer - EvoSuite problem: tests set up a security manager, but they do not remove it after execution
[MASTER] 04:58:53.845 [logback-1] WARN  JUnitAnalyzer - EvoSuite problem: tests set up a security manager, but they do not remove it after execution
[MASTER] 04:58:53.950 [logback-1] WARN  JUnitAnalyzer - EvoSuite problem: tests set up a security manager, but they do not remove it after execution
[MASTER] 04:58:54.039 [logback-1] WARN  JUnitAnalyzer - EvoSuite problem: tests set up a security manager, but they do not remove it after execution
[MASTER] 04:58:54.126 [logback-1] WARN  JUnitAnalyzer - EvoSuite problem: tests set up a security manager, but they do not remove it after execution
[MASTER] 04:58:54.192 [logback-1] WARN  JUnitAnalyzer - EvoSuite problem: tests set up a security manager, but they do not remove it after execution
[MASTER] 04:58:54.250 [logback-1] WARN  JUnitAnalyzer - EvoSuite problem: tests set up a security manager, but they do not remove it after execution
[MASTER] 04:58:54.326 [logback-1] WARN  JUnitAnalyzer - EvoSuite problem: tests set up a security manager, but they do not remove it after execution
[MASTER] 04:58:54.413 [logback-1] WARN  JUnitAnalyzer - EvoSuite problem: tests set up a security manager, but they do not remove it after execution
[MASTER] 04:58:56.712 [logback-1] WARN  JUnitAnalyzer - EvoSuite problem: tests set up a security manager, but they do not remove it after execution
[MASTER] 04:58:56.712 [logback-2] ERROR JUnitAnalyzer - 1 test cases failed
[MASTER] 04:58:56.712 [logback-1] WARN  JUnitAnalyzer - Found unstable test named test0 -> class java.lang.OutOfMemoryError: Java heap space
[MASTER] 04:58:56.713 [logback-1] WARN  JUnitAnalyzer - Failing test:
 CompassPlot compassPlot0 = new CompassPlot();
JFreeChart jFreeChart0 = new JFreeChart("java.awt.geom.Rectangle2D$Double[x=75.0,y=1.0,w=1.0,h=2255.0]", (Plot) compassPlot0);
jFreeChart0.createBufferedImage(10, 1431655765);

[MASTER] 04:59:02.755 [logback-1] WARN  JUnitAnalyzer - EvoSuite problem: tests set up a security manager, but they do not remove it after execution
[MASTER] 04:59:02.756 [logback-2] ERROR JUnitAnalyzer - 1 test cases failed
[MASTER] 04:59:02.756 [logback-1] WARN  JUnitAnalyzer - Found unstable test named test0 -> class org.junit.runners.model.TestTimedOutException: test timed out after 4000 milliseconds
[MASTER] 04:59:02.756 [logback-1] WARN  JUnitAnalyzer - Failing test:
 CategoryAxis3D categoryAxis3D0 = new CategoryAxis3D();
DateAxis dateAxis0 = new DateAxis();
CombinedRangeXYPlot combinedRangeXYPlot0 = new CombinedRangeXYPlot((ValueAxis) dateAxis0);
JFreeChart jFreeChart0 = new JFreeChart("", categoryAxis3D0.DEFAULT_TICK_LABEL_FONT, (Plot) combinedRangeXYPlot0, false);
jFreeChart0.createBufferedImage(10, 10);

[MASTER] 04:59:02.833 [logback-1] WARN  JUnitAnalyzer - EvoSuite problem: tests set up a security manager, but they do not remove it after execution
[MASTER] 04:59:02.913 [logback-1] WARN  JUnitAnalyzer - EvoSuite problem: tests set up a security manager, but they do not remove it after execution
[MASTER] 04:59:02.997 [logback-1] WARN  JUnitAnalyzer - EvoSuite problem: tests set up a security manager, but they do not remove it after execution
[MASTER] 04:59:04.600 [logback-1] WARN  JUnitAnalyzer - EvoSuite problem: tests set up a security manager, but they do not remove it after execution
[MASTER] 04:59:04.601 [logback-2] ERROR JUnitAnalyzer - 1 test cases failed
[MASTER] 04:59:04.601 [logback-1] WARN  JUnitAnalyzer - Found unstable test named test0 -> class java.lang.OutOfMemoryError: Java heap space
[MASTER] 04:59:04.601 [logback-1] WARN  JUnitAnalyzer - Failing test:
 MultiplePiePlot multiplePiePlot0 = new MultiplePiePlot();
JFreeChart jFreeChart0 = multiplePiePlot0.getPieChart();
ChartPanel chartPanel0 = new ChartPanel(jFreeChart0);
ChartRenderingInfo chartRenderingInfo0 = chartPanel0.getChartRenderingInfo();
jFreeChart0.createBufferedImage(2144284119, 1, (double) 1, 0.25, chartRenderingInfo0);

[MASTER] 04:59:04.687 [logback-1] WARN  JUnitAnalyzer - EvoSuite problem: tests set up a security manager, but they do not remove it after execution
[MASTER] 04:59:04.792 [logback-1] WARN  JUnitAnalyzer - EvoSuite problem: tests set up a security manager, but they do not remove it after execution
[MASTER] 04:59:04.872 [logback-1] WARN  JUnitAnalyzer - EvoSuite problem: tests set up a security manager, but they do not remove it after execution
[MASTER] 04:59:04.950 [logback-1] WARN  JUnitAnalyzer - EvoSuite problem: tests set up a security manager, but they do not remove it after execution
[MASTER] 04:59:05.029 [logback-1] WARN  JUnitAnalyzer - EvoSuite problem: tests set up a security manager, but they do not remove it after execution
[MASTER] 04:59:06.423 [logback-1] WARN  JUnitAnalyzer - EvoSuite problem: tests set up a security manager, but they do not remove it after execution
[MASTER] 04:59:06.423 [logback-1] WARN  JUnitAnalyzer - Found unstable test named test0 -> class java.lang.OutOfMemoryError: Java heap space
[MASTER] 04:59:06.423 [logback-2] ERROR JUnitAnalyzer - 1 test cases failed
[MASTER] 04:59:06.423 [logback-1] WARN  JUnitAnalyzer - Failing test:
 DefaultValueDataset defaultValueDataset0 = new DefaultValueDataset();
CompassPlot compassPlot0 = new CompassPlot((ValueDataset) defaultValueDataset0);
JFreeChart jFreeChart0 = new JFreeChart("Cw(YnH}cQHw5(", (Plot) compassPlot0);
jFreeChart0.createBufferedImage(2046943082, 2145290099, (ChartRenderingInfo) null);

[MASTER] 04:59:06.502 [logback-1] WARN  JUnitAnalyzer - EvoSuite problem: tests set up a security manager, but they do not remove it after execution
[MASTER] 04:59:06.597 [logback-1] WARN  JUnitAnalyzer - EvoSuite problem: tests set up a security manager, but they do not remove it after execution
[MASTER] 04:59:06.673 [logback-1] WARN  JUnitAnalyzer - EvoSuite problem: tests set up a security manager, but they do not remove it after execution
[MASTER] 04:59:06.763 [logback-1] WARN  JUnitAnalyzer - EvoSuite problem: tests set up a security manager, but they do not remove it after execution
[MASTER] 04:59:06.835 [logback-1] WARN  JUnitAnalyzer - EvoSuite problem: tests set up a security manager, but they do not remove it after execution
[MASTER] 04:59:06.938 [logback-1] WARN  JUnitAnalyzer - EvoSuite problem: tests set up a security manager, but they do not remove it after execution
[MASTER] 04:59:07.014 [logback-1] WARN  JUnitAnalyzer - EvoSuite problem: tests set up a security manager, but they do not remove it after execution
[MASTER] 04:59:07.092 [logback-1] WARN  JUnitAnalyzer - EvoSuite problem: tests set up a security manager, but they do not remove it after execution
[MASTER] 04:59:07.171 [logback-1] WARN  JUnitAnalyzer - EvoSuite problem: tests set up a security manager, but they do not remove it after execution
[MASTER] 04:59:07.245 [logback-1] WARN  JUnitAnalyzer - EvoSuite problem: tests set up a security manager, but they do not remove it after execution
[MASTER] 04:59:07.323 [logback-1] WARN  JUnitAnalyzer - EvoSuite problem: tests set up a security manager, but they do not remove it after execution
[MASTER] 04:59:07.405 [logback-1] WARN  JUnitAnalyzer - EvoSuite problem: tests set up a security manager, but they do not remove it after execution
[MASTER] 04:59:07.492 [logback-1] WARN  JUnitAnalyzer - EvoSuite problem: tests set up a security manager, but they do not remove it after execution
[MASTER] 04:59:07.567 [logback-1] WARN  JUnitAnalyzer - EvoSuite problem: tests set up a security manager, but they do not remove it after execution
[MASTER] 04:59:07.652 [logback-1] WARN  JUnitAnalyzer - EvoSuite problem: tests set up a security manager, but they do not remove it after execution
[MASTER] 04:59:07.730 [logback-1] WARN  JUnitAnalyzer - EvoSuite problem: tests set up a security manager, but they do not remove it after execution
[MASTER] 04:59:07.817 [logback-1] WARN  JUnitAnalyzer - EvoSuite problem: tests set up a security manager, but they do not remove it after execution
[MASTER] 04:59:07.896 [logback-1] WARN  JUnitAnalyzer - EvoSuite problem: tests set up a security manager, but they do not remove it after execution
[MASTER] 04:59:07.975 [logback-1] WARN  JUnitAnalyzer - EvoSuite problem: tests set up a security manager, but they do not remove it after execution
[MASTER] 04:59:08.051 [logback-1] WARN  JUnitAnalyzer - EvoSuite problem: tests set up a security manager, but they do not remove it after execution
[MASTER] 04:59:08.128 [logback-1] WARN  JUnitAnalyzer - EvoSuite problem: tests set up a security manager, but they do not remove it after execution
[MASTER] 04:59:08.200 [logback-1] WARN  JUnitAnalyzer - EvoSuite problem: tests set up a security manager, but they do not remove it after execution
[MASTER] 04:59:08.285 [logback-1] WARN  JUnitAnalyzer - EvoSuite problem: tests set up a security manager, but they do not remove it after execution
[MASTER] 04:59:08.377 [logback-1] WARN  JUnitAnalyzer - EvoSuite problem: tests set up a security manager, but they do not remove it after execution
[MASTER] 04:59:08.465 [logback-1] WARN  JUnitAnalyzer - EvoSuite problem: tests set up a security manager, but they do not remove it after execution
[MASTER] 04:59:12.201 [logback-1] WARN  JUnitAnalyzer - EvoSuite problem: tests set up a security manager, but they do not remove it after execution
[MASTER] 04:59:15.315 [logback-1] WARN  JUnitAnalyzer - EvoSuite problem: tests set up a security manager, but they do not remove it after execution
* Writing JUnit test case 'JFreeChart_ESTest' to /home/spirals/zhyu/issta-third/program-set1/evosuite-repair-new/nopol/nopol/src/main/java/fr/inria/lille/spirals/evo/results/2016-December/Chart/15/Nopol/153/generatedTests
* Done!

* Computation finished
