* EvoSuite 1.0.4-SNAPSHOT
* Going to generate test cases for class: org.jfree.chart.renderer.category.AbstractCategoryItemRenderer
* Starting client
* Connecting to master process on port 10914
* Analyzing classpath: 
  - build/
  - build-tests/
  - lib/cobertura-lib/servlet-api-2.5-6.1.14.jar
  - lib/servlet.jar
[MASTER] 13:04:34.539 [logback-1] WARN  TestUsageChecker - class org.jfree.chart.renderer.category.MinMaxCategoryRenderer$2 looks like an anonymous class, ignoring it (although reflection says false) MinMaxCategoryRenderer$2
[MASTER] 13:04:34.539 [logback-1] WARN  TestUsageChecker - class org.jfree.chart.renderer.category.MinMaxCategoryRenderer$1 looks like an anonymous class, ignoring it (although reflection says false) MinMaxCategoryRenderer$1
* Finished analyzing classpath
* Generating tests for class org.jfree.chart.renderer.category.AbstractCategoryItemRenderer
* Test criteria:
  - Line Coverage
  - Branch Coverage
  - Exception
  - Mutation testing (weak)
  - Method-Output Coverage
  - Top-Level Method Coverage
  - No-Exception Top-Level Method Coverage
  - Context Branch Coverage
* Setting up search algorithm for whole suite generation
* Total number of test goals: 
  - Line 519
  - Branch 274
  - Exception 0
  - MutationFactory 783
  - Output 340
  - Method 65
  - MethodNoException 65
  - CBranchFitnessFactory 274

[Progress:>                             0%] [Cov:>                                  0%]* Using seed 173
* Starting evolution

[Progress:>                             0%] [Cov:====>                              13%]
[Progress:>                             0%] [Cov:====>                              14%]
[Progress:>                             0%] [Cov:=====>                             15%]
[Progress:>                             0%] [Cov:=====>                             16%]
[Progress:>                             0%] [Cov:=====>                             16%]
[Progress:>                             0%] [Cov:===========>                       32%]
[Progress:>                             0%] [Cov:===========>                       33%]
[Progress:>                             0%] [Cov:===========>                       33%]
[Progress:>                             0%] [Cov:============>                      35%]
[Progress:>                             0%] [Cov:============>                      35%]
[Progress:>                             0%] [Cov:============>                      35%]
[Progress:>                             0%] [Cov:============>                      36%]
[Progress:>                             0%] [Cov:============>                      36%]
[Progress:>                             0%] [Cov:============>                      37%]
[Progress:>                             0%] [Cov:============>                      37%]
[Progress:>                             0%] [Cov:============>                      37%]
[Progress:>                             0%] [Cov:=============>                     38%]
[Progress:>                             0%] [Cov:=============>                     38%]
[Progress:>                             0%] [Cov:=============>                     38%]
[Progress:>                             0%] [Cov:=============>                     39%]
[Progress:>                             0%] [Cov:=============>                     39%]
[Progress:>                             0%] [Cov:=============>                     39%]
[Progress:>                             0%] [Cov:=============>                     39%]
[Progress:>                             0%] [Cov:=============>                     39%]
[Progress:>                             0%] [Cov:==============>                    40%]
[Progress:>                             0%] [Cov:==============>                    40%]
[Progress:>                             0%] [Cov:==============>                    41%]
[Progress:>                             0%] [Cov:==============>                    41%]
[Progress:>                             0%] [Cov:==============>                    41%]
[Progress:>                             0%] [Cov:==============>                    41%]
[Progress:>                             0%] [Cov:==============>                    41%]
[Progress:>                             0%] [Cov:==============>                    42%]
[Progress:>                             0%] [Cov:==============>                    42%]
[Progress:>                             0%] [Cov:===============>                   43%]
[Progress:>                             0%] [Cov:===============>                   43%]
[Progress:>                             0%] [Cov:===============>                   43%]
[Progress:>                             0%] [Cov:===============>                   44%]
[Progress:>                             0%] [Cov:===============>                   44%]
[Progress:>                             0%] [Cov:===============>                   44%]
[Progress:>                             0%] [Cov:===============>                   44%]
[Progress:>                             0%] [Cov:===============>                   44%]
[Progress:>                             0%] [Cov:===============>                   44%]
[Progress:>                             0%] [Cov:===============>                   44%]
[Progress:>                             0%] [Cov:===============>                   45%]
[Progress:>                             0%] [Cov:===============>                   45%]
[Progress:>                             0%] [Cov:===============>                   45%]
[Progress:>                             0%] [Cov:===============>                   45%]
[Progress:>                             0%] [Cov:===============>                   45%]
[Progress:>                             0%] [Cov:===============>                   45%]
[Progress:>                             0%] [Cov:===============>                   45%][MASTER] 13:05:24.769 [logback-2] ERROR ClientNodeImpl - Cannot inform master of change of state
java.rmi.MarshalException: error marshalling arguments; nested exception is: 
	java.net.SocketException: Broken pipe
	at sun.rmi.server.UnicastRef.invoke(UnicastRef.java:158) ~[na:1.8.0_101]
	at java.rmi.server.RemoteObjectInvocationHandler.invokeRemoteMethod(RemoteObjectInvocationHandler.java:227) ~[na:1.8.0_101]
	at java.rmi.server.RemoteObjectInvocationHandler.invoke(RemoteObjectInvocationHandler.java:179) ~[na:1.8.0_101]
	at com.sun.proxy.$Proxy7.evosuite_collectStatistics(Unknown Source) ~[na:na]
	at org.evosuite.rmi.service.ClientNodeImpl.updateStatistics(ClientNodeImpl.java:237) ~[evosuite-1.0.4.jar:1.0.4-SNAPSHOT]
	at org.evosuite.statistics.StatisticsSender.sendIndividualToMaster(StatisticsSender.java:68) [evosuite-1.0.4.jar:1.0.4-SNAPSHOT]
	at org.evosuite.statistics.StatisticsListener$1.run(StatisticsListener.java:71) [evosuite-1.0.4.jar:1.0.4-SNAPSHOT]
Caused by: java.net.SocketException: Broken pipe
	at java.net.SocketOutputStream.socketWrite0(Native Method) ~[na:1.8.0_101]
	at java.net.SocketOutputStream.socketWrite(SocketOutputStream.java:109) ~[na:1.8.0_101]
	at java.net.SocketOutputStream.write(SocketOutputStream.java:153) ~[na:1.8.0_101]
	at java.io.BufferedOutputStream.flushBuffer(BufferedOutputStream.java:82) ~[na:1.8.0_101]
	at java.io.BufferedOutputStream.write(BufferedOutputStream.java:126) ~[na:1.8.0_101]
	at java.io.ObjectOutputStream$BlockDataOutputStream.drain(ObjectOutputStream.java:1877) ~[na:1.8.0_101]
	at java.io.ObjectOutputStream$BlockDataOutputStream.setBlockDataMode(ObjectOutputStream.java:1786) ~[na:1.8.0_101]
	at java.io.ObjectOutputStream.writeNonProxyDesc(ObjectOutputStream.java:1286) ~[na:1.8.0_101]
	at java.io.ObjectOutputStream.writeClassDesc(ObjectOutputStream.java:1231) ~[na:1.8.0_101]
	at java.io.ObjectOutputStream.writeOrdinaryObject(ObjectOutputStream.java:1427) ~[na:1.8.0_101]
	at java.io.ObjectOutputStream.writeObject0(ObjectOutputStream.java:1178) ~[na:1.8.0_101]
	at java.io.ObjectOutputStream.writeFatalException(ObjectOutputStream.java:1577) ~[na:1.8.0_101]
	at java.io.ObjectOutputStream.writeObject(ObjectOutputStream.java:351) ~[na:1.8.0_101]
	at sun.rmi.server.UnicastRef.marshalValue(UnicastRef.java:294) ~[na:1.8.0_101]
	at sun.rmi.server.UnicastRef.invoke(UnicastRef.java:153) ~[na:1.8.0_101]
	... 6 common frames omitted

[Progress:>                             0%] [Cov:===============>                   45%]
[Progress:>                             0%] [Cov:===============>                   45%]
[Progress:>                             0%] [Cov:===============>                   45%]
[Progress:>                             0%] [Cov:===============>                   45%]
[Progress:>                             0%] [Cov:===============>                   45%]
[Progress:>                             0%] [Cov:===============>                   45%]
[Progress:>                             0%] [Cov:===============>                   45%]
[Progress:>                             0%] [Cov:===============>                   45%]
[Progress:>                             0%] [Cov:===============>                   45%]
[Progress:>                             0%] [Cov:================>                  46%]
[Progress:>                             0%] [Cov:================>                  46%]
[Progress:>                             0%] [Cov:================>                  46%]
[Progress:>                             0%] [Cov:================>                  46%]
[Progress:>                             0%] [Cov:================>                  46%]
[Progress:>                             0%] [Cov:================>                  46%]
[Progress:>                             0%] [Cov:================>                  46%]
[Progress:>                             0%] [Cov:================>                  47%]
[Progress:>                             0%] [Cov:================>                  47%]
[Progress:>                             0%] [Cov:================>                  47%]
[Progress:>                             0%] [Cov:================>                  48%]
[Progress:>                             0%] [Cov:================>                  48%]
[Progress:>                             0%] [Cov:================>                  48%]
[Progress:>                             0%] [Cov:================>                  48%]
[Progress:>                             0%] [Cov:================>                  48%]
[Progress:>                             0%] [Cov:================>                  48%]
[Progress:>                             0%] [Cov:================>                  48%]
[Progress:>                             0%] [Cov:================>                  48%]
[Progress:>                             0%] [Cov:================>                  48%]
[Progress:>                             0%] [Cov:================>                  48%]
[Progress:>                             0%] [Cov:================>                  48%]
[Progress:>                             0%] [Cov:================>                  48%]
[Progress:>                             0%] [Cov:================>                  48%]
[Progress:>                             0%] [Cov:================>                  48%]
[Progress:>                             0%] [Cov:=================>                 49%]
[Progress:>                             0%] [Cov:================>                  48%]
[Progress:>                             0%] [Cov:=================>                 49%]
[Progress:>                             0%] [Cov:=================>                 49%]
[Progress:>                             0%] [Cov:=================>                 49%]
[Progress:>                             0%] [Cov:=================>                 49%]
[Progress:>                             0%] [Cov:=================>                 49%]
[Progress:>                             0%] [Cov:=================>                 49%]
[Progress:>                             0%] [Cov:=================>                 49%]
[Progress:>                             0%] [Cov:=================>                 49%]
[Progress:>                             0%] [Cov:=================>                 49%]
[Progress:>                             0%] [Cov:=================>                 49%]
[Progress:>                             0%] [Cov:=================>                 49%]
[Progress:>                             0%] [Cov:=================>                 49%]
[Progress:>                             0%] [Cov:=================>                 49%]
[Progress:>                             0%] [Cov:=================>                 49%]
[Progress:>                             0%] [Cov:=================>                 49%]
[Progress:>                             0%] [Cov:=================>                 49%]
[Progress:>                             0%] [Cov:=================>                 49%]
[Progress:>                             0%] [Cov:=================>                 49%]
[Progress:>                             0%] [Cov:=================>                 50%]
[Progress:>                             0%] [Cov:=================>                 50%]
[Progress:>                             0%] [Cov:=================>                 50%]
[Progress:>                             0%] [Cov:=================>                 50%]
[Progress:>                             0%] [Cov:=================>                 50%]
[Progress:>                             0%] [Cov:=================>                 50%]
[Progress:>                             0%] [Cov:=================>                 50%]
[Progress:>                             0%] [Cov:=================>                 50%]
[Progress:>                             0%] [Cov:=================>                 50%]
[Progress:>                             0%] [Cov:=================>                 50%]
[Progress:>                             0%] [Cov:=================>                 50%]
[Progress:>                             0%] [Cov:=================>                 50%]
[Progress:>                             0%] [Cov:=================>                 50%]
[Progress:>                             0%] [Cov:=================>                 50%]
[Progress:>                             0%] [Cov:=================>                 50%]
[Progress:>                             0%] [Cov:=================>                 50%]
[Progress:>                             0%] [Cov:=================>                 50%]
[Progress:>                             0%] [Cov:=================>                 50%]
[Progress:>                             0%] [Cov:=================>                 50%]
[Progress:>                             0%] [Cov:=================>                 50%]
[Progress:>                             0%] [Cov:=================>                 50%]
[Progress:>                             0%] [Cov:=================>                 50%]
[Progress:>                             0%] [Cov:=================>                 50%]
[Progress:>                             0%] [Cov:=================>                 50%]
[Progress:>                             0%] [Cov:=================>                 50%]
[Progress:>                             0%] [Cov:=================>                 50%]
[Progress:>                             0%] [Cov:=================>                 50%]
[Progress:>                             0%] [Cov:=================>                 50%]
[Progress:>                             0%] [Cov:=================>                 51%]
[Progress:>                             0%] [Cov:=================>                 51%]
[Progress:>                             0%] [Cov:=================>                 51%]
[Progress:>                             0%] [Cov:=================>                 51%]
[Progress:>                             0%] [Cov:=================>                 51%]
[Progress:>                             0%] [Cov:=================>                 51%]
[Progress:>                             0%] [Cov:=================>                 51%]
[Progress:>                             0%] [Cov:=================>                 51%]
[Progress:>                             0%] [Cov:=================>                 51%]
[Progress:>                             0%] [Cov:=================>                 51%]
[Progress:>                             0%] [Cov:=================>                 51%]
[Progress:>                             0%] [Cov:=================>                 51%]
[Progress:>                             0%] [Cov:=================>                 51%]
[Progress:>                             0%] [Cov:=================>                 51%]
[Progress:>                             0%] [Cov:=================>                 51%]
[Progress:>                             0%] [Cov:=================>                 51%]
[Progress:>                             0%] [Cov:=================>                 51%]
[Progress:>                             0%] [Cov:=================>                 51%]
[Progress:>                             0%] [Cov:=================>                 51%]
[Progress:>                             0%] [Cov:=================>                 51%]
[Progress:>                             0%] [Cov:=================>                 51%]
[Progress:>                             0%] [Cov:=================>                 51%]
[Progress:>                             0%] [Cov:=================>                 51%]
[Progress:>                             0%] [Cov:=================>                 51%]
[Progress:>                             0%] [Cov:=================>                 51%]
[Progress:>                             0%] [Cov:=================>                 51%]
[Progress:>                             0%] [Cov:=================>                 51%]
[Progress:>                             0%] [Cov:=================>                 51%]
[Progress:>                             0%] [Cov:=================>                 51%]
[Progress:>                             0%] [Cov:=================>                 51%]
[Progress:>                             0%] [Cov:=================>                 51%]
* Search finished after 179s and 145 generations, 101138 statements, best individual has fitness: 1514.1935567276864
* Minimizing test suite
* Going to analyze the coverage criteria
* Coverage analysis for criterion LINE
* Coverage of criterion LINE: 44%
* Total number of goals: 519
* Number of covered goals: 227
* Coverage analysis for criterion BRANCH
* Coverage of criterion BRANCH: 42%
* Total number of goals: 274
* Number of covered goals: 114
* Coverage analysis for criterion EXCEPTION
* Coverage of criterion EXCEPTION: 97%
* Total number of goals: 33
* Number of covered goals: 32
* Coverage analysis for criterion WEAKMUTATION
* Coverage of criterion WEAKMUTATION: 35%
* Total number of goals: 783
* Number of covered goals: 277
* Coverage analysis for criterion OUTPUT
* Coverage of criterion OUTPUT: 21%
* Total number of goals: 340
* Number of covered goals: 73
* Coverage analysis for criterion METHOD
* Coverage of criterion METHOD: 89%
* Total number of goals: 65
* Number of covered goals: 58
* Coverage analysis for criterion METHODNOEXCEPTION
* Coverage of criterion METHODNOEXCEPTION: 78%
* Total number of goals: 65
* Number of covered goals: 51
* Coverage analysis for criterion CBRANCH
* Coverage of criterion CBRANCH: 36%
* Total number of goals: 274
* Number of covered goals: 98
* Generated 97 tests with total length 390
* Resulting test suite's coverage: 41% (average coverage for all fitness functions)
* Generating assertions
* Resulting test suite's mutation score: 8%
* Compiling and checking tests
[MASTER] 13:09:21.989 [logback-1] WARN  JUnitAnalyzer - EvoSuite problem: tests set up a security manager, but they do not remove it after execution
[MASTER] 13:09:22.058 [logback-1] WARN  JUnitAnalyzer - EvoSuite problem: tests set up a security manager, but they do not remove it after execution
[MASTER] 13:09:22.130 [logback-1] WARN  JUnitAnalyzer - EvoSuite problem: tests set up a security manager, but they do not remove it after execution
[MASTER] 13:09:22.181 [logback-1] WARN  JUnitAnalyzer - EvoSuite problem: tests set up a security manager, but they do not remove it after execution
[MASTER] 13:09:22.234 [logback-1] WARN  JUnitAnalyzer - EvoSuite problem: tests set up a security manager, but they do not remove it after execution
[MASTER] 13:09:22.281 [logback-1] WARN  JUnitAnalyzer - EvoSuite problem: tests set up a security manager, but they do not remove it after execution
[MASTER] 13:09:22.330 [logback-1] WARN  JUnitAnalyzer - EvoSuite problem: tests set up a security manager, but they do not remove it after execution
[MASTER] 13:09:22.385 [logback-1] WARN  JUnitAnalyzer - EvoSuite problem: tests set up a security manager, but they do not remove it after execution
[MASTER] 13:09:22.442 [logback-1] WARN  JUnitAnalyzer - EvoSuite problem: tests set up a security manager, but they do not remove it after execution
[MASTER] 13:09:22.487 [logback-1] WARN  JUnitAnalyzer - EvoSuite problem: tests set up a security manager, but they do not remove it after execution
[MASTER] 13:09:22.572 [logback-1] WARN  JUnitAnalyzer - EvoSuite problem: tests set up a security manager, but they do not remove it after execution
[MASTER] 13:09:22.649 [logback-1] WARN  JUnitAnalyzer - EvoSuite problem: tests set up a security manager, but they do not remove it after execution
[MASTER] 13:09:22.710 [logback-1] WARN  JUnitAnalyzer - EvoSuite problem: tests set up a security manager, but they do not remove it after execution
[MASTER] 13:09:22.768 [logback-1] WARN  JUnitAnalyzer - EvoSuite problem: tests set up a security manager, but they do not remove it after execution
[MASTER] 13:09:22.825 [logback-1] WARN  JUnitAnalyzer - EvoSuite problem: tests set up a security manager, but they do not remove it after execution
[MASTER] 13:09:22.886 [logback-1] WARN  JUnitAnalyzer - EvoSuite problem: tests set up a security manager, but they do not remove it after execution
[MASTER] 13:09:22.967 [logback-1] WARN  JUnitAnalyzer - EvoSuite problem: tests set up a security manager, but they do not remove it after execution
[MASTER] 13:09:23.025 [logback-1] WARN  JUnitAnalyzer - EvoSuite problem: tests set up a security manager, but they do not remove it after execution
[MASTER] 13:09:23.079 [logback-1] WARN  JUnitAnalyzer - EvoSuite problem: tests set up a security manager, but they do not remove it after execution
[MASTER] 13:09:23.136 [logback-1] WARN  JUnitAnalyzer - EvoSuite problem: tests set up a security manager, but they do not remove it after execution
[MASTER] 13:09:23.201 [logback-1] WARN  JUnitAnalyzer - EvoSuite problem: tests set up a security manager, but they do not remove it after execution
[MASTER] 13:09:23.258 [logback-1] WARN  JUnitAnalyzer - EvoSuite problem: tests set up a security manager, but they do not remove it after execution
[MASTER] 13:09:23.425 [logback-1] WARN  JUnitAnalyzer - EvoSuite problem: tests set up a security manager, but they do not remove it after execution
[MASTER] 13:09:23.485 [logback-1] WARN  JUnitAnalyzer - EvoSuite problem: tests set up a security manager, but they do not remove it after execution
[MASTER] 13:09:23.543 [logback-1] WARN  JUnitAnalyzer - EvoSuite problem: tests set up a security manager, but they do not remove it after execution
[MASTER] 13:09:23.608 [logback-1] WARN  JUnitAnalyzer - EvoSuite problem: tests set up a security manager, but they do not remove it after execution
[MASTER] 13:09:23.671 [logback-1] WARN  JUnitAnalyzer - EvoSuite problem: tests set up a security manager, but they do not remove it after execution
[MASTER] 13:09:23.736 [logback-1] WARN  JUnitAnalyzer - EvoSuite problem: tests set up a security manager, but they do not remove it after execution
[MASTER] 13:09:23.800 [logback-1] WARN  JUnitAnalyzer - EvoSuite problem: tests set up a security manager, but they do not remove it after execution
[MASTER] 13:09:23.862 [logback-1] WARN  JUnitAnalyzer - EvoSuite problem: tests set up a security manager, but they do not remove it after execution
[MASTER] 13:09:23.931 [logback-1] WARN  JUnitAnalyzer - EvoSuite problem: tests set up a security manager, but they do not remove it after execution
[MASTER] 13:09:23.997 [logback-1] WARN  JUnitAnalyzer - EvoSuite problem: tests set up a security manager, but they do not remove it after execution
[MASTER] 13:09:24.060 [logback-1] WARN  JUnitAnalyzer - EvoSuite problem: tests set up a security manager, but they do not remove it after execution
[MASTER] 13:09:24.235 [logback-1] WARN  JUnitAnalyzer - EvoSuite problem: tests set up a security manager, but they do not remove it after execution
[MASTER] 13:09:24.381 [logback-1] WARN  JUnitAnalyzer - EvoSuite problem: tests set up a security manager, but they do not remove it after execution
[MASTER] 13:09:24.437 [logback-1] WARN  JUnitAnalyzer - EvoSuite problem: tests set up a security manager, but they do not remove it after execution
[MASTER] 13:09:24.496 [logback-1] WARN  JUnitAnalyzer - EvoSuite problem: tests set up a security manager, but they do not remove it after execution
[MASTER] 13:09:24.558 [logback-1] WARN  JUnitAnalyzer - EvoSuite problem: tests set up a security manager, but they do not remove it after execution
[MASTER] 13:09:24.614 [logback-1] WARN  JUnitAnalyzer - EvoSuite problem: tests set up a security manager, but they do not remove it after execution
[MASTER] 13:09:24.671 [logback-1] WARN  JUnitAnalyzer - EvoSuite problem: tests set up a security manager, but they do not remove it after execution
[MASTER] 13:09:24.755 [logback-1] WARN  JUnitAnalyzer - EvoSuite problem: tests set up a security manager, but they do not remove it after execution
[MASTER] 13:09:24.839 [logback-1] WARN  JUnitAnalyzer - EvoSuite problem: tests set up a security manager, but they do not remove it after execution
[MASTER] 13:09:24.897 [logback-1] WARN  JUnitAnalyzer - EvoSuite problem: tests set up a security manager, but they do not remove it after execution
[MASTER] 13:09:24.960 [logback-1] WARN  JUnitAnalyzer - EvoSuite problem: tests set up a security manager, but they do not remove it after execution
[MASTER] 13:09:25.017 [logback-1] WARN  JUnitAnalyzer - EvoSuite problem: tests set up a security manager, but they do not remove it after execution
[MASTER] 13:09:25.077 [logback-1] WARN  JUnitAnalyzer - EvoSuite problem: tests set up a security manager, but they do not remove it after execution
[MASTER] 13:09:25.141 [logback-1] WARN  JUnitAnalyzer - EvoSuite problem: tests set up a security manager, but they do not remove it after execution
[MASTER] 13:09:25.221 [logback-1] WARN  JUnitAnalyzer - EvoSuite problem: tests set up a security manager, but they do not remove it after execution
[MASTER] 13:09:25.288 [logback-1] WARN  JUnitAnalyzer - EvoSuite problem: tests set up a security manager, but they do not remove it after execution
[MASTER] 13:09:25.365 [logback-1] WARN  JUnitAnalyzer - EvoSuite problem: tests set up a security manager, but they do not remove it after execution
[MASTER] 13:09:25.459 [logback-1] WARN  JUnitAnalyzer - EvoSuite problem: tests set up a security manager, but they do not remove it after execution
[MASTER] 13:09:25.523 [logback-1] WARN  JUnitAnalyzer - EvoSuite problem: tests set up a security manager, but they do not remove it after execution
[MASTER] 13:09:25.588 [logback-1] WARN  JUnitAnalyzer - EvoSuite problem: tests set up a security manager, but they do not remove it after execution
[MASTER] 13:09:25.648 [logback-1] WARN  JUnitAnalyzer - EvoSuite problem: tests set up a security manager, but they do not remove it after execution
[MASTER] 13:09:25.715 [logback-1] WARN  JUnitAnalyzer - EvoSuite problem: tests set up a security manager, but they do not remove it after execution
[MASTER] 13:09:25.784 [logback-1] WARN  JUnitAnalyzer - EvoSuite problem: tests set up a security manager, but they do not remove it after execution
[MASTER] 13:09:25.852 [logback-1] WARN  JUnitAnalyzer - EvoSuite problem: tests set up a security manager, but they do not remove it after execution
[MASTER] 13:09:26.058 [logback-1] WARN  JUnitAnalyzer - EvoSuite problem: tests set up a security manager, but they do not remove it after execution
[MASTER] 13:09:26.120 [logback-1] WARN  JUnitAnalyzer - EvoSuite problem: tests set up a security manager, but they do not remove it after execution
[MASTER] 13:09:26.177 [logback-1] WARN  JUnitAnalyzer - EvoSuite problem: tests set up a security manager, but they do not remove it after execution
[MASTER] 13:09:26.231 [logback-1] WARN  JUnitAnalyzer - EvoSuite problem: tests set up a security manager, but they do not remove it after execution
[MASTER] 13:09:26.291 [logback-1] WARN  JUnitAnalyzer - EvoSuite problem: tests set up a security manager, but they do not remove it after execution
[MASTER] 13:09:26.348 [logback-1] WARN  JUnitAnalyzer - EvoSuite problem: tests set up a security manager, but they do not remove it after execution
[MASTER] 13:09:26.402 [logback-1] WARN  JUnitAnalyzer - EvoSuite problem: tests set up a security manager, but they do not remove it after execution
[MASTER] 13:09:26.460 [logback-1] WARN  JUnitAnalyzer - EvoSuite problem: tests set up a security manager, but they do not remove it after execution
[MASTER] 13:09:26.517 [logback-1] WARN  JUnitAnalyzer - EvoSuite problem: tests set up a security manager, but they do not remove it after execution
[MASTER] 13:09:26.682 [logback-1] WARN  JUnitAnalyzer - EvoSuite problem: tests set up a security manager, but they do not remove it after execution
[MASTER] 13:09:26.737 [logback-1] WARN  JUnitAnalyzer - EvoSuite problem: tests set up a security manager, but they do not remove it after execution
[MASTER] 13:09:26.793 [logback-1] WARN  JUnitAnalyzer - EvoSuite problem: tests set up a security manager, but they do not remove it after execution
[MASTER] 13:09:26.864 [logback-1] WARN  JUnitAnalyzer - EvoSuite problem: tests set up a security manager, but they do not remove it after execution
[MASTER] 13:09:26.925 [logback-1] WARN  JUnitAnalyzer - EvoSuite problem: tests set up a security manager, but they do not remove it after execution
[MASTER] 13:09:26.979 [logback-1] WARN  JUnitAnalyzer - EvoSuite problem: tests set up a security manager, but they do not remove it after execution
[MASTER] 13:09:27.034 [logback-1] WARN  JUnitAnalyzer - EvoSuite problem: tests set up a security manager, but they do not remove it after execution
[MASTER] 13:09:27.095 [logback-1] WARN  JUnitAnalyzer - EvoSuite problem: tests set up a security manager, but they do not remove it after execution
[MASTER] 13:09:27.159 [logback-1] WARN  JUnitAnalyzer - EvoSuite problem: tests set up a security manager, but they do not remove it after execution
[MASTER] 13:09:27.221 [logback-1] WARN  JUnitAnalyzer - EvoSuite problem: tests set up a security manager, but they do not remove it after execution
[MASTER] 13:09:27.283 [logback-1] WARN  JUnitAnalyzer - EvoSuite problem: tests set up a security manager, but they do not remove it after execution
[MASTER] 13:09:27.346 [logback-1] WARN  JUnitAnalyzer - EvoSuite problem: tests set up a security manager, but they do not remove it after execution
[MASTER] 13:09:27.552 [logback-1] WARN  JUnitAnalyzer - EvoSuite problem: tests set up a security manager, but they do not remove it after execution
[MASTER] 13:09:27.612 [logback-1] WARN  JUnitAnalyzer - EvoSuite problem: tests set up a security manager, but they do not remove it after execution
[MASTER] 13:09:27.676 [logback-1] WARN  JUnitAnalyzer - EvoSuite problem: tests set up a security manager, but they do not remove it after execution
[MASTER] 13:09:27.738 [logback-1] WARN  JUnitAnalyzer - EvoSuite problem: tests set up a security manager, but they do not remove it after execution
[MASTER] 13:09:27.798 [logback-1] WARN  JUnitAnalyzer - EvoSuite problem: tests set up a security manager, but they do not remove it after execution
[MASTER] 13:09:27.863 [logback-1] WARN  JUnitAnalyzer - EvoSuite problem: tests set up a security manager, but they do not remove it after execution
[MASTER] 13:09:27.921 [logback-1] WARN  JUnitAnalyzer - EvoSuite problem: tests set up a security manager, but they do not remove it after execution
[MASTER] 13:09:27.982 [logback-1] WARN  JUnitAnalyzer - EvoSuite problem: tests set up a security manager, but they do not remove it after execution
[MASTER] 13:09:28.043 [logback-1] WARN  JUnitAnalyzer - EvoSuite problem: tests set up a security manager, but they do not remove it after execution
[MASTER] 13:09:28.122 [logback-1] WARN  JUnitAnalyzer - EvoSuite problem: tests set up a security manager, but they do not remove it after execution
[MASTER] 13:09:28.190 [logback-1] WARN  JUnitAnalyzer - EvoSuite problem: tests set up a security manager, but they do not remove it after execution
[MASTER] 13:09:28.256 [logback-1] WARN  JUnitAnalyzer - EvoSuite problem: tests set up a security manager, but they do not remove it after execution
[MASTER] 13:09:28.314 [logback-1] WARN  JUnitAnalyzer - EvoSuite problem: tests set up a security manager, but they do not remove it after execution
[MASTER] 13:09:28.441 [logback-1] WARN  JUnitAnalyzer - EvoSuite problem: tests set up a security manager, but they do not remove it after execution
[MASTER] 13:09:28.512 [logback-1] WARN  JUnitAnalyzer - EvoSuite problem: tests set up a security manager, but they do not remove it after execution
[MASTER] 13:09:28.589 [logback-1] WARN  JUnitAnalyzer - EvoSuite problem: tests set up a security manager, but they do not remove it after execution
[MASTER] 13:09:28.653 [logback-1] WARN  JUnitAnalyzer - EvoSuite problem: tests set up a security manager, but they do not remove it after execution
[MASTER] 13:09:28.752 [logback-1] WARN  JUnitAnalyzer - EvoSuite problem: tests set up a security manager, but they do not remove it after execution
* Writing JUnit test case 'AbstractCategoryItemRenderer_ESTest' to /home/spirals/zhyu/issta-new/program-set12/evosuite-repair-new/nopol/nopol/src/main/java/fr/inria/lille/spirals/evo/results/2016-December/Chart/1/Nopol/173/generatedTests
* Done!

* Computation finished
