seed AstorRun 11 
export PATH="/home/mmartinez/defects4j/framework/bin:$PATH";export JAVA_TOOL_OPTIONS=-Dfile.encoding=UTF8;export PATH="/usr/lib/jvm/java-1.7.0-openjdk-amd64/bin/:$PATH";cd /home/mmartinez/projects/time/time_11;defects4j compile;cp -r /home/mmartinez/projects/time/time_11 /tmp/time_11_Genprog_local_s1;cd /tmp/time_11_Genprog_local_s1;mkdir lib/;cp -r /home/mmartinez/defects4j/framework/projects/lib/* lib/;cp -r /home/mmartinez/defects4j/framework/projects/Time/lib/* lib/;find . -type f -name "package-info.java" -delete;
/home/mmartinez/defects4j-repair/src/python/core/../../../results/2016-june/Time/seed/11/package/11/Genprog/result
cd /tmp/time_11_Genprog_local_s1;export JAVA_TOOL_OPTIONS=-Dfile.encoding=UTF8;TZ="America/New_York"; export TZexport PATH="/usr/lib/jvm/java-1.7.0-openjdk-amd64/bin/:$PATH";time /home/mmartinez/jdk1.8.0_45/bin//java -Xmx4096m -cp /home/mmartinez/defects4j-repair/src/python/core/../../..//libs/astor.jar fr.inria.main.evolution.MainjGenProg -mode statement -location . -id Time -dependencies lib/ -failing org.joda.time.tz.TestCompiler: -package org.joda -jvm4testexecution /usr/lib/jvm/java-1.7.0-openjdk-amd64/bin/ -jvm4evosuitetestexecution /home/mmartinez/jdk1.8.0_45/bin/ -javacompliancelevel 5 -maxgen 1000000 -seed 11 -scope package -maxtime 120  -stopfirst false -population 1 -srcjavafolder src/main/java/ -srctestfolder src/test/java/ -binjavafolder target/classes/ -bintestfolder target/test-classes/ -flthreshold 0.1  -validation  fr.inria.astor.core.validation.validators.RegressionValidation  -ESParameters -Dassertion_timeout=1800:-Dminimization_timeout=1800:-Djunit_check_timeout=1800:-Dwrite_junit_timeout=300:-Dinitialization_timeout=300:-Dglobal_timeout=18000:-Dsearch_budget=100000:-Dstopping_condition=MaxStatements:-Dno_runtime_dependency=true:-Dsandbox=false:-Dp_reflection_on_private=0.0:-Dreflection_start_percent=1.0:-Dp_functional_mocking=0.0:-Dfunctional_mocking_percent=1.0:-mem=2000 -ignoredtestcases org.apache.commons.lang.LocaleUtilsTest  -excludeRegression  -maxgen 100000000 ;echo "

Node: `hostname`
";echo "
Date: `date`
"; find /tmp/time_11_Genprog_local_s1/outputMutation -name "*.class" -type f -delete;echo "removed classes 
"; find . -name bin  -type d -print0|xargs -0 rm -r --; zip -r -q out.zip /tmp/time_11_Genprog_local_s1/outputMutation; echo "zipped 
";cp out.zip /home/mmartinez/defects4j-repair/src/python/core/../../../results/2016-june/Time/seed/11/package/11/Genprog; echo "copied zip 
";rm -rf /tmp/time_11_Genprog_local_s1;

[DEBUG] fr.inria.astor.core.loop.AstorCoreEngine.showResults(AstorCoreEngine.java:136) - End Repair Loops: Found solution
[DEBUG] fr.inria.astor.core.loop.AstorCoreEngine.showResults(AstorCoreEngine.java:137) - Solution stored at: /tmp/time_11_Genprog_local_s1/./outputMutation/AstorMain-Time//src/
[DEBUG] fr.inria.astor.core.loop.AstorCoreEngine.showResults(AstorCoreEngine.java:142) - 
Number solutions:23
[DEBUG] fr.inria.astor.core.loop.AstorCoreEngine.showResults(AstorCoreEngine.java:144) - f (sol): 3.0, [Variant id: 124 (SOL) , #gens: 208, #ops: 1, parent:123]
[DEBUG] fr.inria.astor.core.loop.AstorCoreEngine.showResults(AstorCoreEngine.java:144) - f (sol): 0.0, [Variant id: 240 (SOL) , #gens: 207, #ops: 1, parent:239]
[DEBUG] fr.inria.astor.core.loop.AstorCoreEngine.showResults(AstorCoreEngine.java:144) - f (sol): 0.0, [Variant id: 318 (SOL) , #gens: 207, #ops: 1, parent:317]
[DEBUG] fr.inria.astor.core.loop.AstorCoreEngine.showResults(AstorCoreEngine.java:144) - f (sol): 0.0, [Variant id: 430 (SOL) , #gens: 207, #ops: 1, parent:429]
[DEBUG] fr.inria.astor.core.loop.AstorCoreEngine.showResults(AstorCoreEngine.java:144) - f (sol): 0.0, [Variant id: 550 (SOL) , #gens: 208, #ops: 1, parent:549]
[DEBUG] fr.inria.astor.core.loop.AstorCoreEngine.showResults(AstorCoreEngine.java:144) - f (sol): 0.0, [Variant id: 612 (SOL) , #gens: 207, #ops: 1, parent:611]
[DEBUG] fr.inria.astor.core.loop.AstorCoreEngine.showResults(AstorCoreEngine.java:144) - f (sol): 0.0, [Variant id: 780 (SOL) , #gens: 208, #ops: 1, parent:779]
[DEBUG] fr.inria.astor.core.loop.AstorCoreEngine.showResults(AstorCoreEngine.java:144) - f (sol): 0.0, [Variant id: 942 (SOL) , #gens: 207, #ops: 1, parent:941]
[DEBUG] fr.inria.astor.core.loop.AstorCoreEngine.showResults(AstorCoreEngine.java:144) - f (sol): 0.0, [Variant id: 984 (SOL) , #gens: 207, #ops: 1, parent:983]
[DEBUG] fr.inria.astor.core.loop.AstorCoreEngine.showResults(AstorCoreEngine.java:144) - f (sol): 0.0, [Variant id: 1252 (SOL) , #gens: 207, #ops: 1, parent:1251]
[DEBUG] fr.inria.astor.core.loop.AstorCoreEngine.showResults(AstorCoreEngine.java:144) - f (sol): 0.0, [Variant id: 1266 (SOL) , #gens: 207, #ops: 1, parent:1265]
[DEBUG] fr.inria.astor.core.loop.AstorCoreEngine.showResults(AstorCoreEngine.java:144) - f (sol): 2.0, [Variant id: 1470 (SOL) , #gens: 208, #ops: 1, parent:1469]
[DEBUG] fr.inria.astor.core.loop.AstorCoreEngine.showResults(AstorCoreEngine.java:144) - f (sol): 0.0, [Variant id: 1502 (SOL) , #gens: 207, #ops: 1, parent:1501]
[DEBUG] fr.inria.astor.core.loop.AstorCoreEngine.showResults(AstorCoreEngine.java:144) - f (sol): 0.0, [Variant id: 1508 (SOL) , #gens: 208, #ops: 1, parent:1507]
[DEBUG] fr.inria.astor.core.loop.AstorCoreEngine.showResults(AstorCoreEngine.java:144) - f (sol): 0.0, [Variant id: 1582 (SOL) , #gens: 208, #ops: 1, parent:1581]
[DEBUG] fr.inria.astor.core.loop.AstorCoreEngine.showResults(AstorCoreEngine.java:144) - f (sol): 0.0, [Variant id: 1720 (SOL) , #gens: 207, #ops: 1, parent:1719]
[DEBUG] fr.inria.astor.core.loop.AstorCoreEngine.showResults(AstorCoreEngine.java:144) - f (sol): 0.0, [Variant id: 1772 (SOL) , #gens: 207, #ops: 1, parent:1771]
[DEBUG] fr.inria.astor.core.loop.AstorCoreEngine.showResults(AstorCoreEngine.java:144) - f (sol): 0.0, [Variant id: 1820 (SOL) , #gens: 209, #ops: 1, parent:1819]
[DEBUG] fr.inria.astor.core.loop.AstorCoreEngine.showResults(AstorCoreEngine.java:144) - f (sol): 0.0, [Variant id: 1824 (SOL) , #gens: 209, #ops: 1, parent:1823]
[DEBUG] fr.inria.astor.core.loop.AstorCoreEngine.showResults(AstorCoreEngine.java:144) - f (sol): 0.0, [Variant id: 1874 (SOL) , #gens: 208, #ops: 1, parent:1873]
[DEBUG] fr.inria.astor.core.loop.AstorCoreEngine.showResults(AstorCoreEngine.java:144) - f (sol): 0.0, [Variant id: 1890 (SOL) , #gens: 207, #ops: 1, parent:1889]
[DEBUG] fr.inria.astor.core.loop.AstorCoreEngine.showResults(AstorCoreEngine.java:144) - f (sol): 0.0, [Variant id: 1908 (SOL) , #gens: 207, #ops: 1, parent:1907]
[DEBUG] fr.inria.astor.core.loop.AstorCoreEngine.showResults(AstorCoreEngine.java:144) - f (sol): 0.0, [Variant id: 2052 (SOL) , #gens: 207, #ops: 1, parent:2051]
[DEBUG] fr.inria.astor.core.loop.AstorCoreEngine.showResults(AstorCoreEngine.java:146) - 
All variants:
[DEBUG] fr.inria.astor.core.loop.AstorCoreEngine.showResults(AstorCoreEngine.java:148) - f 1.0, [Variant id: 2327, #gens: 208, #ops: 0, parent:-]
[INFO ] fr.inria.astor.core.loop.AstorCoreEngine.showResults(AstorCoreEngine.java:152) - 
Solution details
[INFO ] fr.inria.astor.core.loop.AstorCoreEngine.showResults(AstorCoreEngine.java:153) - 
 --SOLUTIONS DESCRIPTION--

 ----
ProgramVariant 124
 
time(sec)= 442
operation: ReplaceOp
location= org.joda.time.tz.ZoneInfoCompiler
line= 78
lineSuspiciousness= 0.612
original statement= return org.joda.time.tz.ZoneInfoCompiler.cVerbose.get()
fixed statement= return false
generation= 62
ingredientScope= PACKAGE
validation=
failing: |true|0|8|[]|
manual_regression: |true|0|11852|[warning(junit.framework.TestSuite$1): Class org.joda.time.chrono.gj.MainTest has no public constructor TestCase(String name) or TestCase()-]|
evo_regression: |false|3|59|[test54(org.joda.time.tz.ZoneInfoCompiler_ESTest): Expecting exception: NullPointerException-, test02(org.joda.time.tz.ZoneInfoCompiler_ESTest): null-, test28(org.joda.time.tz.ZoneInfoCompiler_ESTest): Exception was not thrown in org.joda.time.tz.ZoneInfoCompiler but in org.evosuite.runtime.vfs.VirtualFileSystem.throwSimuledIOExceptionIfNeeded(VirtualFileSystem.java:172): java.io.IOException: Simulated IOException-]|
 ----
ProgramVariant 240
 
time(sec)= 1298
operation: RemoveOp
location= org.joda.time.tz.DateTimeZoneBuilder
line= 1458
lineSuspiciousness= 0.354
original statement= if (tailZone.iStartRecurrence.getNameKey().equals(tailZone.iEndRecurrence.getNameKey())) {
	if (org.joda.time.tz.ZoneInfoCompiler.verbose()) {
		java.lang.System.out.println(("Fixing duplicate recurrent name key - " + (tailZone.iStartRecurrence.getNameKey())));
	} 
	if ((tailZone.iStartRecurrence.getSaveMillis()) > 0) {
		tailZone = new org.joda.time.tz.DateTimeZoneBuilder.DSTZone(tailZone.getID() , tailZone.iStandardOffset , tailZone.iStartRecurrence.renameAppend("-Summer") , tailZone.iEndRecurrence);
	} else {
		tailZone = new org.joda.time.tz.DateTimeZoneBuilder.DSTZone(tailZone.getID() , tailZone.iStandardOffset , tailZone.iStartRecurrence , tailZone.iEndRecurrence.renameAppend("-Summer"));
	}
} 
fixed statement= 
generation= 120
ingredientScope= -
validation=
failing: |true|0|8|[]|
manual_regression: |true|0|11852|[warning(junit.framework.TestSuite$1): Class org.joda.time.chrono.gj.MainTest has no public constructor TestCase(String name) or TestCase()-]|
evo_regression: |true|0|45|[]|
 ----
ProgramVariant 318
 
time(sec)= 1469
operation: RemoveOp
location= org.joda.time.tz.DateTimeZoneBuilder
line= 1457
lineSuspiciousness= 0.327
original statement= if (tailZone != null) {
	if (tailZone.iStartRecurrence.getNameKey().equals(tailZone.iEndRecurrence.getNameKey())) {
		if (org.joda.time.tz.ZoneInfoCompiler.verbose()) {
			java.lang.System.out.println(("Fixing duplicate recurrent name key - " + (tailZone.iStartRecurrence.getNameKey())));
		} 
		if ((tailZone.iStartRecurrence.getSaveMillis()) > 0) {
			tailZone = new org.joda.time.tz.DateTimeZoneBuilder.DSTZone(tailZone.getID() , tailZone.iStandardOffset , tailZone.iStartRecurrence.renameAppend("-Summer") , tailZone.iEndRecurrence);
		} else {
			tailZone = new org.joda.time.tz.DateTimeZoneBuilder.DSTZone(tailZone.getID() , tailZone.iStandardOffset , tailZone.iStartRecurrence , tailZone.iEndRecurrence.renameAppend("-Summer"));
		}
	} 
} 
fixed statement= 
generation= 159
ingredientScope= -
validation=
failing: |true|0|8|[]|
manual_regression: |true|0|11852|[warning(junit.framework.TestSuite$1): Class org.joda.time.chrono.gj.MainTest has no public constructor TestCase(String name) or TestCase()-]|
evo_regression: |true|0|45|[]|
 ----
ProgramVariant 430
 
time(sec)= 1706
operation: RemoveOp
location= org.joda.time.tz.DateTimeZoneBuilder
line= 1144
lineSuspiciousness= 0.327
original statement= if (((startRule.getToYear()) == (java.lang.Integer.MAX_VALUE)) && ((endRule.getToYear()) == (java.lang.Integer.MAX_VALUE))) {
	return new org.joda.time.tz.DateTimeZoneBuilder.DSTZone(id , iStandardOffset , startRule.iRecurrence , endRule.iRecurrence);
} 
fixed statement= 
generation= 215
ingredientScope= -
validation=
failing: |true|0|8|[]|
manual_regression: |true|0|11852|[warning(junit.framework.TestSuite$1): Class org.joda.time.chrono.gj.MainTest has no public constructor TestCase(String name) or TestCase()-]|
evo_regression: |true|0|45|[]|
 ----
ProgramVariant 550
 
time(sec)= 1928
operation: ReplaceOp
location= org.joda.time.tz.DateTimeZoneBuilder
line= 1144
lineSuspiciousness= 0.327
original statement= if (((startRule.getToYear()) == (java.lang.Integer.MAX_VALUE)) && ((endRule.getToYear()) == (java.lang.Integer.MAX_VALUE))) {
	return new org.joda.time.tz.DateTimeZoneBuilder.DSTZone(id , iStandardOffset , startRule.iRecurrence , endRule.iRecurrence);
} 
fixed statement= if ((org.joda.time.tz.ZoneInfoCompiler.cLenientISO) == null) {
	org.joda.time.tz.ZoneInfoCompiler.cLenientISO = org.joda.time.chrono.LenientChronology.getInstance(org.joda.time.chrono.ISOChronology.getInstanceUTC());
} 
generation= 275
ingredientScope= PACKAGE
validation=
failing: |true|0|8|[]|
manual_regression: |true|0|11852|[warning(junit.framework.TestSuite$1): Class org.joda.time.chrono.gj.MainTest has no public constructor TestCase(String name) or TestCase()-]|
evo_regression: |true|0|45|[]|
 ----
ProgramVariant 612
 
time(sec)= 2086
operation: RemoveOp
location= org.joda.time.tz.DateTimeZoneBuilder
line= 1141
lineSuspiciousness= 0.327
original statement= if ((iRules.size()) == 2) {
	org.joda.time.tz.DateTimeZoneBuilder.Rule startRule = iRules.get(0);
	org.joda.time.tz.DateTimeZoneBuilder.Rule endRule = iRules.get(1);
	if (((startRule.getToYear()) == (java.lang.Integer.MAX_VALUE)) && ((endRule.getToYear()) == (java.lang.Integer.MAX_VALUE))) {
		return new org.joda.time.tz.DateTimeZoneBuilder.DSTZone(id , iStandardOffset , startRule.iRecurrence , endRule.iRecurrence);
	} 
} 
fixed statement= 
generation= 306
ingredientScope= -
validation=
failing: |true|0|8|[]|
manual_regression: |true|0|11852|[warning(junit.framework.TestSuite$1): Class org.joda.time.chrono.gj.MainTest has no public constructor TestCase(String name) or TestCase()-]|
evo_regression: |true|0|45|[]|
 ----
ProgramVariant 780
 
time(sec)= 2543
operation: ReplaceOp
location= org.joda.time.tz.DateTimeZoneBuilder
line= 372
lineSuspiciousness= 0.327
original statement= tailZone = rs.buildTailZone(id)
fixed statement= saveMillis = next.getSaveMillis()
generation= 390
ingredientScope= LOCAL
validation=
failing: |true|0|8|[]|
manual_regression: |true|0|11852|[warning(junit.framework.TestSuite$1): Class org.joda.time.chrono.gj.MainTest has no public constructor TestCase(String name) or TestCase()-]|
evo_regression: |true|0|45|[]|
 ----
ProgramVariant 942
 
time(sec)= 2954
operation: RemoveOp
location= org.joda.time.tz.DateTimeZoneBuilder
line= 1460
lineSuspiciousness= 0.866
original statement= if (org.joda.time.tz.ZoneInfoCompiler.verbose()) {
	java.lang.System.out.println(("Fixing duplicate recurrent name key - " + (tailZone.iStartRecurrence.getNameKey())));
} 
fixed statement= 
generation= 471
ingredientScope= -
validation=
failing: |true|0|8|[]|
manual_regression: |true|0|11852|[warning(junit.framework.TestSuite$1): Class org.joda.time.chrono.gj.MainTest has no public constructor TestCase(String name) or TestCase()-]|
evo_regression: |true|0|45|[]|
 ----
ProgramVariant 984
 
time(sec)= 3091
operation: RemoveOp
location= org.joda.time.tz.DateTimeZoneBuilder
line= 1460
lineSuspiciousness= 0.866
original statement= if (org.joda.time.tz.ZoneInfoCompiler.verbose()) {
	java.lang.System.out.println(("Fixing duplicate recurrent name key - " + (tailZone.iStartRecurrence.getNameKey())));
} 
fixed statement= 
generation= 492
ingredientScope= -
validation=
failing: |true|0|8|[]|
manual_regression: |true|0|11852|[warning(junit.framework.TestSuite$1): Class org.joda.time.chrono.gj.MainTest has no public constructor TestCase(String name) or TestCase()-]|
evo_regression: |true|0|45|[]|
 ----
ProgramVariant 1252
 
time(sec)= 3906
operation: RemoveOp
location= org.joda.time.tz.DateTimeZoneBuilder
line= 1154
lineSuspiciousness= 0.354
original statement= return new org.joda.time.tz.DateTimeZoneBuilder.DSTZone(id , iStandardOffset , startRule.iRecurrence , endRule.iRecurrence)
fixed statement= 
generation= 626
ingredientScope= -
validation=
failing: |true|0|8|[]|
manual_regression: |true|0|11852|[warning(junit.framework.TestSuite$1): Class org.joda.time.chrono.gj.MainTest has no public constructor TestCase(String name) or TestCase()-]|
evo_regression: |true|0|45|[]|
 ----
ProgramVariant 1266
 
time(sec)= 4112
operation: RemoveOp
location= org.joda.time.tz.DateTimeZoneBuilder
line= 1460
lineSuspiciousness= 0.866
original statement= if (org.joda.time.tz.ZoneInfoCompiler.verbose()) {
	java.lang.System.out.println(("Fixing duplicate recurrent name key - " + (tailZone.iStartRecurrence.getNameKey())));
} 
fixed statement= 
generation= 633
ingredientScope= -
validation=
failing: |true|0|8|[]|
manual_regression: |true|0|11852|[warning(junit.framework.TestSuite$1): Class org.joda.time.chrono.gj.MainTest has no public constructor TestCase(String name) or TestCase()-]|
evo_regression: |true|0|45|[]|
 ----
ProgramVariant 1470
 
time(sec)= 4485
operation: ReplaceOp
location= org.joda.time.tz.ZoneInfoCompiler
line= 78
lineSuspiciousness= 0.612
original statement= return org.joda.time.tz.ZoneInfoCompiler.cVerbose.get()
fixed statement= return true
generation= 735
ingredientScope= PACKAGE
validation=
failing: |true|0|8|[]|
manual_regression: |true|0|11852|[warning(junit.framework.TestSuite$1): Class org.joda.time.chrono.gj.MainTest has no public constructor TestCase(String name) or TestCase()-]|
evo_regression: |false|2|59|[test54(org.joda.time.tz.ZoneInfoCompiler_ESTest): Expecting exception: NullPointerException-, test28(org.joda.time.tz.ZoneInfoCompiler_ESTest): Exception was not thrown in org.joda.time.tz.ZoneInfoCompiler but in org.evosuite.runtime.vfs.VirtualFileSystem.throwSimuledIOExceptionIfNeeded(VirtualFileSystem.java:172): java.io.IOException: Simulated IOException-]|
 ----
ProgramVariant 1502
 
time(sec)= 4591
operation: RemoveOp
location= org.joda.time.tz.DateTimeZoneBuilder
line= 1460
lineSuspiciousness= 0.866
original statement= if (org.joda.time.tz.ZoneInfoCompiler.verbose()) {
	java.lang.System.out.println(("Fixing duplicate recurrent name key - " + (tailZone.iStartRecurrence.getNameKey())));
} 
fixed statement= 
generation= 751
ingredientScope= -
validation=
failing: |true|0|8|[]|
manual_regression: |true|0|11852|[warning(junit.framework.TestSuite$1): Class org.joda.time.chrono.gj.MainTest has no public constructor TestCase(String name) or TestCase()-]|
evo_regression: |true|0|45|[]|
 ----
ProgramVariant 1508
 
time(sec)= 4670
operation: ReplaceOp
location= org.joda.time.tz.DateTimeZoneBuilder
line= 371
lineSuspiciousness= 0.327
original statement= if ((tailZone == null) && (i == (ruleSetCount - 1))) {
	tailZone = rs.buildTailZone(id);
} 
fixed statement= if (id == null) {
	return null;
} 
generation= 754
ingredientScope= PACKAGE
validation=
failing: |true|0|8|[]|
manual_regression: |true|0|11852|[warning(junit.framework.TestSuite$1): Class org.joda.time.chrono.gj.MainTest has no public constructor TestCase(String name) or TestCase()-]|
evo_regression: |true|0|45|[]|
 ----
ProgramVariant 1582
 
time(sec)= 5075
operation: ReplaceOp
location= org.joda.time.tz.DateTimeZoneBuilder
line= 1458
lineSuspiciousness= 0.354
original statement= if (tailZone.iStartRecurrence.getNameKey().equals(tailZone.iEndRecurrence.getNameKey())) {
	if (org.joda.time.tz.ZoneInfoCompiler.verbose()) {
		java.lang.System.out.println(("Fixing duplicate recurrent name key - " + (tailZone.iStartRecurrence.getNameKey())));
	} 
	if ((tailZone.iStartRecurrence.getSaveMillis()) > 0) {
		tailZone = new org.joda.time.tz.DateTimeZoneBuilder.DSTZone(tailZone.getID() , tailZone.iStandardOffset , tailZone.iStartRecurrence.renameAppend("-Summer") , tailZone.iEndRecurrence);
	} else {
		tailZone = new org.joda.time.tz.DateTimeZoneBuilder.DSTZone(tailZone.getID() , tailZone.iStandardOffset , tailZone.iStartRecurrence , tailZone.iEndRecurrence.renameAppend("-Summer"));
	}
} 
fixed statement= if (id == null) {
	throw new java.lang.IllegalArgumentException();
} 
generation= 791
ingredientScope= LOCAL
validation=
failing: |true|0|8|[]|
manual_regression: |true|0|11852|[warning(junit.framework.TestSuite$1): Class org.joda.time.chrono.gj.MainTest has no public constructor TestCase(String name) or TestCase()-]|
evo_regression: |true|0|45|[]|
 ----
ProgramVariant 1720
 
time(sec)= 5463
operation: RemoveOp
location= org.joda.time.tz.DateTimeZoneBuilder
line= 371
lineSuspiciousness= 0.327
original statement= if ((tailZone == null) && (i == (ruleSetCount - 1))) {
	tailZone = rs.buildTailZone(id);
} 
fixed statement= 
generation= 860
ingredientScope= -
validation=
failing: |true|0|8|[]|
manual_regression: |true|0|11852|[warning(junit.framework.TestSuite$1): Class org.joda.time.chrono.gj.MainTest has no public constructor TestCase(String name) or TestCase()-]|
evo_regression: |true|0|45|[]|
 ----
ProgramVariant 1772
 
time(sec)= 5605
operation: RemoveOp
location= org.joda.time.tz.DateTimeZoneBuilder
line= 1460
lineSuspiciousness= 0.866
original statement= if (org.joda.time.tz.ZoneInfoCompiler.verbose()) {
	java.lang.System.out.println(("Fixing duplicate recurrent name key - " + (tailZone.iStartRecurrence.getNameKey())));
} 
fixed statement= 
generation= 886
ingredientScope= -
validation=
failing: |true|0|8|[]|
manual_regression: |true|0|11852|[warning(junit.framework.TestSuite$1): Class org.joda.time.chrono.gj.MainTest has no public constructor TestCase(String name) or TestCase()-]|
evo_regression: |true|0|45|[]|
 ----
ProgramVariant 1820
 
time(sec)= 5741
operation: InsertAfterOp
location= org.joda.time.tz.DateTimeZoneBuilder
line= 1421
lineSuspiciousness= 0.327
original statement= if (((set != null) && ((set.length) == 5)) && (id.equals(set[0]))) {
	zoneNameData = set;
} 
fixed statement= org.joda.time.tz.ZoneInfoCompiler.cVerbose.set(java.lang.Boolean.FALSE)
generation= 910
ingredientScope= PACKAGE
validation=
failing: |true|0|8|[]|
manual_regression: |true|0|11852|[warning(junit.framework.TestSuite$1): Class org.joda.time.chrono.gj.MainTest has no public constructor TestCase(String name) or TestCase()-]|
evo_regression: |true|0|45|[]|
 ----
ProgramVariant 1824
 
time(sec)= 5814
operation: InsertBeforeOp
location= org.joda.time.tz.DateTimeZoneBuilder
line= 1132
lineSuspiciousness= 0.306
original statement= return java.lang.Long.MAX_VALUE
fixed statement= org.joda.time.tz.ZoneInfoCompiler.cVerbose.set(java.lang.Boolean.FALSE)
generation= 912
ingredientScope= PACKAGE
validation=
failing: |true|0|8|[]|
manual_regression: |true|0|11852|[warning(junit.framework.TestSuite$1): Class org.joda.time.chrono.gj.MainTest has no public constructor TestCase(String name) or TestCase()-]|
evo_regression: |true|0|45|[]|
 ----
ProgramVariant 1874
 
time(sec)= 5964
operation: ReplaceOp
location= org.joda.time.tz.DateTimeZoneBuilder
line= 827
lineSuspiciousness= 0.327
original statement= return iToYear
fixed statement= return java.lang.Integer.MIN_VALUE
generation= 937
ingredientScope= PACKAGE
validation=
failing: |true|0|8|[]|
manual_regression: |true|0|11852|[warning(junit.framework.TestSuite$1): Class org.joda.time.chrono.gj.MainTest has no public constructor TestCase(String name) or TestCase()-]|
evo_regression: |true|0|45|[]|
 ----
ProgramVariant 1890
 
time(sec)= 6053
operation: RemoveOp
location= org.joda.time.tz.DateTimeZoneBuilder
line= 1154
lineSuspiciousness= 0.354
original statement= return new org.joda.time.tz.DateTimeZoneBuilder.DSTZone(id , iStandardOffset , startRule.iRecurrence , endRule.iRecurrence)
fixed statement= 
generation= 945
ingredientScope= -
validation=
failing: |true|0|8|[]|
manual_regression: |true|0|11852|[warning(junit.framework.TestSuite$1): Class org.joda.time.chrono.gj.MainTest has no public constructor TestCase(String name) or TestCase()-]|
evo_regression: |true|0|45|[]|
 ----
ProgramVariant 1908
 
time(sec)= 6157
operation: RemoveOp
location= org.joda.time.tz.DateTimeZoneBuilder
line= 371
lineSuspiciousness= 0.327
original statement= if ((tailZone == null) && (i == (ruleSetCount - 1))) {
	tailZone = rs.buildTailZone(id);
} 
fixed statement= 
generation= 954
ingredientScope= -
validation=
failing: |true|0|8|[]|
manual_regression: |true|0|11852|[warning(junit.framework.TestSuite$1): Class org.joda.time.chrono.gj.MainTest has no public constructor TestCase(String name) or TestCase()-]|
evo_regression: |true|0|45|[]|
 ----
ProgramVariant 2052
 
time(sec)= 6583
operation: RemoveOp
location= org.joda.time.tz.DateTimeZoneBuilder
line= 372
lineSuspiciousness= 0.327
original statement= tailZone = rs.buildTailZone(id)
fixed statement= 
generation= 1026
ingredientScope= -
validation=
failing: |true|0|8|[]|
manual_regression: |true|0|11852|[warning(junit.framework.TestSuite$1): Class org.joda.time.chrono.gj.MainTest has no public constructor TestCase(String name) or TestCase()-]|
evo_regression: |true|0|45|[]|
[INFO ] fr.inria.main.evolution.AstorMain.run(AstorMain.java:397) - Time Total(s): 7504.712


Node: grisou-12.nancy.grid5000.fr


Date: Sat Jan 14 23:27:38 CET 2017

removed classes 

zipped 

copied zip 


