* EvoSuite 1.0.4-SNAPSHOT
* Going to generate test cases for class: org.joda.time.tz.DateTimeZoneBuilder
* Starting client
* Connecting to master process on port 2550
* Analyzing classpath: 
  - target/classes/
  - target/test-classes/
  - lib/joda-convert-1.2.jar
* Finished analyzing classpath
* Generating tests for class org.joda.time.tz.DateTimeZoneBuilder
* Test criteria:
  - Line Coverage
  - Branch Coverage
  - Exception
  - Mutation testing (weak)
  - Method-Output Coverage
  - Top-Level Method Coverage
  - No-Exception Top-Level Method Coverage
  - Context Branch Coverage
* Setting up search algorithm for whole suite generation
* Total number of test goals: 
  - Line 690
  - Branch 461
  - Exception 0
  - MutationFactory 666
  - Output 17
  - Method 54
  - MethodNoException 54
  - CBranchFitnessFactory 461

[Progress:>                             0%] [Cov:>                                  0%]* Using seed 60
* Starting evolution

[Progress:>                             0%] [Cov:>                                  1%]
[Progress:>                             0%] [Cov:=>                                 3%]
[Progress:>                             0%] [Cov:=====>                             15%]
[Progress:>                             0%] [Cov:=====>                             16%]
[Progress:>                             0%] [Cov:=====>                             17%]
[Progress:>                             0%] [Cov:======>                            18%]
[Progress:>                             0%] [Cov:======>                            19%]
[Progress:>                             0%] [Cov:=======>                           20%]
[Progress:>                             0%] [Cov:=======>                           22%]
[Progress:>                             0%] [Cov:=======>                           20%]
[Progress:>                             0%] [Cov:========>                          23%]
[Progress:>                             0%] [Cov:========>                          24%]
[Progress:>                             0%] [Cov:========>                          25%]
[Progress:>                             0%] [Cov:===========>                       34%]
[Progress:>                             0%] [Cov:============>                      35%]
[Progress:>                             0%] [Cov:============>                      35%]
[Progress:>                             0%] [Cov:============>                      35%]
[Progress:>                             0%] [Cov:============>                      35%]
[Progress:>                             0%] [Cov:============>                      36%]
[Progress:>                             0%] [Cov:============>                      36%]
[Progress:>                             0%] [Cov:============>                      36%]
[Progress:>                             0%] [Cov:============>                      36%]
[Progress:>                             0%] [Cov:============>                      37%]
[Progress:>                             0%] [Cov:=============>                     38%]
[Progress:>                             0%] [Cov:=============>                     38%]
[Progress:>                             0%] [Cov:=============>                     38%]
[Progress:>                             0%] [Cov:=============>                     38%]
[Progress:>                             0%] [Cov:=============>                     38%]
[Progress:>                             0%] [Cov:=============>                     39%]
[Progress:>                             0%] [Cov:=============>                     39%]
[Progress:>                             0%] [Cov:=============>                     39%]
[Progress:>                             0%] [Cov:=============>                     39%]
[Progress:>                             0%] [Cov:=============>                     39%]
[Progress:>                             0%] [Cov:=============>                     39%]
[Progress:>                             0%] [Cov:=============>                     39%]
[Progress:>                             0%] [Cov:=============>                     39%]
[Progress:>                             0%] [Cov:=============>                     39%]
[Progress:>                             0%] [Cov:=============>                     39%]
[Progress:>                             0%] [Cov:=============>                     39%]
[Progress:>                             0%] [Cov:=============>                     39%]
[Progress:>                             0%] [Cov:=============>                     39%][MASTER] 20:43:18.890 [logback-2] ERROR ClientNodeImpl - Cannot inform master of change of state
java.rmi.ServerException: RemoteException occurred in server thread; nested exception is: 
	java.rmi.UnmarshalException: error unmarshalling arguments; nested exception is: 
	java.io.OptionalDataException
	at sun.rmi.server.UnicastServerRef.dispatch(UnicastServerRef.java:355) ~[na:1.8.0_101]
	at sun.rmi.transport.Transport$1.run(Transport.java:200) ~[na:1.8.0_101]
	at sun.rmi.transport.Transport$1.run(Transport.java:197) ~[na:1.8.0_101]
	at java.security.AccessController.doPrivileged(Native Method) ~[na:1.8.0_101]
	at sun.rmi.transport.Transport.serviceCall(Transport.java:196) ~[na:1.8.0_101]
	at sun.rmi.transport.tcp.TCPTransport.handleMessages(TCPTransport.java:568) ~[na:1.8.0_101]
	at sun.rmi.transport.tcp.TCPTransport$ConnectionHandler.run0(TCPTransport.java:826) ~[na:1.8.0_101]
	at sun.rmi.transport.tcp.TCPTransport$ConnectionHandler.lambda$run$0(TCPTransport.java:683) ~[na:1.8.0_101]
	at java.security.AccessController.doPrivileged(Native Method) ~[na:1.8.0_101]
	at sun.rmi.transport.tcp.TCPTransport$ConnectionHandler.run(TCPTransport.java:682) ~[na:1.8.0_101]
	at java.util.concurrent.ThreadPoolExecutor.runWorker(ThreadPoolExecutor.java:1142) ~[na:1.8.0_101]
	at java.util.concurrent.ThreadPoolExecutor$Worker.run(ThreadPoolExecutor.java:617) ~[na:1.8.0_101]
	at java.lang.Thread.run(Thread.java:745) ~[na:1.8.0_101]
	at sun.rmi.transport.StreamRemoteCall.exceptionReceivedFromServer(StreamRemoteCall.java:276) ~[na:1.8.0_101]
	at sun.rmi.transport.StreamRemoteCall.executeCall(StreamRemoteCall.java:253) ~[na:1.8.0_101]
	at sun.rmi.server.UnicastRef.invoke(UnicastRef.java:162) ~[na:1.8.0_101]
	at java.rmi.server.RemoteObjectInvocationHandler.invokeRemoteMethod(RemoteObjectInvocationHandler.java:227) ~[na:1.8.0_101]
	at java.rmi.server.RemoteObjectInvocationHandler.invoke(RemoteObjectInvocationHandler.java:179) ~[na:1.8.0_101]
	at com.sun.proxy.$Proxy7.evosuite_collectStatistics(Unknown Source) ~[na:na]
	at org.evosuite.rmi.service.ClientNodeImpl.updateStatistics(ClientNodeImpl.java:237) ~[evosuite-1.0.4.jar:1.0.4-SNAPSHOT]
	at org.evosuite.statistics.StatisticsSender.sendIndividualToMaster(StatisticsSender.java:68) [evosuite-1.0.4.jar:1.0.4-SNAPSHOT]
	at org.evosuite.statistics.StatisticsListener$1.run(StatisticsListener.java:71) [evosuite-1.0.4.jar:1.0.4-SNAPSHOT]
Caused by: java.rmi.UnmarshalException: error unmarshalling arguments; nested exception is: 
	java.io.OptionalDataException
	at sun.rmi.server.UnicastServerRef.dispatch(UnicastServerRef.java:312) ~[na:1.8.0_101]
	at sun.rmi.transport.Transport$1.run(Transport.java:200) ~[na:1.8.0_101]
	at sun.rmi.transport.Transport$1.run(Transport.java:197) ~[na:1.8.0_101]
	at java.security.AccessController.doPrivileged(Native Method) ~[na:1.8.0_101]
	at sun.rmi.transport.Transport.serviceCall(Transport.java:196) ~[na:1.8.0_101]
	at sun.rmi.transport.tcp.TCPTransport.handleMessages(TCPTransport.java:568) ~[na:1.8.0_101]
	at sun.rmi.transport.tcp.TCPTransport$ConnectionHandler.run0(TCPTransport.java:826) ~[na:1.8.0_101]
	at sun.rmi.transport.tcp.TCPTransport$ConnectionHandler.lambda$run$0(TCPTransport.java:683) ~[na:1.8.0_101]
	at java.security.AccessController.doPrivileged(Native Method) ~[na:1.8.0_101]
	at sun.rmi.transport.tcp.TCPTransport$ConnectionHandler.run(TCPTransport.java:682) ~[na:1.8.0_101]
	at java.util.concurrent.ThreadPoolExecutor.runWorker(ThreadPoolExecutor.java:1142) ~[na:1.8.0_101]
	at java.util.concurrent.ThreadPoolExecutor$Worker.run(ThreadPoolExecutor.java:617) ~[na:1.8.0_101]
	at java.lang.Thread.run(Thread.java:745) ~[na:1.8.0_101]
Caused by: java.io.OptionalDataException: null
	at java.io.ObjectInputStream.readObject0(ObjectInputStream.java:1373) ~[na:1.8.0_101]
	at java.io.ObjectInputStream.readObject(ObjectInputStream.java:373) ~[na:1.8.0_101]
	at java.util.HashMap.readObject(HashMap.java:1402) ~[na:1.8.0_101]
	at sun.reflect.GeneratedMethodAccessor7.invoke(Unknown Source) ~[na:na]
	at sun.reflect.DelegatingMethodAccessorImpl.invoke(DelegatingMethodAccessorImpl.java:43) ~[na:1.8.0_101]
	at java.lang.reflect.Method.invoke(Method.java:498) ~[na:1.8.0_101]
	at java.io.ObjectStreamClass.invokeReadObject(ObjectStreamClass.java:1058) ~[na:1.8.0_101]
	at java.io.ObjectInputStream.readSerialData(ObjectInputStream.java:1909) ~[na:1.8.0_101]
	at java.io.ObjectInputStream.readOrdinaryObject(ObjectInputStream.java:1808) ~[na:1.8.0_101]
	at java.io.ObjectInputStream.readObject0(ObjectInputStream.java:1353) ~[na:1.8.0_101]
	at java.io.ObjectInputStream.defaultReadFields(ObjectInputStream.java:2018) ~[na:1.8.0_101]
	at java.io.ObjectInputStream.readSerialData(ObjectInputStream.java:1942) ~[na:1.8.0_101]
	at java.io.ObjectInputStream.readOrdinaryObject(ObjectInputStream.java:1808) ~[na:1.8.0_101]
	at java.io.ObjectInputStream.readObject0(ObjectInputStream.java:1353) ~[na:1.8.0_101]
	at java.io.ObjectInputStream.readObject(ObjectInputStream.java:373) ~[na:1.8.0_101]
	at java.util.HashMap.readObject(HashMap.java:1402) ~[na:1.8.0_101]
	at sun.reflect.GeneratedMethodAccessor7.invoke(Unknown Source) ~[na:na]
	at sun.reflect.DelegatingMethodAccessorImpl.invoke(DelegatingMethodAccessorImpl.java:43) ~[na:1.8.0_101]
	at java.lang.reflect.Method.invoke(Method.java:498) ~[na:1.8.0_101]
	at java.io.ObjectStreamClass.invokeReadObject(ObjectStreamClass.java:1058) ~[na:1.8.0_101]
	at java.io.ObjectInputStream.readSerialData(ObjectInputStream.java:1909) ~[na:1.8.0_101]
	at java.io.ObjectInputStream.readOrdinaryObject(ObjectInputStream.java:1808) ~[na:1.8.0_101]
	at java.io.ObjectInputStream.readObject0(ObjectInputStream.java:1353) ~[na:1.8.0_101]
	at java.io.ObjectInputStream.defaultReadFields(ObjectInputStream.java:2018) ~[na:1.8.0_101]
	at java.io.ObjectInputStream.readSerialData(ObjectInputStream.java:1942) ~[na:1.8.0_101]
	at java.io.ObjectInputStream.readOrdinaryObject(ObjectInputStream.java:1808) ~[na:1.8.0_101]
	at java.io.ObjectInputStream.readObject0(ObjectInputStream.java:1353) ~[na:1.8.0_101]
	at java.io.ObjectInputStream.readObject(ObjectInputStream.java:373) ~[na:1.8.0_101]
	at sun.rmi.server.UnicastRef.unmarshalValue(UnicastRef.java:326) ~[na:1.8.0_101]
	at sun.rmi.server.UnicastServerRef.unmarshalParametersUnchecked(UnicastServerRef.java:592) ~[na:1.8.0_101]
	at sun.rmi.server.UnicastServerRef.unmarshalParameters(UnicastServerRef.java:580) ~[na:1.8.0_101]
	at sun.rmi.server.UnicastServerRef.dispatch(UnicastServerRef.java:310) ~[na:1.8.0_101]
	... 12 common frames omitted

[Progress:>                             0%] [Cov:=============>                     39%]
[Progress:>                             0%] [Cov:=============>                     39%]
[Progress:>                             0%] [Cov:=============>                     39%]
[Progress:>                             0%] [Cov:=============>                     39%]
[Progress:>                             0%] [Cov:=============>                     39%]
[Progress:>                             0%] [Cov:=============>                     39%]
[Progress:>                             0%] [Cov:=============>                     39%]
[Progress:>                             0%] [Cov:=============>                     39%]
[Progress:>                             0%] [Cov:=============>                     39%]
[Progress:>                             0%] [Cov:==============>                    40%]
[Progress:>                             0%] [Cov:==============>                    40%]
[Progress:>                             0%] [Cov:==============>                    40%]
[Progress:>                             0%] [Cov:==============>                    40%]
[Progress:>                             0%] [Cov:==============>                    40%]
[Progress:>                             0%] [Cov:==============>                    40%]
[Progress:>                             0%] [Cov:==============>                    40%]
[Progress:>                             0%] [Cov:==============>                    41%]
[Progress:>                             0%] [Cov:==============>                    42%]
[Progress:>                             0%] [Cov:===============>                   43%]
[Progress:>                             0%] [Cov:===============>                   43%]
[Progress:>                             0%] [Cov:===============>                   43%]
[Progress:>                             0%] [Cov:===============>                   43%]
[Progress:>                             0%] [Cov:===============>                   44%]
[Progress:>                             0%] [Cov:===============>                   44%]
[Progress:>                             0%] [Cov:===============>                   44%]
[Progress:>                             0%] [Cov:===============>                   44%]
[Progress:>                             0%] [Cov:===============>                   44%]
[Progress:>                             0%] [Cov:===============>                   44%]
[Progress:>                             0%] [Cov:===============>                   44%]
[Progress:>                             0%] [Cov:===============>                   44%]
[Progress:>                             0%] [Cov:===============>                   44%]
[Progress:>                             1%] [Cov:===============>                   44%]
[Progress:>                             1%] [Cov:===============>                   44%]
[Progress:>                             1%] [Cov:===============>                   44%]
[Progress:>                             1%] [Cov:===============>                   44%]
[Progress:>                             1%] [Cov:===============>                   45%]
[Progress:>                             1%] [Cov:===============>                   45%]
[Progress:>                             1%] [Cov:===============>                   45%]
[Progress:>                             1%] [Cov:================>                  46%]
[Progress:>                             1%] [Cov:================>                  47%]
[Progress:>                             1%] [Cov:================>                  47%]
[Progress:>                             1%] [Cov:================>                  47%]
[Progress:>                             1%] [Cov:================>                  48%]
[Progress:>                             1%] [Cov:================>                  48%]
[Progress:>                             1%] [Cov:=================>                 49%]
[Progress:>                             1%] [Cov:=================>                 49%]
[Progress:>                             1%] [Cov:=================>                 49%]
[Progress:>                             1%] [Cov:=================>                 49%]
[Progress:>                             1%] [Cov:=================>                 49%]
[Progress:>                             1%] [Cov:=================>                 50%]
[Progress:>                             1%] [Cov:=================>                 50%]
[Progress:>                             1%] [Cov:=================>                 50%]
[Progress:>                             1%] [Cov:=================>                 50%]
[Progress:>                             1%] [Cov:=================>                 50%]
[Progress:>                             1%] [Cov:=================>                 50%]
[Progress:>                             1%] [Cov:=================>                 51%]
[Progress:>                             1%] [Cov:=================>                 51%]
[Progress:>                             1%] [Cov:=================>                 51%]
[Progress:>                             1%] [Cov:=================>                 51%]
[Progress:>                             1%] [Cov:=================>                 51%]
[Progress:>                             1%] [Cov:=================>                 51%]
[Progress:>                             1%] [Cov:=================>                 51%]
[Progress:>                             1%] [Cov:=================>                 51%]
[Progress:>                             1%] [Cov:=================>                 51%]
[Progress:>                             1%] [Cov:=================>                 51%]
[Progress:>                             1%] [Cov:=================>                 51%]
[Progress:>                             1%] [Cov:=================>                 51%]
[Progress:>                             1%] [Cov:=================>                 51%]
[Progress:>                             1%] [Cov:=================>                 51%]
[Progress:>                             1%] [Cov:=================>                 51%]
[Progress:>                             1%] [Cov:=================>                 51%]
[Progress:>                             1%] [Cov:=================>                 51%]
[Progress:>                             2%] [Cov:=================>                 51%]
[Progress:>                             2%] [Cov:=================>                 51%]
[Progress:>                             2%] [Cov:=================>                 51%]
[Progress:>                             2%] [Cov:==================>                52%]
[Progress:>                             2%] [Cov:==================>                53%]
[Progress:>                             2%] [Cov:==================>                53%]
[Progress:>                             2%] [Cov:==================>                53%]
[Progress:>                             2%] [Cov:==================>                53%]
[Progress:>                             2%] [Cov:==================>                53%]
[Progress:>                             2%] [Cov:==================>                53%]
[Progress:>                             2%] [Cov:==================>                53%]
[Progress:>                             2%] [Cov:==================>                53%]
[Progress:>                             2%] [Cov:==================>                53%]
[Progress:>                             2%] [Cov:==================>                53%]
[Progress:>                             2%] [Cov:==================>                53%]
[Progress:>                             2%] [Cov:==================>                53%]
[Progress:>                             2%] [Cov:==================>                53%]
[Progress:>                             2%] [Cov:==================>                53%]
[Progress:>                             2%] [Cov:==================>                53%]
[Progress:>                             2%] [Cov:==================>                53%]
[Progress:>                             2%] [Cov:==================>                53%]
[Progress:>                             2%] [Cov:==================>                53%]
[Progress:>                             2%] [Cov:==================>                53%]
[Progress:>                             2%] [Cov:==================>                53%]
[Progress:>                             2%] [Cov:==================>                53%]
[Progress:>                             2%] [Cov:==================>                53%]
[Progress:>                             2%] [Cov:==================>                53%]
[Progress:>                             2%] [Cov:==================>                53%]
[Progress:>                             2%] [Cov:==================>                53%]
[Progress:>                             2%] [Cov:==================>                53%]
[Progress:>                             2%] [Cov:==================>                53%]
[Progress:>                             2%] [Cov:==================>                54%]
[Progress:>                             2%] [Cov:==================>                54%]
[Progress:>                             2%] [Cov:==================>                54%]
[Progress:>                             2%] [Cov:==================>                54%]
[Progress:>                             2%] [Cov:==================>                54%]
[Progress:>                             2%] [Cov:==================>                54%]
[Progress:>                             3%] [Cov:==================>                54%]
[Progress:>                             3%] [Cov:==================>                54%]
[Progress:>                             3%] [Cov:==================>                54%]
[Progress:>                             3%] [Cov:==================>                54%]
[Progress:>                             3%] [Cov:==================>                54%]
[Progress:>                             3%] [Cov:==================>                54%]
[Progress:>                             3%] [Cov:==================>                54%]
[Progress:>                             3%] [Cov:==================>                54%]
[Progress:>                             3%] [Cov:==================>                54%]
[Progress:>                             3%] [Cov:==================>                54%]
[Progress:>                             3%] [Cov:==================>                54%]
[Progress:>                             3%] [Cov:==================>                54%]
[Progress:>                             3%] [Cov:==================>                54%]
[Progress:>                             3%] [Cov:==================>                54%]
[Progress:>                             3%] [Cov:==================>                54%]
[Progress:>                             3%] [Cov:==================>                54%]
[Progress:>                             3%] [Cov:==================>                54%]
[Progress:>                             3%] [Cov:==================>                54%]
[Progress:>                             3%] [Cov:==================>                54%]
[Progress:>                             3%] [Cov:==================>                54%]
[Progress:>                             3%] [Cov:==================>                54%]
[Progress:>                             3%] [Cov:===================>               55%]
[Progress:>                             3%] [Cov:===================>               55%]
[Progress:>                             3%] [Cov:===================>               55%]
[Progress:>                             3%] [Cov:===================>               55%]
[Progress:>                             3%] [Cov:===================>               55%]
[Progress:>                             3%] [Cov:===================>               55%]
[Progress:>                             3%] [Cov:===================>               55%]
[Progress:>                             3%] [Cov:===================>               55%]
[Progress:>                             3%] [Cov:===================>               55%]
[Progress:>                             3%] [Cov:===================>               55%]
[Progress:>                             3%] [Cov:===================>               55%]
[Progress:>                             3%] [Cov:===================>               55%]
[Progress:>                             3%] [Cov:===================>               55%]
[Progress:>                             3%] [Cov:===================>               55%]
[Progress:=>                            4%] [Cov:===================>               55%]
[Progress:=>                            4%] [Cov:===================>               55%]
[Progress:=>                            4%] [Cov:===================>               55%]
[Progress:=>                            4%] [Cov:===================>               55%]
[Progress:=>                            4%] [Cov:===================>               55%]
[Progress:=>                            4%] [Cov:===================>               55%]
[Progress:=>                            4%] [Cov:===================>               55%]
[Progress:=>                            4%] [Cov:===================>               55%]
[Progress:=>                            4%] [Cov:===================>               55%]
[Progress:=>                            4%] [Cov:===================>               55%]
[Progress:=>                            4%] [Cov:===================>               55%]
[Progress:=>                            4%] [Cov:===================>               55%]
[Progress:=>                            4%] [Cov:===================>               55%]
[Progress:=>                            4%] [Cov:===================>               55%]
[Progress:=>                            4%] [Cov:===================>               55%]
[Progress:=>                            4%] [Cov:===================>               55%]
[Progress:=>                            4%] [Cov:===================>               55%]
[Progress:=>                            4%] [Cov:===================>               55%]
[Progress:=>                            4%] [Cov:===================>               55%]
[Progress:=>                            4%] [Cov:===================>               55%]
[Progress:=>                            4%] [Cov:===================>               55%]
[Progress:=>                            4%] [Cov:===================>               55%]
[Progress:=>                            4%] [Cov:===================>               55%]
[Progress:=>                            4%] [Cov:===================>               55%]
[Progress:=>                            4%] [Cov:===================>               55%]
[Progress:=>                            4%] [Cov:===================>               55%]
[Progress:=>                            4%] [Cov:===================>               55%]
[Progress:=>                            4%] [Cov:===================>               55%]
[Progress:=>                            4%] [Cov:===================>               55%][MASTER] 20:56:33.898 [logback-1] WARN  TimeController - Operation 'update from archive' took too long: 14923ms

* Search finished after 894s and 181 generations, 100568 statements, best individual has fitness: 2782.0874954463416
* Minimizing test suite
* Going to analyze the coverage criteria
* Coverage analysis for criterion LINE
* Coverage of criterion LINE: 80%
* Total number of goals: 690
* Number of covered goals: 549
* Coverage analysis for criterion BRANCH
* Coverage of criterion BRANCH: 67%
* Total number of goals: 461
* Number of covered goals: 310
* Coverage analysis for criterion EXCEPTION
* Coverage of criterion EXCEPTION: 93%
* Total number of goals: 27
* Number of covered goals: 25
* Coverage analysis for criterion WEAKMUTATION
* Coverage of criterion WEAKMUTATION: 70%
* Total number of goals: 666
* Number of covered goals: 465
* Coverage analysis for criterion OUTPUT
* Coverage of criterion OUTPUT: 35%
* Total number of goals: 17
* Number of covered goals: 6
* Coverage analysis for criterion METHOD
* Coverage of criterion METHOD: 22%
* Total number of goals: 54
* Number of covered goals: 12
* Coverage analysis for criterion METHODNOEXCEPTION
* Coverage of criterion METHODNOEXCEPTION: 19%
* Total number of goals: 54
* Number of covered goals: 10
* Coverage analysis for criterion CBRANCH
* Coverage of criterion CBRANCH: 46%
* Total number of goals: 461
* Number of covered goals: 213
* Generated 62 tests with total length 208
* Resulting test suite's coverage: 54% (average coverage for all fitness functions)
* Generating assertions
* Resulting test suite's mutation score: 17%
* Compiling and checking tests
[MASTER] 21:07:57.018 [logback-1] WARN  JUnitAnalyzer - EvoSuite problem: tests set up a security manager, but they do not remove it after execution
[MASTER] 21:07:57.257 [logback-2] ERROR JUnitAnalyzer - 1 test cases failed
[MASTER] 21:07:57.259 [logback-1] WARN  JUnitAnalyzer - Found unstable test named test0 -> class java.lang.ClassCastException: org.joda.time.tz.DateTimeZoneBuilder$PrecalculatedZone cannot be cast to org.joda.time.tz.FixedDateTimeZone
[MASTER] 21:07:57.259 [logback-1] WARN  JUnitAnalyzer - Failing test:
 DateTimeZoneBuilder dateTimeZoneBuilder0 = new DateTimeZoneBuilder();
DateTimeZoneBuilder dateTimeZoneBuilder1 = dateTimeZoneBuilder0.addRecurringSavings("\"*[sxR7,L%[_y.j", (-17), (-17), (-17), 'w', 4, (-5), (-5), false, 'w');
dateTimeZoneBuilder1.addRecurringSavings(")=Kb9 7?m7#", 'w', (-17), (-17), 'w', 4, (-5), 4, false, 4);
FixedDateTimeZone fixedDateTimeZone0 = (FixedDateTimeZone)dateTimeZoneBuilder0.toDateTimeZone(")=Kb9 7?m7#", false);
assertEquals("", fixedDateTimeZone0.toString());


[MASTER] 21:08:02.186 [logback-2] ERROR JUnitAnalyzer - 1 test cases failed
[MASTER] 21:08:02.186 [logback-1] WARN  JUnitAnalyzer - Found unstable test named test0 -> class java.lang.ClassCastException: org.joda.time.tz.DateTimeZoneBuilder$PrecalculatedZone cannot be cast to org.joda.time.tz.FixedDateTimeZone
[MASTER] 21:08:02.187 [logback-1] WARN  JUnitAnalyzer - Failing test:
 DateTimeZoneBuilder dateTimeZoneBuilder0 = new DateTimeZoneBuilder();
DateTimeZoneBuilder dateTimeZoneBuilder1 = dateTimeZoneBuilder0.addRecurringSavings("", 4, 4, 4, 'w', 4, (-5), (-5), false, (-1381));
dateTimeZoneBuilder1.setFixedSavings("''Qnfvbf2yecvg/FA0", 4);
FixedDateTimeZone fixedDateTimeZone0 = (FixedDateTimeZone)dateTimeZoneBuilder0.toDateTimeZone("Buddhist", true);
assertEquals("Buddhist", fixedDateTimeZone0.getID());


[MASTER] 21:08:05.439 [logback-2] ERROR JUnitAnalyzer - 1 test cases failed
[MASTER] 21:08:05.440 [logback-1] WARN  JUnitAnalyzer - Found unstable test named test0 -> class java.lang.SecurityException: Security manager blocks ("java.lang.RuntimePermission" "writeFileDescriptor")
java.lang.Thread.getStackTrace(Thread.java:1552)
org.evosuite.runtime.sandbox.MSecurityManager.checkPermission(MSecurityManager.java:433)
java.lang.SecurityManager.checkWrite(SecurityManager.java:954)
java.io.FileOutputStream.<init>(FileOutputStream.java:245)
org.evosuite.runtime.mock.java.io.MockFileOutputStream.<init>(MockFileOutputStream.java:115)
org.joda.time.tz.DateTimeZoneBuilder_112_tmp__ESTest.test0(DateTimeZoneBuilder_112_tmp__ESTest.java:27)
sun.reflect.NativeMethodAccessorImpl.invoke0(Native Method)
sun.reflect.NativeMethodAccessorImpl.invoke(NativeMethodAccessorImpl.java:62)
sun.reflect.DelegatingMethodAccessorImpl.invoke(DelegatingMethodAccessorImpl.java:43)
java.lang.reflect.Method.invoke(Method.java:498)
org.junit.runners.model.FrameworkMethod$1.runReflectiveCall(FrameworkMethod.java:50)
org.junit.internal.runners.model.ReflectiveCallable.run(ReflectiveCallable.java:12)
org.junit.runners.model.FrameworkMethod.invokeExplosively(FrameworkMethod.java:47)
org.junit.internal.runners.statements.InvokeMethod.evaluate(InvokeMethod.java:17)
org.junit.internal.runners.statements.FailOnTimeout$CallableStatement.call(FailOnTimeout.java:298)
org.junit.internal.runners.statements.FailOnTimeout$CallableStatement.call(FailOnTimeout.java:292)
java.util.concurrent.FutureTask.run(FutureTask.java:266)
java.lang.Thread.run(Thread.java:745)

[MASTER] 21:08:05.440 [logback-1] WARN  JUnitAnalyzer - Failing test:
 DateTimeZoneBuilder dateTimeZoneBuilder0 = new DateTimeZoneBuilder();
FileDescriptor fileDescriptor0 = new FileDescriptor();
MockFileOutputStream mockFileOutputStream0 = new MockFileOutputStream(fileDescriptor0);
dateTimeZoneBuilder0.writeTo(" - ", (OutputStream) mockFileOutputStream0);

[MASTER] 21:08:12.457 [logback-1] WARN  JUnitAnalyzer - Found unstable test named test09 -> class java.io.IOException: Simulated IOException
[MASTER] 21:08:12.457 [logback-2] ERROR JUnitAnalyzer - 3 test cases failed
[MASTER] 21:08:12.458 [logback-1] WARN  JUnitAnalyzer - Failing test:
 DateTimeZoneBuilder dateTimeZoneBuilder0 = new DateTimeZoneBuilder();
MockFile mockFile0 = new MockFile("mU4lTX4VxjHY", "yU#4k1v_");
MockFileOutputStream mockFileOutputStream0 = new MockFileOutputStream((File) mockFile0);
DataOutputStream dataOutputStream0 = new DataOutputStream((OutputStream) mockFileOutputStream0);
dateTimeZoneBuilder0.writeTo("UTC", (DataOutput) dataOutputStream0);
assertEquals(8L, mockFile0.length());


[MASTER] 21:08:12.458 [logback-1] WARN  JUnitAnalyzer - Found unstable test named test08 -> class java.io.IOException: Simulated IOException
[MASTER] 21:08:12.458 [logback-1] WARN  JUnitAnalyzer - Failing test:
 MockFileOutputStream mockFileOutputStream0 = new MockFileOutputStream("Unknown mode: ");
DataOutputStream dataOutputStream0 = new DataOutputStream((OutputStream) mockFileOutputStream0);
DateTimeZoneBuilder.writeMillis(dataOutputStream0, 9223372024736400000L);

[MASTER] 21:08:12.458 [logback-1] WARN  JUnitAnalyzer - Found unstable test named test06 -> class java.lang.AssertionError: expected:<73> but was:<0>
[MASTER] 21:08:12.458 [logback-1] WARN  JUnitAnalyzer - Failing test:
 DateTimeZoneBuilder dateTimeZoneBuilder0 = new DateTimeZoneBuilder();
dateTimeZoneBuilder0.addRecurringSavings(")=Kb9 7?m7#", 'w', 0, 0, 'w', 4, 4, 4, false, 4);
DateTimeZoneBuilder dateTimeZoneBuilder1 = dateTimeZoneBuilder0.setStandardOffset(4);
MockFile mockFile0 = new MockFile(")=Kb9 7?m7#");
MockPrintStream mockPrintStream0 = new MockPrintStream((File) mockFile0);
dateTimeZoneBuilder1.writeTo("\"*[sxR7,L%[_y.j", (OutputStream) mockPrintStream0);
assertEquals(73L, mockFile0.length());


[MASTER] 21:08:18.365 [logback-2] ERROR JUnitAnalyzer - 6 test cases failed
[MASTER] 21:08:18.366 [logback-1] WARN  JUnitAnalyzer - Found unstable test named test07 -> class java.io.IOException: Simulated IOException
[MASTER] 21:08:18.366 [logback-1] WARN  JUnitAnalyzer - Failing test:
 MockFileOutputStream mockFileOutputStream0 = new MockFileOutputStream("Unknown mode: ", true);
DataOutputStream dataOutputStream0 = new DataOutputStream((OutputStream) mockFileOutputStream0);
DateTimeZoneBuilder.writeMillis(dataOutputStream0, 5097600000L);

[MASTER] 21:08:18.366 [logback-1] WARN  JUnitAnalyzer - Found unstable test named test43 -> class java.io.IOException: Simulated IOException
[MASTER] 21:08:18.366 [logback-1] WARN  JUnitAnalyzer - Failing test:
 DateTimeZoneBuilder dateTimeZoneBuilder0 = new DateTimeZoneBuilder();
DateTimeZoneBuilder dateTimeZoneBuilder1 = dateTimeZoneBuilder0.addCutover((-1258), 'p', (-846), (-846), (-4682), true, (-1258));
MockFile mockFile0 = new MockFile((File) null, "|N!02$?STtwWU");
MockPrintStream mockPrintStream0 = new MockPrintStream((File) mockFile0);
dateTimeZoneBuilder1.writeTo("GM3T-02:00", (OutputStream) mockPrintStream0);
assertEquals(8L, mockFile0.length());


[MASTER] 21:08:18.367 [logback-1] WARN  JUnitAnalyzer - Found unstable test named test44 -> class java.lang.AssertionError: expected:<8> but was:<0>
[MASTER] 21:08:18.367 [logback-1] WARN  JUnitAnalyzer - Failing test:
 DateTimeZoneBuilder dateTimeZoneBuilder0 = new DateTimeZoneBuilder();
DateTimeZoneBuilder dateTimeZoneBuilder1 = dateTimeZoneBuilder0.addRecurringSavings("+02:00", 85, 119, 115, 'X', 1915, (-2396), 85, true, 85);
assertSame(dateTimeZoneBuilder0, dateTimeZoneBuilder1);


[MASTER] 21:08:18.367 [logback-1] WARN  JUnitAnalyzer - Found unstable test named test03 -> class java.lang.AssertionError: expected:<118> but was:<0>
[MASTER] 21:08:18.367 [logback-1] WARN  JUnitAnalyzer - Failing test:
 DateTimeZoneBuilder dateTimeZoneBuilder0 = new DateTimeZoneBuilder();
DateTimeZoneBuilder dateTimeZoneBuilder1 = dateTimeZoneBuilder0.addRecurringSavings("\"*[sxR7,L%[_y.j", 0, 0, 0, 'w', 4, 4, 4, true, (-1381));
dateTimeZoneBuilder1.addRecurringSavings(")=Kb9 7?m7#", 'w', (-1381), (-1381), 'w', 4, 4, 4, true, 4);
DateTimeZoneBuilder dateTimeZoneBuilder2 = dateTimeZoneBuilder0.setStandardOffset(4);
MockFile mockFile0 = new MockFile(")=Kb9 7?m7#");
MockPrintStream mockPrintStream0 = new MockPrintStream((File) mockFile0);
dateTimeZoneBuilder2.writeTo("\"*[sxR7,L%[_y.j", (OutputStream) mockPrintStream0);
assertEquals(118L, mockFile0.length());


[MASTER] 21:08:18.367 [logback-1] WARN  JUnitAnalyzer - Found unstable test named test47 -> class java.io.IOException: Simulated IOException
[MASTER] 21:08:18.367 [logback-1] WARN  JUnitAnalyzer - Failing test:
 DataOutputStream dataOutputStream0 = new DataOutputStream((OutputStream) null);
DateTimeZoneBuilder.writeMillis(dataOutputStream0, 877827600000L);

[MASTER] 21:08:18.367 [logback-1] WARN  JUnitAnalyzer - Found unstable test named test48 -> class java.io.IOException: Simulated IOException
[MASTER] 21:08:18.368 [logback-1] WARN  JUnitAnalyzer - Failing test:
 byte[] byteArray0 = new byte[1];
ByteArrayInputStream byteArrayInputStream0 = new ByteArrayInputStream(byteArray0);
DateTimeZoneBuilder.readFrom((InputStream) byteArrayInputStream0, "Vf}IC{X)#Nd+");

* Writing JUnit test case 'DateTimeZoneBuilder_ESTest' to /home/spirals/zhyu/issta-third/program-set20/evosuite-repair-new/nopol/nopol/src/main/java/fr/inria/lille/spirals/evo/results/2016-December/Time/11/Nopol/60/generatedTests
* Done!

* Computation finished
